---------------------------------------------------------------
[ 2019-06-15T15:30:34+08:00 ] 140.207.54.78 POST /index/Payment/wxPayNotifyCallBack
[ info ] msy.meishangyun.com/index/Payment/wxPayNotifyCallBack [运行时间：0.302429s][吞吐率：3.31req/s] [内存消耗：4,463.49kb] [文件加载：89]
[ info ] [ LANG ] /home/www/web/thinkphp5.1/framework/lang/zh-cn.php
[ info ] [ ROUTE ] array (
)
[ info ] [ HEADER ] array (
  'accept' => '*/*',
  'connection' => 'Keep-Alive',
  'pragma' => 'no-cache',
  'content-length' => '840',
  'host' => 'msy.meishangyun.com',
  'user-agent' => 'Mozilla/4.0',
  'content-type' => 'text/xml',
)
[ info ] [ PARAM ] array (
)
[ info ] [ SESSION ] INIT array (
  'id' => '',
  'var_session_id' => '',
  'prefix' => 'common_',
  'type' => '',
  'auto_start' => true,
  'httponly' => true,
  'secure' => false,
  'expire' => 43200,
)
[ info ] [ DB ] INIT mysql
[ info ] [ DB ] INIT mysql
[ info ] [ LOG ] INIT File
[ error ] [4096]Argument 2 passed to think\Log::error() must be of the type array, string given[/home/www/web/thinkphp5.1/framework/library/think/Log.php:331]
[ error ] [4096]Argument 3 passed to think\Log::log() must be of the type array, string given, called in /home/www/web/thinkphp5.1/framework/library/think/Log.php on line 333 and defined[/home/www/web/thinkphp5.1/framework/library/think/Log.php:283]
[ error ] [4096]Argument 3 passed to think\Log::record() must be of the type array, string given, called in /home/www/web/thinkphp5.1/framework/library/think/Log.php on line 285 and defined[/home/www/web/thinkphp5.1/framework/library/think/Log.php:115]
[ error ] [2]Invalid argument supplied for foreach()[/home/www/web/thinkphp5.1/framework/library/think/Log.php:123]
[ error ] 数据库没有此订单
---------------------------------------------------------------
[ 2019-06-15T15:47:07+08:00 ] 140.207.54.78 POST /index/Payment/wxPayNotifyCallBack
[ info ] msy.meishangyun.com/index/Payment/wxPayNotifyCallBack [运行时间：0.253677s][吞吐率：3.94req/s] [内存消耗：4,457.15kb] [文件加载：89]
[ info ] [ LANG ] /home/www/web/thinkphp5.1/framework/lang/zh-cn.php
[ info ] [ ROUTE ] array (
)
[ info ] [ HEADER ] array (
  'accept' => '*/*',
  'connection' => 'Keep-Alive',
  'pragma' => 'no-cache',
  'content-length' => '840',
  'host' => 'msy.meishangyun.com',
  'user-agent' => 'Mozilla/4.0',
  'content-type' => 'text/xml',
)
[ info ] [ PARAM ] array (
)
[ info ] [ SESSION ] INIT array (
  'id' => '',
  'var_session_id' => '',
  'prefix' => 'common_',
  'type' => '',
  'auto_start' => true,
  'httponly' => true,
  'secure' => false,
  'expire' => 43200,
)
[ info ] [ DB ] INIT mysql
[ info ] [ DB ] INIT mysql
[ info ] [ LOG ] INIT File
[ error ] [4096]Argument 2 passed to think\Log::error() must be of the type array, string given[/home/www/web/thinkphp5.1/framework/library/think/Log.php:331]
[ error ] [4096]Argument 3 passed to think\Log::log() must be of the type array, string given, called in /home/www/web/thinkphp5.1/framework/library/think/Log.php on line 333 and defined[/home/www/web/thinkphp5.1/framework/library/think/Log.php:283]
[ error ] [4096]Argument 3 passed to think\Log::record() must be of the type array, string given, called in /home/www/web/thinkphp5.1/framework/library/think/Log.php on line 285 and defined[/home/www/web/thinkphp5.1/framework/library/think/Log.php:115]
[ error ] [2]Invalid argument supplied for foreach()[/home/www/web/thinkphp5.1/framework/library/think/Log.php:123]
[ error ] 数据库没有此订单
---------------------------------------------------------------
[ 2019-06-15T16:16:38+08:00 ] 140.207.54.77 POST /index/Payment/wxPayNotifyCallBack
[ info ] msy.meishangyun.com/index/Payment/wxPayNotifyCallBack [运行时间：0.278587s][吞吐率：3.59req/s] [内存消耗：4,647.34kb] [文件加载：92]
[ info ] [ LANG ] /home/www/web/thinkphp5.1/framework/lang/zh-cn.php
[ info ] [ ROUTE ] array (
)
[ info ] [ HEADER ] array (
  'accept' => '*/*',
  'connection' => 'Keep-Alive',
  'pragma' => 'no-cache',
  'content-length' => '848',
  'host' => 'msy.meishangyun.com',
  'user-agent' => 'Mozilla/4.0',
  'content-type' => 'text/xml',
)
[ info ] [ PARAM ] array (
)
[ info ] [ SESSION ] INIT array (
  'id' => '',
  'var_session_id' => '',
  'prefix' => 'common_',
  'type' => '',
  'auto_start' => true,
  'httponly' => true,
  'secure' => false,
  'expire' => 43200,
)
[ info ] [ DB ] INIT mysql
[ info ] [ DB ] INIT mysql
[ info ] [ LOG ] INIT File
[ error ] [4096]Argument 2 passed to think\Log::error() must be of the type array, string given[/home/www/web/thinkphp5.1/framework/library/think/Log.php:331]
[ error ] [4096]Argument 3 passed to think\Log::log() must be of the type array, string given, called in /home/www/web/thinkphp5.1/framework/library/think/Log.php on line 333 and defined[/home/www/web/thinkphp5.1/framework/library/think/Log.php:283]
[ error ] [4096]Argument 3 passed to think\Log::record() must be of the type array, string given, called in /home/www/web/thinkphp5.1/framework/library/think/Log.php on line 285 and defined[/home/www/web/thinkphp5.1/framework/library/think/Log.php:115]
[ error ] [2]Invalid argument supplied for foreach()[/home/www/web/thinkphp5.1/framework/library/think/Log.php:123]
[ error ] 订单支付更新失败
---------------------------------------------------------------
[ 2019-06-15T16:18:53+08:00 ] 140.207.54.78 POST /index/Payment/wxPayNotifyCallBack
[ info ] msy.meishangyun.com/index/Payment/wxPayNotifyCallBack [运行时间：0.266292s][吞吐率：3.76req/s] [内存消耗：4,718.39kb] [文件加载：93]
[ info ] [ LANG ] /home/www/web/thinkphp5.1/framework/lang/zh-cn.php
[ info ] [ ROUTE ] array (
)
[ info ] [ HEADER ] array (
  'accept' => '*/*',
  'connection' => 'Keep-Alive',
  'pragma' => 'no-cache',
  'content-length' => '848',
  'host' => 'msy.meishangyun.com',
  'user-agent' => 'Mozilla/4.0',
  'content-type' => 'text/xml',
)
[ info ] [ PARAM ] array (
)
[ info ] [ SESSION ] INIT array (
  'id' => '',
  'var_session_id' => '',
  'prefix' => 'common_',
  'type' => '',
  'auto_start' => true,
  'httponly' => true,
  'secure' => false,
  'expire' => 43200,
)
[ info ] [ DB ] INIT mysql
[ info ] [ DB ] INIT mysql
[ info ] [ LOG ] INIT File
[ error ] [4096]Argument 2 passed to think\Log::error() must be of the type array, string given[/home/www/web/thinkphp5.1/framework/library/think/Log.php:331]
[ error ] [4096]Argument 3 passed to think\Log::log() must be of the type array, string given, called in /home/www/web/thinkphp5.1/framework/library/think/Log.php on line 333 and defined[/home/www/web/thinkphp5.1/framework/library/think/Log.php:283]
[ error ] [4096]Argument 3 passed to think\Log::record() must be of the type array, string given, called in /home/www/web/thinkphp5.1/framework/library/think/Log.php on line 285 and defined[/home/www/web/thinkphp5.1/framework/library/think/Log.php:115]
[ error ] [2]Invalid argument supplied for foreach()[/home/www/web/thinkphp5.1/framework/library/think/Log.php:123]
[ error ] 会员等级更新失败
---------------------------------------------------------------
[ 2019-06-15T16:19:22+08:00 ] 183.3.234.56 POST /index/Payment/wxPayNotifyCallBack
[ info ] msy.meishangyun.com/index/Payment/wxPayNotifyCallBack [运行时间：0.246372s][吞吐率：4.06req/s] [内存消耗：4,718.39kb] [文件加载：93]
[ info ] [ LANG ] /home/www/web/thinkphp5.1/framework/lang/zh-cn.php
[ info ] [ ROUTE ] array (
)
[ info ] [ HEADER ] array (
  'accept' => '*/*',
  'connection' => 'Keep-Alive',
  'pragma' => 'no-cache',
  'content-length' => '848',
  'host' => 'msy.meishangyun.com',
  'user-agent' => 'Mozilla/4.0',
  'content-type' => 'text/xml',
)
[ info ] [ PARAM ] array (
)
[ info ] [ SESSION ] INIT array (
  'id' => '',
  'var_session_id' => '',
  'prefix' => 'common_',
  'type' => '',
  'auto_start' => true,
  'httponly' => true,
  'secure' => false,
  'expire' => 43200,
)
[ info ] [ DB ] INIT mysql
[ info ] [ DB ] INIT mysql
[ info ] [ LOG ] INIT File
[ error ] [4096]Argument 2 passed to think\Log::error() must be of the type array, string given[/home/www/web/thinkphp5.1/framework/library/think/Log.php:331]
[ error ] [4096]Argument 3 passed to think\Log::log() must be of the type array, string given, called in /home/www/web/thinkphp5.1/framework/library/think/Log.php on line 333 and defined[/home/www/web/thinkphp5.1/framework/library/think/Log.php:283]
[ error ] [4096]Argument 3 passed to think\Log::record() must be of the type array, string given, called in /home/www/web/thinkphp5.1/framework/library/think/Log.php on line 285 and defined[/home/www/web/thinkphp5.1/framework/library/think/Log.php:115]
[ error ] [2]Invalid argument supplied for foreach()[/home/www/web/thinkphp5.1/framework/library/think/Log.php:123]
[ error ] 会员等级更新失败
---------------------------------------------------------------
[ 2019-06-15T16:25:13+08:00 ] 140.207.54.75 POST /index/Payment/wxPayNotifyCallBack
[ info ] msy.meishangyun.com/index/Payment/wxPayNotifyCallBack [运行时间：0.312558s][吞吐率：3.20req/s] [内存消耗：4,718.39kb] [文件加载：93]
[ info ] [ LANG ] /home/www/web/thinkphp5.1/framework/lang/zh-cn.php
[ info ] [ ROUTE ] array (
)
[ info ] [ HEADER ] array (
  'accept' => '*/*',
  'connection' => 'Keep-Alive',
  'pragma' => 'no-cache',
  'content-length' => '848',
  'host' => 'msy.meishangyun.com',
  'user-agent' => 'Mozilla/4.0',
  'content-type' => 'text/xml',
)
[ info ] [ PARAM ] array (
)
[ info ] [ SESSION ] INIT array (
  'id' => '',
  'var_session_id' => '',
  'prefix' => 'common_',
  'type' => '',
  'auto_start' => true,
  'httponly' => true,
  'secure' => false,
  'expire' => 43200,
)
[ info ] [ DB ] INIT mysql
[ info ] [ DB ] INIT mysql
[ info ] [ LOG ] INIT File
[ error ] [4096]Argument 2 passed to think\Log::error() must be of the type array, string given[/home/www/web/thinkphp5.1/framework/library/think/Log.php:331]
[ error ] [4096]Argument 3 passed to think\Log::log() must be of the type array, string given, called in /home/www/web/thinkphp5.1/framework/library/think/Log.php on line 333 and defined[/home/www/web/thinkphp5.1/framework/library/think/Log.php:283]
[ error ] [4096]Argument 3 passed to think\Log::record() must be of the type array, string given, called in /home/www/web/thinkphp5.1/framework/library/think/Log.php on line 285 and defined[/home/www/web/thinkphp5.1/framework/library/think/Log.php:115]
[ error ] [2]Invalid argument supplied for foreach()[/home/www/web/thinkphp5.1/framework/library/think/Log.php:123]
[ error ] 会员等级更新失败
---------------------------------------------------------------
[ 2019-06-15T16:26:29+08:00 ] 140.207.54.76 POST /index/Payment/wxPayNotifyCallBack
[ info ] msy.meishangyun.com/index/Payment/wxPayNotifyCallBack [运行时间：0.271910s][吞吐率：3.68req/s] [内存消耗：4,718.39kb] [文件加载：93]
[ info ] [ LANG ] /home/www/web/thinkphp5.1/framework/lang/zh-cn.php
[ info ] [ ROUTE ] array (
)
[ info ] [ HEADER ] array (
  'accept' => '*/*',
  'connection' => 'Keep-Alive',
  'pragma' => 'no-cache',
  'content-length' => '848',
  'host' => 'msy.meishangyun.com',
  'user-agent' => 'Mozilla/4.0',
  'content-type' => 'text/xml',
)
[ info ] [ PARAM ] array (
)
[ info ] [ SESSION ] INIT array (
  'id' => '',
  'var_session_id' => '',
  'prefix' => 'common_',
  'type' => '',
  'auto_start' => true,
  'httponly' => true,
  'secure' => false,
  'expire' => 43200,
)
[ info ] [ DB ] INIT mysql
[ info ] [ DB ] INIT mysql
[ info ] [ LOG ] INIT File
[ error ] [4096]Argument 2 passed to think\Log::error() must be of the type array, string given[/home/www/web/thinkphp5.1/framework/library/think/Log.php:331]
[ error ] [4096]Argument 3 passed to think\Log::log() must be of the type array, string given, called in /home/www/web/thinkphp5.1/framework/library/think/Log.php on line 333 and defined[/home/www/web/thinkphp5.1/framework/library/think/Log.php:283]
[ error ] [4096]Argument 3 passed to think\Log::record() must be of the type array, string given, called in /home/www/web/thinkphp5.1/framework/library/think/Log.php on line 285 and defined[/home/www/web/thinkphp5.1/framework/library/think/Log.php:115]
[ error ] [2]Invalid argument supplied for foreach()[/home/www/web/thinkphp5.1/framework/library/think/Log.php:123]
[ error ] 会员等级更新失败
---------------------------------------------------------------
[ 2019-06-15T16:28:54+08:00 ] 140.207.54.76 POST /index/Payment/wxPayNotifyCallBack
[ info ] msy.meishangyun.com/index/Payment/wxPayNotifyCallBack [运行时间：0.279341s][吞吐率：3.58req/s] [内存消耗：4,718.39kb] [文件加载：93]
[ info ] [ LANG ] /home/www/web/thinkphp5.1/framework/lang/zh-cn.php
[ info ] [ ROUTE ] array (
)
[ info ] [ HEADER ] array (
  'accept' => '*/*',
  'connection' => 'Keep-Alive',
  'pragma' => 'no-cache',
  'content-length' => '848',
  'host' => 'msy.meishangyun.com',
  'user-agent' => 'Mozilla/4.0',
  'content-type' => 'text/xml',
)
[ info ] [ PARAM ] array (
)
[ info ] [ SESSION ] INIT array (
  'id' => '',
  'var_session_id' => '',
  'prefix' => 'common_',
  'type' => '',
  'auto_start' => true,
  'httponly' => true,
  'secure' => false,
  'expire' => 43200,
)
[ info ] [ DB ] INIT mysql
[ info ] [ DB ] INIT mysql
[ info ] [ LOG ] INIT File
[ error ] [4096]Argument 2 passed to think\Log::error() must be of the type array, string given[/home/www/web/thinkphp5.1/framework/library/think/Log.php:331]
[ error ] [4096]Argument 3 passed to think\Log::log() must be of the type array, string given, called in /home/www/web/thinkphp5.1/framework/library/think/Log.php on line 333 and defined[/home/www/web/thinkphp5.1/framework/library/think/Log.php:283]
[ error ] [4096]Argument 3 passed to think\Log::record() must be of the type array, string given, called in /home/www/web/thinkphp5.1/framework/library/think/Log.php on line 285 and defined[/home/www/web/thinkphp5.1/framework/library/think/Log.php:115]
[ error ] [2]Invalid argument supplied for foreach()[/home/www/web/thinkphp5.1/framework/library/think/Log.php:123]
[ error ] 会员等级更新失败
---------------------------------------------------------------
[ 2019-06-15T16:30:11+08:00 ] 140.207.54.76 POST /index/Payment/wxPayNotifyCallBack
[ info ] msy.meishangyun.com/index/Payment/wxPayNotifyCallBack [运行时间：0.271413s][吞吐率：3.68req/s] [内存消耗：4,718.39kb] [文件加载：93]
[ info ] [ LANG ] /home/www/web/thinkphp5.1/framework/lang/zh-cn.php
[ info ] [ ROUTE ] array (
)
[ info ] [ HEADER ] array (
  'accept' => '*/*',
  'connection' => 'Keep-Alive',
  'pragma' => 'no-cache',
  'content-length' => '848',
  'host' => 'msy.meishangyun.com',
  'user-agent' => 'Mozilla/4.0',
  'content-type' => 'text/xml',
)
[ info ] [ PARAM ] array (
)
[ info ] [ SESSION ] INIT array (
  'id' => '',
  'var_session_id' => '',
  'prefix' => 'common_',
  'type' => '',
  'auto_start' => true,
  'httponly' => true,
  'secure' => false,
  'expire' => 43200,
)
[ info ] [ DB ] INIT mysql
[ info ] [ DB ] INIT mysql
[ info ] [ LOG ] INIT File
[ error ] [4096]Argument 2 passed to think\Log::error() must be of the type array, string given[/home/www/web/thinkphp5.1/framework/library/think/Log.php:331]
[ error ] [4096]Argument 3 passed to think\Log::log() must be of the type array, string given, called in /home/www/web/thinkphp5.1/framework/library/think/Log.php on line 333 and defined[/home/www/web/thinkphp5.1/framework/library/think/Log.php:283]
[ error ] [4096]Argument 3 passed to think\Log::record() must be of the type array, string given, called in /home/www/web/thinkphp5.1/framework/library/think/Log.php on line 285 and defined[/home/www/web/thinkphp5.1/framework/library/think/Log.php:115]
[ error ] [2]Invalid argument supplied for foreach()[/home/www/web/thinkphp5.1/framework/library/think/Log.php:123]
[ error ] 会员等级更新失败
---------------------------------------------------------------
[ 2019-06-15T16:32:04+08:00 ] 140.207.54.78 POST /index/Payment/wxPayNotifyCallBack
[ info ] msy.meishangyun.com/index/Payment/wxPayNotifyCallBack [运行时间：0.283384s][吞吐率：3.53req/s] [内存消耗：4,718.39kb] [文件加载：93]
[ info ] [ LANG ] /home/www/web/thinkphp5.1/framework/lang/zh-cn.php
[ info ] [ ROUTE ] array (
)
[ info ] [ HEADER ] array (
  'accept' => '*/*',
  'connection' => 'Keep-Alive',
  'pragma' => 'no-cache',
  'content-length' => '848',
  'host' => 'msy.meishangyun.com',
  'user-agent' => 'Mozilla/4.0',
  'content-type' => 'text/xml',
)
[ info ] [ PARAM ] array (
)
[ info ] [ SESSION ] INIT array (
  'id' => '',
  'var_session_id' => '',
  'prefix' => 'common_',
  'type' => '',
  'auto_start' => true,
  'httponly' => true,
  'secure' => false,
  'expire' => 43200,
)
[ info ] [ DB ] INIT mysql
[ info ] [ DB ] INIT mysql
[ info ] [ LOG ] INIT File
[ error ] [4096]Argument 2 passed to think\Log::error() must be of the type array, string given[/home/www/web/thinkphp5.1/framework/library/think/Log.php:331]
[ error ] [4096]Argument 3 passed to think\Log::log() must be of the type array, string given, called in /home/www/web/thinkphp5.1/framework/library/think/Log.php on line 333 and defined[/home/www/web/thinkphp5.1/framework/library/think/Log.php:283]
[ error ] [4096]Argument 3 passed to think\Log::record() must be of the type array, string given, called in /home/www/web/thinkphp5.1/framework/library/think/Log.php on line 285 and defined[/home/www/web/thinkphp5.1/framework/library/think/Log.php:115]
[ error ] [2]Invalid argument supplied for foreach()[/home/www/web/thinkphp5.1/framework/library/think/Log.php:123]
[ error ] 会员等级更新失败
---------------------------------------------------------------
[ 2019-06-15T16:39:24+08:00 ] 140.207.54.77 POST /index/Payment/wxPayNotifyCallBack
[ info ] msy.meishangyun.com/index/Payment/wxPayNotifyCallBack [运行时间：0.272678s][吞吐率：3.67req/s] [内存消耗：4,718.39kb] [文件加载：93]
[ info ] [ LANG ] /home/www/web/thinkphp5.1/framework/lang/zh-cn.php
[ info ] [ ROUTE ] array (
)
[ info ] [ HEADER ] array (
  'accept' => '*/*',
  'connection' => 'Keep-Alive',
  'pragma' => 'no-cache',
  'content-length' => '848',
  'host' => 'msy.meishangyun.com',
  'user-agent' => 'Mozilla/4.0',
  'content-type' => 'text/xml',
)
[ info ] [ PARAM ] array (
)
[ info ] [ SESSION ] INIT array (
  'id' => '',
  'var_session_id' => '',
  'prefix' => 'common_',
  'type' => '',
  'auto_start' => true,
  'httponly' => true,
  'secure' => false,
  'expire' => 43200,
)
[ info ] [ DB ] INIT mysql
[ info ] [ DB ] INIT mysql
[ info ] [ LOG ] INIT File
[ error ] [4096]Argument 2 passed to think\Log::error() must be of the type array, string given[/home/www/web/thinkphp5.1/framework/library/think/Log.php:331]
[ error ] [4096]Argument 3 passed to think\Log::log() must be of the type array, string given, called in /home/www/web/thinkphp5.1/framework/library/think/Log.php on line 333 and defined[/home/www/web/thinkphp5.1/framework/library/think/Log.php:283]
[ error ] [4096]Argument 3 passed to think\Log::record() must be of the type array, string given, called in /home/www/web/thinkphp5.1/framework/library/think/Log.php on line 285 and defined[/home/www/web/thinkphp5.1/framework/library/think/Log.php:115]
[ error ] [2]Invalid argument supplied for foreach()[/home/www/web/thinkphp5.1/framework/library/think/Log.php:123]
[ error ] 会员等级更新失败
---------------------------------------------------------------
[ 2019-06-15T16:48:55+08:00 ] 140.207.54.78 POST /index/Payment/wxPayNotifyCallBack
[ info ] msy.meishangyun.com/index/Payment/wxPayNotifyCallBack [运行时间：0.278234s][吞吐率：3.59req/s] [内存消耗：4,718.39kb] [文件加载：93]
[ info ] [ LANG ] /home/www/web/thinkphp5.1/framework/lang/zh-cn.php
[ info ] [ ROUTE ] array (
)
[ info ] [ HEADER ] array (
  'accept' => '*/*',
  'connection' => 'Keep-Alive',
  'pragma' => 'no-cache',
  'content-length' => '848',
  'host' => 'msy.meishangyun.com',
  'user-agent' => 'Mozilla/4.0',
  'content-type' => 'text/xml',
)
[ info ] [ PARAM ] array (
)
[ info ] [ SESSION ] INIT array (
  'id' => '',
  'var_session_id' => '',
  'prefix' => 'common_',
  'type' => '',
  'auto_start' => true,
  'httponly' => true,
  'secure' => false,
  'expire' => 43200,
)
[ info ] [ DB ] INIT mysql
[ info ] [ DB ] INIT mysql
[ info ] [ LOG ] INIT File
[ error ] [4096]Argument 2 passed to think\Log::error() must be of the type array, string given[/home/www/web/thinkphp5.1/framework/library/think/Log.php:331]
[ error ] [4096]Argument 3 passed to think\Log::log() must be of the type array, string given, called in /home/www/web/thinkphp5.1/framework/library/think/Log.php on line 333 and defined[/home/www/web/thinkphp5.1/framework/library/think/Log.php:283]
[ error ] [4096]Argument 3 passed to think\Log::record() must be of the type array, string given, called in /home/www/web/thinkphp5.1/framework/library/think/Log.php on line 285 and defined[/home/www/web/thinkphp5.1/framework/library/think/Log.php:115]
[ error ] [2]Invalid argument supplied for foreach()[/home/www/web/thinkphp5.1/framework/library/think/Log.php:123]
[ error ] 会员等级更新失败
---------------------------------------------------------------
[ 2019-06-15T16:55:15+08:00 ] 140.207.54.78 POST /index/Payment/wxPayNotifyCallBack
[ info ] msy.meishangyun.com/index/Payment/wxPayNotifyCallBack [运行时间：0.296285s][吞吐率：3.38req/s] [内存消耗：4,718.39kb] [文件加载：93]
[ info ] [ LANG ] /home/www/web/thinkphp5.1/framework/lang/zh-cn.php
[ info ] [ ROUTE ] array (
)
[ info ] [ HEADER ] array (
  'accept' => '*/*',
  'connection' => 'Keep-Alive',
  'pragma' => 'no-cache',
  'content-length' => '848',
  'host' => 'msy.meishangyun.com',
  'user-agent' => 'Mozilla/4.0',
  'content-type' => 'text/xml',
)
[ info ] [ PARAM ] array (
)
[ info ] [ SESSION ] INIT array (
  'id' => '',
  'var_session_id' => '',
  'prefix' => 'common_',
  'type' => '',
  'auto_start' => true,
  'httponly' => true,
  'secure' => false,
  'expire' => 43200,
)
[ info ] [ DB ] INIT mysql
[ info ] [ DB ] INIT mysql
[ info ] [ LOG ] INIT File
[ error ] [4096]Argument 2 passed to think\Log::error() must be of the type array, string given[/home/www/web/thinkphp5.1/framework/library/think/Log.php:331]
[ error ] [4096]Argument 3 passed to think\Log::log() must be of the type array, string given, called in /home/www/web/thinkphp5.1/framework/library/think/Log.php on line 333 and defined[/home/www/web/thinkphp5.1/framework/library/think/Log.php:283]
[ error ] [4096]Argument 3 passed to think\Log::record() must be of the type array, string given, called in /home/www/web/thinkphp5.1/framework/library/think/Log.php on line 285 and defined[/home/www/web/thinkphp5.1/framework/library/think/Log.php:115]
[ error ] [2]Invalid argument supplied for foreach()[/home/www/web/thinkphp5.1/framework/library/think/Log.php:123]
[ error ] 会员等级更新失败
---------------------------------------------------------------
[ 2019-06-15T16:56:30+08:00 ] 140.207.54.78 POST /index/Payment/wxPayNotifyCallBack
[ info ] msy.meishangyun.com/index/Payment/wxPayNotifyCallBack [运行时间：0.320950s][吞吐率：3.12req/s] [内存消耗：4,718.39kb] [文件加载：93]
[ info ] [ LANG ] /home/www/web/thinkphp5.1/framework/lang/zh-cn.php
[ info ] [ ROUTE ] array (
)
[ info ] [ HEADER ] array (
  'accept' => '*/*',
  'connection' => 'Keep-Alive',
  'pragma' => 'no-cache',
  'content-length' => '848',
  'host' => 'msy.meishangyun.com',
  'user-agent' => 'Mozilla/4.0',
  'content-type' => 'text/xml',
)
[ info ] [ PARAM ] array (
)
[ info ] [ SESSION ] INIT array (
  'id' => '',
  'var_session_id' => '',
  'prefix' => 'common_',
  'type' => '',
  'auto_start' => true,
  'httponly' => true,
  'secure' => false,
  'expire' => 43200,
)
[ info ] [ DB ] INIT mysql
[ info ] [ DB ] INIT mysql
[ info ] [ LOG ] INIT File
[ error ] [4096]Argument 2 passed to think\Log::error() must be of the type array, string given[/home/www/web/thinkphp5.1/framework/library/think/Log.php:331]
[ error ] [4096]Argument 3 passed to think\Log::log() must be of the type array, string given, called in /home/www/web/thinkphp5.1/framework/library/think/Log.php on line 333 and defined[/home/www/web/thinkphp5.1/framework/library/think/Log.php:283]
[ error ] [4096]Argument 3 passed to think\Log::record() must be of the type array, string given, called in /home/www/web/thinkphp5.1/framework/library/think/Log.php on line 285 and defined[/home/www/web/thinkphp5.1/framework/library/think/Log.php:115]
[ error ] [2]Invalid argument supplied for foreach()[/home/www/web/thinkphp5.1/framework/library/think/Log.php:123]
[ error ] 会员等级更新失败
---------------------------------------------------------------
[ 2019-06-15T17:00:13+08:00 ] 140.207.54.76 POST /index/Payment/wxPayNotifyCallBack
[ info ] msy.meishangyun.com/index/Payment/wxPayNotifyCallBack [运行时间：0.277904s][吞吐率：3.60req/s] [内存消耗：4,718.39kb] [文件加载：93]
[ info ] [ LANG ] /home/www/web/thinkphp5.1/framework/lang/zh-cn.php
[ info ] [ ROUTE ] array (
)
[ info ] [ HEADER ] array (
  'accept' => '*/*',
  'connection' => 'Keep-Alive',
  'pragma' => 'no-cache',
  'content-length' => '848',
  'host' => 'msy.meishangyun.com',
  'user-agent' => 'Mozilla/4.0',
  'content-type' => 'text/xml',
)
[ info ] [ PARAM ] array (
)
[ info ] [ SESSION ] INIT array (
  'id' => '',
  'var_session_id' => '',
  'prefix' => 'common_',
  'type' => '',
  'auto_start' => true,
  'httponly' => true,
  'secure' => false,
  'expire' => 43200,
)
[ info ] [ DB ] INIT mysql
[ info ] [ DB ] INIT mysql
[ info ] [ LOG ] INIT File
[ error ] [4096]Argument 2 passed to think\Log::error() must be of the type array, string given[/home/www/web/thinkphp5.1/framework/library/think/Log.php:331]
[ error ] [4096]Argument 3 passed to think\Log::log() must be of the type array, string given, called in /home/www/web/thinkphp5.1/framework/library/think/Log.php on line 333 and defined[/home/www/web/thinkphp5.1/framework/library/think/Log.php:283]
[ error ] [4096]Argument 3 passed to think\Log::record() must be of the type array, string given, called in /home/www/web/thinkphp5.1/framework/library/think/Log.php on line 285 and defined[/home/www/web/thinkphp5.1/framework/library/think/Log.php:115]
[ error ] [2]Invalid argument supplied for foreach()[/home/www/web/thinkphp5.1/framework/library/think/Log.php:123]
[ error ] 会员等级更新失败
---------------------------------------------------------------
[ 2019-06-15T17:02:05+08:00 ] 140.207.54.75 POST /index/Payment/wxPayNotifyCallBack
[ info ] msy.meishangyun.com/index/Payment/wxPayNotifyCallBack [运行时间：0.292795s][吞吐率：3.42req/s] [内存消耗：4,718.39kb] [文件加载：93]
[ info ] [ LANG ] /home/www/web/thinkphp5.1/framework/lang/zh-cn.php
[ info ] [ ROUTE ] array (
)
[ info ] [ HEADER ] array (
  'accept' => '*/*',
  'connection' => 'Keep-Alive',
  'pragma' => 'no-cache',
  'content-length' => '848',
  'host' => 'msy.meishangyun.com',
  'user-agent' => 'Mozilla/4.0',
  'content-type' => 'text/xml',
)
[ info ] [ PARAM ] array (
)
[ info ] [ SESSION ] INIT array (
  'id' => '',
  'var_session_id' => '',
  'prefix' => 'common_',
  'type' => '',
  'auto_start' => true,
  'httponly' => true,
  'secure' => false,
  'expire' => 43200,
)
[ info ] [ DB ] INIT mysql
[ info ] [ DB ] INIT mysql
[ info ] [ LOG ] INIT File
[ error ] [4096]Argument 2 passed to think\Log::error() must be of the type array, string given[/home/www/web/thinkphp5.1/framework/library/think/Log.php:331]
[ error ] [4096]Argument 3 passed to think\Log::log() must be of the type array, string given, called in /home/www/web/thinkphp5.1/framework/library/think/Log.php on line 333 and defined[/home/www/web/thinkphp5.1/framework/library/think/Log.php:283]
[ error ] [4096]Argument 3 passed to think\Log::record() must be of the type array, string given, called in /home/www/web/thinkphp5.1/framework/library/think/Log.php on line 285 and defined[/home/www/web/thinkphp5.1/framework/library/think/Log.php:115]
[ error ] [2]Invalid argument supplied for foreach()[/home/www/web/thinkphp5.1/framework/library/think/Log.php:123]
[ error ] 会员等级更新失败
---------------------------------------------------------------
[ 2019-06-15T17:09:25+08:00 ] 140.207.54.76 POST /index/Payment/wxPayNotifyCallBack
[ info ] msy.meishangyun.com/index/Payment/wxPayNotifyCallBack [运行时间：0.275664s][吞吐率：3.63req/s] [内存消耗：4,718.39kb] [文件加载：93]
[ info ] [ LANG ] /home/www/web/thinkphp5.1/framework/lang/zh-cn.php
[ info ] [ ROUTE ] array (
)
[ info ] [ HEADER ] array (
  'accept' => '*/*',
  'connection' => 'Keep-Alive',
  'pragma' => 'no-cache',
  'content-length' => '848',
  'host' => 'msy.meishangyun.com',
  'user-agent' => 'Mozilla/4.0',
  'content-type' => 'text/xml',
)
[ info ] [ PARAM ] array (
)
[ info ] [ SESSION ] INIT array (
  'id' => '',
  'var_session_id' => '',
  'prefix' => 'common_',
  'type' => '',
  'auto_start' => true,
  'httponly' => true,
  'secure' => false,
  'expire' => 43200,
)
[ info ] [ DB ] INIT mysql
[ info ] [ DB ] INIT mysql
[ info ] [ LOG ] INIT File
[ error ] [4096]Argument 2 passed to think\Log::error() must be of the type array, string given[/home/www/web/thinkphp5.1/framework/library/think/Log.php:331]
[ error ] [4096]Argument 3 passed to think\Log::log() must be of the type array, string given, called in /home/www/web/thinkphp5.1/framework/library/think/Log.php on line 333 and defined[/home/www/web/thinkphp5.1/framework/library/think/Log.php:283]
[ error ] [4096]Argument 3 passed to think\Log::record() must be of the type array, string given, called in /home/www/web/thinkphp5.1/framework/library/think/Log.php on line 285 and defined[/home/www/web/thinkphp5.1/framework/library/think/Log.php:115]
[ error ] [2]Invalid argument supplied for foreach()[/home/www/web/thinkphp5.1/framework/library/think/Log.php:123]
[ error ] 会员等级更新失败
---------------------------------------------------------------
[ 2019-06-15T17:25:16+08:00 ] 140.207.54.78 POST /index/Payment/wxPayNotifyCallBack
[ info ] msy.meishangyun.com/index/Payment/wxPayNotifyCallBack [运行时间：0.298393s][吞吐率：3.35req/s] [内存消耗：4,718.39kb] [文件加载：93]
[ info ] [ LANG ] /home/www/web/thinkphp5.1/framework/lang/zh-cn.php
[ info ] [ ROUTE ] array (
)
[ info ] [ HEADER ] array (
  'accept' => '*/*',
  'connection' => 'Keep-Alive',
  'pragma' => 'no-cache',
  'content-length' => '848',
  'host' => 'msy.meishangyun.com',
  'user-agent' => 'Mozilla/4.0',
  'content-type' => 'text/xml',
)
[ info ] [ PARAM ] array (
)
[ info ] [ SESSION ] INIT array (
  'id' => '',
  'var_session_id' => '',
  'prefix' => 'common_',
  'type' => '',
  'auto_start' => true,
  'httponly' => true,
  'secure' => false,
  'expire' => 43200,
)
[ info ] [ DB ] INIT mysql
[ info ] [ DB ] INIT mysql
[ info ] [ LOG ] INIT File
[ error ] [4096]Argument 2 passed to think\Log::error() must be of the type array, string given[/home/www/web/thinkphp5.1/framework/library/think/Log.php:331]
[ error ] [4096]Argument 3 passed to think\Log::log() must be of the type array, string given, called in /home/www/web/thinkphp5.1/framework/library/think/Log.php on line 333 and defined[/home/www/web/thinkphp5.1/framework/library/think/Log.php:283]
[ error ] [4096]Argument 3 passed to think\Log::record() must be of the type array, string given, called in /home/www/web/thinkphp5.1/framework/library/think/Log.php on line 285 and defined[/home/www/web/thinkphp5.1/framework/library/think/Log.php:115]
[ error ] [2]Invalid argument supplied for foreach()[/home/www/web/thinkphp5.1/framework/library/think/Log.php:123]
[ error ] 会员等级更新失败
---------------------------------------------------------------
[ 2019-06-15T17:32:07+08:00 ] 140.207.54.75 POST /index/Payment/wxPayNotifyCallBack
[ info ] msy.meishangyun.com/index/Payment/wxPayNotifyCallBack [运行时间：0.322886s][吞吐率：3.10req/s] [内存消耗：4,718.39kb] [文件加载：93]
[ info ] [ LANG ] /home/www/web/thinkphp5.1/framework/lang/zh-cn.php
[ info ] [ ROUTE ] array (
)
[ info ] [ HEADER ] array (
  'accept' => '*/*',
  'connection' => 'Keep-Alive',
  'pragma' => 'no-cache',
  'content-length' => '848',
  'host' => 'msy.meishangyun.com',
  'user-agent' => 'Mozilla/4.0',
  'content-type' => 'text/xml',
)
[ info ] [ PARAM ] array (
)
[ info ] [ SESSION ] INIT array (
  'id' => '',
  'var_session_id' => '',
  'prefix' => 'common_',
  'type' => '',
  'auto_start' => true,
  'httponly' => true,
  'secure' => false,
  'expire' => 43200,
)
[ info ] [ DB ] INIT mysql
[ info ] [ DB ] INIT mysql
[ info ] [ LOG ] INIT File
[ error ] [4096]Argument 2 passed to think\Log::error() must be of the type array, string given[/home/www/web/thinkphp5.1/framework/library/think/Log.php:331]
[ error ] [4096]Argument 3 passed to think\Log::log() must be of the type array, string given, called in /home/www/web/thinkphp5.1/framework/library/think/Log.php on line 333 and defined[/home/www/web/thinkphp5.1/framework/library/think/Log.php:283]
[ error ] [4096]Argument 3 passed to think\Log::record() must be of the type array, string given, called in /home/www/web/thinkphp5.1/framework/library/think/Log.php on line 285 and defined[/home/www/web/thinkphp5.1/framework/library/think/Log.php:115]
[ error ] [2]Invalid argument supplied for foreach()[/home/www/web/thinkphp5.1/framework/library/think/Log.php:123]
[ error ] 会员等级更新失败
---------------------------------------------------------------
[ 2019-06-15T18:25:18+08:00 ] 140.207.54.78 POST /index/Payment/wxPayNotifyCallBack
[ info ] msy.meishangyun.com/index/Payment/wxPayNotifyCallBack [运行时间：0.301062s][吞吐率：3.32req/s] [内存消耗：4,718.39kb] [文件加载：93]
[ info ] [ LANG ] /home/www/web/thinkphp5.1/framework/lang/zh-cn.php
[ info ] [ ROUTE ] array (
)
[ info ] [ HEADER ] array (
  'accept' => '*/*',
  'connection' => 'Keep-Alive',
  'pragma' => 'no-cache',
  'content-length' => '848',
  'host' => 'msy.meishangyun.com',
  'user-agent' => 'Mozilla/4.0',
  'content-type' => 'text/xml',
)
[ info ] [ PARAM ] array (
)
[ info ] [ SESSION ] INIT array (
  'id' => '',
  'var_session_id' => '',
  'prefix' => 'common_',
  'type' => '',
  'auto_start' => true,
  'httponly' => true,
  'secure' => false,
  'expire' => 43200,
)
[ info ] [ DB ] INIT mysql
[ info ] [ DB ] INIT mysql
[ info ] [ LOG ] INIT File
[ error ] [4096]Argument 2 passed to think\Log::error() must be of the type array, string given[/home/www/web/thinkphp5.1/framework/library/think/Log.php:331]
[ error ] [4096]Argument 3 passed to think\Log::log() must be of the type array, string given, called in /home/www/web/thinkphp5.1/framework/library/think/Log.php on line 333 and defined[/home/www/web/thinkphp5.1/framework/library/think/Log.php:283]
[ error ] [4096]Argument 3 passed to think\Log::record() must be of the type array, string given, called in /home/www/web/thinkphp5.1/framework/library/think/Log.php on line 285 and defined[/home/www/web/thinkphp5.1/framework/library/think/Log.php:115]
[ error ] [2]Invalid argument supplied for foreach()[/home/www/web/thinkphp5.1/framework/library/think/Log.php:123]
[ error ] 会员等级更新失败
---------------------------------------------------------------
[ 2019-06-15T18:32:08+08:00 ] 140.207.54.78 POST /index/Payment/wxPayNotifyCallBack
[ info ] msy.meishangyun.com/index/Payment/wxPayNotifyCallBack [运行时间：0.284954s][吞吐率：3.51req/s] [内存消耗：4,718.39kb] [文件加载：93]
[ info ] [ LANG ] /home/www/web/thinkphp5.1/framework/lang/zh-cn.php
[ info ] [ ROUTE ] array (
)
[ info ] [ HEADER ] array (
  'accept' => '*/*',
  'connection' => 'Keep-Alive',
  'pragma' => 'no-cache',
  'content-length' => '848',
  'host' => 'msy.meishangyun.com',
  'user-agent' => 'Mozilla/4.0',
  'content-type' => 'text/xml',
)
[ info ] [ PARAM ] array (
)
[ info ] [ SESSION ] INIT array (
  'id' => '',
  'var_session_id' => '',
  'prefix' => 'common_',
  'type' => '',
  'auto_start' => true,
  'httponly' => true,
  'secure' => false,
  'expire' => 43200,
)
[ info ] [ DB ] INIT mysql
[ info ] [ DB ] INIT mysql
[ info ] [ LOG ] INIT File
[ error ] [4096]Argument 2 passed to think\Log::error() must be of the type array, string given[/home/www/web/thinkphp5.1/framework/library/think/Log.php:331]
[ error ] [4096]Argument 3 passed to think\Log::log() must be of the type array, string given, called in /home/www/web/thinkphp5.1/framework/library/think/Log.php on line 333 and defined[/home/www/web/thinkphp5.1/framework/library/think/Log.php:283]
[ error ] [4096]Argument 3 passed to think\Log::record() must be of the type array, string given, called in /home/www/web/thinkphp5.1/framework/library/think/Log.php on line 285 and defined[/home/www/web/thinkphp5.1/framework/library/think/Log.php:115]
[ error ] [2]Invalid argument supplied for foreach()[/home/www/web/thinkphp5.1/framework/library/think/Log.php:123]
[ error ] 会员等级更新失败
---------------------------------------------------------------
[ 2019-06-15T21:25:19+08:00 ] 140.207.54.76 POST /index/Payment/wxPayNotifyCallBack
[ info ] msy.meishangyun.com/index/Payment/wxPayNotifyCallBack [运行时间：0.302973s][吞吐率：3.30req/s] [内存消耗：4,718.39kb] [文件加载：93]
[ info ] [ LANG ] /home/www/web/thinkphp5.1/framework/lang/zh-cn.php
[ info ] [ ROUTE ] array (
)
[ info ] [ HEADER ] array (
  'accept' => '*/*',
  'connection' => 'Keep-Alive',
  'pragma' => 'no-cache',
  'content-length' => '848',
  'host' => 'msy.meishangyun.com',
  'user-agent' => 'Mozilla/4.0',
  'content-type' => 'text/xml',
)
[ info ] [ PARAM ] array (
)
[ info ] [ SESSION ] INIT array (
  'id' => '',
  'var_session_id' => '',
  'prefix' => 'common_',
  'type' => '',
  'auto_start' => true,
  'httponly' => true,
  'secure' => false,
  'expire' => 43200,
)
[ info ] [ DB ] INIT mysql
[ info ] [ DB ] INIT mysql
[ info ] [ LOG ] INIT File
[ error ] [4096]Argument 2 passed to think\Log::error() must be of the type array, string given[/home/www/web/thinkphp5.1/framework/library/think/Log.php:331]
[ error ] [4096]Argument 3 passed to think\Log::log() must be of the type array, string given, called in /home/www/web/thinkphp5.1/framework/library/think/Log.php on line 333 and defined[/home/www/web/thinkphp5.1/framework/library/think/Log.php:283]
[ error ] [4096]Argument 3 passed to think\Log::record() must be of the type array, string given, called in /home/www/web/thinkphp5.1/framework/library/think/Log.php on line 285 and defined[/home/www/web/thinkphp5.1/framework/library/think/Log.php:115]
[ error ] [2]Invalid argument supplied for foreach()[/home/www/web/thinkphp5.1/framework/library/think/Log.php:123]
[ error ] 会员等级更新失败
---------------------------------------------------------------
[ 2019-06-15T21:32:09+08:00 ] 140.207.54.76 POST /index/Payment/wxPayNotifyCallBack
[ info ] msy.meishangyun.com/index/Payment/wxPayNotifyCallBack [运行时间：0.287551s][吞吐率：3.48req/s] [内存消耗：4,718.39kb] [文件加载：93]
[ info ] [ LANG ] /home/www/web/thinkphp5.1/framework/lang/zh-cn.php
[ info ] [ ROUTE ] array (
)
[ info ] [ HEADER ] array (
  'accept' => '*/*',
  'connection' => 'Keep-Alive',
  'pragma' => 'no-cache',
  'content-length' => '848',
  'host' => 'msy.meishangyun.com',
  'user-agent' => 'Mozilla/4.0',
  'content-type' => 'text/xml',
)
[ info ] [ PARAM ] array (
)
[ info ] [ SESSION ] INIT array (
  'id' => '',
  'var_session_id' => '',
  'prefix' => 'common_',
  'type' => '',
  'auto_start' => true,
  'httponly' => true,
  'secure' => false,
  'expire' => 43200,
)
[ info ] [ DB ] INIT mysql
[ info ] [ DB ] INIT mysql
[ info ] [ LOG ] INIT File
[ error ] [4096]Argument 2 passed to think\Log::error() must be of the type array, string given[/home/www/web/thinkphp5.1/framework/library/think/Log.php:331]
[ error ] [4096]Argument 3 passed to think\Log::log() must be of the type array, string given, called in /home/www/web/thinkphp5.1/framework/library/think/Log.php on line 333 and defined[/home/www/web/thinkphp5.1/framework/library/think/Log.php:283]
[ error ] [4096]Argument 3 passed to think\Log::record() must be of the type array, string given, called in /home/www/web/thinkphp5.1/framework/library/think/Log.php on line 285 and defined[/home/www/web/thinkphp5.1/framework/library/think/Log.php:115]
[ error ] [2]Invalid argument supplied for foreach()[/home/www/web/thinkphp5.1/framework/library/think/Log.php:123]
[ error ] 会员等级更新失败
