---------------------------------------------------------------
[ 2019-06-16T00:25:20+08:00 ] 140.207.54.76 POST /index/Payment/wxPayNotifyCallBack
[ info ] msy.meishangyun.com/index/Payment/wxPayNotifyCallBack [运行时间：0.319093s][吞吐率：3.13req/s] [内存消耗：4,718.38kb] [文件加载：93]
[ info ] [ LANG ] /home/www/web/thinkphp5.1/framework/lang/zh-cn.php
[ info ] [ ROUTE ] array (
)
[ info ] [ HEADER ] array (
  'accept' => '*/*',
  'connection' => 'Keep-Alive',
  'pragma' => 'no-cache',
  'content-length' => '848',
  'host' => 'msy.meishangyun.com',
  'user-agent' => 'Mozilla/4.0',
  'content-type' => 'text/xml',
)
[ info ] [ PARAM ] array (
)
[ info ] [ SESSION ] INIT array (
  'id' => '',
  'var_session_id' => '',
  'prefix' => 'common_',
  'type' => '',
  'auto_start' => true,
  'httponly' => true,
  'secure' => false,
  'expire' => 43200,
)
[ info ] [ DB ] INIT mysql
[ info ] [ DB ] INIT mysql
[ info ] [ LOG ] INIT File
[ error ] [4096]Argument 2 passed to think\Log::error() must be of the type array, string given[/home/www/web/thinkphp5.1/framework/library/think/Log.php:331]
[ error ] [4096]Argument 3 passed to think\Log::log() must be of the type array, string given, called in /home/www/web/thinkphp5.1/framework/library/think/Log.php on line 333 and defined[/home/www/web/thinkphp5.1/framework/library/think/Log.php:283]
[ error ] [4096]Argument 3 passed to think\Log::record() must be of the type array, string given, called in /home/www/web/thinkphp5.1/framework/library/think/Log.php on line 285 and defined[/home/www/web/thinkphp5.1/framework/library/think/Log.php:115]
[ error ] [2]Invalid argument supplied for foreach()[/home/www/web/thinkphp5.1/framework/library/think/Log.php:123]
[ error ] 会员等级更新失败
---------------------------------------------------------------
[ 2019-06-16T00:32:10+08:00 ] 140.207.54.76 POST /index/Payment/wxPayNotifyCallBack
[ info ] msy.meishangyun.com/index/Payment/wxPayNotifyCallBack [运行时间：0.279428s][吞吐率：3.58req/s] [内存消耗：4,718.39kb] [文件加载：93]
[ info ] [ LANG ] /home/www/web/thinkphp5.1/framework/lang/zh-cn.php
[ info ] [ ROUTE ] array (
)
[ info ] [ HEADER ] array (
  'accept' => '*/*',
  'connection' => 'Keep-Alive',
  'pragma' => 'no-cache',
  'content-length' => '848',
  'host' => 'msy.meishangyun.com',
  'user-agent' => 'Mozilla/4.0',
  'content-type' => 'text/xml',
)
[ info ] [ PARAM ] array (
)
[ info ] [ SESSION ] INIT array (
  'id' => '',
  'var_session_id' => '',
  'prefix' => 'common_',
  'type' => '',
  'auto_start' => true,
  'httponly' => true,
  'secure' => false,
  'expire' => 43200,
)
[ info ] [ DB ] INIT mysql
[ info ] [ DB ] INIT mysql
[ info ] [ LOG ] INIT File
[ error ] [4096]Argument 2 passed to think\Log::error() must be of the type array, string given[/home/www/web/thinkphp5.1/framework/library/think/Log.php:331]
[ error ] [4096]Argument 3 passed to think\Log::log() must be of the type array, string given, called in /home/www/web/thinkphp5.1/framework/library/think/Log.php on line 333 and defined[/home/www/web/thinkphp5.1/framework/library/think/Log.php:283]
[ error ] [4096]Argument 3 passed to think\Log::record() must be of the type array, string given, called in /home/www/web/thinkphp5.1/framework/library/think/Log.php on line 285 and defined[/home/www/web/thinkphp5.1/framework/library/think/Log.php:115]
[ error ] [2]Invalid argument supplied for foreach()[/home/www/web/thinkphp5.1/framework/library/think/Log.php:123]
[ error ] 会员等级更新失败
---------------------------------------------------------------
[ 2019-06-16T03:25:21+08:00 ] 140.207.54.76 POST /index/Payment/wxPayNotifyCallBack
[ info ] msy.meishangyun.com/index/Payment/wxPayNotifyCallBack [运行时间：0.305142s][吞吐率：3.28req/s] [内存消耗：4,718.39kb] [文件加载：93]
[ info ] [ LANG ] /home/www/web/thinkphp5.1/framework/lang/zh-cn.php
[ info ] [ ROUTE ] array (
)
[ info ] [ HEADER ] array (
  'accept' => '*/*',
  'connection' => 'Keep-Alive',
  'pragma' => 'no-cache',
  'content-length' => '848',
  'host' => 'msy.meishangyun.com',
  'user-agent' => 'Mozilla/4.0',
  'content-type' => 'text/xml',
)
[ info ] [ PARAM ] array (
)
[ info ] [ SESSION ] INIT array (
  'id' => '',
  'var_session_id' => '',
  'prefix' => 'common_',
  'type' => '',
  'auto_start' => true,
  'httponly' => true,
  'secure' => false,
  'expire' => 43200,
)
[ info ] [ DB ] INIT mysql
[ info ] [ DB ] INIT mysql
[ info ] [ LOG ] INIT File
[ error ] [4096]Argument 2 passed to think\Log::error() must be of the type array, string given[/home/www/web/thinkphp5.1/framework/library/think/Log.php:331]
[ error ] [4096]Argument 3 passed to think\Log::log() must be of the type array, string given, called in /home/www/web/thinkphp5.1/framework/library/think/Log.php on line 333 and defined[/home/www/web/thinkphp5.1/framework/library/think/Log.php:283]
[ error ] [4096]Argument 3 passed to think\Log::record() must be of the type array, string given, called in /home/www/web/thinkphp5.1/framework/library/think/Log.php on line 285 and defined[/home/www/web/thinkphp5.1/framework/library/think/Log.php:115]
[ error ] [2]Invalid argument supplied for foreach()[/home/www/web/thinkphp5.1/framework/library/think/Log.php:123]
[ error ] 会员等级更新失败
---------------------------------------------------------------
[ 2019-06-16T03:32:11+08:00 ] 140.207.54.78 POST /index/Payment/wxPayNotifyCallBack
[ info ] msy.meishangyun.com/index/Payment/wxPayNotifyCallBack [运行时间：0.297274s][吞吐率：3.36req/s] [内存消耗：4,718.39kb] [文件加载：93]
[ info ] [ LANG ] /home/www/web/thinkphp5.1/framework/lang/zh-cn.php
[ info ] [ ROUTE ] array (
)
[ info ] [ HEADER ] array (
  'accept' => '*/*',
  'connection' => 'Keep-Alive',
  'pragma' => 'no-cache',
  'content-length' => '848',
  'host' => 'msy.meishangyun.com',
  'user-agent' => 'Mozilla/4.0',
  'content-type' => 'text/xml',
)
[ info ] [ PARAM ] array (
)
[ info ] [ SESSION ] INIT array (
  'id' => '',
  'var_session_id' => '',
  'prefix' => 'common_',
  'type' => '',
  'auto_start' => true,
  'httponly' => true,
  'secure' => false,
  'expire' => 43200,
)
[ info ] [ DB ] INIT mysql
[ info ] [ DB ] INIT mysql
[ info ] [ LOG ] INIT File
[ error ] [4096]Argument 2 passed to think\Log::error() must be of the type array, string given[/home/www/web/thinkphp5.1/framework/library/think/Log.php:331]
[ error ] [4096]Argument 3 passed to think\Log::log() must be of the type array, string given, called in /home/www/web/thinkphp5.1/framework/library/think/Log.php on line 333 and defined[/home/www/web/thinkphp5.1/framework/library/think/Log.php:283]
[ error ] [4096]Argument 3 passed to think\Log::record() must be of the type array, string given, called in /home/www/web/thinkphp5.1/framework/library/think/Log.php on line 285 and defined[/home/www/web/thinkphp5.1/framework/library/think/Log.php:115]
[ error ] [2]Invalid argument supplied for foreach()[/home/www/web/thinkphp5.1/framework/library/think/Log.php:123]
[ error ] 会员等级更新失败
---------------------------------------------------------------
[ 2019-06-16T09:25:22+08:00 ] 140.207.54.78 POST /index/Payment/wxPayNotifyCallBack
[ info ] msy.meishangyun.com/index/Payment/wxPayNotifyCallBack [运行时间：0.315551s][吞吐率：3.17req/s] [内存消耗：4,718.39kb] [文件加载：93]
[ info ] [ LANG ] /home/www/web/thinkphp5.1/framework/lang/zh-cn.php
[ info ] [ ROUTE ] array (
)
[ info ] [ HEADER ] array (
  'accept' => '*/*',
  'connection' => 'Keep-Alive',
  'pragma' => 'no-cache',
  'content-length' => '848',
  'host' => 'msy.meishangyun.com',
  'user-agent' => 'Mozilla/4.0',
  'content-type' => 'text/xml',
)
[ info ] [ PARAM ] array (
)
[ info ] [ SESSION ] INIT array (
  'id' => '',
  'var_session_id' => '',
  'prefix' => 'common_',
  'type' => '',
  'auto_start' => true,
  'httponly' => true,
  'secure' => false,
  'expire' => 43200,
)
[ info ] [ DB ] INIT mysql
[ info ] [ DB ] INIT mysql
[ info ] [ LOG ] INIT File
[ error ] [4096]Argument 2 passed to think\Log::error() must be of the type array, string given[/home/www/web/thinkphp5.1/framework/library/think/Log.php:331]
[ error ] [4096]Argument 3 passed to think\Log::log() must be of the type array, string given, called in /home/www/web/thinkphp5.1/framework/library/think/Log.php on line 333 and defined[/home/www/web/thinkphp5.1/framework/library/think/Log.php:283]
[ error ] [4096]Argument 3 passed to think\Log::record() must be of the type array, string given, called in /home/www/web/thinkphp5.1/framework/library/think/Log.php on line 285 and defined[/home/www/web/thinkphp5.1/framework/library/think/Log.php:115]
[ error ] [2]Invalid argument supplied for foreach()[/home/www/web/thinkphp5.1/framework/library/think/Log.php:123]
[ error ] 会员等级更新失败
---------------------------------------------------------------
[ 2019-06-16T09:32:12+08:00 ] 140.207.54.78 POST /index/Payment/wxPayNotifyCallBack
[ info ] msy.meishangyun.com/index/Payment/wxPayNotifyCallBack [运行时间：0.295227s][吞吐率：3.39req/s] [内存消耗：4,718.39kb] [文件加载：93]
[ info ] [ LANG ] /home/www/web/thinkphp5.1/framework/lang/zh-cn.php
[ info ] [ ROUTE ] array (
)
[ info ] [ HEADER ] array (
  'accept' => '*/*',
  'connection' => 'Keep-Alive',
  'pragma' => 'no-cache',
  'content-length' => '848',
  'host' => 'msy.meishangyun.com',
  'user-agent' => 'Mozilla/4.0',
  'content-type' => 'text/xml',
)
[ info ] [ PARAM ] array (
)
[ info ] [ SESSION ] INIT array (
  'id' => '',
  'var_session_id' => '',
  'prefix' => 'common_',
  'type' => '',
  'auto_start' => true,
  'httponly' => true,
  'secure' => false,
  'expire' => 43200,
)
[ info ] [ DB ] INIT mysql
[ info ] [ DB ] INIT mysql
[ info ] [ LOG ] INIT File
[ error ] [4096]Argument 2 passed to think\Log::error() must be of the type array, string given[/home/www/web/thinkphp5.1/framework/library/think/Log.php:331]
[ error ] [4096]Argument 3 passed to think\Log::log() must be of the type array, string given, called in /home/www/web/thinkphp5.1/framework/library/think/Log.php on line 333 and defined[/home/www/web/thinkphp5.1/framework/library/think/Log.php:283]
[ error ] [4096]Argument 3 passed to think\Log::record() must be of the type array, string given, called in /home/www/web/thinkphp5.1/framework/library/think/Log.php on line 285 and defined[/home/www/web/thinkphp5.1/framework/library/think/Log.php:115]
[ error ] [2]Invalid argument supplied for foreach()[/home/www/web/thinkphp5.1/framework/library/think/Log.php:123]
[ error ] 会员等级更新失败
---------------------------------------------------------------
[ 2019-06-16T15:25:24+08:00 ] 140.207.54.76 POST /index/Payment/wxPayNotifyCallBack
[ info ] msy.meishangyun.com/index/Payment/wxPayNotifyCallBack [运行时间：0.306767s][吞吐率：3.26req/s] [内存消耗：4,718.39kb] [文件加载：93]
[ info ] [ LANG ] /home/www/web/thinkphp5.1/framework/lang/zh-cn.php
[ info ] [ ROUTE ] array (
)
[ info ] [ HEADER ] array (
  'accept' => '*/*',
  'connection' => 'Keep-Alive',
  'pragma' => 'no-cache',
  'content-length' => '848',
  'host' => 'msy.meishangyun.com',
  'user-agent' => 'Mozilla/4.0',
  'content-type' => 'text/xml',
)
[ info ] [ PARAM ] array (
)
[ info ] [ SESSION ] INIT array (
  'id' => '',
  'var_session_id' => '',
  'prefix' => 'common_',
  'type' => '',
  'auto_start' => true,
  'httponly' => true,
  'secure' => false,
  'expire' => 43200,
)
[ info ] [ DB ] INIT mysql
[ info ] [ DB ] INIT mysql
[ info ] [ LOG ] INIT File
[ error ] [4096]Argument 2 passed to think\Log::error() must be of the type array, string given[/home/www/web/thinkphp5.1/framework/library/think/Log.php:331]
[ error ] [4096]Argument 3 passed to think\Log::log() must be of the type array, string given, called in /home/www/web/thinkphp5.1/framework/library/think/Log.php on line 333 and defined[/home/www/web/thinkphp5.1/framework/library/think/Log.php:283]
[ error ] [4096]Argument 3 passed to think\Log::record() must be of the type array, string given, called in /home/www/web/thinkphp5.1/framework/library/think/Log.php on line 285 and defined[/home/www/web/thinkphp5.1/framework/library/think/Log.php:115]
[ error ] [2]Invalid argument supplied for foreach()[/home/www/web/thinkphp5.1/framework/library/think/Log.php:123]
[ error ] 会员等级更新失败
---------------------------------------------------------------
[ 2019-06-16T15:32:14+08:00 ] 140.207.54.77 POST /index/Payment/wxPayNotifyCallBack
[ info ] msy.meishangyun.com/index/Payment/wxPayNotifyCallBack [运行时间：0.295913s][吞吐率：3.38req/s] [内存消耗：4,718.39kb] [文件加载：93]
[ info ] [ LANG ] /home/www/web/thinkphp5.1/framework/lang/zh-cn.php
[ info ] [ ROUTE ] array (
)
[ info ] [ HEADER ] array (
  'accept' => '*/*',
  'connection' => 'Keep-Alive',
  'pragma' => 'no-cache',
  'content-length' => '848',
  'host' => 'msy.meishangyun.com',
  'user-agent' => 'Mozilla/4.0',
  'content-type' => 'text/xml',
)
[ info ] [ PARAM ] array (
)
[ info ] [ SESSION ] INIT array (
  'id' => '',
  'var_session_id' => '',
  'prefix' => 'common_',
  'type' => '',
  'auto_start' => true,
  'httponly' => true,
  'secure' => false,
  'expire' => 43200,
)
[ info ] [ DB ] INIT mysql
[ info ] [ DB ] INIT mysql
[ info ] [ LOG ] INIT File
[ error ] [4096]Argument 2 passed to think\Log::error() must be of the type array, string given[/home/www/web/thinkphp5.1/framework/library/think/Log.php:331]
[ error ] [4096]Argument 3 passed to think\Log::log() must be of the type array, string given, called in /home/www/web/thinkphp5.1/framework/library/think/Log.php on line 333 and defined[/home/www/web/thinkphp5.1/framework/library/think/Log.php:283]
[ error ] [4096]Argument 3 passed to think\Log::record() must be of the type array, string given, called in /home/www/web/thinkphp5.1/framework/library/think/Log.php on line 285 and defined[/home/www/web/thinkphp5.1/framework/library/think/Log.php:115]
[ error ] [2]Invalid argument supplied for foreach()[/home/www/web/thinkphp5.1/framework/library/think/Log.php:123]
[ error ] 会员等级更新失败
