---------------------------------------------------------------
[ 2019-04-15T14:42:33+08:00 ] 14.18.29.116 POST /index/Order/setOrderStatus
[ info ] hss.meishangyun.com/index/Order/setOrderStatus [运行时间：0.074576s][吞吐率：13.41req/s] [内存消耗：4,590.65kb] [文件加载：94]
[ info ] [ LANG ] /home/www/web/thinkphp5.1/framework/lang/zh-cn.php
[ info ] [ ROUTE ] array (
)
[ info ] [ HEADER ] array (
  'host' => 'hss.meishangyun.com',
  'connection' => 'keep-alive',
  'content-length' => '21',
  'accept' => '*/*',
  'origin' => 'https://hss.meishangyun.com',
  'x-requested-with' => 'XMLHttpRequest',
  'user-agent' => 'Mozilla/5.0 (Linux; Android 8.1.0; Mi Note 3 Build/OPM1.171019.019; wv) AppleWebKit/537.36 (KHTML, like Gecko) Version/4.0 Chrome/66.0.3359.126 MQQBrowser/6.2 TBS/044606 Mobile Safari/537.36 MMWEBID/9642 MicroMessenger/7.0.3.1400(0x2700033D) Process/tools NetType/WIFI Language/zh_CN',
  'content-type' => 'application/x-www-form-urlencoded; charset=UTF-8',
  'referer' => 'https://hss.meishangyun.com/index/order/manage/order_status/2.html',
  'accept-encoding' => 'gzip, deflate, br',
  'accept-language' => 'zh-CN,en-US;q=0.9',
  'cookie' => 'PHPSESSID=gm5r6s7laao4j4bleddml8vkl6',
)
[ info ] [ PARAM ] array (
  'id' => '372',
  'order_status' => '7',
)
[ info ] [ SESSION ] INIT array (
  'id' => '',
  'var_session_id' => '',
  'prefix' => 'common_',
  'type' => '',
  'auto_start' => true,
  'httponly' => true,
  'secure' => false,
  'expire' => 30758400,
)
[ info ] [ DB ] INIT mysql
[ info ] [ DB ] INIT mysql
[ info ] [ LOG ] INIT File
[ error ] [8192]Non-static method common\component\payment\weixin\weixinpay::refundOrder() should not be called statically, assuming $this from incompatible context[/home/www/web/thinkphp5.1/hss/application/index/controller/Order.php:364]
[ error ] array (
  0 => '微信申请退款: curl出错，错误码:52',
  1 => '{"id":"372","sn":"20190413164024460919258564224559","pay_sn":"4200000285201904134130895394","status":"0","type":"0","order_status":"2","after_sale_status":"0","payment_code":"0","amount":"0.02","coupons_pay":"0.00","wallet_pay":"0.00","actually_amount":"0.02","remark":"","user_id":"48","coupons_id":"0","create_time":"2019-04-13 16:40:24","payment_time":"1555144847","finished_time":"0","consignee":"\\u9ec4","mobile":"13265155634","province":"18","city":"0","area":"2","detail_address":"B2028","brand_name":""}',
)
---------------------------------------------------------------
[ 2019-04-15T14:42:38+08:00 ] 14.18.29.116 POST /index/Order/setOrderStatus
[ info ] hss.meishangyun.com/index/Order/setOrderStatus [运行时间：0.134161s][吞吐率：7.45req/s] [内存消耗：4,590.36kb] [文件加载：94]
[ info ] [ LANG ] /home/www/web/thinkphp5.1/framework/lang/zh-cn.php
[ info ] [ ROUTE ] array (
)
[ info ] [ HEADER ] array (
  'host' => 'hss.meishangyun.com',
  'connection' => 'keep-alive',
  'content-length' => '21',
  'accept' => '*/*',
  'origin' => 'https://hss.meishangyun.com',
  'x-requested-with' => 'XMLHttpRequest',
  'user-agent' => 'Mozilla/5.0 (Linux; Android 8.1.0; Mi Note 3 Build/OPM1.171019.019; wv) AppleWebKit/537.36 (KHTML, like Gecko) Version/4.0 Chrome/66.0.3359.126 MQQBrowser/6.2 TBS/044606 Mobile Safari/537.36 MMWEBID/9642 MicroMessenger/7.0.3.1400(0x2700033D) Process/tools NetType/WIFI Language/zh_CN',
  'content-type' => 'application/x-www-form-urlencoded; charset=UTF-8',
  'referer' => 'https://hss.meishangyun.com/index/order/manage/order_status/2.html',
  'accept-encoding' => 'gzip, deflate, br',
  'accept-language' => 'zh-CN,en-US;q=0.9',
  'cookie' => 'PHPSESSID=gm5r6s7laao4j4bleddml8vkl6',
)
[ info ] [ PARAM ] array (
  'id' => '370',
  'order_status' => '7',
)
[ info ] [ SESSION ] INIT array (
  'id' => '',
  'var_session_id' => '',
  'prefix' => 'common_',
  'type' => '',
  'auto_start' => true,
  'httponly' => true,
  'secure' => false,
  'expire' => 30758400,
)
[ info ] [ DB ] INIT mysql
[ info ] [ DB ] INIT mysql
[ info ] [ LOG ] INIT File
[ error ] [8192]Non-static method common\component\payment\weixin\weixinpay::refundOrder() should not be called statically, assuming $this from incompatible context[/home/www/web/thinkphp5.1/hss/application/index/controller/Order.php:364]
[ error ] array (
  0 => '微信申请退款: curl出错，错误码:52',
  1 => '{"id":"370","sn":"20190413163632993236095826348071","pay_sn":"4200000283201904130028385927","status":"0","type":"0","order_status":"2","after_sale_status":"0","payment_code":"0","amount":"0.02","coupons_pay":"0.00","wallet_pay":"0.00","actually_amount":"0.02","remark":"","user_id":"48","coupons_id":"0","create_time":"2019-04-13 16:36:32","payment_time":"1555144620","finished_time":"0","consignee":"\\u9ec4","mobile":"13265155634","province":"18","city":"0","area":"2","detail_address":"B2028","brand_name":""}',
)
---------------------------------------------------------------
[ 2019-04-15T15:45:57+08:00 ] 14.18.29.116 POST /index/Order/setOrderStatus
[ info ] hss.meishangyun.com/index/Order/setOrderStatus [运行时间：0.154970s][吞吐率：6.45req/s] [内存消耗：4,571.93kb] [文件加载：94]
[ info ] [ LANG ] /home/www/web/thinkphp5.1/framework/lang/zh-cn.php
[ info ] [ ROUTE ] array (
)
[ info ] [ HEADER ] array (
  'host' => 'hss.meishangyun.com',
  'connection' => 'keep-alive',
  'content-length' => '21',
  'accept' => '*/*',
  'origin' => 'https://hss.meishangyun.com',
  'x-requested-with' => 'XMLHttpRequest',
  'user-agent' => 'Mozilla/5.0 (Linux; Android 8.1.0; Mi Note 3 Build/OPM1.171019.019; wv) AppleWebKit/537.36 (KHTML, like Gecko) Version/4.0 Chrome/66.0.3359.126 MQQBrowser/6.2 TBS/044606 Mobile Safari/537.36 MMWEBID/9642 MicroMessenger/7.0.3.1400(0x2700033D) Process/tools NetType/WIFI Language/zh_CN',
  'content-type' => 'application/x-www-form-urlencoded; charset=UTF-8',
  'referer' => 'https://hss.meishangyun.com/index/order/manage/order_status/2.html',
  'accept-encoding' => 'gzip, deflate, br',
  'accept-language' => 'zh-CN,en-US;q=0.9',
  'cookie' => 'PHPSESSID=gm5r6s7laao4j4bleddml8vkl6',
)
[ info ] [ PARAM ] array (
  'id' => '370',
  'order_status' => '7',
)
[ info ] [ SESSION ] INIT array (
  'id' => '',
  'var_session_id' => '',
  'prefix' => 'common_',
  'type' => '',
  'auto_start' => true,
  'httponly' => true,
  'secure' => false,
  'expire' => 30758400,
)
[ info ] [ DB ] INIT mysql
[ info ] [ DB ] INIT mysql
[ info ] [ LOG ] INIT File
[ error ] [8192]Non-static method common\component\payment\weixin\weixinpay::refundOrder() should not be called statically, assuming $this from incompatible context[/home/www/web/thinkphp5.1/hss/application/index/controller/Order.php:364]
[ error ] array (
  0 => '微信申请退款: ',
  1 => '{"return_code":"FAIL","return_msg":"0\\u53c2\\u6570\\u683c\\u5f0f\\u9519\\u8bef"}',
)
---------------------------------------------------------------
[ 2019-04-15T15:48:52+08:00 ] 14.18.29.116 POST /index/Order/setOrderStatus
[ info ] hss.meishangyun.com/index/Order/setOrderStatus [运行时间：0.142233s][吞吐率：7.03req/s] [内存消耗：4,574.29kb] [文件加载：94]
[ info ] [ LANG ] /home/www/web/thinkphp5.1/framework/lang/zh-cn.php
[ info ] [ ROUTE ] array (
)
[ info ] [ HEADER ] array (
  'host' => 'hss.meishangyun.com',
  'connection' => 'keep-alive',
  'content-length' => '21',
  'accept' => '*/*',
  'origin' => 'https://hss.meishangyun.com',
  'x-requested-with' => 'XMLHttpRequest',
  'user-agent' => 'Mozilla/5.0 (Linux; Android 8.1.0; Mi Note 3 Build/OPM1.171019.019; wv) AppleWebKit/537.36 (KHTML, like Gecko) Version/4.0 Chrome/66.0.3359.126 MQQBrowser/6.2 TBS/044606 Mobile Safari/537.36 MMWEBID/9642 MicroMessenger/7.0.3.1400(0x2700033D) Process/tools NetType/WIFI Language/zh_CN',
  'content-type' => 'application/x-www-form-urlencoded; charset=UTF-8',
  'referer' => 'https://hss.meishangyun.com/index/order/manage/order_status/2.html',
  'accept-encoding' => 'gzip, deflate, br',
  'accept-language' => 'zh-CN,en-US;q=0.9',
  'cookie' => 'PHPSESSID=gm5r6s7laao4j4bleddml8vkl6',
)
[ info ] [ PARAM ] array (
  'id' => '372',
  'order_status' => '7',
)
[ info ] [ SESSION ] INIT array (
  'id' => '',
  'var_session_id' => '',
  'prefix' => 'common_',
  'type' => '',
  'auto_start' => true,
  'httponly' => true,
  'secure' => false,
  'expire' => 30758400,
)
[ info ] [ DB ] INIT mysql
[ info ] [ DB ] INIT mysql
[ info ] [ LOG ] INIT File
[ error ] [8192]Non-static method common\component\payment\weixin\weixinpay::refundOrder() should not be called statically, assuming $this from incompatible context[/home/www/web/thinkphp5.1/hss/application/index/controller/Order.php:364]
[ error ] array (
  0 => '微信申请退款: ',
  1 => '[{"return_code":"FAIL","return_msg":"0\\u53c2\\u6570\\u683c\\u5f0f\\u9519\\u8bef"},{}]',
)
---------------------------------------------------------------
[ 2019-04-15T15:54:09+08:00 ] 14.18.29.116 POST /index/Order/setOrderStatus
[ info ] hss.meishangyun.com/index/Order/setOrderStatus [运行时间：0.163018s][吞吐率：6.13req/s] [内存消耗：4,575.53kb] [文件加载：94]
[ info ] [ LANG ] /home/www/web/thinkphp5.1/framework/lang/zh-cn.php
[ info ] [ ROUTE ] array (
)
[ info ] [ HEADER ] array (
  'host' => 'hss.meishangyun.com',
  'connection' => 'keep-alive',
  'content-length' => '21',
  'accept' => '*/*',
  'origin' => 'https://hss.meishangyun.com',
  'x-requested-with' => 'XMLHttpRequest',
  'user-agent' => 'Mozilla/5.0 (Linux; Android 8.1.0; Mi Note 3 Build/OPM1.171019.019; wv) AppleWebKit/537.36 (KHTML, like Gecko) Version/4.0 Chrome/66.0.3359.126 MQQBrowser/6.2 TBS/044606 Mobile Safari/537.36 MMWEBID/9642 MicroMessenger/7.0.3.1400(0x2700033D) Process/tools NetType/WIFI Language/zh_CN',
  'content-type' => 'application/x-www-form-urlencoded; charset=UTF-8',
  'referer' => 'https://hss.meishangyun.com/index/order/manage/order_status/2.html',
  'accept-encoding' => 'gzip, deflate, br',
  'accept-language' => 'zh-CN,en-US;q=0.9',
  'cookie' => 'PHPSESSID=gm5r6s7laao4j4bleddml8vkl6',
)
[ info ] [ PARAM ] array (
  'id' => '372',
  'order_status' => '7',
)
[ info ] [ SESSION ] INIT array (
  'id' => '',
  'var_session_id' => '',
  'prefix' => 'common_',
  'type' => '',
  'auto_start' => true,
  'httponly' => true,
  'secure' => false,
  'expire' => 30758400,
)
[ info ] [ DB ] INIT mysql
[ info ] [ DB ] INIT mysql
[ info ] [ LOG ] INIT File
[ error ] [8192]Non-static method common\component\payment\weixin\weixinpay::refundOrder() should not be called statically, assuming $this from incompatible context[/home/www/web/thinkphp5.1/hss/application/index/controller/Order.php:364]
[ error ] array (
  0 => '微信申请退款111: ',
  1 => '{"return_code":"FAIL","return_msg":"0\\u53c2\\u6570\\u683c\\u5f0f\\u9519\\u8bef"}',
  2 => 
  WxPayRefund::__set_state(array(
     'values' => 
    array (
      'appid' => 'wx9eee7ee8c2ae57dc',
      'mch_id' => '1234887902',
      'nonce_str' => 'mzbcz88ivn4u4y89zl5p7t5s9wcp367i',
      'op_user_id' => NULL,
      'out_refund_no' => '20190413164024460919258564224559',
      'refund_fee' => 0,
      'total_fee' => 2,
      'transaction_id' => '4200000285201904134130895394',
      'sign' => '32B029C857DB3D1F78A47FCDF2345F5A',
    ),
  )),
)
