---------------------------------------------------------------
[ 2019-04-16T14:12:00+08:00 ] 14.18.29.116 POST /index/Order/setOrderStatus
[ info ] hss.meishangyun.com/index/Order/setOrderStatus [运行时间：0.289524s][吞吐率：3.45req/s] [内存消耗：4,770.45kb] [文件加载：95]
[ info ] [ LANG ] /home/www/web/thinkphp5.1/framework/lang/zh-cn.php
[ info ] [ ROUTE ] array (
)
[ info ] [ HEADER ] array (
  'host' => 'hss.meishangyun.com',
  'connection' => 'keep-alive',
  'content-length' => '21',
  'accept' => '*/*',
  'origin' => 'https://hss.meishangyun.com',
  'x-requested-with' => 'XMLHttpRequest',
  'user-agent' => 'Mozilla/5.0 (Linux; Android 8.1.0; Mi Note 3 Build/OPM1.171019.019; wv) AppleWebKit/537.36 (KHTML, like Gecko) Version/4.0 Chrome/66.0.3359.126 MQQBrowser/6.2 TBS/044606 Mobile Safari/537.36 MMWEBID/9642 MicroMessenger/7.0.3.1400(0x2700033D) Process/tools NetType/WIFI Language/zh_CN',
  'content-type' => 'application/x-www-form-urlencoded; charset=UTF-8',
  'referer' => 'https://hss.meishangyun.com/index/order/manage/order_status/2.html',
  'accept-encoding' => 'gzip, deflate, br',
  'accept-language' => 'zh-CN,en-US;q=0.9',
  'cookie' => 'PHPSESSID=gm5r6s7laao4j4bleddml8vkl6',
)
[ info ] [ PARAM ] array (
  'id' => '372',
  'order_status' => '7',
)
[ info ] [ SESSION ] INIT array (
  'id' => '',
  'var_session_id' => '',
  'prefix' => 'common_',
  'type' => '',
  'auto_start' => true,
  'httponly' => true,
  'secure' => false,
  'expire' => 30758400,
)
[ info ] [ DB ] INIT mysql
[ info ] [ DB ] INIT mysql
[ info ] [ LOG ] INIT File
[ error ] [8192]Non-static method common\component\payment\weixin\weixinpay::refundOrder() should not be called statically, assuming $this from incompatible context[/home/www/web/thinkphp5.1/hss/application/index/controller/Order.php:364]
[ error ] [8]curl_setopt(): CURLOPT_SSL_VERIFYHOST no longer accepts the value 1, value 2 will be used instead[/home/www/web/thinkphp5.1/common/component/payment/weixin/Jssdk.php:134]
[ error ] [8]Undefined property: stdClass::$access_token[/home/www/web/thinkphp5.1/common/component/payment/weixin/Jssdk.php:20]
[ error ] array (
  0 => '微信申请退款111: ',
  1 => '"http%3A%2F%2Fhss.meishangyun.com%2Findex%2FOrder%2FsetOrderStatus"',
)
[ error ] array (
  0 => '微信申请退款111: ',
  1 => '"https:\\/\\/open.weixin.qq.com\\/connect\\/oauth2\\/authorize?appId=wx9eee7ee8c2ae57dc&redirect_uri=http%3A%2F%2Fhss.meishangyun.com%2Findex%2FOrder%2FsetOrderStatus&response_type=code&scope=snsapi_base&state=STATE#wechat_redirect"',
)
---------------------------------------------------------------
[ 2019-04-16T14:44:27+08:00 ] 14.18.29.116 POST /index/Order/setOrderStatus
[ info ] hss.meishangyun.com/index/Order/setOrderStatus [运行时间：0.219402s][吞吐率：4.56req/s] [内存消耗：4,771.90kb] [文件加载：95]
[ info ] [ LANG ] /home/www/web/thinkphp5.1/framework/lang/zh-cn.php
[ info ] [ ROUTE ] array (
)
[ info ] [ HEADER ] array (
  'host' => 'hss.meishangyun.com',
  'connection' => 'keep-alive',
  'content-length' => '21',
  'accept' => '*/*',
  'origin' => 'https://hss.meishangyun.com',
  'x-requested-with' => 'XMLHttpRequest',
  'user-agent' => 'Mozilla/5.0 (iPhone; CPU iPhone OS 11_0 like Mac OS X) AppleWebKit/604.1.38 (KHTML, like Gecko) Version/11.0 Mobile/15A372 Safari/604.1',
  'content-type' => 'application/x-www-form-urlencoded; charset=UTF-8',
  'referer' => 'https://hss.meishangyun.com/index/order/manage/order_status/2.html',
  'accept-encoding' => 'gzip, deflate, br',
  'accept-language' => 'zh-CN,zh;q=0.9,en;q=0.8',
  'cookie' => 'PHPSESSID=bmath30hcdcqbq6u02n3v68vn0',
)
[ info ] [ PARAM ] array (
  'id' => '374',
  'order_status' => '7',
)
[ info ] [ SESSION ] INIT array (
  'id' => '',
  'var_session_id' => '',
  'prefix' => 'common_',
  'type' => '',
  'auto_start' => true,
  'httponly' => true,
  'secure' => false,
  'expire' => 30758400,
)
[ info ] [ DB ] INIT mysql
[ info ] [ DB ] INIT mysql
[ info ] [ LOG ] INIT File
[ error ] [8192]Non-static method common\component\payment\weixin\weixinpay::refundOrder() should not be called statically, assuming $this from incompatible context[/home/www/web/thinkphp5.1/hss/application/index/controller/Order.php:364]
[ error ] [8]curl_setopt(): CURLOPT_SSL_VERIFYHOST no longer accepts the value 1, value 2 will be used instead[/home/www/web/thinkphp5.1/common/component/payment/weixin/Jssdk.php:134]
[ error ] [8]Undefined property: stdClass::$access_token[/home/www/web/thinkphp5.1/common/component/payment/weixin/Jssdk.php:20]
[ error ] array (
  0 => '微信申请退款111: ',
  1 => '"http:\\/\\/hss.meishangyun.com\\/index\\/Order\\/setOrderStatus"',
)
[ error ] array (
  0 => '微信申请退款111: ',
  1 => '"https:\\/\\/open.weixin.qq.com\\/connect\\/oauth2\\/authorize?appId=wx9eee7ee8c2ae57dc&redirect_uri=http%3A%2F%2Fhss.meishangyun.com%2Findex%2FOrder%2FsetOrderStatus&response_type=code&scope=snsapi_base&state=STATE#wechat_redirect"',
)
