---------------------------------------------------------------
[ 2019-03-01T09:23:48+08:00 ] 127.0.0.1 GET /
[ info ] mch.new.com/ [运行时间：0.731041s][吞吐率：1.37req/s] [内存消耗：2,456.66kb] [文件加载：90]
[ info ] [ LANG ] D:\web\thinkphp5.1\framework/lang/zh-cn.php
[ info ] [ ROUTE ] array (
)
[ info ] [ HEADER ] array (
  'cookie' => 'PHPSESSID=apucksdpuplqqm6deaiu411co5',
  'accept-language' => 'zh-CN,zh;q=0.9',
  'accept-encoding' => 'gzip, deflate',
  'accept' => 'text/html,application/xhtml+xml,application/xml;q=0.9,image/webp,image/apng,*/*;q=0.8',
  'user-agent' => 'Mozilla/5.0 (Windows NT 6.1; Win64; x64) AppleWebKit/537.36 (KHTML, like Gecko) Chrome/71.0.3578.98 Safari/537.36',
  'upgrade-insecure-requests' => '1',
  'cache-control' => 'max-age=0',
  'connection' => 'keep-alive',
  'host' => 'mch.new.com',
  'content-length' => '',
  'content-type' => '',
)
[ info ] [ PARAM ] array (
)
[ info ] [ SESSION ] INIT array (
  'id' => '',
  'var_session_id' => '',
  'prefix' => 'common_',
  'type' => '',
  'auto_start' => true,
  'httponly' => true,
  'secure' => false,
  'expire' => 30758400,
)
[ info ] [ DB ] INIT mysql
[ info ] [ DB ] INIT mysql
[ info ] [ VIEW ] D:\web\thinkphp5.1\mch\application/index/view\index\index.html [ array (
  0 => 'categoryList',
  1 => 'sceneList',
  2 => 'projectList',
) ]
[ info ] [ LOG ] INIT File
---------------------------------------------------------------
[ 2019-03-01T09:23:48+08:00 ] 127.0.0.1 GET /index.php/index/Goods/getList?pageSize=10&pageType=index&category_id=&page=1
[ info ] mch.new.com/index.php/index/Goods/getList?pageSize=10&pageType=index&category_id=&page=1 [运行时间：0.087005s][吞吐率：11.49req/s] [内存消耗：2,422.34kb] [文件加载：89]
[ info ] [ LANG ] D:\web\thinkphp5.1\framework/lang/zh-cn.php
[ info ] [ ROUTE ] array (
)
[ info ] [ HEADER ] array (
  'cookie' => 'PHPSESSID=apucksdpuplqqm6deaiu411co5',
  'accept-language' => 'zh-CN,zh;q=0.9',
  'accept-encoding' => 'gzip, deflate',
  'referer' => 'http://mch.new.com/',
  'user-agent' => 'Mozilla/5.0 (Windows NT 6.1; Win64; x64) AppleWebKit/537.36 (KHTML, like Gecko) Chrome/71.0.3578.98 Safari/537.36',
  'x-requested-with' => 'XMLHttpRequest',
  'accept' => '*/*',
  'connection' => 'keep-alive',
  'host' => 'mch.new.com',
  'content-length' => '',
  'content-type' => '',
)
[ info ] [ PARAM ] array (
  'pageSize' => '10',
  'pageType' => 'index',
  'category_id' => '',
  'page' => '1',
)
[ info ] [ SESSION ] INIT array (
  'id' => '',
  'var_session_id' => '',
  'prefix' => 'common_',
  'type' => '',
  'auto_start' => true,
  'httponly' => true,
  'secure' => false,
  'expire' => 30758400,
)
[ info ] [ DB ] INIT mysql
[ info ] [ DB ] INIT mysql
[ info ] [ VIEW ] D:\web\thinkphp5.1\mch\application/index/view\goods\list_index_tpl.html [ array (
  0 => 'list',
) ]
[ info ] [ LOG ] INIT File
---------------------------------------------------------------
[ 2019-03-01T10:23:52+08:00 ] 127.0.0.1 GET /static/common/js/swiper.min.js.map
[ info ] mch.new.com/static/common/js/swiper.min.js.map [运行时间：0.053003s][吞吐率：18.87req/s] [内存消耗：998.32kb] [文件加载：56]
[ info ] [ LANG ] D:\web\thinkphp5.1\framework/lang/zh-cn.php
[ info ] [ ROUTE ] array (
)
[ info ] [ HEADER ] array (
  'cookie' => 'PHPSESSID=apucksdpuplqqm6deaiu411co5',
  'accept-language' => 'zh-CN,zh;q=0.9',
  'accept-encoding' => 'gzip, deflate',
  'user-agent' => 'Mozilla/5.0 (Windows NT 6.1; Win64; x64) AppleWebKit/537.36 (KHTML, like Gecko) Chrome/71.0.3578.98 Safari/537.36',
  'cache-control' => 'no-cache',
  'connection' => 'keep-alive',
  'host' => 'mch.new.com',
  'content-length' => '',
  'content-type' => '',
)
[ info ] [ PARAM ] array (
)
[ info ] [ LOG ] INIT File
---------------------------------------------------------------
[ 2019-03-01T10:23:55+08:00 ] 127.0.0.1 GET /
[ info ] mch.new.com/ [运行时间：0.067003s][吞吐率：14.92req/s] [内存消耗：2,456.80kb] [文件加载：90]
[ info ] [ LANG ] D:\web\thinkphp5.1\framework/lang/zh-cn.php
[ info ] [ ROUTE ] array (
)
[ info ] [ HEADER ] array (
  'cookie' => 'PHPSESSID=apucksdpuplqqm6deaiu411co5',
  'accept-language' => 'zh-CN,zh;q=0.9',
  'accept-encoding' => 'gzip, deflate',
  'accept' => 'text/html,application/xhtml+xml,application/xml;q=0.9,image/webp,image/apng,*/*;q=0.8',
  'user-agent' => 'Mozilla/5.0 (iPhone; CPU iPhone OS 11_0 like Mac OS X) AppleWebKit/604.1.38 (KHTML, like Gecko) Version/11.0 Mobile/15A372 Safari/604.1',
  'upgrade-insecure-requests' => '1',
  'cache-control' => 'no-cache',
  'pragma' => 'no-cache',
  'connection' => 'keep-alive',
  'host' => 'mch.new.com',
  'content-length' => '',
  'content-type' => '',
)
[ info ] [ PARAM ] array (
)
[ info ] [ SESSION ] INIT array (
  'id' => '',
  'var_session_id' => '',
  'prefix' => 'common_',
  'type' => '',
  'auto_start' => true,
  'httponly' => true,
  'secure' => false,
  'expire' => 30758400,
)
[ info ] [ DB ] INIT mysql
[ info ] [ DB ] INIT mysql
[ info ] [ VIEW ] D:\web\thinkphp5.1\mch\application/index/view\index\index.html [ array (
  0 => 'categoryList',
  1 => 'sceneList',
  2 => 'projectList',
) ]
[ info ] [ LOG ] INIT File
---------------------------------------------------------------
[ 2019-03-01T10:23:55+08:00 ] 127.0.0.1 GET /static/common/js/swiper.min.js.map
[ info ] mch.new.com/static/common/js/swiper.min.js.map [运行时间：0.017001s][吞吐率：58.82req/s] [内存消耗：998.35kb] [文件加载：56]
[ info ] [ LANG ] D:\web\thinkphp5.1\framework/lang/zh-cn.php
[ info ] [ ROUTE ] array (
)
[ info ] [ HEADER ] array (
  'cookie' => 'PHPSESSID=apucksdpuplqqm6deaiu411co5',
  'accept-language' => 'zh-CN,zh;q=0.9',
  'accept-encoding' => 'gzip, deflate',
  'cache-control' => 'no-cache',
  'user-agent' => 'Mozilla/5.0 (iPhone; CPU iPhone OS 11_0 like Mac OS X) AppleWebKit/604.1.38 (KHTML, like Gecko) Version/11.0 Mobile/15A372 Safari/604.1',
  'connection' => 'keep-alive',
  'host' => 'mch.new.com',
  'content-length' => '',
  'content-type' => '',
)
[ info ] [ PARAM ] array (
)
[ info ] [ LOG ] INIT File
---------------------------------------------------------------
[ 2019-03-01T10:23:56+08:00 ] 127.0.0.1 GET /index.php/index/Goods/getList?pageSize=10&pageType=index&category_id=&page=1
[ info ] mch.new.com/index.php/index/Goods/getList?pageSize=10&pageType=index&category_id=&page=1 [运行时间：0.051003s][吞吐率：19.61req/s] [内存消耗：2,422.73kb] [文件加载：89]
[ info ] [ LANG ] D:\web\thinkphp5.1\framework/lang/zh-cn.php
[ info ] [ ROUTE ] array (
)
[ info ] [ HEADER ] array (
  'cookie' => 'PHPSESSID=apucksdpuplqqm6deaiu411co5',
  'accept-language' => 'zh-CN,zh;q=0.9',
  'accept-encoding' => 'gzip, deflate',
  'referer' => 'http://mch.new.com/',
  'user-agent' => 'Mozilla/5.0 (iPhone; CPU iPhone OS 11_0 like Mac OS X) AppleWebKit/604.1.38 (KHTML, like Gecko) Version/11.0 Mobile/15A372 Safari/604.1',
  'x-requested-with' => 'XMLHttpRequest',
  'accept' => '*/*',
  'cache-control' => 'no-cache',
  'pragma' => 'no-cache',
  'connection' => 'keep-alive',
  'host' => 'mch.new.com',
  'content-length' => '',
  'content-type' => '',
)
[ info ] [ PARAM ] array (
  'pageSize' => '10',
  'pageType' => 'index',
  'category_id' => '',
  'page' => '1',
)
[ info ] [ SESSION ] INIT array (
  'id' => '',
  'var_session_id' => '',
  'prefix' => 'common_',
  'type' => '',
  'auto_start' => true,
  'httponly' => true,
  'secure' => false,
  'expire' => 30758400,
)
[ info ] [ DB ] INIT mysql
[ info ] [ DB ] INIT mysql
[ info ] [ VIEW ] D:\web\thinkphp5.1\mch\application/index/view\goods\list_index_tpl.html [ array (
  0 => 'list',
) ]
[ info ] [ LOG ] INIT File
---------------------------------------------------------------
[ 2019-03-01T10:23:56+08:00 ] 127.0.0.1 GET /
[ info ] mch.new.com/ [运行时间：0.062004s][吞吐率：16.13req/s] [内存消耗：2,456.80kb] [文件加载：90]
[ info ] [ LANG ] D:\web\thinkphp5.1\framework/lang/zh-cn.php
[ info ] [ ROUTE ] array (
)
[ info ] [ HEADER ] array (
  'cookie' => 'PHPSESSID=apucksdpuplqqm6deaiu411co5',
  'accept-language' => 'zh-CN,zh;q=0.9',
  'accept-encoding' => 'gzip, deflate',
  'accept' => 'text/html,application/xhtml+xml,application/xml;q=0.9,image/webp,image/apng,*/*;q=0.8',
  'user-agent' => 'Mozilla/5.0 (iPhone; CPU iPhone OS 11_0 like Mac OS X) AppleWebKit/604.1.38 (KHTML, like Gecko) Version/11.0 Mobile/15A372 Safari/604.1',
  'upgrade-insecure-requests' => '1',
  'cache-control' => 'no-cache',
  'pragma' => 'no-cache',
  'connection' => 'keep-alive',
  'host' => 'mch.new.com',
  'content-length' => '',
  'content-type' => '',
)
[ info ] [ PARAM ] array (
)
[ info ] [ SESSION ] INIT array (
  'id' => '',
  'var_session_id' => '',
  'prefix' => 'common_',
  'type' => '',
  'auto_start' => true,
  'httponly' => true,
  'secure' => false,
  'expire' => 30758400,
)
[ info ] [ DB ] INIT mysql
[ info ] [ DB ] INIT mysql
[ info ] [ VIEW ] D:\web\thinkphp5.1\mch\application/index/view\index\index.html [ array (
  0 => 'categoryList',
  1 => 'sceneList',
  2 => 'projectList',
) ]
[ info ] [ LOG ] INIT File
---------------------------------------------------------------
[ 2019-03-01T10:23:56+08:00 ] 127.0.0.1 GET /index.php/index/Goods/getList?pageSize=10&pageType=index&category_id=&page=1
[ info ] mch.new.com/index.php/index/Goods/getList?pageSize=10&pageType=index&category_id=&page=1 [运行时间：0.053003s][吞吐率：18.87req/s] [内存消耗：2,422.73kb] [文件加载：89]
[ info ] [ LANG ] D:\web\thinkphp5.1\framework/lang/zh-cn.php
[ info ] [ ROUTE ] array (
)
[ info ] [ HEADER ] array (
  'cookie' => 'PHPSESSID=apucksdpuplqqm6deaiu411co5',
  'accept-language' => 'zh-CN,zh;q=0.9',
  'accept-encoding' => 'gzip, deflate',
  'referer' => 'http://mch.new.com/',
  'user-agent' => 'Mozilla/5.0 (iPhone; CPU iPhone OS 11_0 like Mac OS X) AppleWebKit/604.1.38 (KHTML, like Gecko) Version/11.0 Mobile/15A372 Safari/604.1',
  'x-requested-with' => 'XMLHttpRequest',
  'accept' => '*/*',
  'cache-control' => 'no-cache',
  'pragma' => 'no-cache',
  'connection' => 'keep-alive',
  'host' => 'mch.new.com',
  'content-length' => '',
  'content-type' => '',
)
[ info ] [ PARAM ] array (
  'pageSize' => '10',
  'pageType' => 'index',
  'category_id' => '',
  'page' => '1',
)
[ info ] [ SESSION ] INIT array (
  'id' => '',
  'var_session_id' => '',
  'prefix' => 'common_',
  'type' => '',
  'auto_start' => true,
  'httponly' => true,
  'secure' => false,
  'expire' => 30758400,
)
[ info ] [ DB ] INIT mysql
[ info ] [ DB ] INIT mysql
[ info ] [ VIEW ] D:\web\thinkphp5.1\mch\application/index/view\goods\list_index_tpl.html [ array (
  0 => 'list',
) ]
[ info ] [ LOG ] INIT File
---------------------------------------------------------------
[ 2019-03-01T10:23:56+08:00 ] 127.0.0.1 GET /static/common/js/swiper.min.js.map
[ info ] mch.new.com/static/common/js/swiper.min.js.map [运行时间：0.022002s][吞吐率：45.45req/s] [内存消耗：998.35kb] [文件加载：56]
[ info ] [ LANG ] D:\web\thinkphp5.1\framework/lang/zh-cn.php
[ info ] [ ROUTE ] array (
)
[ info ] [ HEADER ] array (
  'cookie' => 'PHPSESSID=apucksdpuplqqm6deaiu411co5',
  'accept-language' => 'zh-CN,zh;q=0.9',
  'accept-encoding' => 'gzip, deflate',
  'cache-control' => 'no-cache',
  'user-agent' => 'Mozilla/5.0 (iPhone; CPU iPhone OS 11_0 like Mac OS X) AppleWebKit/604.1.38 (KHTML, like Gecko) Version/11.0 Mobile/15A372 Safari/604.1',
  'connection' => 'keep-alive',
  'host' => 'mch.new.com',
  'content-length' => '',
  'content-type' => '',
)
[ info ] [ PARAM ] array (
)
[ info ] [ LOG ] INIT File
---------------------------------------------------------------
[ 2019-03-01T10:23:56+08:00 ] 127.0.0.1 GET /
[ info ] mch.new.com/ [运行时间：0.046002s][吞吐率：21.74req/s] [内存消耗：2,456.80kb] [文件加载：90]
[ info ] [ LANG ] D:\web\thinkphp5.1\framework/lang/zh-cn.php
[ info ] [ ROUTE ] array (
)
[ info ] [ HEADER ] array (
  'cookie' => 'PHPSESSID=apucksdpuplqqm6deaiu411co5',
  'accept-language' => 'zh-CN,zh;q=0.9',
  'accept-encoding' => 'gzip, deflate',
  'accept' => 'text/html,application/xhtml+xml,application/xml;q=0.9,image/webp,image/apng,*/*;q=0.8',
  'user-agent' => 'Mozilla/5.0 (iPhone; CPU iPhone OS 11_0 like Mac OS X) AppleWebKit/604.1.38 (KHTML, like Gecko) Version/11.0 Mobile/15A372 Safari/604.1',
  'upgrade-insecure-requests' => '1',
  'cache-control' => 'no-cache',
  'pragma' => 'no-cache',
  'connection' => 'keep-alive',
  'host' => 'mch.new.com',
  'content-length' => '',
  'content-type' => '',
)
[ info ] [ PARAM ] array (
)
[ info ] [ SESSION ] INIT array (
  'id' => '',
  'var_session_id' => '',
  'prefix' => 'common_',
  'type' => '',
  'auto_start' => true,
  'httponly' => true,
  'secure' => false,
  'expire' => 30758400,
)
[ info ] [ DB ] INIT mysql
[ info ] [ DB ] INIT mysql
[ info ] [ VIEW ] D:\web\thinkphp5.1\mch\application/index/view\index\index.html [ array (
  0 => 'categoryList',
  1 => 'sceneList',
  2 => 'projectList',
) ]
[ info ] [ LOG ] INIT File
---------------------------------------------------------------
[ 2019-03-01T10:23:57+08:00 ] 127.0.0.1 GET /index.php/index/Goods/getList?pageSize=10&pageType=index&category_id=&page=1
[ info ] mch.new.com/index.php/index/Goods/getList?pageSize=10&pageType=index&category_id=&page=1 [运行时间：0.049003s][吞吐率：20.41req/s] [内存消耗：2,422.73kb] [文件加载：89]
[ info ] [ LANG ] D:\web\thinkphp5.1\framework/lang/zh-cn.php
[ info ] [ ROUTE ] array (
)
[ info ] [ HEADER ] array (
  'cookie' => 'PHPSESSID=apucksdpuplqqm6deaiu411co5',
  'accept-language' => 'zh-CN,zh;q=0.9',
  'accept-encoding' => 'gzip, deflate',
  'referer' => 'http://mch.new.com/',
  'user-agent' => 'Mozilla/5.0 (iPhone; CPU iPhone OS 11_0 like Mac OS X) AppleWebKit/604.1.38 (KHTML, like Gecko) Version/11.0 Mobile/15A372 Safari/604.1',
  'x-requested-with' => 'XMLHttpRequest',
  'accept' => '*/*',
  'cache-control' => 'no-cache',
  'pragma' => 'no-cache',
  'connection' => 'keep-alive',
  'host' => 'mch.new.com',
  'content-length' => '',
  'content-type' => '',
)
[ info ] [ PARAM ] array (
  'pageSize' => '10',
  'pageType' => 'index',
  'category_id' => '',
  'page' => '1',
)
[ info ] [ SESSION ] INIT array (
  'id' => '',
  'var_session_id' => '',
  'prefix' => 'common_',
  'type' => '',
  'auto_start' => true,
  'httponly' => true,
  'secure' => false,
  'expire' => 30758400,
)
[ info ] [ DB ] INIT mysql
[ info ] [ DB ] INIT mysql
[ info ] [ VIEW ] D:\web\thinkphp5.1\mch\application/index/view\goods\list_index_tpl.html [ array (
  0 => 'list',
) ]
[ info ] [ LOG ] INIT File
---------------------------------------------------------------
[ 2019-03-01T10:23:57+08:00 ] 127.0.0.1 GET /static/common/js/swiper.min.js.map
[ info ] mch.new.com/static/common/js/swiper.min.js.map [运行时间：0.017001s][吞吐率：58.82req/s] [内存消耗：998.35kb] [文件加载：56]
[ info ] [ LANG ] D:\web\thinkphp5.1\framework/lang/zh-cn.php
[ info ] [ ROUTE ] array (
)
[ info ] [ HEADER ] array (
  'cookie' => 'PHPSESSID=apucksdpuplqqm6deaiu411co5',
  'accept-language' => 'zh-CN,zh;q=0.9',
  'accept-encoding' => 'gzip, deflate',
  'cache-control' => 'no-cache',
  'user-agent' => 'Mozilla/5.0 (iPhone; CPU iPhone OS 11_0 like Mac OS X) AppleWebKit/604.1.38 (KHTML, like Gecko) Version/11.0 Mobile/15A372 Safari/604.1',
  'connection' => 'keep-alive',
  'host' => 'mch.new.com',
  'content-length' => '',
  'content-type' => '',
)
[ info ] [ PARAM ] array (
)
[ info ] [ LOG ] INIT File
---------------------------------------------------------------
[ 2019-03-01T10:23:57+08:00 ] 127.0.0.1 GET /
[ info ] mch.new.com/ [运行时间：0.044002s][吞吐率：22.73req/s] [内存消耗：2,456.80kb] [文件加载：90]
[ info ] [ LANG ] D:\web\thinkphp5.1\framework/lang/zh-cn.php
[ info ] [ ROUTE ] array (
)
[ info ] [ HEADER ] array (
  'cookie' => 'PHPSESSID=apucksdpuplqqm6deaiu411co5',
  'accept-language' => 'zh-CN,zh;q=0.9',
  'accept-encoding' => 'gzip, deflate',
  'accept' => 'text/html,application/xhtml+xml,application/xml;q=0.9,image/webp,image/apng,*/*;q=0.8',
  'user-agent' => 'Mozilla/5.0 (iPhone; CPU iPhone OS 11_0 like Mac OS X) AppleWebKit/604.1.38 (KHTML, like Gecko) Version/11.0 Mobile/15A372 Safari/604.1',
  'upgrade-insecure-requests' => '1',
  'cache-control' => 'no-cache',
  'pragma' => 'no-cache',
  'connection' => 'keep-alive',
  'host' => 'mch.new.com',
  'content-length' => '',
  'content-type' => '',
)
[ info ] [ PARAM ] array (
)
[ info ] [ SESSION ] INIT array (
  'id' => '',
  'var_session_id' => '',
  'prefix' => 'common_',
  'type' => '',
  'auto_start' => true,
  'httponly' => true,
  'secure' => false,
  'expire' => 30758400,
)
[ info ] [ DB ] INIT mysql
[ info ] [ DB ] INIT mysql
[ info ] [ VIEW ] D:\web\thinkphp5.1\mch\application/index/view\index\index.html [ array (
  0 => 'categoryList',
  1 => 'sceneList',
  2 => 'projectList',
) ]
[ info ] [ LOG ] INIT File
---------------------------------------------------------------
[ 2019-03-01T10:23:57+08:00 ] 127.0.0.1 GET /index.php/index/Goods/getList?pageSize=10&pageType=index&category_id=&page=1
[ info ] mch.new.com/index.php/index/Goods/getList?pageSize=10&pageType=index&category_id=&page=1 [运行时间：0.043003s][吞吐率：23.25req/s] [内存消耗：2,422.73kb] [文件加载：89]
[ info ] [ LANG ] D:\web\thinkphp5.1\framework/lang/zh-cn.php
[ info ] [ ROUTE ] array (
)
[ info ] [ HEADER ] array (
  'cookie' => 'PHPSESSID=apucksdpuplqqm6deaiu411co5',
  'accept-language' => 'zh-CN,zh;q=0.9',
  'accept-encoding' => 'gzip, deflate',
  'referer' => 'http://mch.new.com/',
  'user-agent' => 'Mozilla/5.0 (iPhone; CPU iPhone OS 11_0 like Mac OS X) AppleWebKit/604.1.38 (KHTML, like Gecko) Version/11.0 Mobile/15A372 Safari/604.1',
  'x-requested-with' => 'XMLHttpRequest',
  'accept' => '*/*',
  'cache-control' => 'no-cache',
  'pragma' => 'no-cache',
  'connection' => 'keep-alive',
  'host' => 'mch.new.com',
  'content-length' => '',
  'content-type' => '',
)
[ info ] [ PARAM ] array (
  'pageSize' => '10',
  'pageType' => 'index',
  'category_id' => '',
  'page' => '1',
)
[ info ] [ SESSION ] INIT array (
  'id' => '',
  'var_session_id' => '',
  'prefix' => 'common_',
  'type' => '',
  'auto_start' => true,
  'httponly' => true,
  'secure' => false,
  'expire' => 30758400,
)
[ info ] [ DB ] INIT mysql
[ info ] [ DB ] INIT mysql
[ info ] [ VIEW ] D:\web\thinkphp5.1\mch\application/index/view\goods\list_index_tpl.html [ array (
  0 => 'list',
) ]
[ info ] [ LOG ] INIT File
---------------------------------------------------------------
[ 2019-03-01T10:23:57+08:00 ] 127.0.0.1 GET /static/common/js/swiper.min.js.map
[ info ] mch.new.com/static/common/js/swiper.min.js.map [运行时间：0.016001s][吞吐率：62.50req/s] [内存消耗：998.35kb] [文件加载：56]
[ info ] [ LANG ] D:\web\thinkphp5.1\framework/lang/zh-cn.php
[ info ] [ ROUTE ] array (
)
[ info ] [ HEADER ] array (
  'cookie' => 'PHPSESSID=apucksdpuplqqm6deaiu411co5',
  'accept-language' => 'zh-CN,zh;q=0.9',
  'accept-encoding' => 'gzip, deflate',
  'cache-control' => 'no-cache',
  'user-agent' => 'Mozilla/5.0 (iPhone; CPU iPhone OS 11_0 like Mac OS X) AppleWebKit/604.1.38 (KHTML, like Gecko) Version/11.0 Mobile/15A372 Safari/604.1',
  'connection' => 'keep-alive',
  'host' => 'mch.new.com',
  'content-length' => '',
  'content-type' => '',
)
[ info ] [ PARAM ] array (
)
[ info ] [ LOG ] INIT File
---------------------------------------------------------------
[ 2019-03-01T10:23:57+08:00 ] 127.0.0.1 GET /
[ info ] mch.new.com/ [运行时间：0.072005s][吞吐率：13.89req/s] [内存消耗：2,456.80kb] [文件加载：90]
[ info ] [ LANG ] D:\web\thinkphp5.1\framework/lang/zh-cn.php
[ info ] [ ROUTE ] array (
)
[ info ] [ HEADER ] array (
  'cookie' => 'PHPSESSID=apucksdpuplqqm6deaiu411co5',
  'accept-language' => 'zh-CN,zh;q=0.9',
  'accept-encoding' => 'gzip, deflate',
  'accept' => 'text/html,application/xhtml+xml,application/xml;q=0.9,image/webp,image/apng,*/*;q=0.8',
  'user-agent' => 'Mozilla/5.0 (iPhone; CPU iPhone OS 11_0 like Mac OS X) AppleWebKit/604.1.38 (KHTML, like Gecko) Version/11.0 Mobile/15A372 Safari/604.1',
  'upgrade-insecure-requests' => '1',
  'cache-control' => 'no-cache',
  'pragma' => 'no-cache',
  'connection' => 'keep-alive',
  'host' => 'mch.new.com',
  'content-length' => '',
  'content-type' => '',
)
[ info ] [ PARAM ] array (
)
[ info ] [ SESSION ] INIT array (
  'id' => '',
  'var_session_id' => '',
  'prefix' => 'common_',
  'type' => '',
  'auto_start' => true,
  'httponly' => true,
  'secure' => false,
  'expire' => 30758400,
)
[ info ] [ DB ] INIT mysql
[ info ] [ DB ] INIT mysql
[ info ] [ VIEW ] D:\web\thinkphp5.1\mch\application/index/view\index\index.html [ array (
  0 => 'categoryList',
  1 => 'sceneList',
  2 => 'projectList',
) ]
[ info ] [ LOG ] INIT File
---------------------------------------------------------------
[ 2019-03-01T10:23:57+08:00 ] 127.0.0.1 GET /index.php/index/Goods/getList?pageSize=10&pageType=index&category_id=&page=1
[ info ] mch.new.com/index.php/index/Goods/getList?pageSize=10&pageType=index&category_id=&page=1 [运行时间：0.053004s][吞吐率：18.87req/s] [内存消耗：2,422.73kb] [文件加载：89]
[ info ] [ LANG ] D:\web\thinkphp5.1\framework/lang/zh-cn.php
[ info ] [ ROUTE ] array (
)
[ info ] [ HEADER ] array (
  'cookie' => 'PHPSESSID=apucksdpuplqqm6deaiu411co5',
  'accept-language' => 'zh-CN,zh;q=0.9',
  'accept-encoding' => 'gzip, deflate',
  'referer' => 'http://mch.new.com/',
  'user-agent' => 'Mozilla/5.0 (iPhone; CPU iPhone OS 11_0 like Mac OS X) AppleWebKit/604.1.38 (KHTML, like Gecko) Version/11.0 Mobile/15A372 Safari/604.1',
  'x-requested-with' => 'XMLHttpRequest',
  'accept' => '*/*',
  'cache-control' => 'no-cache',
  'pragma' => 'no-cache',
  'connection' => 'keep-alive',
  'host' => 'mch.new.com',
  'content-length' => '',
  'content-type' => '',
)
[ info ] [ PARAM ] array (
  'pageSize' => '10',
  'pageType' => 'index',
  'category_id' => '',
  'page' => '1',
)
[ info ] [ SESSION ] INIT array (
  'id' => '',
  'var_session_id' => '',
  'prefix' => 'common_',
  'type' => '',
  'auto_start' => true,
  'httponly' => true,
  'secure' => false,
  'expire' => 30758400,
)
[ info ] [ DB ] INIT mysql
[ info ] [ DB ] INIT mysql
[ info ] [ VIEW ] D:\web\thinkphp5.1\mch\application/index/view\goods\list_index_tpl.html [ array (
  0 => 'list',
) ]
[ info ] [ LOG ] INIT File
---------------------------------------------------------------
[ 2019-03-01T10:23:57+08:00 ] 127.0.0.1 GET /static/common/js/swiper.min.js.map
[ info ] mch.new.com/static/common/js/swiper.min.js.map [运行时间：0.018001s][吞吐率：55.55req/s] [内存消耗：998.35kb] [文件加载：56]
[ info ] [ LANG ] D:\web\thinkphp5.1\framework/lang/zh-cn.php
[ info ] [ ROUTE ] array (
)
[ info ] [ HEADER ] array (
  'cookie' => 'PHPSESSID=apucksdpuplqqm6deaiu411co5',
  'accept-language' => 'zh-CN,zh;q=0.9',
  'accept-encoding' => 'gzip, deflate',
  'cache-control' => 'no-cache',
  'user-agent' => 'Mozilla/5.0 (iPhone; CPU iPhone OS 11_0 like Mac OS X) AppleWebKit/604.1.38 (KHTML, like Gecko) Version/11.0 Mobile/15A372 Safari/604.1',
  'connection' => 'keep-alive',
  'host' => 'mch.new.com',
  'content-length' => '',
  'content-type' => '',
)
[ info ] [ PARAM ] array (
)
[ info ] [ LOG ] INIT File
---------------------------------------------------------------
[ 2019-03-01T10:23:57+08:00 ] 127.0.0.1 GET /
[ info ] mch.new.com/ [运行时间：0.045003s][吞吐率：22.22req/s] [内存消耗：2,456.80kb] [文件加载：90]
[ info ] [ LANG ] D:\web\thinkphp5.1\framework/lang/zh-cn.php
[ info ] [ ROUTE ] array (
)
[ info ] [ HEADER ] array (
  'cookie' => 'PHPSESSID=apucksdpuplqqm6deaiu411co5',
  'accept-language' => 'zh-CN,zh;q=0.9',
  'accept-encoding' => 'gzip, deflate',
  'accept' => 'text/html,application/xhtml+xml,application/xml;q=0.9,image/webp,image/apng,*/*;q=0.8',
  'user-agent' => 'Mozilla/5.0 (iPhone; CPU iPhone OS 11_0 like Mac OS X) AppleWebKit/604.1.38 (KHTML, like Gecko) Version/11.0 Mobile/15A372 Safari/604.1',
  'upgrade-insecure-requests' => '1',
  'cache-control' => 'no-cache',
  'pragma' => 'no-cache',
  'connection' => 'keep-alive',
  'host' => 'mch.new.com',
  'content-length' => '',
  'content-type' => '',
)
[ info ] [ PARAM ] array (
)
[ info ] [ SESSION ] INIT array (
  'id' => '',
  'var_session_id' => '',
  'prefix' => 'common_',
  'type' => '',
  'auto_start' => true,
  'httponly' => true,
  'secure' => false,
  'expire' => 30758400,
)
[ info ] [ DB ] INIT mysql
[ info ] [ DB ] INIT mysql
[ info ] [ VIEW ] D:\web\thinkphp5.1\mch\application/index/view\index\index.html [ array (
  0 => 'categoryList',
  1 => 'sceneList',
  2 => 'projectList',
) ]
[ info ] [ LOG ] INIT File
---------------------------------------------------------------
[ 2019-03-01T10:23:58+08:00 ] 127.0.0.1 GET /index.php/index/Goods/getList?pageSize=10&pageType=index&category_id=&page=1
[ info ] mch.new.com/index.php/index/Goods/getList?pageSize=10&pageType=index&category_id=&page=1 [运行时间：0.047003s][吞吐率：21.28req/s] [内存消耗：2,422.73kb] [文件加载：89]
[ info ] [ LANG ] D:\web\thinkphp5.1\framework/lang/zh-cn.php
[ info ] [ ROUTE ] array (
)
[ info ] [ HEADER ] array (
  'cookie' => 'PHPSESSID=apucksdpuplqqm6deaiu411co5',
  'accept-language' => 'zh-CN,zh;q=0.9',
  'accept-encoding' => 'gzip, deflate',
  'referer' => 'http://mch.new.com/',
  'user-agent' => 'Mozilla/5.0 (iPhone; CPU iPhone OS 11_0 like Mac OS X) AppleWebKit/604.1.38 (KHTML, like Gecko) Version/11.0 Mobile/15A372 Safari/604.1',
  'x-requested-with' => 'XMLHttpRequest',
  'accept' => '*/*',
  'cache-control' => 'no-cache',
  'pragma' => 'no-cache',
  'connection' => 'keep-alive',
  'host' => 'mch.new.com',
  'content-length' => '',
  'content-type' => '',
)
[ info ] [ PARAM ] array (
  'pageSize' => '10',
  'pageType' => 'index',
  'category_id' => '',
  'page' => '1',
)
[ info ] [ SESSION ] INIT array (
  'id' => '',
  'var_session_id' => '',
  'prefix' => 'common_',
  'type' => '',
  'auto_start' => true,
  'httponly' => true,
  'secure' => false,
  'expire' => 30758400,
)
[ info ] [ DB ] INIT mysql
[ info ] [ DB ] INIT mysql
[ info ] [ VIEW ] D:\web\thinkphp5.1\mch\application/index/view\goods\list_index_tpl.html [ array (
  0 => 'list',
) ]
[ info ] [ LOG ] INIT File
---------------------------------------------------------------
[ 2019-03-01T10:23:58+08:00 ] 127.0.0.1 GET /static/common/js/swiper.min.js.map
[ info ] mch.new.com/static/common/js/swiper.min.js.map [运行时间：0.018001s][吞吐率：55.55req/s] [内存消耗：998.35kb] [文件加载：56]
[ info ] [ LANG ] D:\web\thinkphp5.1\framework/lang/zh-cn.php
[ info ] [ ROUTE ] array (
)
[ info ] [ HEADER ] array (
  'cookie' => 'PHPSESSID=apucksdpuplqqm6deaiu411co5',
  'accept-language' => 'zh-CN,zh;q=0.9',
  'accept-encoding' => 'gzip, deflate',
  'cache-control' => 'no-cache',
  'user-agent' => 'Mozilla/5.0 (iPhone; CPU iPhone OS 11_0 like Mac OS X) AppleWebKit/604.1.38 (KHTML, like Gecko) Version/11.0 Mobile/15A372 Safari/604.1',
  'connection' => 'keep-alive',
  'host' => 'mch.new.com',
  'content-length' => '',
  'content-type' => '',
)
[ info ] [ PARAM ] array (
)
[ info ] [ LOG ] INIT File
---------------------------------------------------------------
[ 2019-03-01T10:23:59+08:00 ] 127.0.0.1 GET /
[ info ] mch.new.com/ [运行时间：0.072004s][吞吐率：13.89req/s] [内存消耗：2,456.80kb] [文件加载：90]
[ info ] [ LANG ] D:\web\thinkphp5.1\framework/lang/zh-cn.php
[ info ] [ ROUTE ] array (
)
[ info ] [ HEADER ] array (
  'cookie' => 'PHPSESSID=apucksdpuplqqm6deaiu411co5',
  'accept-language' => 'zh-CN,zh;q=0.9',
  'accept-encoding' => 'gzip, deflate',
  'accept' => 'text/html,application/xhtml+xml,application/xml;q=0.9,image/webp,image/apng,*/*;q=0.8',
  'user-agent' => 'Mozilla/5.0 (iPhone; CPU iPhone OS 11_0 like Mac OS X) AppleWebKit/604.1.38 (KHTML, like Gecko) Version/11.0 Mobile/15A372 Safari/604.1',
  'upgrade-insecure-requests' => '1',
  'cache-control' => 'no-cache',
  'pragma' => 'no-cache',
  'connection' => 'keep-alive',
  'host' => 'mch.new.com',
  'content-length' => '',
  'content-type' => '',
)
[ info ] [ PARAM ] array (
)
[ info ] [ SESSION ] INIT array (
  'id' => '',
  'var_session_id' => '',
  'prefix' => 'common_',
  'type' => '',
  'auto_start' => true,
  'httponly' => true,
  'secure' => false,
  'expire' => 30758400,
)
[ info ] [ DB ] INIT mysql
[ info ] [ DB ] INIT mysql
[ info ] [ VIEW ] D:\web\thinkphp5.1\mch\application/index/view\index\index.html [ array (
  0 => 'categoryList',
  1 => 'sceneList',
  2 => 'projectList',
) ]
[ info ] [ LOG ] INIT File
---------------------------------------------------------------
[ 2019-03-01T10:24:00+08:00 ] 127.0.0.1 GET /index.php/index/Goods/getList?pageSize=10&pageType=index&category_id=&page=1
[ info ] mch.new.com/index.php/index/Goods/getList?pageSize=10&pageType=index&category_id=&page=1 [运行时间：0.044003s][吞吐率：22.73req/s] [内存消耗：2,422.73kb] [文件加载：89]
[ info ] [ LANG ] D:\web\thinkphp5.1\framework/lang/zh-cn.php
[ info ] [ ROUTE ] array (
)
[ info ] [ HEADER ] array (
  'cookie' => 'PHPSESSID=apucksdpuplqqm6deaiu411co5',
  'accept-language' => 'zh-CN,zh;q=0.9',
  'accept-encoding' => 'gzip, deflate',
  'referer' => 'http://mch.new.com/',
  'user-agent' => 'Mozilla/5.0 (iPhone; CPU iPhone OS 11_0 like Mac OS X) AppleWebKit/604.1.38 (KHTML, like Gecko) Version/11.0 Mobile/15A372 Safari/604.1',
  'x-requested-with' => 'XMLHttpRequest',
  'accept' => '*/*',
  'cache-control' => 'no-cache',
  'pragma' => 'no-cache',
  'connection' => 'keep-alive',
  'host' => 'mch.new.com',
  'content-length' => '',
  'content-type' => '',
)
[ info ] [ PARAM ] array (
  'pageSize' => '10',
  'pageType' => 'index',
  'category_id' => '',
  'page' => '1',
)
[ info ] [ SESSION ] INIT array (
  'id' => '',
  'var_session_id' => '',
  'prefix' => 'common_',
  'type' => '',
  'auto_start' => true,
  'httponly' => true,
  'secure' => false,
  'expire' => 30758400,
)
[ info ] [ DB ] INIT mysql
[ info ] [ DB ] INIT mysql
[ info ] [ VIEW ] D:\web\thinkphp5.1\mch\application/index/view\goods\list_index_tpl.html [ array (
  0 => 'list',
) ]
[ info ] [ LOG ] INIT File
---------------------------------------------------------------
[ 2019-03-01T10:24:00+08:00 ] 127.0.0.1 GET /static/common/js/swiper.min.js.map
[ info ] mch.new.com/static/common/js/swiper.min.js.map [运行时间：0.016001s][吞吐率：62.50req/s] [内存消耗：998.35kb] [文件加载：56]
[ info ] [ LANG ] D:\web\thinkphp5.1\framework/lang/zh-cn.php
[ info ] [ ROUTE ] array (
)
[ info ] [ HEADER ] array (
  'cookie' => 'PHPSESSID=apucksdpuplqqm6deaiu411co5',
  'accept-language' => 'zh-CN,zh;q=0.9',
  'accept-encoding' => 'gzip, deflate',
  'cache-control' => 'no-cache',
  'user-agent' => 'Mozilla/5.0 (iPhone; CPU iPhone OS 11_0 like Mac OS X) AppleWebKit/604.1.38 (KHTML, like Gecko) Version/11.0 Mobile/15A372 Safari/604.1',
  'connection' => 'keep-alive',
  'host' => 'mch.new.com',
  'content-length' => '',
  'content-type' => '',
)
[ info ] [ PARAM ] array (
)
[ info ] [ LOG ] INIT File
---------------------------------------------------------------
[ 2019-03-01T10:24:00+08:00 ] 127.0.0.1 GET /
[ info ] mch.new.com/ [运行时间：0.053003s][吞吐率：18.87req/s] [内存消耗：2,456.80kb] [文件加载：90]
[ info ] [ LANG ] D:\web\thinkphp5.1\framework/lang/zh-cn.php
[ info ] [ ROUTE ] array (
)
[ info ] [ HEADER ] array (
  'cookie' => 'PHPSESSID=apucksdpuplqqm6deaiu411co5',
  'accept-language' => 'zh-CN,zh;q=0.9',
  'accept-encoding' => 'gzip, deflate',
  'accept' => 'text/html,application/xhtml+xml,application/xml;q=0.9,image/webp,image/apng,*/*;q=0.8',
  'user-agent' => 'Mozilla/5.0 (iPhone; CPU iPhone OS 11_0 like Mac OS X) AppleWebKit/604.1.38 (KHTML, like Gecko) Version/11.0 Mobile/15A372 Safari/604.1',
  'upgrade-insecure-requests' => '1',
  'cache-control' => 'no-cache',
  'pragma' => 'no-cache',
  'connection' => 'keep-alive',
  'host' => 'mch.new.com',
  'content-length' => '',
  'content-type' => '',
)
[ info ] [ PARAM ] array (
)
[ info ] [ SESSION ] INIT array (
  'id' => '',
  'var_session_id' => '',
  'prefix' => 'common_',
  'type' => '',
  'auto_start' => true,
  'httponly' => true,
  'secure' => false,
  'expire' => 30758400,
)
[ info ] [ DB ] INIT mysql
[ info ] [ DB ] INIT mysql
[ info ] [ VIEW ] D:\web\thinkphp5.1\mch\application/index/view\index\index.html [ array (
  0 => 'categoryList',
  1 => 'sceneList',
  2 => 'projectList',
) ]
[ info ] [ LOG ] INIT File
---------------------------------------------------------------
[ 2019-03-01T10:24:00+08:00 ] 127.0.0.1 GET /index.php/index/Goods/getList?pageSize=10&pageType=index&category_id=&page=1
[ info ] mch.new.com/index.php/index/Goods/getList?pageSize=10&pageType=index&category_id=&page=1 [运行时间：0.067003s][吞吐率：14.92req/s] [内存消耗：2,422.73kb] [文件加载：89]
[ info ] [ LANG ] D:\web\thinkphp5.1\framework/lang/zh-cn.php
[ info ] [ ROUTE ] array (
)
[ info ] [ HEADER ] array (
  'cookie' => 'PHPSESSID=apucksdpuplqqm6deaiu411co5',
  'accept-language' => 'zh-CN,zh;q=0.9',
  'accept-encoding' => 'gzip, deflate',
  'referer' => 'http://mch.new.com/',
  'user-agent' => 'Mozilla/5.0 (iPhone; CPU iPhone OS 11_0 like Mac OS X) AppleWebKit/604.1.38 (KHTML, like Gecko) Version/11.0 Mobile/15A372 Safari/604.1',
  'x-requested-with' => 'XMLHttpRequest',
  'accept' => '*/*',
  'cache-control' => 'no-cache',
  'pragma' => 'no-cache',
  'connection' => 'keep-alive',
  'host' => 'mch.new.com',
  'content-length' => '',
  'content-type' => '',
)
[ info ] [ PARAM ] array (
  'pageSize' => '10',
  'pageType' => 'index',
  'category_id' => '',
  'page' => '1',
)
[ info ] [ SESSION ] INIT array (
  'id' => '',
  'var_session_id' => '',
  'prefix' => 'common_',
  'type' => '',
  'auto_start' => true,
  'httponly' => true,
  'secure' => false,
  'expire' => 30758400,
)
[ info ] [ DB ] INIT mysql
[ info ] [ DB ] INIT mysql
[ info ] [ VIEW ] D:\web\thinkphp5.1\mch\application/index/view\goods\list_index_tpl.html [ array (
  0 => 'list',
) ]
[ info ] [ LOG ] INIT File
---------------------------------------------------------------
[ 2019-03-01T10:24:00+08:00 ] 127.0.0.1 GET /static/common/js/swiper.min.js.map
[ info ] mch.new.com/static/common/js/swiper.min.js.map [运行时间：0.019001s][吞吐率：52.63req/s] [内存消耗：998.35kb] [文件加载：56]
[ info ] [ LANG ] D:\web\thinkphp5.1\framework/lang/zh-cn.php
[ info ] [ ROUTE ] array (
)
[ info ] [ HEADER ] array (
  'cookie' => 'PHPSESSID=apucksdpuplqqm6deaiu411co5',
  'accept-language' => 'zh-CN,zh;q=0.9',
  'accept-encoding' => 'gzip, deflate',
  'cache-control' => 'no-cache',
  'user-agent' => 'Mozilla/5.0 (iPhone; CPU iPhone OS 11_0 like Mac OS X) AppleWebKit/604.1.38 (KHTML, like Gecko) Version/11.0 Mobile/15A372 Safari/604.1',
  'connection' => 'keep-alive',
  'host' => 'mch.new.com',
  'content-length' => '',
  'content-type' => '',
)
[ info ] [ PARAM ] array (
)
[ info ] [ LOG ] INIT File
---------------------------------------------------------------
[ 2019-03-01T13:41:03+08:00 ] 127.0.0.1 GET /
[ info ] mch.new.com/ [运行时间：0.431025s][吞吐率：2.32req/s] [内存消耗：2,456.80kb] [文件加载：90]
[ info ] [ LANG ] D:\web\thinkphp5.1\framework/lang/zh-cn.php
[ info ] [ ROUTE ] array (
)
[ info ] [ HEADER ] array (
  'cookie' => 'PHPSESSID=apucksdpuplqqm6deaiu411co5',
  'accept-language' => 'zh-CN,zh;q=0.9',
  'accept-encoding' => 'gzip, deflate',
  'accept' => 'text/html,application/xhtml+xml,application/xml;q=0.9,image/webp,image/apng,*/*;q=0.8',
  'user-agent' => 'Mozilla/5.0 (iPhone; CPU iPhone OS 11_0 like Mac OS X) AppleWebKit/604.1.38 (KHTML, like Gecko) Version/11.0 Mobile/15A372 Safari/604.1',
  'upgrade-insecure-requests' => '1',
  'cache-control' => 'no-cache',
  'pragma' => 'no-cache',
  'connection' => 'keep-alive',
  'host' => 'mch.new.com',
  'content-length' => '',
  'content-type' => '',
)
[ info ] [ PARAM ] array (
)
[ info ] [ SESSION ] INIT array (
  'id' => '',
  'var_session_id' => '',
  'prefix' => 'common_',
  'type' => '',
  'auto_start' => true,
  'httponly' => true,
  'secure' => false,
  'expire' => 30758400,
)
[ info ] [ DB ] INIT mysql
[ info ] [ DB ] INIT mysql
[ info ] [ VIEW ] D:\web\thinkphp5.1\mch\application/index/view\index\index.html [ array (
  0 => 'categoryList',
  1 => 'sceneList',
  2 => 'projectList',
) ]
[ info ] [ LOG ] INIT File
---------------------------------------------------------------
[ 2019-03-01T13:41:03+08:00 ] 127.0.0.1 GET /
[ info ] mch.new.com/ [运行时间：0.098006s][吞吐率：10.20req/s] [内存消耗：2,456.83kb] [文件加载：90]
[ info ] [ LANG ] D:\web\thinkphp5.1\framework/lang/zh-cn.php
[ info ] [ ROUTE ] array (
)
[ info ] [ HEADER ] array (
  'cookie' => 'PHPSESSID=apucksdpuplqqm6deaiu411co5',
  'accept-language' => 'zh-CN,zh;q=0.9',
  'accept-encoding' => 'gzip, deflate',
  'accept' => 'text/html,application/xhtml+xml,application/xml;q=0.9,image/webp,image/apng,*/*;q=0.8',
  'user-agent' => 'Mozilla/5.0 (iPhone; CPU iPhone OS 11_0 like Mac OS X) AppleWebKit/604.1.38 (KHTML, like Gecko) Version/11.0 Mobile/15A372 Safari/604.1',
  'upgrade-insecure-requests' => '1',
  'cache-control' => 'no-cache',
  'pragma' => 'no-cache',
  'connection' => 'keep-alive',
  'host' => 'mch.new.com',
  'content-length' => '',
  'content-type' => '',
)
[ info ] [ PARAM ] array (
)
[ info ] [ SESSION ] INIT array (
  'id' => '',
  'var_session_id' => '',
  'prefix' => 'common_',
  'type' => '',
  'auto_start' => true,
  'httponly' => true,
  'secure' => false,
  'expire' => 30758400,
)
[ info ] [ DB ] INIT mysql
[ info ] [ DB ] INIT mysql
[ info ] [ VIEW ] D:\web\thinkphp5.1\mch\application/index/view\index\index.html [ array (
  0 => 'categoryList',
  1 => 'sceneList',
  2 => 'projectList',
) ]
[ info ] [ LOG ] INIT File
---------------------------------------------------------------
[ 2019-03-01T13:41:04+08:00 ] 127.0.0.1 GET /index.php/index/Goods/getList?pageSize=10&pageType=index&category_id=&page=1
[ info ] mch.new.com/index.php/index/Goods/getList?pageSize=10&pageType=index&category_id=&page=1 [运行时间：0.098006s][吞吐率：10.20req/s] [内存消耗：2,422.73kb] [文件加载：89]
[ info ] [ LANG ] D:\web\thinkphp5.1\framework/lang/zh-cn.php
[ info ] [ ROUTE ] array (
)
[ info ] [ HEADER ] array (
  'cookie' => 'PHPSESSID=apucksdpuplqqm6deaiu411co5',
  'accept-language' => 'zh-CN,zh;q=0.9',
  'accept-encoding' => 'gzip, deflate',
  'referer' => 'http://mch.new.com/',
  'user-agent' => 'Mozilla/5.0 (iPhone; CPU iPhone OS 11_0 like Mac OS X) AppleWebKit/604.1.38 (KHTML, like Gecko) Version/11.0 Mobile/15A372 Safari/604.1',
  'x-requested-with' => 'XMLHttpRequest',
  'accept' => '*/*',
  'cache-control' => 'no-cache',
  'pragma' => 'no-cache',
  'connection' => 'keep-alive',
  'host' => 'mch.new.com',
  'content-length' => '',
  'content-type' => '',
)
[ info ] [ PARAM ] array (
  'pageSize' => '10',
  'pageType' => 'index',
  'category_id' => '',
  'page' => '1',
)
[ info ] [ SESSION ] INIT array (
  'id' => '',
  'var_session_id' => '',
  'prefix' => 'common_',
  'type' => '',
  'auto_start' => true,
  'httponly' => true,
  'secure' => false,
  'expire' => 30758400,
)
[ info ] [ DB ] INIT mysql
[ info ] [ DB ] INIT mysql
[ info ] [ VIEW ] D:\web\thinkphp5.1\mch\application/index/view\goods\list_index_tpl.html [ array (
  0 => 'list',
) ]
[ info ] [ LOG ] INIT File
---------------------------------------------------------------
[ 2019-03-01T13:41:04+08:00 ] 127.0.0.1 GET /static/common/js/swiper.min.js.map
[ info ] mch.new.com/static/common/js/swiper.min.js.map [运行时间：0.049003s][吞吐率：20.41req/s] [内存消耗：998.35kb] [文件加载：56]
[ info ] [ LANG ] D:\web\thinkphp5.1\framework/lang/zh-cn.php
[ info ] [ ROUTE ] array (
)
[ info ] [ HEADER ] array (
  'cookie' => 'PHPSESSID=apucksdpuplqqm6deaiu411co5',
  'accept-language' => 'zh-CN,zh;q=0.9',
  'accept-encoding' => 'gzip, deflate',
  'cache-control' => 'no-cache',
  'user-agent' => 'Mozilla/5.0 (iPhone; CPU iPhone OS 11_0 like Mac OS X) AppleWebKit/604.1.38 (KHTML, like Gecko) Version/11.0 Mobile/15A372 Safari/604.1',
  'connection' => 'keep-alive',
  'host' => 'mch.new.com',
  'content-length' => '',
  'content-type' => '',
)
[ info ] [ PARAM ] array (
)
[ info ] [ LOG ] INIT File
---------------------------------------------------------------
[ 2019-03-01T17:12:34+08:00 ] 127.0.0.1 GET /
[ info ] mch.new.com/ [运行时间：0.202012s][吞吐率：4.95req/s] [内存消耗：2,456.80kb] [文件加载：90]
[ info ] [ LANG ] D:\web\thinkphp5.1\framework/lang/zh-cn.php
[ info ] [ ROUTE ] array (
)
[ info ] [ HEADER ] array (
  'cookie' => 'PHPSESSID=apucksdpuplqqm6deaiu411co5',
  'accept-language' => 'zh-CN,zh;q=0.9',
  'accept-encoding' => 'gzip, deflate',
  'accept' => 'text/html,application/xhtml+xml,application/xml;q=0.9,image/webp,image/apng,*/*;q=0.8',
  'user-agent' => 'Mozilla/5.0 (iPhone; CPU iPhone OS 11_0 like Mac OS X) AppleWebKit/604.1.38 (KHTML, like Gecko) Version/11.0 Mobile/15A372 Safari/604.1',
  'upgrade-insecure-requests' => '1',
  'cache-control' => 'no-cache',
  'pragma' => 'no-cache',
  'connection' => 'keep-alive',
  'host' => 'mch.new.com',
  'content-length' => '',
  'content-type' => '',
)
[ info ] [ PARAM ] array (
)
[ info ] [ SESSION ] INIT array (
  'id' => '',
  'var_session_id' => '',
  'prefix' => 'common_',
  'type' => '',
  'auto_start' => true,
  'httponly' => true,
  'secure' => false,
  'expire' => 30758400,
)
[ info ] [ DB ] INIT mysql
[ info ] [ DB ] INIT mysql
[ info ] [ VIEW ] D:\web\thinkphp5.1\mch\application/index/view\index\index.html [ array (
  0 => 'categoryList',
  1 => 'sceneList',
  2 => 'projectList',
) ]
[ info ] [ LOG ] INIT File
---------------------------------------------------------------
[ 2019-03-01T17:12:34+08:00 ] 127.0.0.1 GET /static/common/js/swiper.min.js.map
[ info ] mch.new.com/static/common/js/swiper.min.js.map [运行时间：0.017001s][吞吐率：58.82req/s] [内存消耗：998.35kb] [文件加载：56]
[ info ] [ LANG ] D:\web\thinkphp5.1\framework/lang/zh-cn.php
[ info ] [ ROUTE ] array (
)
[ info ] [ HEADER ] array (
  'cookie' => 'PHPSESSID=apucksdpuplqqm6deaiu411co5',
  'accept-language' => 'zh-CN,zh;q=0.9',
  'accept-encoding' => 'gzip, deflate',
  'cache-control' => 'no-cache',
  'user-agent' => 'Mozilla/5.0 (iPhone; CPU iPhone OS 11_0 like Mac OS X) AppleWebKit/604.1.38 (KHTML, like Gecko) Version/11.0 Mobile/15A372 Safari/604.1',
  'connection' => 'keep-alive',
  'host' => 'mch.new.com',
  'content-length' => '',
  'content-type' => '',
)
[ info ] [ PARAM ] array (
)
[ info ] [ LOG ] INIT File
---------------------------------------------------------------
[ 2019-03-01T17:12:35+08:00 ] 127.0.0.1 GET /index.php/index/Goods/getList?pageSize=10&pageType=index&category_id=&page=1
[ info ] mch.new.com/index.php/index/Goods/getList?pageSize=10&pageType=index&category_id=&page=1 [运行时间：0.171009s][吞吐率：5.85req/s] [内存消耗：2,422.73kb] [文件加载：89]
[ info ] [ LANG ] D:\web\thinkphp5.1\framework/lang/zh-cn.php
[ info ] [ ROUTE ] array (
)
[ info ] [ HEADER ] array (
  'cookie' => 'PHPSESSID=apucksdpuplqqm6deaiu411co5',
  'accept-language' => 'zh-CN,zh;q=0.9',
  'accept-encoding' => 'gzip, deflate',
  'referer' => 'http://mch.new.com/',
  'user-agent' => 'Mozilla/5.0 (iPhone; CPU iPhone OS 11_0 like Mac OS X) AppleWebKit/604.1.38 (KHTML, like Gecko) Version/11.0 Mobile/15A372 Safari/604.1',
  'x-requested-with' => 'XMLHttpRequest',
  'accept' => '*/*',
  'cache-control' => 'no-cache',
  'pragma' => 'no-cache',
  'connection' => 'keep-alive',
  'host' => 'mch.new.com',
  'content-length' => '',
  'content-type' => '',
)
[ info ] [ PARAM ] array (
  'pageSize' => '10',
  'pageType' => 'index',
  'category_id' => '',
  'page' => '1',
)
[ info ] [ SESSION ] INIT array (
  'id' => '',
  'var_session_id' => '',
  'prefix' => 'common_',
  'type' => '',
  'auto_start' => true,
  'httponly' => true,
  'secure' => false,
  'expire' => 30758400,
)
[ info ] [ DB ] INIT mysql
[ info ] [ DB ] INIT mysql
[ info ] [ VIEW ] D:\web\thinkphp5.1\mch\application/index/view\goods\list_index_tpl.html [ array (
  0 => 'list',
) ]
[ info ] [ LOG ] INIT File
---------------------------------------------------------------
[ 2019-03-01T17:12:36+08:00 ] 127.0.0.1 GET /
[ info ] mch.new.com/ [运行时间：0.060004s][吞吐率：16.67req/s] [内存消耗：2,456.80kb] [文件加载：90]
[ info ] [ LANG ] D:\web\thinkphp5.1\framework/lang/zh-cn.php
[ info ] [ ROUTE ] array (
)
[ info ] [ HEADER ] array (
  'cookie' => 'PHPSESSID=apucksdpuplqqm6deaiu411co5',
  'accept-language' => 'zh-CN,zh;q=0.9',
  'accept-encoding' => 'gzip, deflate',
  'accept' => 'text/html,application/xhtml+xml,application/xml;q=0.9,image/webp,image/apng,*/*;q=0.8',
  'user-agent' => 'Mozilla/5.0 (iPhone; CPU iPhone OS 11_0 like Mac OS X) AppleWebKit/604.1.38 (KHTML, like Gecko) Version/11.0 Mobile/15A372 Safari/604.1',
  'upgrade-insecure-requests' => '1',
  'cache-control' => 'no-cache',
  'pragma' => 'no-cache',
  'connection' => 'keep-alive',
  'host' => 'mch.new.com',
  'content-length' => '',
  'content-type' => '',
)
[ info ] [ PARAM ] array (
)
[ info ] [ SESSION ] INIT array (
  'id' => '',
  'var_session_id' => '',
  'prefix' => 'common_',
  'type' => '',
  'auto_start' => true,
  'httponly' => true,
  'secure' => false,
  'expire' => 30758400,
)
[ info ] [ DB ] INIT mysql
[ info ] [ DB ] INIT mysql
[ info ] [ VIEW ] D:\web\thinkphp5.1\mch\application/index/view\index\index.html [ array (
  0 => 'categoryList',
  1 => 'sceneList',
  2 => 'projectList',
) ]
[ info ] [ LOG ] INIT File
---------------------------------------------------------------
[ 2019-03-01T17:12:37+08:00 ] 127.0.0.1 GET /index.php/index/Goods/getList?pageSize=10&pageType=index&category_id=&page=1
[ info ] mch.new.com/index.php/index/Goods/getList?pageSize=10&pageType=index&category_id=&page=1 [运行时间：0.052003s][吞吐率：19.23req/s] [内存消耗：2,422.73kb] [文件加载：89]
[ info ] [ LANG ] D:\web\thinkphp5.1\framework/lang/zh-cn.php
[ info ] [ ROUTE ] array (
)
[ info ] [ HEADER ] array (
  'cookie' => 'PHPSESSID=apucksdpuplqqm6deaiu411co5',
  'accept-language' => 'zh-CN,zh;q=0.9',
  'accept-encoding' => 'gzip, deflate',
  'referer' => 'http://mch.new.com/',
  'user-agent' => 'Mozilla/5.0 (iPhone; CPU iPhone OS 11_0 like Mac OS X) AppleWebKit/604.1.38 (KHTML, like Gecko) Version/11.0 Mobile/15A372 Safari/604.1',
  'x-requested-with' => 'XMLHttpRequest',
  'accept' => '*/*',
  'cache-control' => 'no-cache',
  'pragma' => 'no-cache',
  'connection' => 'keep-alive',
  'host' => 'mch.new.com',
  'content-length' => '',
  'content-type' => '',
)
[ info ] [ PARAM ] array (
  'pageSize' => '10',
  'pageType' => 'index',
  'category_id' => '',
  'page' => '1',
)
[ info ] [ SESSION ] INIT array (
  'id' => '',
  'var_session_id' => '',
  'prefix' => 'common_',
  'type' => '',
  'auto_start' => true,
  'httponly' => true,
  'secure' => false,
  'expire' => 30758400,
)
[ info ] [ DB ] INIT mysql
[ info ] [ DB ] INIT mysql
[ info ] [ VIEW ] D:\web\thinkphp5.1\mch\application/index/view\goods\list_index_tpl.html [ array (
  0 => 'list',
) ]
[ info ] [ LOG ] INIT File
---------------------------------------------------------------
[ 2019-03-01T17:12:37+08:00 ] 127.0.0.1 GET /static/common/js/swiper.min.js.map
[ info ] mch.new.com/static/common/js/swiper.min.js.map [运行时间：0.024002s][吞吐率：41.66req/s] [内存消耗：998.35kb] [文件加载：56]
[ info ] [ LANG ] D:\web\thinkphp5.1\framework/lang/zh-cn.php
[ info ] [ ROUTE ] array (
)
[ info ] [ HEADER ] array (
  'cookie' => 'PHPSESSID=apucksdpuplqqm6deaiu411co5',
  'accept-language' => 'zh-CN,zh;q=0.9',
  'accept-encoding' => 'gzip, deflate',
  'cache-control' => 'no-cache',
  'user-agent' => 'Mozilla/5.0 (iPhone; CPU iPhone OS 11_0 like Mac OS X) AppleWebKit/604.1.38 (KHTML, like Gecko) Version/11.0 Mobile/15A372 Safari/604.1',
  'connection' => 'keep-alive',
  'host' => 'mch.new.com',
  'content-length' => '',
  'content-type' => '',
)
[ info ] [ PARAM ] array (
)
[ info ] [ LOG ] INIT File
---------------------------------------------------------------
[ 2019-03-01T17:14:24+08:00 ] 127.0.0.1 GET /index/Mine/index.html
[ info ] mch.new.com/index/Mine/index.html [运行时间：0.062003s][吞吐率：16.13req/s] [内存消耗：1,327.82kb] [文件加载：72]
[ info ] [ LANG ] D:\web\thinkphp5.1\framework/lang/zh-cn.php
[ info ] [ ROUTE ] array (
)
[ info ] [ HEADER ] array (
  'cookie' => 'PHPSESSID=apucksdpuplqqm6deaiu411co5',
  'accept-language' => 'zh-CN,zh;q=0.9',
  'accept-encoding' => 'gzip, deflate',
  'referer' => 'http://mch.new.com/',
  'accept' => 'text/html,application/xhtml+xml,application/xml;q=0.9,image/webp,image/apng,*/*;q=0.8',
  'user-agent' => 'Mozilla/5.0 (iPhone; CPU iPhone OS 11_0 like Mac OS X) AppleWebKit/604.1.38 (KHTML, like Gecko) Version/11.0 Mobile/15A372 Safari/604.1',
  'upgrade-insecure-requests' => '1',
  'cache-control' => 'no-cache',
  'pragma' => 'no-cache',
  'connection' => 'keep-alive',
  'host' => 'mch.new.com',
  'content-length' => '',
  'content-type' => '',
)
[ info ] [ PARAM ] array (
)
[ info ] [ SESSION ] INIT array (
  'id' => '',
  'var_session_id' => '',
  'prefix' => 'common_',
  'type' => '',
  'auto_start' => true,
  'httponly' => true,
  'secure' => false,
  'expire' => 30758400,
)
[ info ] [ VIEW ] D:\web\thinkphp5.1\mch\application/index/view\mine\index.html [ array (
  0 => 'user',
) ]
[ info ] [ LOG ] INIT File
