---------------------------------------------------------------
[ 2019-04-17T14:47:45+08:00 ] 120.79.201.125 GET /index/Order/refundOrder?system_id=3&order_sn=20190412170757362998811738229639
[ info ] msy.meishangyun.com/index/Order/refundOrder?system_id=3&order_sn=20190412170757362998811738229639 [运行时间：0.023902s][吞吐率：41.84req/s] [内存消耗：3,184.73kb] [文件加载：69]
[ info ] [ LANG ] /home/www/web/thinkphp5.1/framework/lang/zh-cn.php
[ info ] [ ROUTE ] array (
)
[ info ] [ HEADER ] array (
  'user-agent' => 'PHP-Curl-Class/8.5.0 (+https://github.com/php-curl-class/php-curl-class) PHP/5.6.23 curl/7.29.0',
  'host' => 'msy.meishangyun.com',
  'accept' => '*/*',
  'content-type' => '',
  'content-length' => '',
)
[ info ] [ PARAM ] array (
  'system_id' => '3',
  'order_sn' => '20190412170757362998811738229639',
)
[ info ] [ DB ] INIT mysql
[ info ] [ DB ] INIT mysql
[ info ] [ LOG ] INIT File
[ error ] array (
  0 => '微信申请退款失败: fafafafafa',
)
---------------------------------------------------------------
[ 2019-04-17T14:49:36+08:00 ] 120.79.201.125 GET /index/Order/refundOrder?system_id=3&order_sn=20190412170757362998811738229639
[ info ] msy.meishangyun.com/index/Order/refundOrder?system_id=3&order_sn=20190412170757362998811738229639 [运行时间：0.173523s][吞吐率：5.76req/s] [内存消耗：3,548.11kb] [文件加载：75]
[ info ] [ LANG ] /home/www/web/thinkphp5.1/framework/lang/zh-cn.php
[ info ] [ ROUTE ] array (
)
[ info ] [ HEADER ] array (
  'user-agent' => 'PHP-Curl-Class/8.5.0 (+https://github.com/php-curl-class/php-curl-class) PHP/5.6.23 curl/7.29.0',
  'host' => 'msy.meishangyun.com',
  'accept' => '*/*',
  'content-type' => '',
  'content-length' => '',
)
[ info ] [ PARAM ] array (
  'system_id' => '3',
  'order_sn' => '20190412170757362998811738229639',
)
[ info ] [ DB ] INIT mysql
[ info ] [ DB ] INIT mysql
[ info ] [ SESSION ] INIT array (
  'id' => '',
  'var_session_id' => '',
  'prefix' => 'common_',
  'type' => '',
  'auto_start' => true,
  'httponly' => true,
  'secure' => false,
  'expire' => 43200,
)
[ info ] [ LOG ] INIT File
[ error ] [2]file_get_contents(access_token.php): failed to open stream: No such file or directory[/home/www/web/thinkphp5.1/common/component/payment/weixin/Jssdk.php:149]
[ error ] [8]Trying to get property of non-object[/home/www/web/thinkphp5.1/common/component/payment/weixin/Jssdk.php:15]
[ error ] [8]curl_setopt(): CURLOPT_SSL_VERIFYHOST no longer accepts the value 1, value 2 will be used instead[/home/www/web/thinkphp5.1/common/component/payment/weixin/Jssdk.php:134]
[ error ] [8]Undefined property: stdClass::$access_token[/home/www/web/thinkphp5.1/common/component/payment/weixin/Jssdk.php:20]
[ error ] array (
  0 => '微信申请退款成功: ',
  1 => 'http://msy.meishangyun.com/index/Order/refundOrder?system_id=3&order_sn=20190412170757362998811738229639',
)
---------------------------------------------------------------
[ 2019-04-17T14:55:49+08:00 ] 120.79.201.125 GET /index/Order/refundOrder?system_id=3&order_sn=20190412170757362998811738229639
[ info ] msy.meishangyun.com/index/Order/refundOrder?system_id=3&order_sn=20190412170757362998811738229639 [运行时间：0.213294s][吞吐率：4.69req/s] [内存消耗：3,546.82kb] [文件加载：75]
[ info ] [ LANG ] /home/www/web/thinkphp5.1/framework/lang/zh-cn.php
[ info ] [ ROUTE ] array (
)
[ info ] [ HEADER ] array (
  'user-agent' => 'PHP-Curl-Class/8.5.0 (+https://github.com/php-curl-class/php-curl-class) PHP/5.6.23 curl/7.29.0',
  'host' => 'msy.meishangyun.com',
  'accept' => '*/*',
  'content-type' => '',
  'content-length' => '',
)
[ info ] [ PARAM ] array (
  'system_id' => '3',
  'order_sn' => '20190412170757362998811738229639',
)
[ info ] [ DB ] INIT mysql
[ info ] [ DB ] INIT mysql
[ info ] [ SESSION ] INIT array (
  'id' => '',
  'var_session_id' => '',
  'prefix' => 'common_',
  'type' => '',
  'auto_start' => true,
  'httponly' => true,
  'secure' => false,
  'expire' => 43200,
)
[ info ] [ LOG ] INIT File
[ error ] [2]file_get_contents(access_token.php): failed to open stream: No such file or directory[/home/www/web/thinkphp5.1/common/component/payment/weixin/Jssdk.php:149]
[ error ] [8]Trying to get property of non-object[/home/www/web/thinkphp5.1/common/component/payment/weixin/Jssdk.php:15]
[ error ] [8]curl_setopt(): CURLOPT_SSL_VERIFYHOST no longer accepts the value 1, value 2 will be used instead[/home/www/web/thinkphp5.1/common/component/payment/weixin/Jssdk.php:134]
[ error ] [8]Undefined property: stdClass::$access_token[/home/www/web/thinkphp5.1/common/component/payment/weixin/Jssdk.php:20]
[ error ] "appId=wx9eee7ee8c2ae57dc&redirect_uri=http%3A%2F%2Fmsy.meishangyun.com%2Findex%2FOrder%2FrefundOrder%3Fsystem_id%3D3%26order_sn%3D20190412170757362998811738229639&response_type=code&scope=snsapi_base&state=STATE#wechat_redirect"
---------------------------------------------------------------
[ 2019-04-17T15:09:25+08:00 ] 120.79.201.125 GET /index/Order/refundOrder?system_id=3&order_sn=20190412170757362998811738229639
[ info ] msy.meishangyun.com/index/Order/refundOrder?system_id=3&order_sn=20190412170757362998811738229639 [运行时间：0.067630s][吞吐率：14.79req/s] [内存消耗：3,184.04kb] [文件加载：69]
[ info ] [ LANG ] /home/www/web/thinkphp5.1/framework/lang/zh-cn.php
[ info ] [ ROUTE ] array (
)
[ info ] [ HEADER ] array (
  'user-agent' => 'PHP-Curl-Class/8.5.0 (+https://github.com/php-curl-class/php-curl-class) PHP/5.6.23 curl/7.29.0',
  'host' => 'msy.meishangyun.com',
  'accept' => '*/*',
  'content-type' => '',
  'content-length' => '',
)
[ info ] [ PARAM ] array (
  'system_id' => '3',
  'order_sn' => '20190412170757362998811738229639',
)
[ info ] [ DB ] INIT mysql
[ info ] [ DB ] INIT mysql
[ info ] [ LOG ] INIT File
[ error ] array (
  0 => '微信申请退款失败112: ',
)
---------------------------------------------------------------
[ 2019-04-17T15:18:03+08:00 ] 14.18.29.116 GET /index/Order/refundOrder?system_id=3&order_sn=20190412170757362998811738229639&code=0012jdfI1QPNi108FZhI1eFnfI12jdfv&state=STATE
[ info ] msy.meishangyun.com/index/Order/refundOrder?system_id=3&order_sn=20190412170757362998811738229639&code=0012jdfI1QPNi108FZhI1eFnfI12jdfv&state=STATE [运行时间：0.023351s][吞吐率：42.82req/s] [内存消耗：3,187.66kb] [文件加载：69]
[ info ] [ LANG ] /home/www/web/thinkphp5.1/framework/lang/zh-cn.php
[ info ] [ ROUTE ] array (
)
[ info ] [ HEADER ] array (
  'host' => 'msy.meishangyun.com',
  'connection' => 'keep-alive',
  'upgrade-insecure-requests' => '1',
  'user-agent' => 'Mozilla/5.0 (iPhone; CPU iPhone OS 9_1 like Mac OS X) AppleWebKit/601.1.46 (KHTML, like Gecko) Version/9.0 Mobile/13B143 Safari/601.1 wechatdevtools/1.02.1904012 MicroMessenger/6.7.3 Language/zh_CN webview/15554848128645064 webdebugger port/50308',
  'accept' => 'text/html,application/xhtml+xml,application/xml;q=0.9,image/webp,image/apng,*/*;q=0.8',
  'accept-encoding' => 'gzip, deflate, br',
  'accept-language' => 'zh-CN,zh;q=0.8',
  'cookie' => 'PHPSESSID=eiotn2ra3tgrhrj7nfvugolcg1',
  'content-type' => '',
  'content-length' => '',
)
[ info ] [ PARAM ] array (
  'system_id' => '3',
  'order_sn' => '20190412170757362998811738229639',
  'code' => '0012jdfI1QPNi108FZhI1eFnfI12jdfv',
  'state' => 'STATE',
)
[ info ] [ DB ] INIT mysql
[ info ] [ DB ] INIT mysql
[ info ] [ LOG ] INIT File
[ error ] array (
  0 => '微信申请退款失败112: ',
)
---------------------------------------------------------------
[ 2019-04-17T15:19:13+08:00 ] 14.18.29.116 GET /index/Order/refundOrder?system_id=3&order_sn=20190412170757362998811738229639&code=081tnsAW0vUQe22ID8zW0tshAW0tnsAy&state=STATE
[ info ] msy.meishangyun.com/index/Order/refundOrder?system_id=3&order_sn=20190412170757362998811738229639&code=081tnsAW0vUQe22ID8zW0tshAW0tnsAy&state=STATE [运行时间：0.041318s][吞吐率：24.20req/s] [内存消耗：3,187.66kb] [文件加载：69]
[ info ] [ LANG ] /home/www/web/thinkphp5.1/framework/lang/zh-cn.php
[ info ] [ ROUTE ] array (
)
[ info ] [ HEADER ] array (
  'host' => 'msy.meishangyun.com',
  'connection' => 'keep-alive',
  'upgrade-insecure-requests' => '1',
  'user-agent' => 'Mozilla/5.0 (iPhone; CPU iPhone OS 9_1 like Mac OS X) AppleWebKit/601.1.46 (KHTML, like Gecko) Version/9.0 Mobile/13B143 Safari/601.1 wechatdevtools/1.02.1904012 MicroMessenger/6.7.3 Language/zh_CN webview/15554848128645064 webdebugger port/50308',
  'accept' => 'text/html,application/xhtml+xml,application/xml;q=0.9,image/webp,image/apng,*/*;q=0.8',
  'accept-encoding' => 'gzip, deflate, br',
  'accept-language' => 'zh-CN,zh;q=0.8',
  'cookie' => 'PHPSESSID=eiotn2ra3tgrhrj7nfvugolcg1',
  'content-type' => '',
  'content-length' => '',
)
[ info ] [ PARAM ] array (
  'system_id' => '3',
  'order_sn' => '20190412170757362998811738229639',
  'code' => '081tnsAW0vUQe22ID8zW0tshAW0tnsAy',
  'state' => 'STATE',
)
[ info ] [ DB ] INIT mysql
[ info ] [ DB ] INIT mysql
[ info ] [ LOG ] INIT File
[ error ] array (
  0 => '微信申请退款失败112: ',
)
---------------------------------------------------------------
[ 2019-04-17T15:20:36+08:00 ] 14.18.29.116 GET /index/Order/refundOrder?system_id=3&order_sn=20190412170757362998811738229639&code=081tnsAW0vUQe22ID8zW0tshAW0tnsAy&state=STATE
[ info ] msy.meishangyun.com/index/Order/refundOrder?system_id=3&order_sn=20190412170757362998811738229639&code=081tnsAW0vUQe22ID8zW0tshAW0tnsAy&state=STATE [运行时间：0.026733s][吞吐率：37.41req/s] [内存消耗：3,692.75kb] [文件加载：78]
[ info ] [ LANG ] /home/www/web/thinkphp5.1/framework/lang/zh-cn.php
[ info ] [ ROUTE ] array (
)
[ info ] [ HEADER ] array (
  'host' => 'msy.meishangyun.com',
  'connection' => 'keep-alive',
  'cache-control' => 'max-age=0',
  'upgrade-insecure-requests' => '1',
  'user-agent' => 'Mozilla/5.0 (iPhone; CPU iPhone OS 9_1 like Mac OS X) AppleWebKit/601.1.46 (KHTML, like Gecko) Version/9.0 Mobile/13B143 Safari/601.1 wechatdevtools/1.02.1904012 MicroMessenger/6.7.3 Language/zh_CN webview/15554848128645064 webdebugger port/50308',
  'accept' => 'text/html,application/xhtml+xml,application/xml;q=0.9,image/webp,image/apng,*/*;q=0.8',
  'accept-encoding' => 'gzip, deflate, br',
  'accept-language' => 'zh-CN,zh;q=0.8',
  'cookie' => 'PHPSESSID=eiotn2ra3tgrhrj7nfvugolcg1',
  'content-type' => '',
  'content-length' => '',
)
[ info ] [ PARAM ] array (
  'system_id' => '3',
  'order_sn' => '20190412170757362998811738229639',
  'code' => '081tnsAW0vUQe22ID8zW0tshAW0tnsAy',
  'state' => 'STATE',
)
[ info ] [ SESSION ] INIT array (
  'id' => '',
  'var_session_id' => '',
  'prefix' => 'common_',
  'type' => '',
  'auto_start' => true,
  'httponly' => true,
  'secure' => false,
  'expire' => 43200,
)
[ info ] [ DB ] INIT mysql
[ info ] [ DB ] INIT mysql
[ info ] [ LOG ] INIT File
[ error ] array (
  0 => '微信申请退款失败112: ',
)
---------------------------------------------------------------
[ 2019-04-17T15:21:08+08:00 ] 14.18.29.116 GET /index/Order/refundOrder?system_id=3&order_sn=20190412170757362998811738229639&code=081tnsAW0vUQe22ID8zW0tshAW0tnsAy&state=STATE
[ info ] msy.meishangyun.com/index/Order/refundOrder?system_id=3&order_sn=20190412170757362998811738229639&code=081tnsAW0vUQe22ID8zW0tshAW0tnsAy&state=STATE [运行时间：0.240419s][吞吐率：4.16req/s] [内存消耗：3,692.55kb] [文件加载：78]
[ info ] [ LANG ] /home/www/web/thinkphp5.1/framework/lang/zh-cn.php
[ info ] [ ROUTE ] array (
)
[ info ] [ HEADER ] array (
  'host' => 'msy.meishangyun.com',
  'connection' => 'keep-alive',
  'cache-control' => 'max-age=0',
  'upgrade-insecure-requests' => '1',
  'user-agent' => 'Mozilla/5.0 (iPhone; CPU iPhone OS 9_1 like Mac OS X) AppleWebKit/601.1.46 (KHTML, like Gecko) Version/9.0 Mobile/13B143 Safari/601.1 wechatdevtools/1.02.1904012 MicroMessenger/6.7.3 Language/zh_CN webview/15554848128645064 webdebugger port/50308',
  'accept' => 'text/html,application/xhtml+xml,application/xml;q=0.9,image/webp,image/apng,*/*;q=0.8',
  'accept-encoding' => 'gzip, deflate, br',
  'accept-language' => 'zh-CN,zh;q=0.8',
  'cookie' => 'PHPSESSID=eiotn2ra3tgrhrj7nfvugolcg1',
  'content-type' => '',
  'content-length' => '',
)
[ info ] [ PARAM ] array (
  'system_id' => '3',
  'order_sn' => '20190412170757362998811738229639',
  'code' => '081tnsAW0vUQe22ID8zW0tshAW0tnsAy',
  'state' => 'STATE',
)
[ info ] [ SESSION ] INIT array (
  'id' => '',
  'var_session_id' => '',
  'prefix' => 'common_',
  'type' => '',
  'auto_start' => true,
  'httponly' => true,
  'secure' => false,
  'expire' => 43200,
)
[ info ] [ DB ] INIT mysql
[ info ] [ DB ] INIT mysql
[ info ] [ LOG ] INIT File
[ error ] array (
  0 => '微信申请退款失败112: ',
)
---------------------------------------------------------------
[ 2019-04-17T15:29:21+08:00 ] 14.18.29.116 GET /index/Order/refundOrder?system_id=3&order_sn=20190412170757362998811738229639&code=081tnsAW0vUQe22ID8zW0tshAW0tnsAy&state=STATE
[ info ] msy.meishangyun.com/index/Order/refundOrder?system_id=3&order_sn=20190412170757362998811738229639&code=081tnsAW0vUQe22ID8zW0tshAW0tnsAy&state=STATE [运行时间：0.027304s][吞吐率：36.62req/s] [内存消耗：3,686.91kb] [文件加载：78]
[ info ] [ LANG ] /home/www/web/thinkphp5.1/framework/lang/zh-cn.php
[ info ] [ ROUTE ] array (
)
[ info ] [ HEADER ] array (
  'host' => 'msy.meishangyun.com',
  'connection' => 'keep-alive',
  'cache-control' => 'max-age=0',
  'upgrade-insecure-requests' => '1',
  'user-agent' => 'Mozilla/5.0 (iPhone; CPU iPhone OS 9_1 like Mac OS X) AppleWebKit/601.1.46 (KHTML, like Gecko) Version/9.0 Mobile/13B143 Safari/601.1 wechatdevtools/1.02.1904012 MicroMessenger/6.7.3 Language/zh_CN webview/15554848128645064 webdebugger port/50308',
  'accept' => 'text/html,application/xhtml+xml,application/xml;q=0.9,image/webp,image/apng,*/*;q=0.8',
  'accept-encoding' => 'gzip, deflate, br',
  'accept-language' => 'zh-CN,zh;q=0.8',
  'cookie' => 'PHPSESSID=eiotn2ra3tgrhrj7nfvugolcg1',
  'content-type' => '',
  'content-length' => '',
)
[ info ] [ PARAM ] array (
  'system_id' => '3',
  'order_sn' => '20190412170757362998811738229639',
  'code' => '081tnsAW0vUQe22ID8zW0tshAW0tnsAy',
  'state' => 'STATE',
)
[ info ] [ SESSION ] INIT array (
  'id' => '',
  'var_session_id' => '',
  'prefix' => 'common_',
  'type' => '',
  'auto_start' => true,
  'httponly' => true,
  'secure' => false,
  'expire' => 43200,
)
[ info ] [ DB ] INIT mysql
[ info ] [ DB ] INIT mysql
[ info ] [ LOG ] INIT File
[ error ] array (
  0 => '微信申请退款失败112: ',
)
---------------------------------------------------------------
[ 2019-04-17T15:29:51+08:00 ] 120.79.201.125 GET /index/Order/refundOrder?system_id=3&order_sn=20190412170757362998811738229639
[ info ] msy.meishangyun.com/index/Order/refundOrder?system_id=3&order_sn=20190412170757362998811738229639 [运行时间：0.042399s][吞吐率：23.59req/s] [内存消耗：3,680.27kb] [文件加载：78]
[ info ] [ LANG ] /home/www/web/thinkphp5.1/framework/lang/zh-cn.php
[ info ] [ ROUTE ] array (
)
[ info ] [ HEADER ] array (
  'user-agent' => 'PHP-Curl-Class/8.5.0 (+https://github.com/php-curl-class/php-curl-class) PHP/5.6.23 curl/7.29.0',
  'host' => 'msy.meishangyun.com',
  'accept' => '*/*',
  'content-type' => '',
  'content-length' => '',
)
[ info ] [ PARAM ] array (
  'system_id' => '3',
  'order_sn' => '20190412170757362998811738229639',
)
[ info ] [ SESSION ] INIT array (
  'id' => '',
  'var_session_id' => '',
  'prefix' => 'common_',
  'type' => '',
  'auto_start' => true,
  'httponly' => true,
  'secure' => false,
  'expire' => 43200,
)
[ info ] [ DB ] INIT mysql
[ info ] [ DB ] INIT mysql
[ info ] [ LOG ] INIT File
[ error ] array (
  0 => '微信申请退款失败112: ',
)
---------------------------------------------------------------
[ 2019-04-17T15:34:07+08:00 ] 14.18.29.116 GET /index/Order/refundOrder/system_id/3/order_sn/20190412170757362998811738229639
[ info ] msy.meishangyun.com/index/Order/refundOrder/system_id/3/order_sn/20190412170757362998811738229639 [运行时间：0.047861s][吞吐率：20.89req/s] [内存消耗：3,685.70kb] [文件加载：78]
[ info ] [ LANG ] /home/www/web/thinkphp5.1/framework/lang/zh-cn.php
[ info ] [ ROUTE ] array (
)
[ info ] [ HEADER ] array (
  'host' => 'msy.meishangyun.com',
  'connection' => 'keep-alive',
  'upgrade-insecure-requests' => '1',
  'user-agent' => 'Mozilla/5.0 (iPhone; CPU iPhone OS 9_1 like Mac OS X) AppleWebKit/601.1.46 (KHTML, like Gecko) Version/9.0 Mobile/13B143 Safari/601.1 wechatdevtools/1.02.1904012 MicroMessenger/6.7.3 Language/zh_CN webview/15554848128645064 webdebugger port/50308',
  'accept' => 'text/html,application/xhtml+xml,application/xml;q=0.9,image/webp,image/apng,*/*;q=0.8',
  'accept-encoding' => 'gzip, deflate, br',
  'accept-language' => 'zh-CN,zh;q=0.8',
  'cookie' => 'PHPSESSID=eiotn2ra3tgrhrj7nfvugolcg1',
  'content-type' => '',
  'content-length' => '',
)
[ info ] [ PARAM ] array (
)
[ info ] [ SESSION ] INIT array (
  'id' => '',
  'var_session_id' => '',
  'prefix' => 'common_',
  'type' => '',
  'auto_start' => true,
  'httponly' => true,
  'secure' => false,
  'expire' => 43200,
)
[ info ] [ DB ] INIT mysql
[ info ] [ DB ] INIT mysql
[ info ] [ LOG ] INIT File
[ error ] array (
  0 => '微信申请退款失败112: ',
)
---------------------------------------------------------------
[ 2019-04-17T15:45:04+08:00 ] 14.18.29.116 GET /index/Order/refundOrder/system_id/3/order_sn/20190412170757362998811738229639
[ info ] msy.meishangyun.com/index/Order/refundOrder/system_id/3/order_sn/20190412170757362998811738229639 [运行时间：0.026969s][吞吐率：37.08req/s] [内存消耗：3,685.85kb] [文件加载：78]
[ info ] [ LANG ] /home/www/web/thinkphp5.1/framework/lang/zh-cn.php
[ info ] [ ROUTE ] array (
)
[ info ] [ HEADER ] array (
  'host' => 'msy.meishangyun.com',
  'connection' => 'keep-alive',
  'cache-control' => 'max-age=0',
  'upgrade-insecure-requests' => '1',
  'user-agent' => 'Mozilla/5.0 (iPhone; CPU iPhone OS 9_1 like Mac OS X) AppleWebKit/601.1.46 (KHTML, like Gecko) Version/9.0 Mobile/13B143 Safari/601.1 wechatdevtools/1.02.1904012 MicroMessenger/6.7.3 Language/zh_CN webview/15554848128645064 webdebugger port/50308',
  'accept' => 'text/html,application/xhtml+xml,application/xml;q=0.9,image/webp,image/apng,*/*;q=0.8',
  'accept-encoding' => 'gzip, deflate, br',
  'accept-language' => 'zh-CN,zh;q=0.8',
  'cookie' => 'PHPSESSID=eiotn2ra3tgrhrj7nfvugolcg1',
  'content-type' => '',
  'content-length' => '',
)
[ info ] [ PARAM ] array (
)
[ info ] [ SESSION ] INIT array (
  'id' => '',
  'var_session_id' => '',
  'prefix' => 'common_',
  'type' => '',
  'auto_start' => true,
  'httponly' => true,
  'secure' => false,
  'expire' => 43200,
)
[ info ] [ DB ] INIT mysql
[ info ] [ DB ] INIT mysql
[ info ] [ LOG ] INIT File
[ error ] array (
  0 => '微信申请退款失败112: ',
)
---------------------------------------------------------------
[ 2019-04-17T15:46:52+08:00 ] 14.18.29.116 GET /index/Order/refundOrder/system_id/3/order_sn/20190412165411369642680587292880
[ info ] msy.meishangyun.com/index/Order/refundOrder/system_id/3/order_sn/20190412165411369642680587292880 [运行时间：0.027061s][吞吐率：36.95req/s] [内存消耗：3,685.59kb] [文件加载：78]
[ info ] [ LANG ] /home/www/web/thinkphp5.1/framework/lang/zh-cn.php
[ info ] [ ROUTE ] array (
)
[ info ] [ HEADER ] array (
  'host' => 'msy.meishangyun.com',
  'connection' => 'keep-alive',
  'upgrade-insecure-requests' => '1',
  'user-agent' => 'Mozilla/5.0 (iPhone; CPU iPhone OS 9_1 like Mac OS X) AppleWebKit/601.1.46 (KHTML, like Gecko) Version/9.0 Mobile/13B143 Safari/601.1 wechatdevtools/1.02.1904012 MicroMessenger/6.7.3 Language/zh_CN webview/15554848128645064 webdebugger port/50308',
  'accept' => 'text/html,application/xhtml+xml,application/xml;q=0.9,image/webp,image/apng,*/*;q=0.8',
  'accept-encoding' => 'gzip, deflate, br',
  'accept-language' => 'zh-CN,zh;q=0.8',
  'cookie' => 'PHPSESSID=eiotn2ra3tgrhrj7nfvugolcg1',
  'content-type' => '',
  'content-length' => '',
)
[ info ] [ PARAM ] array (
)
[ info ] [ SESSION ] INIT array (
  'id' => '',
  'var_session_id' => '',
  'prefix' => 'common_',
  'type' => '',
  'auto_start' => true,
  'httponly' => true,
  'secure' => false,
  'expire' => 43200,
)
[ info ] [ DB ] INIT mysql
[ info ] [ DB ] INIT mysql
[ info ] [ LOG ] INIT File
[ error ] array (
  0 => '微信申请退款失败112: ',
)
