---------------------------------------------------------------
[ 2019-04-30T00:15:27+08:00 ] 101.226.103.71 POST /index/Payment/wxPayNotifyCallBack
[ info ] msy.meishangyun.com/index/Payment/wxPayNotifyCallBack [运行时间：0.279444s][吞吐率：3.58req/s] [内存消耗：4,421.73kb] [文件加载：89]
[ info ] [ LANG ] /home/www/web/thinkphp5.1/framework/lang/zh-cn.php
[ info ] [ ROUTE ] array (
)
[ info ] [ HEADER ] array (
  'accept' => '*/*',
  'connection' => 'Keep-Alive',
  'pragma' => 'no-cache',
  'content-length' => '859',
  'host' => 'msy.meishangyun.com',
  'user-agent' => 'Mozilla/4.0',
  'content-type' => 'text/xml',
)
[ info ] [ PARAM ] array (
)
[ info ] [ SESSION ] INIT array (
  'id' => '',
  'var_session_id' => '',
  'prefix' => 'common_',
  'type' => '',
  'auto_start' => true,
  'httponly' => true,
  'secure' => false,
  'expire' => 43200,
)
[ info ] [ DB ] INIT mysql
[ info ] [ DB ] INIT mysql
[ info ] [ LOG ] INIT File
[ error ] [4096]Argument 2 passed to think\Log::error() must be of the type array, string given[/home/www/web/thinkphp5.1/framework/library/think/Log.php:331]
[ error ] [4096]Argument 3 passed to think\Log::log() must be of the type array, string given, called in /home/www/web/thinkphp5.1/framework/library/think/Log.php on line 333 and defined[/home/www/web/thinkphp5.1/framework/library/think/Log.php:283]
[ error ] [4096]Argument 3 passed to think\Log::record() must be of the type array, string given, called in /home/www/web/thinkphp5.1/framework/library/think/Log.php on line 285 and defined[/home/www/web/thinkphp5.1/framework/library/think/Log.php:115]
[ error ] [2]Invalid argument supplied for foreach()[/home/www/web/thinkphp5.1/framework/library/think/Log.php:123]
[ error ] 数据库没有此订单
---------------------------------------------------------------
[ 2019-04-30T01:36:55+08:00 ] 101.226.103.71 POST /index/Payment/wxPayNotifyCallBack
[ info ] msy.meishangyun.com/index/Payment/wxPayNotifyCallBack [运行时间：0.274041s][吞吐率：3.65req/s] [内存消耗：4,421.73kb] [文件加载：89]
[ info ] [ LANG ] /home/www/web/thinkphp5.1/framework/lang/zh-cn.php
[ info ] [ ROUTE ] array (
)
[ info ] [ HEADER ] array (
  'accept' => '*/*',
  'connection' => 'Keep-Alive',
  'pragma' => 'no-cache',
  'content-length' => '859',
  'host' => 'msy.meishangyun.com',
  'user-agent' => 'Mozilla/4.0',
  'content-type' => 'text/xml',
)
[ info ] [ PARAM ] array (
)
[ info ] [ SESSION ] INIT array (
  'id' => '',
  'var_session_id' => '',
  'prefix' => 'common_',
  'type' => '',
  'auto_start' => true,
  'httponly' => true,
  'secure' => false,
  'expire' => 43200,
)
[ info ] [ DB ] INIT mysql
[ info ] [ DB ] INIT mysql
[ info ] [ LOG ] INIT File
[ error ] [4096]Argument 2 passed to think\Log::error() must be of the type array, string given[/home/www/web/thinkphp5.1/framework/library/think/Log.php:331]
[ error ] [4096]Argument 3 passed to think\Log::log() must be of the type array, string given, called in /home/www/web/thinkphp5.1/framework/library/think/Log.php on line 333 and defined[/home/www/web/thinkphp5.1/framework/library/think/Log.php:283]
[ error ] [4096]Argument 3 passed to think\Log::record() must be of the type array, string given, called in /home/www/web/thinkphp5.1/framework/library/think/Log.php on line 285 and defined[/home/www/web/thinkphp5.1/framework/library/think/Log.php:115]
[ error ] [2]Invalid argument supplied for foreach()[/home/www/web/thinkphp5.1/framework/library/think/Log.php:123]
[ error ] 数据库没有此订单
---------------------------------------------------------------
[ 2019-04-30T01:40:15+08:00 ] 101.226.103.60 POST /index/Payment/wxPayNotifyCallBack
[ info ] msy.meishangyun.com/index/Payment/wxPayNotifyCallBack [运行时间：0.289072s][吞吐率：3.46req/s] [内存消耗：4,421.73kb] [文件加载：89]
[ info ] [ LANG ] /home/www/web/thinkphp5.1/framework/lang/zh-cn.php
[ info ] [ ROUTE ] array (
)
[ info ] [ HEADER ] array (
  'accept' => '*/*',
  'connection' => 'Keep-Alive',
  'pragma' => 'no-cache',
  'content-length' => '859',
  'host' => 'msy.meishangyun.com',
  'user-agent' => 'Mozilla/4.0',
  'content-type' => 'text/xml',
)
[ info ] [ PARAM ] array (
)
[ info ] [ SESSION ] INIT array (
  'id' => '',
  'var_session_id' => '',
  'prefix' => 'common_',
  'type' => '',
  'auto_start' => true,
  'httponly' => true,
  'secure' => false,
  'expire' => 43200,
)
[ info ] [ DB ] INIT mysql
[ info ] [ DB ] INIT mysql
[ info ] [ LOG ] INIT File
[ error ] [4096]Argument 2 passed to think\Log::error() must be of the type array, string given[/home/www/web/thinkphp5.1/framework/library/think/Log.php:331]
[ error ] [4096]Argument 3 passed to think\Log::log() must be of the type array, string given, called in /home/www/web/thinkphp5.1/framework/library/think/Log.php on line 333 and defined[/home/www/web/thinkphp5.1/framework/library/think/Log.php:283]
[ error ] [4096]Argument 3 passed to think\Log::record() must be of the type array, string given, called in /home/www/web/thinkphp5.1/framework/library/think/Log.php on line 285 and defined[/home/www/web/thinkphp5.1/framework/library/think/Log.php:115]
[ error ] [2]Invalid argument supplied for foreach()[/home/www/web/thinkphp5.1/framework/library/think/Log.php:123]
[ error ] 数据库没有此订单
---------------------------------------------------------------
[ 2019-04-30T01:47:34+08:00 ] 101.226.103.70 POST /index/Payment/wxPayNotifyCallBack
[ info ] msy.meishangyun.com/index/Payment/wxPayNotifyCallBack [运行时间：0.270066s][吞吐率：3.70req/s] [内存消耗：4,421.73kb] [文件加载：89]
[ info ] [ LANG ] /home/www/web/thinkphp5.1/framework/lang/zh-cn.php
[ info ] [ ROUTE ] array (
)
[ info ] [ HEADER ] array (
  'accept' => '*/*',
  'connection' => 'Keep-Alive',
  'pragma' => 'no-cache',
  'content-length' => '859',
  'host' => 'msy.meishangyun.com',
  'user-agent' => 'Mozilla/4.0',
  'content-type' => 'text/xml',
)
[ info ] [ PARAM ] array (
)
[ info ] [ SESSION ] INIT array (
  'id' => '',
  'var_session_id' => '',
  'prefix' => 'common_',
  'type' => '',
  'auto_start' => true,
  'httponly' => true,
  'secure' => false,
  'expire' => 43200,
)
[ info ] [ DB ] INIT mysql
[ info ] [ DB ] INIT mysql
[ info ] [ LOG ] INIT File
[ error ] [4096]Argument 2 passed to think\Log::error() must be of the type array, string given[/home/www/web/thinkphp5.1/framework/library/think/Log.php:331]
[ error ] [4096]Argument 3 passed to think\Log::log() must be of the type array, string given, called in /home/www/web/thinkphp5.1/framework/library/think/Log.php on line 333 and defined[/home/www/web/thinkphp5.1/framework/library/think/Log.php:283]
[ error ] [4096]Argument 3 passed to think\Log::record() must be of the type array, string given, called in /home/www/web/thinkphp5.1/framework/library/think/Log.php on line 285 and defined[/home/www/web/thinkphp5.1/framework/library/think/Log.php:115]
[ error ] [2]Invalid argument supplied for foreach()[/home/www/web/thinkphp5.1/framework/library/think/Log.php:123]
[ error ] 数据库没有此订单
---------------------------------------------------------------
[ 2019-04-30T02:10:47+08:00 ] 101.226.103.70 POST /index/Payment/wxPayNotifyCallBack
[ info ] msy.meishangyun.com/index/Payment/wxPayNotifyCallBack [运行时间：0.248770s][吞吐率：4.02req/s] [内存消耗：4,421.73kb] [文件加载：89]
[ info ] [ LANG ] /home/www/web/thinkphp5.1/framework/lang/zh-cn.php
[ info ] [ ROUTE ] array (
)
[ info ] [ HEADER ] array (
  'accept' => '*/*',
  'connection' => 'Keep-Alive',
  'pragma' => 'no-cache',
  'content-length' => '859',
  'host' => 'msy.meishangyun.com',
  'user-agent' => 'Mozilla/4.0',
  'content-type' => 'text/xml',
)
[ info ] [ PARAM ] array (
)
[ info ] [ SESSION ] INIT array (
  'id' => '',
  'var_session_id' => '',
  'prefix' => 'common_',
  'type' => '',
  'auto_start' => true,
  'httponly' => true,
  'secure' => false,
  'expire' => 43200,
)
[ info ] [ DB ] INIT mysql
[ info ] [ DB ] INIT mysql
[ info ] [ LOG ] INIT File
[ error ] [4096]Argument 2 passed to think\Log::error() must be of the type array, string given[/home/www/web/thinkphp5.1/framework/library/think/Log.php:331]
[ error ] [4096]Argument 3 passed to think\Log::log() must be of the type array, string given, called in /home/www/web/thinkphp5.1/framework/library/think/Log.php on line 333 and defined[/home/www/web/thinkphp5.1/framework/library/think/Log.php:283]
[ error ] [4096]Argument 3 passed to think\Log::record() must be of the type array, string given, called in /home/www/web/thinkphp5.1/framework/library/think/Log.php on line 285 and defined[/home/www/web/thinkphp5.1/framework/library/think/Log.php:115]
[ error ] [2]Invalid argument supplied for foreach()[/home/www/web/thinkphp5.1/framework/library/think/Log.php:123]
[ error ] 数据库没有此订单
---------------------------------------------------------------
[ 2019-04-30T03:15:28+08:00 ] 101.226.103.60 POST /index/Payment/wxPayNotifyCallBack
[ info ] msy.meishangyun.com/index/Payment/wxPayNotifyCallBack [运行时间：0.260135s][吞吐率：3.84req/s] [内存消耗：4,421.73kb] [文件加载：89]
[ info ] [ LANG ] /home/www/web/thinkphp5.1/framework/lang/zh-cn.php
[ info ] [ ROUTE ] array (
)
[ info ] [ HEADER ] array (
  'accept' => '*/*',
  'connection' => 'Keep-Alive',
  'pragma' => 'no-cache',
  'content-length' => '859',
  'host' => 'msy.meishangyun.com',
  'user-agent' => 'Mozilla/4.0',
  'content-type' => 'text/xml',
)
[ info ] [ PARAM ] array (
)
[ info ] [ SESSION ] INIT array (
  'id' => '',
  'var_session_id' => '',
  'prefix' => 'common_',
  'type' => '',
  'auto_start' => true,
  'httponly' => true,
  'secure' => false,
  'expire' => 43200,
)
[ info ] [ DB ] INIT mysql
[ info ] [ DB ] INIT mysql
[ info ] [ LOG ] INIT File
[ error ] [4096]Argument 2 passed to think\Log::error() must be of the type array, string given[/home/www/web/thinkphp5.1/framework/library/think/Log.php:331]
[ error ] [4096]Argument 3 passed to think\Log::log() must be of the type array, string given, called in /home/www/web/thinkphp5.1/framework/library/think/Log.php on line 333 and defined[/home/www/web/thinkphp5.1/framework/library/think/Log.php:283]
[ error ] [4096]Argument 3 passed to think\Log::record() must be of the type array, string given, called in /home/www/web/thinkphp5.1/framework/library/think/Log.php on line 285 and defined[/home/www/web/thinkphp5.1/framework/library/think/Log.php:115]
[ error ] [2]Invalid argument supplied for foreach()[/home/www/web/thinkphp5.1/framework/library/think/Log.php:123]
[ error ] 数据库没有此订单
---------------------------------------------------------------
[ 2019-04-30T04:33:21+08:00 ] 101.226.103.71 POST /index/Payment/wxPayNotifyCallBack
[ info ] msy.meishangyun.com/index/Payment/wxPayNotifyCallBack [运行时间：0.317725s][吞吐率：3.15req/s] [内存消耗：4,421.73kb] [文件加载：89]
[ info ] [ LANG ] /home/www/web/thinkphp5.1/framework/lang/zh-cn.php
[ info ] [ ROUTE ] array (
)
[ info ] [ HEADER ] array (
  'accept' => '*/*',
  'connection' => 'Keep-Alive',
  'pragma' => 'no-cache',
  'content-length' => '859',
  'host' => 'msy.meishangyun.com',
  'user-agent' => 'Mozilla/4.0',
  'content-type' => 'text/xml',
)
[ info ] [ PARAM ] array (
)
[ info ] [ SESSION ] INIT array (
  'id' => '',
  'var_session_id' => '',
  'prefix' => 'common_',
  'type' => '',
  'auto_start' => true,
  'httponly' => true,
  'secure' => false,
  'expire' => 43200,
)
[ info ] [ DB ] INIT mysql
[ info ] [ DB ] INIT mysql
[ info ] [ LOG ] INIT File
[ error ] [4096]Argument 2 passed to think\Log::error() must be of the type array, string given[/home/www/web/thinkphp5.1/framework/library/think/Log.php:331]
[ error ] [4096]Argument 3 passed to think\Log::log() must be of the type array, string given, called in /home/www/web/thinkphp5.1/framework/library/think/Log.php on line 333 and defined[/home/www/web/thinkphp5.1/framework/library/think/Log.php:283]
[ error ] [4096]Argument 3 passed to think\Log::record() must be of the type array, string given, called in /home/www/web/thinkphp5.1/framework/library/think/Log.php on line 285 and defined[/home/www/web/thinkphp5.1/framework/library/think/Log.php:115]
[ error ] [2]Invalid argument supplied for foreach()[/home/www/web/thinkphp5.1/framework/library/think/Log.php:123]
[ error ] 数据库没有此订单
---------------------------------------------------------------
[ 2019-04-30T04:48:53+08:00 ] 101.226.103.60 POST /index/Payment/wxPayNotifyCallBack
[ info ] msy.meishangyun.com/index/Payment/wxPayNotifyCallBack [运行时间：0.300255s][吞吐率：3.33req/s] [内存消耗：4,421.73kb] [文件加载：89]
[ info ] [ LANG ] /home/www/web/thinkphp5.1/framework/lang/zh-cn.php
[ info ] [ ROUTE ] array (
)
[ info ] [ HEADER ] array (
  'accept' => '*/*',
  'connection' => 'Keep-Alive',
  'pragma' => 'no-cache',
  'content-length' => '859',
  'host' => 'msy.meishangyun.com',
  'user-agent' => 'Mozilla/4.0',
  'content-type' => 'text/xml',
)
[ info ] [ PARAM ] array (
)
[ info ] [ SESSION ] INIT array (
  'id' => '',
  'var_session_id' => '',
  'prefix' => 'common_',
  'type' => '',
  'auto_start' => true,
  'httponly' => true,
  'secure' => false,
  'expire' => 43200,
)
[ info ] [ DB ] INIT mysql
[ info ] [ DB ] INIT mysql
[ info ] [ LOG ] INIT File
[ error ] [4096]Argument 2 passed to think\Log::error() must be of the type array, string given[/home/www/web/thinkphp5.1/framework/library/think/Log.php:331]
[ error ] [4096]Argument 3 passed to think\Log::log() must be of the type array, string given, called in /home/www/web/thinkphp5.1/framework/library/think/Log.php on line 333 and defined[/home/www/web/thinkphp5.1/framework/library/think/Log.php:283]
[ error ] [4096]Argument 3 passed to think\Log::record() must be of the type array, string given, called in /home/www/web/thinkphp5.1/framework/library/think/Log.php on line 285 and defined[/home/www/web/thinkphp5.1/framework/library/think/Log.php:115]
[ error ] [2]Invalid argument supplied for foreach()[/home/www/web/thinkphp5.1/framework/library/think/Log.php:123]
[ error ] 数据库没有此订单
---------------------------------------------------------------
[ 2019-04-30T04:59:13+08:00 ] 101.226.103.71 POST /index/Payment/wxPayNotifyCallBack
[ info ] msy.meishangyun.com/index/Payment/wxPayNotifyCallBack [运行时间：0.254188s][吞吐率：3.93req/s] [内存消耗：4,421.73kb] [文件加载：89]
[ info ] [ LANG ] /home/www/web/thinkphp5.1/framework/lang/zh-cn.php
[ info ] [ ROUTE ] array (
)
[ info ] [ HEADER ] array (
  'accept' => '*/*',
  'connection' => 'Keep-Alive',
  'pragma' => 'no-cache',
  'content-length' => '859',
  'host' => 'msy.meishangyun.com',
  'user-agent' => 'Mozilla/4.0',
  'content-type' => 'text/xml',
)
[ info ] [ PARAM ] array (
)
[ info ] [ SESSION ] INIT array (
  'id' => '',
  'var_session_id' => '',
  'prefix' => 'common_',
  'type' => '',
  'auto_start' => true,
  'httponly' => true,
  'secure' => false,
  'expire' => 43200,
)
[ info ] [ DB ] INIT mysql
[ info ] [ DB ] INIT mysql
[ info ] [ LOG ] INIT File
[ error ] [4096]Argument 2 passed to think\Log::error() must be of the type array, string given[/home/www/web/thinkphp5.1/framework/library/think/Log.php:331]
[ error ] [4096]Argument 3 passed to think\Log::log() must be of the type array, string given, called in /home/www/web/thinkphp5.1/framework/library/think/Log.php on line 333 and defined[/home/www/web/thinkphp5.1/framework/library/think/Log.php:283]
[ error ] [4096]Argument 3 passed to think\Log::record() must be of the type array, string given, called in /home/www/web/thinkphp5.1/framework/library/think/Log.php on line 285 and defined[/home/www/web/thinkphp5.1/framework/library/think/Log.php:115]
[ error ] [2]Invalid argument supplied for foreach()[/home/www/web/thinkphp5.1/framework/library/think/Log.php:123]
[ error ] 数据库没有此订单
---------------------------------------------------------------
[ 2019-04-30T05:22:41+08:00 ] 58.251.80.48 POST /index/Payment/wxPayNotifyCallBack
[ info ] msy.meishangyun.com/index/Payment/wxPayNotifyCallBack [运行时间：0.310718s][吞吐率：3.22req/s] [内存消耗：4,421.73kb] [文件加载：89]
[ info ] [ LANG ] /home/www/web/thinkphp5.1/framework/lang/zh-cn.php
[ info ] [ ROUTE ] array (
)
[ info ] [ HEADER ] array (
  'accept' => '*/*',
  'connection' => 'Keep-Alive',
  'pragma' => 'no-cache',
  'content-length' => '859',
  'host' => 'msy.meishangyun.com',
  'user-agent' => 'Mozilla/4.0',
  'content-type' => 'text/xml',
)
[ info ] [ PARAM ] array (
)
[ info ] [ SESSION ] INIT array (
  'id' => '',
  'var_session_id' => '',
  'prefix' => 'common_',
  'type' => '',
  'auto_start' => true,
  'httponly' => true,
  'secure' => false,
  'expire' => 43200,
)
[ info ] [ DB ] INIT mysql
[ info ] [ DB ] INIT mysql
[ info ] [ LOG ] INIT File
[ error ] [4096]Argument 2 passed to think\Log::error() must be of the type array, string given[/home/www/web/thinkphp5.1/framework/library/think/Log.php:331]
[ error ] [4096]Argument 3 passed to think\Log::log() must be of the type array, string given, called in /home/www/web/thinkphp5.1/framework/library/think/Log.php on line 333 and defined[/home/www/web/thinkphp5.1/framework/library/think/Log.php:283]
[ error ] [4096]Argument 3 passed to think\Log::record() must be of the type array, string given, called in /home/www/web/thinkphp5.1/framework/library/think/Log.php on line 285 and defined[/home/www/web/thinkphp5.1/framework/library/think/Log.php:115]
[ error ] [2]Invalid argument supplied for foreach()[/home/www/web/thinkphp5.1/framework/library/think/Log.php:123]
[ error ] 数据库没有此订单
---------------------------------------------------------------
[ 2019-04-30T05:35:39+08:00 ] 101.226.103.71 POST /index/Payment/wxPayNotifyCallBack
[ info ] msy.meishangyun.com/index/Payment/wxPayNotifyCallBack [运行时间：0.284159s][吞吐率：3.52req/s] [内存消耗：4,421.73kb] [文件加载：89]
[ info ] [ LANG ] /home/www/web/thinkphp5.1/framework/lang/zh-cn.php
[ info ] [ ROUTE ] array (
)
[ info ] [ HEADER ] array (
  'accept' => '*/*',
  'connection' => 'Keep-Alive',
  'pragma' => 'no-cache',
  'content-length' => '859',
  'host' => 'msy.meishangyun.com',
  'user-agent' => 'Mozilla/4.0',
  'content-type' => 'text/xml',
)
[ info ] [ PARAM ] array (
)
[ info ] [ SESSION ] INIT array (
  'id' => '',
  'var_session_id' => '',
  'prefix' => 'common_',
  'type' => '',
  'auto_start' => true,
  'httponly' => true,
  'secure' => false,
  'expire' => 43200,
)
[ info ] [ DB ] INIT mysql
[ info ] [ DB ] INIT mysql
[ info ] [ LOG ] INIT File
[ error ] [4096]Argument 2 passed to think\Log::error() must be of the type array, string given[/home/www/web/thinkphp5.1/framework/library/think/Log.php:331]
[ error ] [4096]Argument 3 passed to think\Log::log() must be of the type array, string given, called in /home/www/web/thinkphp5.1/framework/library/think/Log.php on line 333 and defined[/home/www/web/thinkphp5.1/framework/library/think/Log.php:283]
[ error ] [4096]Argument 3 passed to think\Log::record() must be of the type array, string given, called in /home/www/web/thinkphp5.1/framework/library/think/Log.php on line 285 and defined[/home/www/web/thinkphp5.1/framework/library/think/Log.php:115]
[ error ] [2]Invalid argument supplied for foreach()[/home/www/web/thinkphp5.1/framework/library/think/Log.php:123]
[ error ] 数据库没有此订单
---------------------------------------------------------------
[ 2019-04-30T05:36:23+08:00 ] 101.226.103.70 POST /index/Payment/wxPayNotifyCallBack
[ info ] msy.meishangyun.com/index/Payment/wxPayNotifyCallBack [运行时间：0.246841s][吞吐率：4.05req/s] [内存消耗：4,421.73kb] [文件加载：89]
[ info ] [ LANG ] /home/www/web/thinkphp5.1/framework/lang/zh-cn.php
[ info ] [ ROUTE ] array (
)
[ info ] [ HEADER ] array (
  'accept' => '*/*',
  'connection' => 'Keep-Alive',
  'pragma' => 'no-cache',
  'content-length' => '859',
  'host' => 'msy.meishangyun.com',
  'user-agent' => 'Mozilla/4.0',
  'content-type' => 'text/xml',
)
[ info ] [ PARAM ] array (
)
[ info ] [ SESSION ] INIT array (
  'id' => '',
  'var_session_id' => '',
  'prefix' => 'common_',
  'type' => '',
  'auto_start' => true,
  'httponly' => true,
  'secure' => false,
  'expire' => 43200,
)
[ info ] [ DB ] INIT mysql
[ info ] [ DB ] INIT mysql
[ info ] [ LOG ] INIT File
[ error ] [4096]Argument 2 passed to think\Log::error() must be of the type array, string given[/home/www/web/thinkphp5.1/framework/library/think/Log.php:331]
[ error ] [4096]Argument 3 passed to think\Log::log() must be of the type array, string given, called in /home/www/web/thinkphp5.1/framework/library/think/Log.php on line 333 and defined[/home/www/web/thinkphp5.1/framework/library/think/Log.php:283]
[ error ] [4096]Argument 3 passed to think\Log::record() must be of the type array, string given, called in /home/www/web/thinkphp5.1/framework/library/think/Log.php on line 285 and defined[/home/www/web/thinkphp5.1/framework/library/think/Log.php:115]
[ error ] [2]Invalid argument supplied for foreach()[/home/www/web/thinkphp5.1/framework/library/think/Log.php:123]
[ error ] 数据库没有此订单
---------------------------------------------------------------
[ 2019-04-30T07:36:56+08:00 ] 101.226.103.70 POST /index/Payment/wxPayNotifyCallBack
[ info ] msy.meishangyun.com/index/Payment/wxPayNotifyCallBack [运行时间：0.255601s][吞吐率：3.91req/s] [内存消耗：4,421.73kb] [文件加载：89]
[ info ] [ LANG ] /home/www/web/thinkphp5.1/framework/lang/zh-cn.php
[ info ] [ ROUTE ] array (
)
[ info ] [ HEADER ] array (
  'accept' => '*/*',
  'connection' => 'Keep-Alive',
  'pragma' => 'no-cache',
  'content-length' => '859',
  'host' => 'msy.meishangyun.com',
  'user-agent' => 'Mozilla/4.0',
  'content-type' => 'text/xml',
)
[ info ] [ PARAM ] array (
)
[ info ] [ SESSION ] INIT array (
  'id' => '',
  'var_session_id' => '',
  'prefix' => 'common_',
  'type' => '',
  'auto_start' => true,
  'httponly' => true,
  'secure' => false,
  'expire' => 43200,
)
[ info ] [ DB ] INIT mysql
[ info ] [ DB ] INIT mysql
[ info ] [ LOG ] INIT File
[ error ] [4096]Argument 2 passed to think\Log::error() must be of the type array, string given[/home/www/web/thinkphp5.1/framework/library/think/Log.php:331]
[ error ] [4096]Argument 3 passed to think\Log::log() must be of the type array, string given, called in /home/www/web/thinkphp5.1/framework/library/think/Log.php on line 333 and defined[/home/www/web/thinkphp5.1/framework/library/think/Log.php:283]
[ error ] [4096]Argument 3 passed to think\Log::record() must be of the type array, string given, called in /home/www/web/thinkphp5.1/framework/library/think/Log.php on line 285 and defined[/home/www/web/thinkphp5.1/framework/library/think/Log.php:115]
[ error ] [2]Invalid argument supplied for foreach()[/home/www/web/thinkphp5.1/framework/library/think/Log.php:123]
[ error ] 数据库没有此订单
---------------------------------------------------------------
[ 2019-04-30T07:40:16+08:00 ] 101.226.103.70 POST /index/Payment/wxPayNotifyCallBack
[ info ] msy.meishangyun.com/index/Payment/wxPayNotifyCallBack [运行时间：0.303108s][吞吐率：3.30req/s] [内存消耗：4,421.73kb] [文件加载：89]
[ info ] [ LANG ] /home/www/web/thinkphp5.1/framework/lang/zh-cn.php
[ info ] [ ROUTE ] array (
)
[ info ] [ HEADER ] array (
  'accept' => '*/*',
  'connection' => 'Keep-Alive',
  'pragma' => 'no-cache',
  'content-length' => '859',
  'host' => 'msy.meishangyun.com',
  'user-agent' => 'Mozilla/4.0',
  'content-type' => 'text/xml',
)
[ info ] [ PARAM ] array (
)
[ info ] [ SESSION ] INIT array (
  'id' => '',
  'var_session_id' => '',
  'prefix' => 'common_',
  'type' => '',
  'auto_start' => true,
  'httponly' => true,
  'secure' => false,
  'expire' => 43200,
)
[ info ] [ DB ] INIT mysql
[ info ] [ DB ] INIT mysql
[ info ] [ LOG ] INIT File
[ error ] [4096]Argument 2 passed to think\Log::error() must be of the type array, string given[/home/www/web/thinkphp5.1/framework/library/think/Log.php:331]
[ error ] [4096]Argument 3 passed to think\Log::log() must be of the type array, string given, called in /home/www/web/thinkphp5.1/framework/library/think/Log.php on line 333 and defined[/home/www/web/thinkphp5.1/framework/library/think/Log.php:283]
[ error ] [4096]Argument 3 passed to think\Log::record() must be of the type array, string given, called in /home/www/web/thinkphp5.1/framework/library/think/Log.php on line 285 and defined[/home/www/web/thinkphp5.1/framework/library/think/Log.php:115]
[ error ] [2]Invalid argument supplied for foreach()[/home/www/web/thinkphp5.1/framework/library/think/Log.php:123]
[ error ] 数据库没有此订单
---------------------------------------------------------------
[ 2019-04-30T07:47:35+08:00 ] 101.226.103.71 POST /index/Payment/wxPayNotifyCallBack
[ info ] msy.meishangyun.com/index/Payment/wxPayNotifyCallBack [运行时间：0.263364s][吞吐率：3.80req/s] [内存消耗：4,421.73kb] [文件加载：89]
[ info ] [ LANG ] /home/www/web/thinkphp5.1/framework/lang/zh-cn.php
[ info ] [ ROUTE ] array (
)
[ info ] [ HEADER ] array (
  'accept' => '*/*',
  'connection' => 'Keep-Alive',
  'pragma' => 'no-cache',
  'content-length' => '859',
  'host' => 'msy.meishangyun.com',
  'user-agent' => 'Mozilla/4.0',
  'content-type' => 'text/xml',
)
[ info ] [ PARAM ] array (
)
[ info ] [ SESSION ] INIT array (
  'id' => '',
  'var_session_id' => '',
  'prefix' => 'common_',
  'type' => '',
  'auto_start' => true,
  'httponly' => true,
  'secure' => false,
  'expire' => 43200,
)
[ info ] [ DB ] INIT mysql
[ info ] [ DB ] INIT mysql
[ info ] [ LOG ] INIT File
[ error ] [4096]Argument 2 passed to think\Log::error() must be of the type array, string given[/home/www/web/thinkphp5.1/framework/library/think/Log.php:331]
[ error ] [4096]Argument 3 passed to think\Log::log() must be of the type array, string given, called in /home/www/web/thinkphp5.1/framework/library/think/Log.php on line 333 and defined[/home/www/web/thinkphp5.1/framework/library/think/Log.php:283]
[ error ] [4096]Argument 3 passed to think\Log::record() must be of the type array, string given, called in /home/www/web/thinkphp5.1/framework/library/think/Log.php on line 285 and defined[/home/www/web/thinkphp5.1/framework/library/think/Log.php:115]
[ error ] [2]Invalid argument supplied for foreach()[/home/www/web/thinkphp5.1/framework/library/think/Log.php:123]
[ error ] 数据库没有此订单
---------------------------------------------------------------
[ 2019-04-30T08:10:49+08:00 ] 101.226.103.71 POST /index/Payment/wxPayNotifyCallBack
[ info ] msy.meishangyun.com/index/Payment/wxPayNotifyCallBack [运行时间：0.262868s][吞吐率：3.80req/s] [内存消耗：4,421.73kb] [文件加载：89]
[ info ] [ LANG ] /home/www/web/thinkphp5.1/framework/lang/zh-cn.php
[ info ] [ ROUTE ] array (
)
[ info ] [ HEADER ] array (
  'accept' => '*/*',
  'connection' => 'Keep-Alive',
  'pragma' => 'no-cache',
  'content-length' => '859',
  'host' => 'msy.meishangyun.com',
  'user-agent' => 'Mozilla/4.0',
  'content-type' => 'text/xml',
)
[ info ] [ PARAM ] array (
)
[ info ] [ SESSION ] INIT array (
  'id' => '',
  'var_session_id' => '',
  'prefix' => 'common_',
  'type' => '',
  'auto_start' => true,
  'httponly' => true,
  'secure' => false,
  'expire' => 43200,
)
[ info ] [ DB ] INIT mysql
[ info ] [ DB ] INIT mysql
[ info ] [ LOG ] INIT File
[ error ] [4096]Argument 2 passed to think\Log::error() must be of the type array, string given[/home/www/web/thinkphp5.1/framework/library/think/Log.php:331]
[ error ] [4096]Argument 3 passed to think\Log::log() must be of the type array, string given, called in /home/www/web/thinkphp5.1/framework/library/think/Log.php on line 333 and defined[/home/www/web/thinkphp5.1/framework/library/think/Log.php:283]
[ error ] [4096]Argument 3 passed to think\Log::record() must be of the type array, string given, called in /home/www/web/thinkphp5.1/framework/library/think/Log.php on line 285 and defined[/home/www/web/thinkphp5.1/framework/library/think/Log.php:115]
[ error ] [2]Invalid argument supplied for foreach()[/home/www/web/thinkphp5.1/framework/library/think/Log.php:123]
[ error ] 数据库没有此订单
---------------------------------------------------------------
[ 2019-04-30T08:56:14+08:00 ] 14.18.29.116 GET /index/Payment/toPay?system_id=3&payment_type=1&sn=20190429142820563954132215265327
[ info ] msy.meishangyun.com/index/Payment/toPay?system_id=3&payment_type=1&sn=20190429142820563954132215265327 [运行时间：0.313025s][吞吐率：3.19req/s] [内存消耗：4,529.22kb] [文件加载：90]
[ info ] [ LANG ] /home/www/web/thinkphp5.1/framework/lang/zh-cn.php
[ info ] [ ROUTE ] array (
)
[ info ] [ HEADER ] array (
  'host' => 'msy.meishangyun.com',
  'connection' => 'keep-alive',
  'upgrade-insecure-requests' => '1',
  'user-agent' => 'Mozilla/5.0 (Windows NT 6.1; Win64; x64) AppleWebKit/537.36 (KHTML, like Gecko) Chrome/73.0.3683.86 Safari/537.36',
  'accept' => 'text/html,application/xhtml+xml,application/xml;q=0.9,image/webp,image/apng,*/*;q=0.8,application/signed-exchange;v=b3',
  'referer' => 'https://hss.meishangyun.com/index/order/detail/order_sn/20190429142820563954132215265327.html',
  'accept-encoding' => 'gzip, deflate, br',
  'accept-language' => 'zh-CN,zh;q=0.9,en;q=0.8',
  'cookie' => 'PHPSESSID=bmath30hcdcqbq6u02n3v68vn0',
  'content-type' => '',
  'content-length' => '',
)
[ info ] [ PARAM ] array (
  'system_id' => '3',
  'payment_type' => '1',
  'sn' => '20190429142820563954132215265327',
)
[ info ] [ SESSION ] INIT array (
  'id' => '',
  'var_session_id' => '',
  'prefix' => 'common_',
  'type' => '',
  'auto_start' => true,
  'httponly' => true,
  'secure' => false,
  'expire' => 43200,
)
[ info ] [ DB ] INIT mysql
[ info ] [ DB ] INIT mysql
[ info ] [ LOG ] INIT File
[ error ] [4096]Argument 2 passed to think\Log::error() must be of the type array, string given[/home/www/web/thinkphp5.1/framework/library/think/Log.php:331]
[ error ] [4096]Argument 3 passed to think\Log::log() must be of the type array, string given, called in /home/www/web/thinkphp5.1/framework/library/think/Log.php on line 333 and defined[/home/www/web/thinkphp5.1/framework/library/think/Log.php:283]
[ error ] [4096]Argument 3 passed to think\Log::record() must be of the type array, string given, called in /home/www/web/thinkphp5.1/framework/library/think/Log.php on line 285 and defined[/home/www/web/thinkphp5.1/framework/library/think/Log.php:115]
[ error ] [2]Invalid argument supplied for foreach()[/home/www/web/thinkphp5.1/framework/library/think/Log.php:123]
[ error ] 数据库没有此订单
---------------------------------------------------------------
[ 2019-04-30T08:56:20+08:00 ] 14.18.29.116 GET /index/payment/wxPayNotifyCallBack
[ info ] msy.meishangyun.com/index/payment/wxPayNotifyCallBack [运行时间：0.270390s][吞吐率：3.70req/s] [内存消耗：4,525.72kb] [文件加载：90]
[ info ] [ LANG ] /home/www/web/thinkphp5.1/framework/lang/zh-cn.php
[ info ] [ ROUTE ] array (
)
[ info ] [ HEADER ] array (
  'host' => 'msy.meishangyun.com',
  'connection' => 'keep-alive',
  'upgrade-insecure-requests' => '1',
  'user-agent' => 'Mozilla/5.0 (Windows NT 6.1; Win64; x64) AppleWebKit/537.36 (KHTML, like Gecko) Chrome/73.0.3683.86 Safari/537.36',
  'accept' => 'text/html,application/xhtml+xml,application/xml;q=0.9,image/webp,image/apng,*/*;q=0.8,application/signed-exchange;v=b3',
  'accept-encoding' => 'gzip, deflate, br',
  'accept-language' => 'zh-CN,zh;q=0.9,en;q=0.8',
  'cookie' => 'PHPSESSID=bmath30hcdcqbq6u02n3v68vn0',
  'content-type' => '',
  'content-length' => '',
)
[ info ] [ PARAM ] array (
)
[ info ] [ SESSION ] INIT array (
  'id' => '',
  'var_session_id' => '',
  'prefix' => 'common_',
  'type' => '',
  'auto_start' => true,
  'httponly' => true,
  'secure' => false,
  'expire' => 43200,
)
[ info ] [ DB ] INIT mysql
[ info ] [ DB ] INIT mysql
[ info ] [ LOG ] INIT File
[ error ] [4096]Argument 2 passed to think\Log::error() must be of the type array, string given[/home/www/web/thinkphp5.1/framework/library/think/Log.php:331]
[ error ] [4096]Argument 3 passed to think\Log::log() must be of the type array, string given, called in /home/www/web/thinkphp5.1/framework/library/think/Log.php on line 333 and defined[/home/www/web/thinkphp5.1/framework/library/think/Log.php:283]
[ error ] [4096]Argument 3 passed to think\Log::record() must be of the type array, string given, called in /home/www/web/thinkphp5.1/framework/library/think/Log.php on line 285 and defined[/home/www/web/thinkphp5.1/framework/library/think/Log.php:115]
[ error ] [2]Invalid argument supplied for foreach()[/home/www/web/thinkphp5.1/framework/library/think/Log.php:123]
[ error ] 数据库没有此订单
---------------------------------------------------------------
[ 2019-04-30T09:03:55+08:00 ] 14.18.29.116 GET /index/Payment/toPay?system_id=3&payment_type=1&sn=20190430090351451328861429486240
[ info ] msy.meishangyun.com/index/Payment/toPay?system_id=3&payment_type=1&sn=20190430090351451328861429486240 [运行时间：0.286135s][吞吐率：3.49req/s] [内存消耗：4,529.18kb] [文件加载：90]
[ info ] [ LANG ] /home/www/web/thinkphp5.1/framework/lang/zh-cn.php
[ info ] [ ROUTE ] array (
)
[ info ] [ HEADER ] array (
  'host' => 'msy.meishangyun.com',
  'connection' => 'keep-alive',
  'upgrade-insecure-requests' => '1',
  'user-agent' => 'Mozilla/5.0 (Linux; Android 5.0; SM-G900P Build/LRX21T) AppleWebKit/537.36 (KHTML, like Gecko) Chrome/73.0.3683.86 Mobile Safari/537.36',
  'accept' => 'text/html,application/xhtml+xml,application/xml;q=0.9,image/webp,image/apng,*/*;q=0.8,application/signed-exchange;v=b3',
  'referer' => 'http://www.hss.cc/index/Order/confirmOrder/order_sn/20190430090351451328861429486240',
  'accept-encoding' => 'gzip, deflate, br',
  'accept-language' => 'zh-CN,zh;q=0.9,en;q=0.8',
  'cookie' => 'PHPSESSID=bmath30hcdcqbq6u02n3v68vn0',
  'content-type' => '',
  'content-length' => '',
)
[ info ] [ PARAM ] array (
  'system_id' => '3',
  'payment_type' => '1',
  'sn' => '20190430090351451328861429486240',
)
[ info ] [ SESSION ] INIT array (
  'id' => '',
  'var_session_id' => '',
  'prefix' => 'common_',
  'type' => '',
  'auto_start' => true,
  'httponly' => true,
  'secure' => false,
  'expire' => 43200,
)
[ info ] [ DB ] INIT mysql
[ info ] [ DB ] INIT mysql
[ info ] [ LOG ] INIT File
[ error ] [4096]Argument 2 passed to think\Log::error() must be of the type array, string given[/home/www/web/thinkphp5.1/framework/library/think/Log.php:331]
[ error ] [4096]Argument 3 passed to think\Log::log() must be of the type array, string given, called in /home/www/web/thinkphp5.1/framework/library/think/Log.php on line 333 and defined[/home/www/web/thinkphp5.1/framework/library/think/Log.php:283]
[ error ] [4096]Argument 3 passed to think\Log::record() must be of the type array, string given, called in /home/www/web/thinkphp5.1/framework/library/think/Log.php on line 285 and defined[/home/www/web/thinkphp5.1/framework/library/think/Log.php:115]
[ error ] [2]Invalid argument supplied for foreach()[/home/www/web/thinkphp5.1/framework/library/think/Log.php:123]
[ error ] 数据库没有此订单
---------------------------------------------------------------
[ 2019-04-30T09:04:24+08:00 ] 14.18.29.116 GET /index/Payment/toPay?system_id=3&payment_type=1&sn=20190430090421705672311725607723
[ info ] msy.meishangyun.com/index/Payment/toPay?system_id=3&payment_type=1&sn=20190430090421705672311725607723 [运行时间：0.546844s][吞吐率：1.83req/s] [内存消耗：4,529.09kb] [文件加载：90]
[ info ] [ LANG ] /home/www/web/thinkphp5.1/framework/lang/zh-cn.php
[ info ] [ ROUTE ] array (
)
[ info ] [ HEADER ] array (
  'host' => 'msy.meishangyun.com',
  'connection' => 'keep-alive',
  'upgrade-insecure-requests' => '1',
  'user-agent' => 'Mozilla/5.0 (Linux; Android 5.0; SM-G900P Build/LRX21T) AppleWebKit/537.36 (KHTML, like Gecko) Chrome/73.0.3683.86 Mobile Safari/537.36',
  'accept' => 'text/html,application/xhtml+xml,application/xml;q=0.9,image/webp,image/apng,*/*;q=0.8,application/signed-exchange;v=b3',
  'referer' => 'http://www.hss.cc/index/Order/confirmOrder/order_sn/20190430090421705672311725607723',
  'accept-encoding' => 'gzip, deflate, br',
  'accept-language' => 'zh-CN,zh;q=0.9,en;q=0.8',
  'cookie' => 'PHPSESSID=bmath30hcdcqbq6u02n3v68vn0',
  'content-type' => '',
  'content-length' => '',
)
[ info ] [ PARAM ] array (
  'system_id' => '3',
  'payment_type' => '1',
  'sn' => '20190430090421705672311725607723',
)
[ info ] [ SESSION ] INIT array (
  'id' => '',
  'var_session_id' => '',
  'prefix' => 'common_',
  'type' => '',
  'auto_start' => true,
  'httponly' => true,
  'secure' => false,
  'expire' => 43200,
)
[ info ] [ DB ] INIT mysql
[ info ] [ DB ] INIT mysql
[ info ] [ LOG ] INIT File
[ error ] [4096]Argument 2 passed to think\Log::error() must be of the type array, string given[/home/www/web/thinkphp5.1/framework/library/think/Log.php:331]
[ error ] [4096]Argument 3 passed to think\Log::log() must be of the type array, string given, called in /home/www/web/thinkphp5.1/framework/library/think/Log.php on line 333 and defined[/home/www/web/thinkphp5.1/framework/library/think/Log.php:283]
[ error ] [4096]Argument 3 passed to think\Log::record() must be of the type array, string given, called in /home/www/web/thinkphp5.1/framework/library/think/Log.php on line 285 and defined[/home/www/web/thinkphp5.1/framework/library/think/Log.php:115]
[ error ] [2]Invalid argument supplied for foreach()[/home/www/web/thinkphp5.1/framework/library/think/Log.php:123]
[ error ] 数据库没有此订单
---------------------------------------------------------------
[ 2019-04-30T09:15:30+08:00 ] 101.226.103.71 POST /index/Payment/wxPayNotifyCallBack
[ info ] msy.meishangyun.com/index/Payment/wxPayNotifyCallBack [运行时间：0.303704s][吞吐率：3.29req/s] [内存消耗：4,421.73kb] [文件加载：89]
[ info ] [ LANG ] /home/www/web/thinkphp5.1/framework/lang/zh-cn.php
[ info ] [ ROUTE ] array (
)
[ info ] [ HEADER ] array (
  'accept' => '*/*',
  'connection' => 'Keep-Alive',
  'pragma' => 'no-cache',
  'content-length' => '859',
  'host' => 'msy.meishangyun.com',
  'user-agent' => 'Mozilla/4.0',
  'content-type' => 'text/xml',
)
[ info ] [ PARAM ] array (
)
[ info ] [ SESSION ] INIT array (
  'id' => '',
  'var_session_id' => '',
  'prefix' => 'common_',
  'type' => '',
  'auto_start' => true,
  'httponly' => true,
  'secure' => false,
  'expire' => 43200,
)
[ info ] [ DB ] INIT mysql
[ info ] [ DB ] INIT mysql
[ info ] [ LOG ] INIT File
[ error ] [4096]Argument 2 passed to think\Log::error() must be of the type array, string given[/home/www/web/thinkphp5.1/framework/library/think/Log.php:331]
[ error ] [4096]Argument 3 passed to think\Log::log() must be of the type array, string given, called in /home/www/web/thinkphp5.1/framework/library/think/Log.php on line 333 and defined[/home/www/web/thinkphp5.1/framework/library/think/Log.php:283]
[ error ] [4096]Argument 3 passed to think\Log::record() must be of the type array, string given, called in /home/www/web/thinkphp5.1/framework/library/think/Log.php on line 285 and defined[/home/www/web/thinkphp5.1/framework/library/think/Log.php:115]
[ error ] [2]Invalid argument supplied for foreach()[/home/www/web/thinkphp5.1/framework/library/think/Log.php:123]
[ error ] 数据库没有此订单
---------------------------------------------------------------
[ 2019-04-30T09:24:54+08:00 ] 14.18.29.116 GET /index/Payment/toPay?system_id=3&payment_type=1&sn=20190430092448619262366227780832
[ info ] msy.meishangyun.com/index/Payment/toPay?system_id=3&payment_type=1&sn=20190430092448619262366227780832 [运行时间：0.310771s][吞吐率：3.22req/s] [内存消耗：4,529.31kb] [文件加载：90]
[ info ] [ LANG ] /home/www/web/thinkphp5.1/framework/lang/zh-cn.php
[ info ] [ ROUTE ] array (
)
[ info ] [ HEADER ] array (
  'host' => 'msy.meishangyun.com',
  'connection' => 'keep-alive',
  'upgrade-insecure-requests' => '1',
  'user-agent' => 'Mozilla/5.0 (Linux; Android 8.1.0; Mi Note 3 Build/OPM1.171019.019; wv) AppleWebKit/537.36 (KHTML, like Gecko) Version/4.0 Chrome/66.0.3359.126 MQQBrowser/6.2 TBS/044611 Mobile Safari/537.36 MMWEBID/9642 MicroMessenger/7.0.3.1400(0x2700033C) Process/tools NetType/WIFI Language/zh_CN',
  'accept' => 'text/html,application/xhtml+xml,application/xml;q=0.9,image/webp,image/apng,image/wxpic,image/sharpp,image/apng,image/tpg,*/*;q=0.8',
  'referer' => 'https://hss.meishangyun.com/index/Order/confirmOrder/order_sn/20190430092448619262366227780832',
  'accept-encoding' => 'gzip, deflate, br',
  'accept-language' => 'zh-CN,en-US;q=0.9',
  'cookie' => 'PHPSESSID=h66ipbb5vva4hfv17a0p1q0kg3',
  'content-type' => '',
  'content-length' => '',
)
[ info ] [ PARAM ] array (
  'system_id' => '3',
  'payment_type' => '1',
  'sn' => '20190430092448619262366227780832',
)
[ info ] [ SESSION ] INIT array (
  'id' => '',
  'var_session_id' => '',
  'prefix' => 'common_',
  'type' => '',
  'auto_start' => true,
  'httponly' => true,
  'secure' => false,
  'expire' => 43200,
)
[ info ] [ DB ] INIT mysql
[ info ] [ DB ] INIT mysql
[ info ] [ LOG ] INIT File
[ error ] [4096]Argument 2 passed to think\Log::error() must be of the type array, string given[/home/www/web/thinkphp5.1/framework/library/think/Log.php:331]
[ error ] [4096]Argument 3 passed to think\Log::log() must be of the type array, string given, called in /home/www/web/thinkphp5.1/framework/library/think/Log.php on line 333 and defined[/home/www/web/thinkphp5.1/framework/library/think/Log.php:283]
[ error ] [4096]Argument 3 passed to think\Log::record() must be of the type array, string given, called in /home/www/web/thinkphp5.1/framework/library/think/Log.php on line 285 and defined[/home/www/web/thinkphp5.1/framework/library/think/Log.php:115]
[ error ] [2]Invalid argument supplied for foreach()[/home/www/web/thinkphp5.1/framework/library/think/Log.php:123]
[ error ] 数据库没有此订单
---------------------------------------------------------------
[ 2019-04-30T09:25:38+08:00 ] 14.18.29.116 GET /index/Payment/toPay?system_id=3&payment_type=1&sn=20190430092448619262366227780832
[ info ] msy.meishangyun.com/index/Payment/toPay?system_id=3&payment_type=1&sn=20190430092448619262366227780832 [运行时间：0.297585s][吞吐率：3.36req/s] [内存消耗：4,529.31kb] [文件加载：90]
[ info ] [ LANG ] /home/www/web/thinkphp5.1/framework/lang/zh-cn.php
[ info ] [ ROUTE ] array (
)
[ info ] [ HEADER ] array (
  'host' => 'msy.meishangyun.com',
  'connection' => 'keep-alive',
  'upgrade-insecure-requests' => '1',
  'user-agent' => 'Mozilla/5.0 (Linux; Android 8.1.0; Mi Note 3 Build/OPM1.171019.019; wv) AppleWebKit/537.36 (KHTML, like Gecko) Version/4.0 Chrome/66.0.3359.126 MQQBrowser/6.2 TBS/044611 Mobile Safari/537.36 MMWEBID/9642 MicroMessenger/7.0.3.1400(0x2700033C) Process/tools NetType/WIFI Language/zh_CN',
  'accept' => 'text/html,application/xhtml+xml,application/xml;q=0.9,image/webp,image/apng,image/wxpic,image/sharpp,image/apng,image/tpg,*/*;q=0.8',
  'referer' => 'https://hss.meishangyun.com/index/Order/confirmOrder/order_sn/20190430092448619262366227780832',
  'accept-encoding' => 'gzip, deflate, br',
  'accept-language' => 'zh-CN,en-US;q=0.9',
  'cookie' => 'PHPSESSID=h66ipbb5vva4hfv17a0p1q0kg3',
  'content-type' => '',
  'content-length' => '',
)
[ info ] [ PARAM ] array (
  'system_id' => '3',
  'payment_type' => '1',
  'sn' => '20190430092448619262366227780832',
)
[ info ] [ SESSION ] INIT array (
  'id' => '',
  'var_session_id' => '',
  'prefix' => 'common_',
  'type' => '',
  'auto_start' => true,
  'httponly' => true,
  'secure' => false,
  'expire' => 43200,
)
[ info ] [ DB ] INIT mysql
[ info ] [ DB ] INIT mysql
[ info ] [ LOG ] INIT File
[ error ] [4096]Argument 2 passed to think\Log::error() must be of the type array, string given[/home/www/web/thinkphp5.1/framework/library/think/Log.php:331]
[ error ] [4096]Argument 3 passed to think\Log::log() must be of the type array, string given, called in /home/www/web/thinkphp5.1/framework/library/think/Log.php on line 333 and defined[/home/www/web/thinkphp5.1/framework/library/think/Log.php:283]
[ error ] [4096]Argument 3 passed to think\Log::record() must be of the type array, string given, called in /home/www/web/thinkphp5.1/framework/library/think/Log.php on line 285 and defined[/home/www/web/thinkphp5.1/framework/library/think/Log.php:115]
[ error ] [2]Invalid argument supplied for foreach()[/home/www/web/thinkphp5.1/framework/library/think/Log.php:123]
[ error ] 数据库没有此订单
---------------------------------------------------------------
[ 2019-04-30T09:25:45+08:00 ] 14.18.29.116 GET /index/Payment/toPay?system_id=3&payment_type=1&sn=20190430090421705672311725607723
[ info ] msy.meishangyun.com/index/Payment/toPay?system_id=3&payment_type=1&sn=20190430090421705672311725607723 [运行时间：0.234250s][吞吐率：4.27req/s] [内存消耗：4,528.93kb] [文件加载：90]
[ info ] [ LANG ] /home/www/web/thinkphp5.1/framework/lang/zh-cn.php
[ info ] [ ROUTE ] array (
)
[ info ] [ HEADER ] array (
  'host' => 'msy.meishangyun.com',
  'connection' => 'keep-alive',
  'cache-control' => 'max-age=0',
  'upgrade-insecure-requests' => '1',
  'user-agent' => 'Mozilla/5.0 (Linux; Android 5.0; SM-G900P Build/LRX21T) AppleWebKit/537.36 (KHTML, like Gecko) Chrome/73.0.3683.86 Mobile Safari/537.36',
  'accept' => 'text/html,application/xhtml+xml,application/xml;q=0.9,image/webp,image/apng,*/*;q=0.8,application/signed-exchange;v=b3',
  'accept-encoding' => 'gzip, deflate, br',
  'accept-language' => 'zh-CN,zh;q=0.9,en;q=0.8',
  'cookie' => 'PHPSESSID=bmath30hcdcqbq6u02n3v68vn0',
  'content-type' => '',
  'content-length' => '',
)
[ info ] [ PARAM ] array (
  'system_id' => '3',
  'payment_type' => '1',
  'sn' => '20190430090421705672311725607723',
)
[ info ] [ SESSION ] INIT array (
  'id' => '',
  'var_session_id' => '',
  'prefix' => 'common_',
  'type' => '',
  'auto_start' => true,
  'httponly' => true,
  'secure' => false,
  'expire' => 43200,
)
[ info ] [ DB ] INIT mysql
[ info ] [ DB ] INIT mysql
[ info ] [ LOG ] INIT File
[ error ] [4096]Argument 2 passed to think\Log::error() must be of the type array, string given[/home/www/web/thinkphp5.1/framework/library/think/Log.php:331]
[ error ] [4096]Argument 3 passed to think\Log::log() must be of the type array, string given, called in /home/www/web/thinkphp5.1/framework/library/think/Log.php on line 333 and defined[/home/www/web/thinkphp5.1/framework/library/think/Log.php:283]
[ error ] [4096]Argument 3 passed to think\Log::record() must be of the type array, string given, called in /home/www/web/thinkphp5.1/framework/library/think/Log.php on line 285 and defined[/home/www/web/thinkphp5.1/framework/library/think/Log.php:115]
[ error ] [2]Invalid argument supplied for foreach()[/home/www/web/thinkphp5.1/framework/library/think/Log.php:123]
[ error ] 数据库没有此订单
---------------------------------------------------------------
[ 2019-04-30T09:25:49+08:00 ] 14.18.29.116 GET /index/Payment/toPay?system_id=3&payment_type=1&sn=20190430090421705672311725607723
[ info ] msy.meishangyun.com/index/Payment/toPay?system_id=3&payment_type=1&sn=20190430090421705672311725607723 [运行时间：0.257125s][吞吐率：3.89req/s] [内存消耗：4,529.09kb] [文件加载：90]
[ info ] [ LANG ] /home/www/web/thinkphp5.1/framework/lang/zh-cn.php
[ info ] [ ROUTE ] array (
)
[ info ] [ HEADER ] array (
  'host' => 'msy.meishangyun.com',
  'connection' => 'keep-alive',
  'upgrade-insecure-requests' => '1',
  'user-agent' => 'Mozilla/5.0 (Linux; Android 5.0; SM-G900P Build/LRX21T) AppleWebKit/537.36 (KHTML, like Gecko) Chrome/73.0.3683.86 Mobile Safari/537.36',
  'accept' => 'text/html,application/xhtml+xml,application/xml;q=0.9,image/webp,image/apng,*/*;q=0.8,application/signed-exchange;v=b3',
  'referer' => 'http://www.hss.cc/index/Order/confirmOrder/order_sn/20190430090421705672311725607723',
  'accept-encoding' => 'gzip, deflate, br',
  'accept-language' => 'zh-CN,zh;q=0.9,en;q=0.8',
  'cookie' => 'PHPSESSID=bmath30hcdcqbq6u02n3v68vn0',
  'content-type' => '',
  'content-length' => '',
)
[ info ] [ PARAM ] array (
  'system_id' => '3',
  'payment_type' => '1',
  'sn' => '20190430090421705672311725607723',
)
[ info ] [ SESSION ] INIT array (
  'id' => '',
  'var_session_id' => '',
  'prefix' => 'common_',
  'type' => '',
  'auto_start' => true,
  'httponly' => true,
  'secure' => false,
  'expire' => 43200,
)
[ info ] [ DB ] INIT mysql
[ info ] [ DB ] INIT mysql
[ info ] [ LOG ] INIT File
[ error ] [4096]Argument 2 passed to think\Log::error() must be of the type array, string given[/home/www/web/thinkphp5.1/framework/library/think/Log.php:331]
[ error ] [4096]Argument 3 passed to think\Log::log() must be of the type array, string given, called in /home/www/web/thinkphp5.1/framework/library/think/Log.php on line 333 and defined[/home/www/web/thinkphp5.1/framework/library/think/Log.php:283]
[ error ] [4096]Argument 3 passed to think\Log::record() must be of the type array, string given, called in /home/www/web/thinkphp5.1/framework/library/think/Log.php on line 285 and defined[/home/www/web/thinkphp5.1/framework/library/think/Log.php:115]
[ error ] [2]Invalid argument supplied for foreach()[/home/www/web/thinkphp5.1/framework/library/think/Log.php:123]
[ error ] 数据库没有此订单
---------------------------------------------------------------
[ 2019-04-30T14:10:50+08:00 ] 101.226.103.70 POST /index/Payment/wxPayNotifyCallBack
[ info ] msy.meishangyun.com/index/Payment/wxPayNotifyCallBack [运行时间：0.307008s][吞吐率：3.26req/s] [内存消耗：4,500.41kb] [文件加载：90]
[ info ] [ LANG ] /home/www/web/thinkphp5.1/framework/lang/zh-cn.php
[ info ] [ ROUTE ] array (
)
[ info ] [ HEADER ] array (
  'accept' => '*/*',
  'connection' => 'Keep-Alive',
  'pragma' => 'no-cache',
  'content-length' => '859',
  'host' => 'msy.meishangyun.com',
  'user-agent' => 'Mozilla/4.0',
  'content-type' => 'text/xml',
)
[ info ] [ PARAM ] array (
)
[ info ] [ SESSION ] INIT array (
  'id' => '',
  'var_session_id' => '',
  'prefix' => 'common_',
  'type' => '',
  'auto_start' => true,
  'httponly' => true,
  'secure' => false,
  'expire' => 43200,
)
[ info ] [ DB ] INIT mysql
[ info ] [ DB ] INIT mysql
[ info ] [ LOG ] INIT File
[ error ] [4096]Argument 2 passed to think\Log::error() must be of the type array, string given[/home/www/web/thinkphp5.1/framework/library/think/Log.php:331]
[ error ] [4096]Argument 3 passed to think\Log::log() must be of the type array, string given, called in /home/www/web/thinkphp5.1/framework/library/think/Log.php on line 333 and defined[/home/www/web/thinkphp5.1/framework/library/think/Log.php:283]
[ error ] [4096]Argument 3 passed to think\Log::record() must be of the type array, string given, called in /home/www/web/thinkphp5.1/framework/library/think/Log.php on line 285 and defined[/home/www/web/thinkphp5.1/framework/library/think/Log.php:115]
[ error ] [2]Invalid argument supplied for foreach()[/home/www/web/thinkphp5.1/framework/library/think/Log.php:123]
[ error ] 数据库没有此订单
