[ 2018-09-06T15:16:13+08:00 ] 127.0.0.1 /
INFO: [ app_init ] --START--
INFO: Run Behavior\BuildLiteBehavior [ RunTime:0.000000s ]
INFO: [ app_init ] --END-- [ RunTime:0.116007s ]
INFO: [ app_begin ] --START--
INFO: Run Behavior\ReadHtmlCacheBehavior [ RunTime:0.036003s ]
INFO: [ app_begin ] --END-- [ RunTime:0.036003s ]
INFO: [ app_end ] --START--
INFO: Run Behavior\ShowPageTraceBehavior [ RunTime:0.031002s ]
INFO: [ app_end ] --END-- [ RunTime:0.031002s ]

[ 2018-09-06T15:16:23+08:00 ] 127.0.0.1 /
INFO: [ app_init ] --START--
INFO: Run Behavior\BuildLiteBehavior [ RunTime:0.000000s ]
INFO: [ app_init ] --END-- [ RunTime:0.000000s ]
INFO: [ app_begin ] --START--
INFO: Run Behavior\ReadHtmlCacheBehavior [ RunTime:0.000000s ]
INFO: [ app_begin ] --END-- [ RunTime:0.000000s ]
INFO: [ app_end ] --START--
INFO: Run Behavior\ShowPageTraceBehavior [ RunTime:0.001000s ]
INFO: [ app_end ] --END-- [ RunTime:0.001000s ]

[ 2018-09-06T15:16:23+08:00 ] 127.0.0.1 /
INFO: [ app_init ] --START--
INFO: Run Behavior\BuildLiteBehavior [ RunTime:0.000000s ]
INFO: [ app_init ] --END-- [ RunTime:0.000000s ]
INFO: [ app_begin ] --START--
INFO: Run Behavior\ReadHtmlCacheBehavior [ RunTime:0.000000s ]
INFO: [ app_begin ] --END-- [ RunTime:0.000000s ]
INFO: [ app_end ] --START--
INFO: Run Behavior\ShowPageTraceBehavior [ RunTime:0.001000s ]
INFO: [ app_end ] --END-- [ RunTime:0.001000s ]

[ 2018-09-06T15:16:23+08:00 ] 127.0.0.1 /
INFO: [ app_init ] --START--
INFO: Run Behavior\BuildLiteBehavior [ RunTime:0.000000s ]
INFO: [ app_init ] --END-- [ RunTime:0.001001s ]
INFO: [ app_begin ] --START--
INFO: Run Behavior\ReadHtmlCacheBehavior [ RunTime:0.001000s ]
INFO: [ app_begin ] --END-- [ RunTime:0.001000s ]
INFO: [ app_end ] --START--
INFO: Run Behavior\ShowPageTraceBehavior [ RunTime:0.001000s ]
INFO: [ app_end ] --END-- [ RunTime:0.001000s ]

[ 2018-09-06T15:16:25+08:00 ] 127.0.0.1 /
INFO: [ app_init ] --START--
INFO: Run Behavior\BuildLiteBehavior [ RunTime:0.000000s ]
INFO: [ app_init ] --END-- [ RunTime:0.001000s ]
INFO: [ app_begin ] --START--
INFO: Run Behavior\ReadHtmlCacheBehavior [ RunTime:0.001000s ]
INFO: [ app_begin ] --END-- [ RunTime:0.001000s ]
INFO: [ app_end ] --START--
INFO: Run Behavior\ShowPageTraceBehavior [ RunTime:0.000000s ]
INFO: [ app_end ] --END-- [ RunTime:0.000000s ]

[ 2018-09-06T15:16:26+08:00 ] 127.0.0.1 /
INFO: [ app_init ] --START--
INFO: Run Behavior\BuildLiteBehavior [ RunTime:0.000000s ]
INFO: [ app_init ] --END-- [ RunTime:0.001000s ]
INFO: [ app_begin ] --START--
INFO: Run Behavior\ReadHtmlCacheBehavior [ RunTime:0.000000s ]
INFO: [ app_begin ] --END-- [ RunTime:0.000000s ]
INFO: [ app_end ] --START--
INFO: Run Behavior\ShowPageTraceBehavior [ RunTime:0.000000s ]
INFO: [ app_end ] --END-- [ RunTime:0.000000s ]

[ 2018-09-06T15:16:26+08:00 ] 127.0.0.1 /
INFO: [ app_init ] --START--
INFO: Run Behavior\BuildLiteBehavior [ RunTime:0.000000s ]
INFO: [ app_init ] --END-- [ RunTime:0.000000s ]
INFO: [ app_begin ] --START--
INFO: Run Behavior\ReadHtmlCacheBehavior [ RunTime:0.000000s ]
INFO: [ app_begin ] --END-- [ RunTime:0.000000s ]
INFO: [ app_end ] --START--
INFO: Run Behavior\ShowPageTraceBehavior [ RunTime:0.000000s ]
INFO: [ app_end ] --END-- [ RunTime:0.001001s ]

[ 2018-09-06T15:25:28+08:00 ] 127.0.0.1 /
INFO: [ app_init ] --START--
INFO: Run Behavior\BuildLiteBehavior [ RunTime:0.000000s ]
INFO: [ app_init ] --END-- [ RunTime:0.000000s ]
INFO: [ app_begin ] --START--
INFO: Run Behavior\ReadHtmlCacheBehavior [ RunTime:0.000000s ]
INFO: [ app_begin ] --END-- [ RunTime:0.000000s ]
INFO: [ app_end ] --START--
INFO: Run Behavior\ShowPageTraceBehavior [ RunTime:0.000000s ]
INFO: [ app_end ] --END-- [ RunTime:0.000000s ]

[ 2018-09-06T15:26:06+08:00 ] 127.0.0.1 /
INFO: [ app_init ] --START--
INFO: Run Behavior\BuildLiteBehavior [ RunTime:0.000000s ]
INFO: [ app_init ] --END-- [ RunTime:0.000000s ]
INFO: [ app_begin ] --START--
INFO: Run Behavior\ReadHtmlCacheBehavior [ RunTime:0.001000s ]
INFO: [ app_begin ] --END-- [ RunTime:0.001000s ]
INFO: [ app_end ] --START--
INFO: Run Behavior\ShowPageTraceBehavior [ RunTime:0.000000s ]
INFO: [ app_end ] --END-- [ RunTime:0.000000s ]

[ 2018-09-06T15:26:10+08:00 ] 127.0.0.1 /
INFO: [ app_init ] --START--
INFO: Run Behavior\BuildLiteBehavior [ RunTime:0.000000s ]
INFO: [ app_init ] --END-- [ RunTime:0.000000s ]
INFO: [ app_begin ] --START--
INFO: Run Behavior\ReadHtmlCacheBehavior [ RunTime:0.000000s ]
INFO: [ app_begin ] --END-- [ RunTime:0.000000s ]
INFO: [ app_end ] --START--
INFO: Run Behavior\ShowPageTraceBehavior [ RunTime:0.000000s ]
INFO: [ app_end ] --END-- [ RunTime:0.000000s ]

[ 2018-09-06T15:29:47+08:00 ] 127.0.0.1 /index.php/Home/User/login.html
INFO: [ app_init ] --START--
INFO: Run Behavior\BuildLiteBehavior [ RunTime:0.000000s ]
INFO: [ app_init ] --END-- [ RunTime:0.000000s ]
INFO: [ app_begin ] --START--
INFO: Run Behavior\ReadHtmlCacheBehavior [ RunTime:0.001000s ]
INFO: [ app_begin ] --END-- [ RunTime:0.001000s ]
NOTIC: [8] curl_setopt(): CURLOPT_SSL_VERIFYHOST no longer accepts the value 1, value 2 will be used instead D:\web\thinkphp3.2\web\all\Component\WxpayAPI\Jssdk.class.php 第 138 行.
NOTIC: [8] Trying to get property of non-object D:\web\thinkphp3.2\web\all\Component\WxpayAPI\Jssdk.class.php 第 22 行.
NOTIC: [8] curl_setopt(): CURLOPT_SSL_VERIFYHOST no longer accepts the value 1, value 2 will be used instead D:\web\thinkphp3.2\web\all\Component\WxpayAPI\Jssdk.class.php 第 138 行.
NOTIC: [8] Trying to get property of non-object D:\web\thinkphp3.2\web\all\Component\WxpayAPI\Jssdk.class.php 第 119 行.
NOTIC: [8] curl_setopt(): CURLOPT_SSL_VERIFYHOST no longer accepts the value 1, value 2 will be used instead D:\web\thinkphp3.2\web\all\Component\WxpayAPI\Jssdk.class.php 第 138 行.
NOTIC: [8] Trying to get property of non-object D:\web\thinkphp3.2\web\all\Component\WxpayAPI\Jssdk.class.php 第 94 行.
SQL: SHOW COLUMNS FROM `user` [ RunTime:0.0060s ]
SQL: SELECT `id`,`name`,`nickname`,`mobile_phone`,`status`,`type`,`password`,`avatar`,`sex`,`salt`,`birthday`,`last_login_time` FROM `user` WHERE `status` = 0 AND `name` = '13679898384' LIMIT 1   [ RunTime:0.0010s ]

[ 2018-09-06T15:29:53+08:00 ] 127.0.0.1 /index.php/Home/User/login.html
INFO: [ app_init ] --START--
INFO: Run Behavior\BuildLiteBehavior [ RunTime:0.000000s ]
INFO: [ app_init ] --END-- [ RunTime:0.001000s ]
INFO: [ app_begin ] --START--
INFO: Run Behavior\ReadHtmlCacheBehavior [ RunTime:0.000000s ]
INFO: [ app_begin ] --END-- [ RunTime:0.000000s ]
NOTIC: [8] curl_setopt(): CURLOPT_SSL_VERIFYHOST no longer accepts the value 1, value 2 will be used instead D:\web\thinkphp3.2\web\all\Component\WxpayAPI\Jssdk.class.php 第 138 行.
NOTIC: [8] Trying to get property of non-object D:\web\thinkphp3.2\web\all\Component\WxpayAPI\Jssdk.class.php 第 22 行.
NOTIC: [8] curl_setopt(): CURLOPT_SSL_VERIFYHOST no longer accepts the value 1, value 2 will be used instead D:\web\thinkphp3.2\web\all\Component\WxpayAPI\Jssdk.class.php 第 138 行.
NOTIC: [8] Trying to get property of non-object D:\web\thinkphp3.2\web\all\Component\WxpayAPI\Jssdk.class.php 第 119 行.
NOTIC: [8] curl_setopt(): CURLOPT_SSL_VERIFYHOST no longer accepts the value 1, value 2 will be used instead D:\web\thinkphp3.2\web\all\Component\WxpayAPI\Jssdk.class.php 第 138 行.
NOTIC: [8] Trying to get property of non-object D:\web\thinkphp3.2\web\all\Component\WxpayAPI\Jssdk.class.php 第 94 行.
SQL: SHOW COLUMNS FROM `user` [ RunTime:0.0040s ]
SQL: SELECT `id`,`name`,`nickname`,`mobile_phone`,`status`,`type`,`password`,`avatar`,`sex`,`salt`,`birthday`,`last_login_time` FROM `user` WHERE `status` = 0 AND `name` = '13679898384' LIMIT 1   [ RunTime:0.0010s ]

[ 2018-09-06T15:30:00+08:00 ] 127.0.0.1 /index.php/Home/User/login.html
INFO: [ app_init ] --START--
INFO: Run Behavior\BuildLiteBehavior [ RunTime:0.000000s ]
INFO: [ app_init ] --END-- [ RunTime:0.001000s ]
INFO: [ app_begin ] --START--
INFO: Run Behavior\ReadHtmlCacheBehavior [ RunTime:0.000000s ]
INFO: [ app_begin ] --END-- [ RunTime:0.000000s ]
NOTIC: [8] curl_setopt(): CURLOPT_SSL_VERIFYHOST no longer accepts the value 1, value 2 will be used instead D:\web\thinkphp3.2\web\all\Component\WxpayAPI\Jssdk.class.php 第 138 行.
NOTIC: [8] Trying to get property of non-object D:\web\thinkphp3.2\web\all\Component\WxpayAPI\Jssdk.class.php 第 22 行.
NOTIC: [8] curl_setopt(): CURLOPT_SSL_VERIFYHOST no longer accepts the value 1, value 2 will be used instead D:\web\thinkphp3.2\web\all\Component\WxpayAPI\Jssdk.class.php 第 138 行.
NOTIC: [8] Trying to get property of non-object D:\web\thinkphp3.2\web\all\Component\WxpayAPI\Jssdk.class.php 第 119 行.
NOTIC: [8] curl_setopt(): CURLOPT_SSL_VERIFYHOST no longer accepts the value 1, value 2 will be used instead D:\web\thinkphp3.2\web\all\Component\WxpayAPI\Jssdk.class.php 第 138 行.
NOTIC: [8] Trying to get property of non-object D:\web\thinkphp3.2\web\all\Component\WxpayAPI\Jssdk.class.php 第 94 行.
SQL: SHOW COLUMNS FROM `user` [ RunTime:0.0170s ]
SQL: SELECT `id`,`name`,`nickname`,`mobile_phone`,`status`,`type`,`password`,`avatar`,`sex`,`salt`,`birthday`,`last_login_time` FROM `user` WHERE `status` = 0 AND `name` = '13679898384' LIMIT 1   [ RunTime:0.0010s ]

[ 2018-09-06T15:30:25+08:00 ] 127.0.0.1 /index.php/Home/User/login.html
INFO: [ app_init ] --START--
INFO: Run Behavior\BuildLiteBehavior [ RunTime:0.000000s ]
INFO: [ app_init ] --END-- [ RunTime:0.001000s ]
INFO: [ app_begin ] --START--
INFO: Run Behavior\ReadHtmlCacheBehavior [ RunTime:0.000000s ]
INFO: [ app_begin ] --END-- [ RunTime:0.000000s ]
NOTIC: [8] curl_setopt(): CURLOPT_SSL_VERIFYHOST no longer accepts the value 1, value 2 will be used instead D:\web\thinkphp3.2\web\all\Component\WxpayAPI\Jssdk.class.php 第 138 行.
NOTIC: [8] Trying to get property of non-object D:\web\thinkphp3.2\web\all\Component\WxpayAPI\Jssdk.class.php 第 22 行.
NOTIC: [8] curl_setopt(): CURLOPT_SSL_VERIFYHOST no longer accepts the value 1, value 2 will be used instead D:\web\thinkphp3.2\web\all\Component\WxpayAPI\Jssdk.class.php 第 138 行.
NOTIC: [8] Trying to get property of non-object D:\web\thinkphp3.2\web\all\Component\WxpayAPI\Jssdk.class.php 第 119 行.
NOTIC: [8] curl_setopt(): CURLOPT_SSL_VERIFYHOST no longer accepts the value 1, value 2 will be used instead D:\web\thinkphp3.2\web\all\Component\WxpayAPI\Jssdk.class.php 第 138 行.
NOTIC: [8] Trying to get property of non-object D:\web\thinkphp3.2\web\all\Component\WxpayAPI\Jssdk.class.php 第 94 行.
SQL: SHOW COLUMNS FROM `user` [ RunTime:0.0020s ]
SQL: SELECT `id`,`name`,`nickname`,`mobile_phone`,`status`,`type`,`password`,`avatar`,`sex`,`salt`,`birthday`,`last_login_time` FROM `user` WHERE `status` = 0 AND `name` = '13679898384' LIMIT 1   [ RunTime:0.0010s ]

[ 2018-09-06T15:30:37+08:00 ] 127.0.0.1 /index.php/Home/User/login.html
INFO: [ app_init ] --START--
INFO: Run Behavior\BuildLiteBehavior [ RunTime:0.000000s ]
INFO: [ app_init ] --END-- [ RunTime:0.000000s ]
INFO: [ app_begin ] --START--
INFO: Run Behavior\ReadHtmlCacheBehavior [ RunTime:0.001000s ]
INFO: [ app_begin ] --END-- [ RunTime:0.001000s ]
NOTIC: [8] curl_setopt(): CURLOPT_SSL_VERIFYHOST no longer accepts the value 1, value 2 will be used instead D:\web\thinkphp3.2\web\all\Component\WxpayAPI\Jssdk.class.php 第 138 行.
NOTIC: [8] Trying to get property of non-object D:\web\thinkphp3.2\web\all\Component\WxpayAPI\Jssdk.class.php 第 22 行.
NOTIC: [8] curl_setopt(): CURLOPT_SSL_VERIFYHOST no longer accepts the value 1, value 2 will be used instead D:\web\thinkphp3.2\web\all\Component\WxpayAPI\Jssdk.class.php 第 138 行.
NOTIC: [8] Trying to get property of non-object D:\web\thinkphp3.2\web\all\Component\WxpayAPI\Jssdk.class.php 第 119 行.
NOTIC: [8] curl_setopt(): CURLOPT_SSL_VERIFYHOST no longer accepts the value 1, value 2 will be used instead D:\web\thinkphp3.2\web\all\Component\WxpayAPI\Jssdk.class.php 第 138 行.
NOTIC: [8] Trying to get property of non-object D:\web\thinkphp3.2\web\all\Component\WxpayAPI\Jssdk.class.php 第 94 行.
SQL: SHOW COLUMNS FROM `user` [ RunTime:0.0050s ]
SQL: SELECT `id`,`name`,`nickname`,`mobile_phone`,`status`,`type`,`password`,`avatar`,`sex`,`salt`,`birthday`,`last_login_time` FROM `user` WHERE `status` = 0 AND `name` = '13679898384' LIMIT 1   [ RunTime:0.0010s ]

[ 2018-09-06T15:31:10+08:00 ] 127.0.0.1 /index.php/Home/User/login.html
INFO: [ app_init ] --START--
INFO: Run Behavior\BuildLiteBehavior [ RunTime:0.000000s ]
INFO: [ app_init ] --END-- [ RunTime:0.000000s ]
INFO: [ app_begin ] --START--
INFO: Run Behavior\ReadHtmlCacheBehavior [ RunTime:0.001000s ]
INFO: [ app_begin ] --END-- [ RunTime:0.001000s ]
NOTIC: [8] curl_setopt(): CURLOPT_SSL_VERIFYHOST no longer accepts the value 1, value 2 will be used instead D:\web\thinkphp3.2\web\all\Component\WxpayAPI\Jssdk.class.php 第 138 行.
NOTIC: [8] Trying to get property of non-object D:\web\thinkphp3.2\web\all\Component\WxpayAPI\Jssdk.class.php 第 22 行.
NOTIC: [8] curl_setopt(): CURLOPT_SSL_VERIFYHOST no longer accepts the value 1, value 2 will be used instead D:\web\thinkphp3.2\web\all\Component\WxpayAPI\Jssdk.class.php 第 138 行.
NOTIC: [8] Trying to get property of non-object D:\web\thinkphp3.2\web\all\Component\WxpayAPI\Jssdk.class.php 第 119 行.
NOTIC: [8] curl_setopt(): CURLOPT_SSL_VERIFYHOST no longer accepts the value 1, value 2 will be used instead D:\web\thinkphp3.2\web\all\Component\WxpayAPI\Jssdk.class.php 第 138 行.
NOTIC: [8] Trying to get property of non-object D:\web\thinkphp3.2\web\all\Component\WxpayAPI\Jssdk.class.php 第 94 行.
SQL: SHOW COLUMNS FROM `user` [ RunTime:0.0160s ]
SQL: SELECT `id`,`name`,`nickname`,`mobile_phone`,`status`,`type`,`password`,`avatar`,`sex`,`salt`,`birthday`,`last_login_time` FROM `user` WHERE `status` = 0 AND `name` = '13679898384' LIMIT 1   [ RunTime:0.0000s ]

[ 2018-09-06T15:31:16+08:00 ] 127.0.0.1 /index.php/Home/User/login.html
INFO: [ app_init ] --START--
INFO: Run Behavior\BuildLiteBehavior [ RunTime:0.000000s ]
INFO: [ app_init ] --END-- [ RunTime:0.001000s ]
INFO: [ app_begin ] --START--
INFO: Run Behavior\ReadHtmlCacheBehavior [ RunTime:0.001000s ]
INFO: [ app_begin ] --END-- [ RunTime:0.001000s ]
NOTIC: [8] curl_setopt(): CURLOPT_SSL_VERIFYHOST no longer accepts the value 1, value 2 will be used instead D:\web\thinkphp3.2\web\all\Component\WxpayAPI\Jssdk.class.php 第 138 行.
NOTIC: [8] Trying to get property of non-object D:\web\thinkphp3.2\web\all\Component\WxpayAPI\Jssdk.class.php 第 22 行.
NOTIC: [8] curl_setopt(): CURLOPT_SSL_VERIFYHOST no longer accepts the value 1, value 2 will be used instead D:\web\thinkphp3.2\web\all\Component\WxpayAPI\Jssdk.class.php 第 138 行.
NOTIC: [8] Trying to get property of non-object D:\web\thinkphp3.2\web\all\Component\WxpayAPI\Jssdk.class.php 第 119 行.
NOTIC: [8] curl_setopt(): CURLOPT_SSL_VERIFYHOST no longer accepts the value 1, value 2 will be used instead D:\web\thinkphp3.2\web\all\Component\WxpayAPI\Jssdk.class.php 第 138 行.
NOTIC: [8] Trying to get property of non-object D:\web\thinkphp3.2\web\all\Component\WxpayAPI\Jssdk.class.php 第 94 行.
SQL: SHOW COLUMNS FROM `user` [ RunTime:0.0020s ]
SQL: SELECT `id`,`name`,`nickname`,`mobile_phone`,`status`,`type`,`password`,`avatar`,`sex`,`salt`,`birthday`,`last_login_time` FROM `user` WHERE `status` = 0 AND `name` = '13679898384' LIMIT 1   [ RunTime:0.0000s ]

[ 2018-09-06T15:31:24+08:00 ] 127.0.0.1 /index.php/Home/User/login.html
INFO: [ app_init ] --START--
INFO: Run Behavior\BuildLiteBehavior [ RunTime:0.000000s ]
INFO: [ app_init ] --END-- [ RunTime:0.001000s ]
INFO: [ app_begin ] --START--
INFO: Run Behavior\ReadHtmlCacheBehavior [ RunTime:0.000000s ]
INFO: [ app_begin ] --END-- [ RunTime:0.000000s ]
NOTIC: [8] curl_setopt(): CURLOPT_SSL_VERIFYHOST no longer accepts the value 1, value 2 will be used instead D:\web\thinkphp3.2\web\all\Component\WxpayAPI\Jssdk.class.php 第 138 行.
NOTIC: [8] Trying to get property of non-object D:\web\thinkphp3.2\web\all\Component\WxpayAPI\Jssdk.class.php 第 22 行.
NOTIC: [8] curl_setopt(): CURLOPT_SSL_VERIFYHOST no longer accepts the value 1, value 2 will be used instead D:\web\thinkphp3.2\web\all\Component\WxpayAPI\Jssdk.class.php 第 138 行.
NOTIC: [8] Trying to get property of non-object D:\web\thinkphp3.2\web\all\Component\WxpayAPI\Jssdk.class.php 第 119 行.
NOTIC: [8] curl_setopt(): CURLOPT_SSL_VERIFYHOST no longer accepts the value 1, value 2 will be used instead D:\web\thinkphp3.2\web\all\Component\WxpayAPI\Jssdk.class.php 第 138 行.
NOTIC: [8] Trying to get property of non-object D:\web\thinkphp3.2\web\all\Component\WxpayAPI\Jssdk.class.php 第 94 行.
SQL: SHOW COLUMNS FROM `user` [ RunTime:0.0100s ]
SQL: SELECT `id`,`name`,`nickname`,`mobile_phone`,`status`,`type`,`password`,`avatar`,`sex`,`salt`,`birthday`,`last_login_time` FROM `user` WHERE `status` = 0 AND `name` = '13679898384' LIMIT 1   [ RunTime:0.0000s ]

[ 2018-09-06T15:31:36+08:00 ] 127.0.0.1 /index.php/Home/User/login.html
INFO: [ app_init ] --START--
INFO: Run Behavior\BuildLiteBehavior [ RunTime:0.000000s ]
INFO: [ app_init ] --END-- [ RunTime:0.000000s ]
INFO: [ app_begin ] --START--
INFO: Run Behavior\ReadHtmlCacheBehavior [ RunTime:0.001001s ]
INFO: [ app_begin ] --END-- [ RunTime:0.001001s ]
NOTIC: [8] curl_setopt(): CURLOPT_SSL_VERIFYHOST no longer accepts the value 1, value 2 will be used instead D:\web\thinkphp3.2\web\all\Component\WxpayAPI\Jssdk.class.php 第 138 行.
NOTIC: [8] Trying to get property of non-object D:\web\thinkphp3.2\web\all\Component\WxpayAPI\Jssdk.class.php 第 22 行.
NOTIC: [8] curl_setopt(): CURLOPT_SSL_VERIFYHOST no longer accepts the value 1, value 2 will be used instead D:\web\thinkphp3.2\web\all\Component\WxpayAPI\Jssdk.class.php 第 138 行.
NOTIC: [8] Trying to get property of non-object D:\web\thinkphp3.2\web\all\Component\WxpayAPI\Jssdk.class.php 第 119 行.
NOTIC: [8] curl_setopt(): CURLOPT_SSL_VERIFYHOST no longer accepts the value 1, value 2 will be used instead D:\web\thinkphp3.2\web\all\Component\WxpayAPI\Jssdk.class.php 第 138 行.
NOTIC: [8] Trying to get property of non-object D:\web\thinkphp3.2\web\all\Component\WxpayAPI\Jssdk.class.php 第 94 行.
SQL: SHOW COLUMNS FROM `user` [ RunTime:0.0040s ]
SQL: SELECT `id`,`name`,`nickname`,`mobile_phone`,`status`,`type`,`password`,`avatar`,`sex`,`salt`,`birthday`,`last_login_time` FROM `user` WHERE `status` = 0 AND `name` = '13679898384' LIMIT 1   [ RunTime:0.0000s ]

[ 2018-09-06T15:32:11+08:00 ] 127.0.0.1 /index.php/Home/User/login.html
INFO: [ app_init ] --START--
INFO: Run Behavior\BuildLiteBehavior [ RunTime:0.000000s ]
INFO: [ app_init ] --END-- [ RunTime:0.000000s ]
INFO: [ app_begin ] --START--
INFO: Run Behavior\ReadHtmlCacheBehavior [ RunTime:0.001000s ]
INFO: [ app_begin ] --END-- [ RunTime:0.001000s ]
NOTIC: [8] curl_setopt(): CURLOPT_SSL_VERIFYHOST no longer accepts the value 1, value 2 will be used instead D:\web\thinkphp3.2\web\all\Component\WxpayAPI\Jssdk.class.php 第 138 行.
NOTIC: [8] Trying to get property of non-object D:\web\thinkphp3.2\web\all\Component\WxpayAPI\Jssdk.class.php 第 22 行.
NOTIC: [8] curl_setopt(): CURLOPT_SSL_VERIFYHOST no longer accepts the value 1, value 2 will be used instead D:\web\thinkphp3.2\web\all\Component\WxpayAPI\Jssdk.class.php 第 138 行.
NOTIC: [8] Trying to get property of non-object D:\web\thinkphp3.2\web\all\Component\WxpayAPI\Jssdk.class.php 第 119 行.
NOTIC: [8] curl_setopt(): CURLOPT_SSL_VERIFYHOST no longer accepts the value 1, value 2 will be used instead D:\web\thinkphp3.2\web\all\Component\WxpayAPI\Jssdk.class.php 第 138 行.
NOTIC: [8] Trying to get property of non-object D:\web\thinkphp3.2\web\all\Component\WxpayAPI\Jssdk.class.php 第 94 行.
SQL: SHOW COLUMNS FROM `user` [ RunTime:0.0070s ]
SQL: SELECT `id`,`name`,`nickname`,`mobile_phone`,`status`,`type`,`password`,`avatar`,`sex`,`salt`,`birthday`,`last_login_time` FROM `user` WHERE `status` = 0 AND `name` = '18819362618' LIMIT 1   [ RunTime:0.0020s ]

[ 2018-09-06T15:32:19+08:00 ] 127.0.0.1 /index.php/Home/User/login.html
INFO: [ app_init ] --START--
INFO: Run Behavior\BuildLiteBehavior [ RunTime:0.000000s ]
INFO: [ app_init ] --END-- [ RunTime:0.001000s ]
INFO: [ app_begin ] --START--
INFO: Run Behavior\ReadHtmlCacheBehavior [ RunTime:0.000000s ]
INFO: [ app_begin ] --END-- [ RunTime:0.001000s ]
NOTIC: [8] curl_setopt(): CURLOPT_SSL_VERIFYHOST no longer accepts the value 1, value 2 will be used instead D:\web\thinkphp3.2\web\all\Component\WxpayAPI\Jssdk.class.php 第 138 行.
NOTIC: [8] Trying to get property of non-object D:\web\thinkphp3.2\web\all\Component\WxpayAPI\Jssdk.class.php 第 22 行.
NOTIC: [8] curl_setopt(): CURLOPT_SSL_VERIFYHOST no longer accepts the value 1, value 2 will be used instead D:\web\thinkphp3.2\web\all\Component\WxpayAPI\Jssdk.class.php 第 138 行.
NOTIC: [8] Trying to get property of non-object D:\web\thinkphp3.2\web\all\Component\WxpayAPI\Jssdk.class.php 第 119 行.
NOTIC: [8] curl_setopt(): CURLOPT_SSL_VERIFYHOST no longer accepts the value 1, value 2 will be used instead D:\web\thinkphp3.2\web\all\Component\WxpayAPI\Jssdk.class.php 第 138 行.
NOTIC: [8] Trying to get property of non-object D:\web\thinkphp3.2\web\all\Component\WxpayAPI\Jssdk.class.php 第 94 行.
SQL: SHOW COLUMNS FROM `user` [ RunTime:0.0220s ]
SQL: SELECT `id`,`name`,`nickname`,`mobile_phone`,`status`,`type`,`password`,`avatar`,`sex`,`salt`,`birthday`,`last_login_time` FROM `user` WHERE `status` = 0 AND `name` = '18819362618' LIMIT 1   [ RunTime:0.0010s ]

[ 2018-09-06T15:32:25+08:00 ] 127.0.0.1 /index.php/Home/User/login.html
INFO: [ app_init ] --START--
INFO: Run Behavior\BuildLiteBehavior [ RunTime:0.000000s ]
INFO: [ app_init ] --END-- [ RunTime:0.000000s ]
INFO: [ app_begin ] --START--
INFO: Run Behavior\ReadHtmlCacheBehavior [ RunTime:0.001000s ]
INFO: [ app_begin ] --END-- [ RunTime:0.001000s ]
NOTIC: [8] curl_setopt(): CURLOPT_SSL_VERIFYHOST no longer accepts the value 1, value 2 will be used instead D:\web\thinkphp3.2\web\all\Component\WxpayAPI\Jssdk.class.php 第 138 行.
NOTIC: [8] Trying to get property of non-object D:\web\thinkphp3.2\web\all\Component\WxpayAPI\Jssdk.class.php 第 22 行.
NOTIC: [8] curl_setopt(): CURLOPT_SSL_VERIFYHOST no longer accepts the value 1, value 2 will be used instead D:\web\thinkphp3.2\web\all\Component\WxpayAPI\Jssdk.class.php 第 138 行.
NOTIC: [8] Trying to get property of non-object D:\web\thinkphp3.2\web\all\Component\WxpayAPI\Jssdk.class.php 第 119 行.
NOTIC: [8] curl_setopt(): CURLOPT_SSL_VERIFYHOST no longer accepts the value 1, value 2 will be used instead D:\web\thinkphp3.2\web\all\Component\WxpayAPI\Jssdk.class.php 第 138 行.
NOTIC: [8] Trying to get property of non-object D:\web\thinkphp3.2\web\all\Component\WxpayAPI\Jssdk.class.php 第 94 行.
SQL: SHOW COLUMNS FROM `user` [ RunTime:0.0020s ]
SQL: SELECT `id`,`name`,`nickname`,`mobile_phone`,`status`,`type`,`password`,`avatar`,`sex`,`salt`,`birthday`,`last_login_time` FROM `user` WHERE `status` = 0 AND `name` = '18819362618' LIMIT 1   [ RunTime:0.0000s ]

[ 2018-09-06T15:32:48+08:00 ] 127.0.0.1 /index.php/Home/User/login.html
INFO: [ app_init ] --START--
INFO: Run Behavior\BuildLiteBehavior [ RunTime:0.000000s ]
INFO: [ app_init ] --END-- [ RunTime:0.000000s ]
INFO: [ app_begin ] --START--
INFO: Run Behavior\ReadHtmlCacheBehavior [ RunTime:0.001000s ]
INFO: [ app_begin ] --END-- [ RunTime:0.001000s ]
NOTIC: [8] curl_setopt(): CURLOPT_SSL_VERIFYHOST no longer accepts the value 1, value 2 will be used instead D:\web\thinkphp3.2\web\all\Component\WxpayAPI\Jssdk.class.php 第 138 行.
NOTIC: [8] Trying to get property of non-object D:\web\thinkphp3.2\web\all\Component\WxpayAPI\Jssdk.class.php 第 22 行.
NOTIC: [8] curl_setopt(): CURLOPT_SSL_VERIFYHOST no longer accepts the value 1, value 2 will be used instead D:\web\thinkphp3.2\web\all\Component\WxpayAPI\Jssdk.class.php 第 138 行.
NOTIC: [8] Trying to get property of non-object D:\web\thinkphp3.2\web\all\Component\WxpayAPI\Jssdk.class.php 第 119 行.
NOTIC: [8] curl_setopt(): CURLOPT_SSL_VERIFYHOST no longer accepts the value 1, value 2 will be used instead D:\web\thinkphp3.2\web\all\Component\WxpayAPI\Jssdk.class.php 第 138 行.
NOTIC: [8] Trying to get property of non-object D:\web\thinkphp3.2\web\all\Component\WxpayAPI\Jssdk.class.php 第 94 行.
SQL: SHOW COLUMNS FROM `user` [ RunTime:0.0030s ]
SQL: SELECT `id`,`name`,`nickname`,`mobile_phone`,`status`,`type`,`password`,`avatar`,`sex`,`salt`,`birthday`,`last_login_time` FROM `user` WHERE `status` = 0 AND `name` = '18819362618' LIMIT 1   [ RunTime:0.0000s ]

[ 2018-09-06T15:33:34+08:00 ] 127.0.0.1 /index.php/Home/User/login.html
INFO: [ app_init ] --START--
INFO: Run Behavior\BuildLiteBehavior [ RunTime:0.000000s ]
INFO: [ app_init ] --END-- [ RunTime:0.000000s ]
INFO: [ app_begin ] --START--
INFO: Run Behavior\ReadHtmlCacheBehavior [ RunTime:0.001000s ]
INFO: [ app_begin ] --END-- [ RunTime:0.001000s ]
NOTIC: [8] curl_setopt(): CURLOPT_SSL_VERIFYHOST no longer accepts the value 1, value 2 will be used instead D:\web\thinkphp3.2\web\all\Component\WxpayAPI\Jssdk.class.php 第 138 行.
NOTIC: [8] Trying to get property of non-object D:\web\thinkphp3.2\web\all\Component\WxpayAPI\Jssdk.class.php 第 22 行.
NOTIC: [8] curl_setopt(): CURLOPT_SSL_VERIFYHOST no longer accepts the value 1, value 2 will be used instead D:\web\thinkphp3.2\web\all\Component\WxpayAPI\Jssdk.class.php 第 138 行.
NOTIC: [8] Trying to get property of non-object D:\web\thinkphp3.2\web\all\Component\WxpayAPI\Jssdk.class.php 第 119 行.
NOTIC: [8] curl_setopt(): CURLOPT_SSL_VERIFYHOST no longer accepts the value 1, value 2 will be used instead D:\web\thinkphp3.2\web\all\Component\WxpayAPI\Jssdk.class.php 第 138 行.
NOTIC: [8] Trying to get property of non-object D:\web\thinkphp3.2\web\all\Component\WxpayAPI\Jssdk.class.php 第 94 行.
SQL: SHOW COLUMNS FROM `user` [ RunTime:0.0020s ]
SQL: SELECT `id`,`name`,`nickname`,`mobile_phone`,`status`,`type`,`password`,`avatar`,`sex`,`salt`,`birthday`,`last_login_time` FROM `user` WHERE `status` = 0 AND `name` = '13710651399' LIMIT 1   [ RunTime:0.0010s ]

[ 2018-09-06T15:33:39+08:00 ] 127.0.0.1 /index.php/Home/User/login.html
INFO: [ app_init ] --START--
INFO: Run Behavior\BuildLiteBehavior [ RunTime:0.000000s ]
INFO: [ app_init ] --END-- [ RunTime:0.000000s ]
INFO: [ app_begin ] --START--
INFO: Run Behavior\ReadHtmlCacheBehavior [ RunTime:0.001000s ]
INFO: [ app_begin ] --END-- [ RunTime:0.001000s ]
NOTIC: [8] curl_setopt(): CURLOPT_SSL_VERIFYHOST no longer accepts the value 1, value 2 will be used instead D:\web\thinkphp3.2\web\all\Component\WxpayAPI\Jssdk.class.php 第 138 行.
NOTIC: [8] Trying to get property of non-object D:\web\thinkphp3.2\web\all\Component\WxpayAPI\Jssdk.class.php 第 22 行.
NOTIC: [8] curl_setopt(): CURLOPT_SSL_VERIFYHOST no longer accepts the value 1, value 2 will be used instead D:\web\thinkphp3.2\web\all\Component\WxpayAPI\Jssdk.class.php 第 138 行.
NOTIC: [8] Trying to get property of non-object D:\web\thinkphp3.2\web\all\Component\WxpayAPI\Jssdk.class.php 第 119 行.
NOTIC: [8] curl_setopt(): CURLOPT_SSL_VERIFYHOST no longer accepts the value 1, value 2 will be used instead D:\web\thinkphp3.2\web\all\Component\WxpayAPI\Jssdk.class.php 第 138 行.
NOTIC: [8] Trying to get property of non-object D:\web\thinkphp3.2\web\all\Component\WxpayAPI\Jssdk.class.php 第 94 行.
SQL: SHOW COLUMNS FROM `user` [ RunTime:0.0020s ]
SQL: SELECT `id`,`name`,`nickname`,`mobile_phone`,`status`,`type`,`password`,`avatar`,`sex`,`salt`,`birthday`,`last_login_time` FROM `user` WHERE `status` = 0 AND `name` = '13710651399' LIMIT 1   [ RunTime:0.0010s ]

[ 2018-09-06T15:33:45+08:00 ] 127.0.0.1 /index.php/Home/User/login.html
INFO: [ app_init ] --START--
INFO: Run Behavior\BuildLiteBehavior [ RunTime:0.000000s ]
INFO: [ app_init ] --END-- [ RunTime:0.000000s ]
INFO: [ app_begin ] --START--
INFO: Run Behavior\ReadHtmlCacheBehavior [ RunTime:0.000000s ]
INFO: [ app_begin ] --END-- [ RunTime:0.000000s ]
NOTIC: [8] curl_setopt(): CURLOPT_SSL_VERIFYHOST no longer accepts the value 1, value 2 will be used instead D:\web\thinkphp3.2\web\all\Component\WxpayAPI\Jssdk.class.php 第 138 行.
NOTIC: [8] Trying to get property of non-object D:\web\thinkphp3.2\web\all\Component\WxpayAPI\Jssdk.class.php 第 22 行.
NOTIC: [8] curl_setopt(): CURLOPT_SSL_VERIFYHOST no longer accepts the value 1, value 2 will be used instead D:\web\thinkphp3.2\web\all\Component\WxpayAPI\Jssdk.class.php 第 138 行.
NOTIC: [8] Trying to get property of non-object D:\web\thinkphp3.2\web\all\Component\WxpayAPI\Jssdk.class.php 第 119 行.
NOTIC: [8] curl_setopt(): CURLOPT_SSL_VERIFYHOST no longer accepts the value 1, value 2 will be used instead D:\web\thinkphp3.2\web\all\Component\WxpayAPI\Jssdk.class.php 第 138 行.
NOTIC: [8] Trying to get property of non-object D:\web\thinkphp3.2\web\all\Component\WxpayAPI\Jssdk.class.php 第 94 行.
SQL: SHOW COLUMNS FROM `user` [ RunTime:0.0140s ]
SQL: SELECT `id`,`name`,`nickname`,`mobile_phone`,`status`,`type`,`password`,`avatar`,`sex`,`salt`,`birthday`,`last_login_time` FROM `user` WHERE `status` = 0 AND `name` = '13710651399' LIMIT 1   [ RunTime:0.0000s ]

[ 2018-09-06T15:33:47+08:00 ] 127.0.0.1 /index.php/Home/User/login.html
INFO: [ app_init ] --START--
INFO: Run Behavior\BuildLiteBehavior [ RunTime:0.000000s ]
INFO: [ app_init ] --END-- [ RunTime:0.000000s ]
INFO: [ app_begin ] --START--
INFO: Run Behavior\ReadHtmlCacheBehavior [ RunTime:0.000000s ]
INFO: [ app_begin ] --END-- [ RunTime:0.000000s ]
NOTIC: [8] curl_setopt(): CURLOPT_SSL_VERIFYHOST no longer accepts the value 1, value 2 will be used instead D:\web\thinkphp3.2\web\all\Component\WxpayAPI\Jssdk.class.php 第 138 行.
NOTIC: [8] Trying to get property of non-object D:\web\thinkphp3.2\web\all\Component\WxpayAPI\Jssdk.class.php 第 22 行.
NOTIC: [8] curl_setopt(): CURLOPT_SSL_VERIFYHOST no longer accepts the value 1, value 2 will be used instead D:\web\thinkphp3.2\web\all\Component\WxpayAPI\Jssdk.class.php 第 138 行.
NOTIC: [8] Trying to get property of non-object D:\web\thinkphp3.2\web\all\Component\WxpayAPI\Jssdk.class.php 第 119 行.
NOTIC: [8] curl_setopt(): CURLOPT_SSL_VERIFYHOST no longer accepts the value 1, value 2 will be used instead D:\web\thinkphp3.2\web\all\Component\WxpayAPI\Jssdk.class.php 第 138 行.
NOTIC: [8] Trying to get property of non-object D:\web\thinkphp3.2\web\all\Component\WxpayAPI\Jssdk.class.php 第 94 行.
SQL: SHOW COLUMNS FROM `user` [ RunTime:0.0040s ]
SQL: SELECT `id`,`name`,`nickname`,`mobile_phone`,`status`,`type`,`password`,`avatar`,`sex`,`salt`,`birthday`,`last_login_time` FROM `user` WHERE `status` = 0 AND `name` = '13710651399' LIMIT 1   [ RunTime:0.0010s ]

[ 2018-09-06T15:33:47+08:00 ] 127.0.0.1 /index.php/Home/User/login.html
INFO: [ app_init ] --START--
INFO: Run Behavior\BuildLiteBehavior [ RunTime:0.000000s ]
INFO: [ app_init ] --END-- [ RunTime:0.001000s ]
INFO: [ app_begin ] --START--
INFO: Run Behavior\ReadHtmlCacheBehavior [ RunTime:0.001000s ]
INFO: [ app_begin ] --END-- [ RunTime:0.001000s ]
NOTIC: [8] curl_setopt(): CURLOPT_SSL_VERIFYHOST no longer accepts the value 1, value 2 will be used instead D:\web\thinkphp3.2\web\all\Component\WxpayAPI\Jssdk.class.php 第 138 行.
NOTIC: [8] Trying to get property of non-object D:\web\thinkphp3.2\web\all\Component\WxpayAPI\Jssdk.class.php 第 22 行.
NOTIC: [8] curl_setopt(): CURLOPT_SSL_VERIFYHOST no longer accepts the value 1, value 2 will be used instead D:\web\thinkphp3.2\web\all\Component\WxpayAPI\Jssdk.class.php 第 138 行.
NOTIC: [8] Trying to get property of non-object D:\web\thinkphp3.2\web\all\Component\WxpayAPI\Jssdk.class.php 第 119 行.
NOTIC: [8] curl_setopt(): CURLOPT_SSL_VERIFYHOST no longer accepts the value 1, value 2 will be used instead D:\web\thinkphp3.2\web\all\Component\WxpayAPI\Jssdk.class.php 第 138 行.
NOTIC: [8] Trying to get property of non-object D:\web\thinkphp3.2\web\all\Component\WxpayAPI\Jssdk.class.php 第 94 行.
SQL: SHOW COLUMNS FROM `user` [ RunTime:0.0020s ]
SQL: SELECT `id`,`name`,`nickname`,`mobile_phone`,`status`,`type`,`password`,`avatar`,`sex`,`salt`,`birthday`,`last_login_time` FROM `user` WHERE `status` = 0 AND `name` = '13710651399' LIMIT 1   [ RunTime:0.0010s ]

[ 2018-09-06T15:33:47+08:00 ] 127.0.0.1 /index.php/Home/User/login.html
INFO: [ app_init ] --START--
INFO: Run Behavior\BuildLiteBehavior [ RunTime:0.000000s ]
INFO: [ app_init ] --END-- [ RunTime:0.000000s ]
INFO: [ app_begin ] --START--
INFO: Run Behavior\ReadHtmlCacheBehavior [ RunTime:0.000000s ]
INFO: [ app_begin ] --END-- [ RunTime:0.000000s ]
NOTIC: [8] curl_setopt(): CURLOPT_SSL_VERIFYHOST no longer accepts the value 1, value 2 will be used instead D:\web\thinkphp3.2\web\all\Component\WxpayAPI\Jssdk.class.php 第 138 行.
NOTIC: [8] Trying to get property of non-object D:\web\thinkphp3.2\web\all\Component\WxpayAPI\Jssdk.class.php 第 22 行.
NOTIC: [8] curl_setopt(): CURLOPT_SSL_VERIFYHOST no longer accepts the value 1, value 2 will be used instead D:\web\thinkphp3.2\web\all\Component\WxpayAPI\Jssdk.class.php 第 138 行.
NOTIC: [8] Trying to get property of non-object D:\web\thinkphp3.2\web\all\Component\WxpayAPI\Jssdk.class.php 第 119 行.
NOTIC: [8] curl_setopt(): CURLOPT_SSL_VERIFYHOST no longer accepts the value 1, value 2 will be used instead D:\web\thinkphp3.2\web\all\Component\WxpayAPI\Jssdk.class.php 第 138 行.
NOTIC: [8] Trying to get property of non-object D:\web\thinkphp3.2\web\all\Component\WxpayAPI\Jssdk.class.php 第 94 行.
SQL: SHOW COLUMNS FROM `user` [ RunTime:0.0030s ]
SQL: SELECT `id`,`name`,`nickname`,`mobile_phone`,`status`,`type`,`password`,`avatar`,`sex`,`salt`,`birthday`,`last_login_time` FROM `user` WHERE `status` = 0 AND `name` = '13710651399' LIMIT 1   [ RunTime:0.0010s ]

[ 2018-09-06T15:33:47+08:00 ] 127.0.0.1 /index.php/Home/User/login.html
INFO: [ app_init ] --START--
INFO: Run Behavior\BuildLiteBehavior [ RunTime:0.000000s ]
INFO: [ app_init ] --END-- [ RunTime:0.001000s ]
INFO: [ app_begin ] --START--
INFO: Run Behavior\ReadHtmlCacheBehavior [ RunTime:0.001000s ]
INFO: [ app_begin ] --END-- [ RunTime:0.001000s ]
NOTIC: [8] curl_setopt(): CURLOPT_SSL_VERIFYHOST no longer accepts the value 1, value 2 will be used instead D:\web\thinkphp3.2\web\all\Component\WxpayAPI\Jssdk.class.php 第 138 行.
NOTIC: [8] Trying to get property of non-object D:\web\thinkphp3.2\web\all\Component\WxpayAPI\Jssdk.class.php 第 22 行.
NOTIC: [8] curl_setopt(): CURLOPT_SSL_VERIFYHOST no longer accepts the value 1, value 2 will be used instead D:\web\thinkphp3.2\web\all\Component\WxpayAPI\Jssdk.class.php 第 138 行.
NOTIC: [8] Trying to get property of non-object D:\web\thinkphp3.2\web\all\Component\WxpayAPI\Jssdk.class.php 第 119 行.
NOTIC: [8] curl_setopt(): CURLOPT_SSL_VERIFYHOST no longer accepts the value 1, value 2 will be used instead D:\web\thinkphp3.2\web\all\Component\WxpayAPI\Jssdk.class.php 第 138 行.
NOTIC: [8] Trying to get property of non-object D:\web\thinkphp3.2\web\all\Component\WxpayAPI\Jssdk.class.php 第 94 行.
SQL: SHOW COLUMNS FROM `user` [ RunTime:0.0030s ]
SQL: SELECT `id`,`name`,`nickname`,`mobile_phone`,`status`,`type`,`password`,`avatar`,`sex`,`salt`,`birthday`,`last_login_time` FROM `user` WHERE `status` = 0 AND `name` = '13710651399' LIMIT 1   [ RunTime:0.0000s ]

[ 2018-09-06T15:34:01+08:00 ] 127.0.0.1 /index.php/Home/User/login.html
INFO: [ app_init ] --START--
INFO: Run Behavior\BuildLiteBehavior [ RunTime:0.000000s ]
INFO: [ app_init ] --END-- [ RunTime:0.000000s ]
INFO: [ app_begin ] --START--
INFO: Run Behavior\ReadHtmlCacheBehavior [ RunTime:0.000000s ]
INFO: [ app_begin ] --END-- [ RunTime:0.000000s ]
NOTIC: [8] curl_setopt(): CURLOPT_SSL_VERIFYHOST no longer accepts the value 1, value 2 will be used instead D:\web\thinkphp3.2\web\all\Component\WxpayAPI\Jssdk.class.php 第 138 行.
NOTIC: [8] Trying to get property of non-object D:\web\thinkphp3.2\web\all\Component\WxpayAPI\Jssdk.class.php 第 22 行.
NOTIC: [8] curl_setopt(): CURLOPT_SSL_VERIFYHOST no longer accepts the value 1, value 2 will be used instead D:\web\thinkphp3.2\web\all\Component\WxpayAPI\Jssdk.class.php 第 138 行.
NOTIC: [8] Trying to get property of non-object D:\web\thinkphp3.2\web\all\Component\WxpayAPI\Jssdk.class.php 第 119 行.
NOTIC: [8] curl_setopt(): CURLOPT_SSL_VERIFYHOST no longer accepts the value 1, value 2 will be used instead D:\web\thinkphp3.2\web\all\Component\WxpayAPI\Jssdk.class.php 第 138 行.
NOTIC: [8] Trying to get property of non-object D:\web\thinkphp3.2\web\all\Component\WxpayAPI\Jssdk.class.php 第 94 行.
SQL: SHOW COLUMNS FROM `user` [ RunTime:0.0020s ]
SQL: SELECT `id`,`name`,`nickname`,`mobile_phone`,`status`,`type`,`password`,`avatar`,`sex`,`salt`,`birthday`,`last_login_time` FROM `user` WHERE `status` = 0 AND `name` = '13710651399' LIMIT 1   [ RunTime:0.0000s ]

[ 2018-09-06T15:36:45+08:00 ] 127.0.0.1 /index.php/Home/User/login.html
INFO: [ app_init ] --START--
INFO: Run Behavior\BuildLiteBehavior [ RunTime:0.000000s ]
INFO: [ app_init ] --END-- [ RunTime:0.001000s ]
INFO: [ app_begin ] --START--
INFO: Run Behavior\ReadHtmlCacheBehavior [ RunTime:0.001000s ]
INFO: [ app_begin ] --END-- [ RunTime:0.002000s ]
NOTIC: [8] curl_setopt(): CURLOPT_SSL_VERIFYHOST no longer accepts the value 1, value 2 will be used instead D:\web\thinkphp3.2\web\all\Component\WxpayAPI\Jssdk.class.php 第 138 行.
NOTIC: [8] Trying to get property of non-object D:\web\thinkphp3.2\web\all\Component\WxpayAPI\Jssdk.class.php 第 22 行.
NOTIC: [8] curl_setopt(): CURLOPT_SSL_VERIFYHOST no longer accepts the value 1, value 2 will be used instead D:\web\thinkphp3.2\web\all\Component\WxpayAPI\Jssdk.class.php 第 138 行.
NOTIC: [8] Trying to get property of non-object D:\web\thinkphp3.2\web\all\Component\WxpayAPI\Jssdk.class.php 第 119 行.
NOTIC: [8] curl_setopt(): CURLOPT_SSL_VERIFYHOST no longer accepts the value 1, value 2 will be used instead D:\web\thinkphp3.2\web\all\Component\WxpayAPI\Jssdk.class.php 第 138 行.
NOTIC: [8] Trying to get property of non-object D:\web\thinkphp3.2\web\all\Component\WxpayAPI\Jssdk.class.php 第 94 行.
SQL: SHOW COLUMNS FROM `user` [ RunTime:0.0020s ]
SQL: SELECT `id`,`name`,`nickname`,`mobile_phone`,`status`,`type`,`password`,`avatar`,`sex`,`salt`,`birthday`,`last_login_time` FROM `user` WHERE `status` = 0 AND `name` = '13430393578' LIMIT 1   [ RunTime:0.0000s ]

[ 2018-09-06T15:36:50+08:00 ] 127.0.0.1 /index.php/Home/User/login.html
INFO: [ app_init ] --START--
INFO: Run Behavior\BuildLiteBehavior [ RunTime:0.000000s ]
INFO: [ app_init ] --END-- [ RunTime:0.001000s ]
INFO: [ app_begin ] --START--
INFO: Run Behavior\ReadHtmlCacheBehavior [ RunTime:0.001000s ]
INFO: [ app_begin ] --END-- [ RunTime:0.001000s ]
NOTIC: [8] curl_setopt(): CURLOPT_SSL_VERIFYHOST no longer accepts the value 1, value 2 will be used instead D:\web\thinkphp3.2\web\all\Component\WxpayAPI\Jssdk.class.php 第 138 行.
NOTIC: [8] Trying to get property of non-object D:\web\thinkphp3.2\web\all\Component\WxpayAPI\Jssdk.class.php 第 22 行.
NOTIC: [8] curl_setopt(): CURLOPT_SSL_VERIFYHOST no longer accepts the value 1, value 2 will be used instead D:\web\thinkphp3.2\web\all\Component\WxpayAPI\Jssdk.class.php 第 138 行.
NOTIC: [8] Trying to get property of non-object D:\web\thinkphp3.2\web\all\Component\WxpayAPI\Jssdk.class.php 第 119 行.
NOTIC: [8] curl_setopt(): CURLOPT_SSL_VERIFYHOST no longer accepts the value 1, value 2 will be used instead D:\web\thinkphp3.2\web\all\Component\WxpayAPI\Jssdk.class.php 第 138 行.
NOTIC: [8] Trying to get property of non-object D:\web\thinkphp3.2\web\all\Component\WxpayAPI\Jssdk.class.php 第 94 行.
SQL: SHOW COLUMNS FROM `user` [ RunTime:0.0100s ]
SQL: SELECT `id`,`name`,`nickname`,`mobile_phone`,`status`,`type`,`password`,`avatar`,`sex`,`salt`,`birthday`,`last_login_time` FROM `user` WHERE `status` = 0 AND `name` = '13430393578' LIMIT 1   [ RunTime:0.0000s ]

[ 2018-09-06T15:37:18+08:00 ] 127.0.0.1 /index.php/Home/User/login.html
INFO: [ app_init ] --START--
INFO: Run Behavior\BuildLiteBehavior [ RunTime:0.000000s ]
INFO: [ app_init ] --END-- [ RunTime:0.000000s ]
INFO: [ app_begin ] --START--
INFO: Run Behavior\ReadHtmlCacheBehavior [ RunTime:0.000000s ]
INFO: [ app_begin ] --END-- [ RunTime:0.000000s ]
NOTIC: [8] curl_setopt(): CURLOPT_SSL_VERIFYHOST no longer accepts the value 1, value 2 will be used instead D:\web\thinkphp3.2\web\all\Component\WxpayAPI\Jssdk.class.php 第 138 行.
NOTIC: [8] Trying to get property of non-object D:\web\thinkphp3.2\web\all\Component\WxpayAPI\Jssdk.class.php 第 22 行.
NOTIC: [8] curl_setopt(): CURLOPT_SSL_VERIFYHOST no longer accepts the value 1, value 2 will be used instead D:\web\thinkphp3.2\web\all\Component\WxpayAPI\Jssdk.class.php 第 138 行.
NOTIC: [8] Trying to get property of non-object D:\web\thinkphp3.2\web\all\Component\WxpayAPI\Jssdk.class.php 第 119 行.
NOTIC: [8] curl_setopt(): CURLOPT_SSL_VERIFYHOST no longer accepts the value 1, value 2 will be used instead D:\web\thinkphp3.2\web\all\Component\WxpayAPI\Jssdk.class.php 第 138 行.
NOTIC: [8] Trying to get property of non-object D:\web\thinkphp3.2\web\all\Component\WxpayAPI\Jssdk.class.php 第 94 行.
SQL: SHOW COLUMNS FROM `user` [ RunTime:0.0020s ]
SQL: SELECT `id`,`name`,`nickname`,`mobile_phone`,`status`,`type`,`password`,`avatar`,`sex`,`salt`,`birthday`,`last_login_time` FROM `user` WHERE `status` = 0 AND `name` = '13430393578' LIMIT 1   [ RunTime:0.0000s ]

[ 2018-09-06T15:42:09+08:00 ] 127.0.0.1 /index.php/Home/User/login.html
INFO: [ app_init ] --START--
INFO: Run Behavior\BuildLiteBehavior [ RunTime:0.000000s ]
INFO: [ app_init ] --END-- [ RunTime:0.000000s ]
INFO: [ app_begin ] --START--
INFO: Run Behavior\ReadHtmlCacheBehavior [ RunTime:0.000000s ]
INFO: [ app_begin ] --END-- [ RunTime:0.000000s ]
NOTIC: [8] curl_setopt(): CURLOPT_SSL_VERIFYHOST no longer accepts the value 1, value 2 will be used instead D:\web\thinkphp3.2\web\all\Component\WxpayAPI\Jssdk.class.php 第 138 行.
NOTIC: [8] Trying to get property of non-object D:\web\thinkphp3.2\web\all\Component\WxpayAPI\Jssdk.class.php 第 22 行.
NOTIC: [8] curl_setopt(): CURLOPT_SSL_VERIFYHOST no longer accepts the value 1, value 2 will be used instead D:\web\thinkphp3.2\web\all\Component\WxpayAPI\Jssdk.class.php 第 138 行.
NOTIC: [8] Trying to get property of non-object D:\web\thinkphp3.2\web\all\Component\WxpayAPI\Jssdk.class.php 第 119 行.
NOTIC: [8] curl_setopt(): CURLOPT_SSL_VERIFYHOST no longer accepts the value 1, value 2 will be used instead D:\web\thinkphp3.2\web\all\Component\WxpayAPI\Jssdk.class.php 第 138 行.
NOTIC: [8] Trying to get property of non-object D:\web\thinkphp3.2\web\all\Component\WxpayAPI\Jssdk.class.php 第 94 行.
SQL: SHOW COLUMNS FROM `user` [ RunTime:0.0090s ]
SQL: SELECT `id`,`name`,`nickname`,`mobile_phone`,`status`,`type`,`password`,`avatar`,`sex`,`salt`,`birthday`,`last_login_time` FROM `user` WHERE `status` = 0 AND `name` = '18664368697' LIMIT 1   [ RunTime:0.0010s ]

[ 2018-09-06T15:42:19+08:00 ] 127.0.0.1 /index.php/Home/User/login.html
INFO: [ app_init ] --START--
INFO: Run Behavior\BuildLiteBehavior [ RunTime:0.000000s ]
INFO: [ app_init ] --END-- [ RunTime:0.000000s ]
INFO: [ app_begin ] --START--
INFO: Run Behavior\ReadHtmlCacheBehavior [ RunTime:0.000000s ]
INFO: [ app_begin ] --END-- [ RunTime:0.000000s ]
NOTIC: [8] curl_setopt(): CURLOPT_SSL_VERIFYHOST no longer accepts the value 1, value 2 will be used instead D:\web\thinkphp3.2\web\all\Component\WxpayAPI\Jssdk.class.php 第 138 行.
NOTIC: [8] Trying to get property of non-object D:\web\thinkphp3.2\web\all\Component\WxpayAPI\Jssdk.class.php 第 22 行.
NOTIC: [8] curl_setopt(): CURLOPT_SSL_VERIFYHOST no longer accepts the value 1, value 2 will be used instead D:\web\thinkphp3.2\web\all\Component\WxpayAPI\Jssdk.class.php 第 138 行.
NOTIC: [8] Trying to get property of non-object D:\web\thinkphp3.2\web\all\Component\WxpayAPI\Jssdk.class.php 第 119 行.
NOTIC: [8] curl_setopt(): CURLOPT_SSL_VERIFYHOST no longer accepts the value 1, value 2 will be used instead D:\web\thinkphp3.2\web\all\Component\WxpayAPI\Jssdk.class.php 第 138 行.
NOTIC: [8] Trying to get property of non-object D:\web\thinkphp3.2\web\all\Component\WxpayAPI\Jssdk.class.php 第 94 行.
SQL: SHOW COLUMNS FROM `user` [ RunTime:0.0250s ]
SQL: SELECT `id`,`name`,`nickname`,`mobile_phone`,`status`,`type`,`password`,`avatar`,`sex`,`salt`,`birthday`,`last_login_time` FROM `user` WHERE `status` = 0 AND `name` = '18664368697' LIMIT 1   [ RunTime:0.0010s ]

[ 2018-09-06T15:42:37+08:00 ] 127.0.0.1 /index.php/Home/User/login.html
INFO: [ app_init ] --START--
INFO: Run Behavior\BuildLiteBehavior [ RunTime:0.000000s ]
INFO: [ app_init ] --END-- [ RunTime:0.000000s ]
INFO: [ app_begin ] --START--
INFO: Run Behavior\ReadHtmlCacheBehavior [ RunTime:0.001000s ]
INFO: [ app_begin ] --END-- [ RunTime:0.001000s ]
NOTIC: [8] curl_setopt(): CURLOPT_SSL_VERIFYHOST no longer accepts the value 1, value 2 will be used instead D:\web\thinkphp3.2\web\all\Component\WxpayAPI\Jssdk.class.php 第 138 行.
NOTIC: [8] Trying to get property of non-object D:\web\thinkphp3.2\web\all\Component\WxpayAPI\Jssdk.class.php 第 22 行.
NOTIC: [8] curl_setopt(): CURLOPT_SSL_VERIFYHOST no longer accepts the value 1, value 2 will be used instead D:\web\thinkphp3.2\web\all\Component\WxpayAPI\Jssdk.class.php 第 138 行.
NOTIC: [8] Trying to get property of non-object D:\web\thinkphp3.2\web\all\Component\WxpayAPI\Jssdk.class.php 第 119 行.
NOTIC: [8] curl_setopt(): CURLOPT_SSL_VERIFYHOST no longer accepts the value 1, value 2 will be used instead D:\web\thinkphp3.2\web\all\Component\WxpayAPI\Jssdk.class.php 第 138 行.
NOTIC: [8] Trying to get property of non-object D:\web\thinkphp3.2\web\all\Component\WxpayAPI\Jssdk.class.php 第 94 行.
SQL: SHOW COLUMNS FROM `user` [ RunTime:0.0700s ]
SQL: SELECT `id`,`name`,`nickname`,`mobile_phone`,`status`,`type`,`password`,`avatar`,`sex`,`salt`,`birthday`,`last_login_time` FROM `user` WHERE `status` = 0 AND `name` = '18664368697' LIMIT 1   [ RunTime:0.0010s ]

[ 2018-09-06T15:42:41+08:00 ] 127.0.0.1 /index.php/Home/User/login.html
INFO: [ app_init ] --START--
INFO: Run Behavior\BuildLiteBehavior [ RunTime:0.000000s ]
INFO: [ app_init ] --END-- [ RunTime:0.001000s ]
INFO: [ app_begin ] --START--
INFO: Run Behavior\ReadHtmlCacheBehavior [ RunTime:0.000000s ]
INFO: [ app_begin ] --END-- [ RunTime:0.000000s ]
NOTIC: [8] curl_setopt(): CURLOPT_SSL_VERIFYHOST no longer accepts the value 1, value 2 will be used instead D:\web\thinkphp3.2\web\all\Component\WxpayAPI\Jssdk.class.php 第 138 行.
NOTIC: [8] Trying to get property of non-object D:\web\thinkphp3.2\web\all\Component\WxpayAPI\Jssdk.class.php 第 22 行.
NOTIC: [8] curl_setopt(): CURLOPT_SSL_VERIFYHOST no longer accepts the value 1, value 2 will be used instead D:\web\thinkphp3.2\web\all\Component\WxpayAPI\Jssdk.class.php 第 138 行.
NOTIC: [8] Trying to get property of non-object D:\web\thinkphp3.2\web\all\Component\WxpayAPI\Jssdk.class.php 第 119 行.
NOTIC: [8] curl_setopt(): CURLOPT_SSL_VERIFYHOST no longer accepts the value 1, value 2 will be used instead D:\web\thinkphp3.2\web\all\Component\WxpayAPI\Jssdk.class.php 第 138 行.
NOTIC: [8] Trying to get property of non-object D:\web\thinkphp3.2\web\all\Component\WxpayAPI\Jssdk.class.php 第 94 行.
SQL: SHOW COLUMNS FROM `user` [ RunTime:0.0020s ]
SQL: SELECT `id`,`name`,`nickname`,`mobile_phone`,`status`,`type`,`password`,`avatar`,`sex`,`salt`,`birthday`,`last_login_time` FROM `user` WHERE `status` = 0 AND `name` = '18664368697' LIMIT 1   [ RunTime:0.0010s ]

