2017-12-12 9:58:27, INFO, 127.0.0.1, File[ E:\web\thinkphp3.2\msy\Application\Component\payment\unionpay\sdk\secureUtil.php ], Line[15]------ =====签名报文开始====== 
2017-12-12 9:58:27, INFO, 127.0.0.1, File[ E:\web\thinkphp3.2\msy\Application\Component\payment\unionpay\sdk\secureUtil.php ], Line[21]------ 签名key=val&...串 >accessType=0&backUrl=http://msy.zm.dev/index.php/Purchase/Payment/notifyUrl/pay_code/unionpay.html&bizType=000201&certId=40220995861346480087409489142384722381&channelType=08&currencyCode=156&encoding=utf-8&frontUrl=http://msy.zm.dev/index.php/Purchase/Payment/returnUrl/pay_code/unionpay.html&merId=8.0244007277052E+14&orderId=20171212095827648319911973807844&signMethod=01&txnAmt=1&txnSubType=01&txnTime=20171212095827&txnType=01&version=5.0.0 
2017-12-12 9:58:27, INFO, 127.0.0.1, File[ E:\web\thinkphp3.2\msy\Application\Component\payment\unionpay\sdk\secureUtil.php ], Line[24]------ 摘要sha1x16 >8ecccb2555a1c93e6521f3076e04d6ed62576698 
2017-12-12 9:58:27, INFO, 127.0.0.1, File[ E:\web\thinkphp3.2\msy\Application\Component\payment\unionpay\sdk\secureUtil.php ], Line[31]------ 签名串为 >YSUPfwZ7yZkSE1Ktq069FbGXGXbYIwDlJFs6cG90khZwhDdhWIWeWNTuplDQmnVHgp/DUPZN0auxUMb8WCOUiPDPcsfHnjVdYMFaetRT+BQvcO0UT8Wfl8PsVJMBrkM85VC/DUmMRUu39RnulYGWNaJuNK6gLsO9vOuq0xh6TWg= 
2017-12-12 9:58:27, INFO, 127.0.0.1, File[ E:\web\thinkphp3.2\msy\Application\Component\payment\unionpay\sdk\secureUtil.php ], Line[36]------ =====签名报文结束====== 
2017-12-12 9:58:27, INFO, 127.0.0.1, File[ E:\web\thinkphp3.2\msy\Application\Component\payment\unionpay\sdk\acp_service.php ], Line[164]------ 自动跳转html><html>
<head>
    <meta http-equiv="Content-Type" content="text/html; charset=utf-8" />
</head>
<body onload="javascript:document.pay_form.submit();">
    <form id="pay_form" name="pay_form" action="https://gateway.95516.com/gateway/api/frontTransReq.do" method="post">
	    <input type="hidden" name="version" id="version" value="5.0.0" />
    <input type="hidden" name="encoding" id="encoding" value="utf-8" />
    <input type="hidden" name="txnType" id="txnType" value="01" />
    <input type="hidden" name="txnSubType" id="txnSubType" value="01" />
    <input type="hidden" name="bizType" id="bizType" value="000201" />
    <input type="hidden" name="frontUrl" id="frontUrl" value="http://msy.zm.dev/index.php/Purchase/Payment/returnUrl/pay_code/unionpay.html" />
    <input type="hidden" name="backUrl" id="backUrl" value="http://msy.zm.dev/index.php/Purchase/Payment/notifyUrl/pay_code/unionpay.html" />
    <input type="hidden" name="signMethod" id="signMethod" value="01" />
    <input type="hidden" name="channelType" id="channelType" value="08" />
    <input type="hidden" name="accessType" id="accessType" value="0" />
    <input type="hidden" name="currencyCode" id="currencyCode" value="156" />
    <input type="hidden" name="merId" id="merId" value="8.0244007277052E+14" />
    <input type="hidden" name="orderId" id="orderId" value="20171212095827648319911973807844" />
    <input type="hidden" name="txnTime" id="txnTime" value="20171212095827" />
    <input type="hidden" name="txnAmt" id="txnAmt" value="1" />
    <input type="hidden" name="certId" id="certId" value="40220995861346480087409489142384722381" />
    <input type="hidden" name="signature" id="signature" value="YSUPfwZ7yZkSE1Ktq069FbGXGXbYIwDlJFs6cG90khZwhDdhWIWeWNTuplDQmnVHgp/DUPZN0auxUMb8WCOUiPDPcsfHnjVdYMFaetRT+BQvcO0UT8Wfl8PsVJMBrkM85VC/DUmMRUu39RnulYGWNaJuNK6gLsO9vOuq0xh6TWg=" />
   <!-- <input type="submit" type="hidden">-->
    </form>
</body>
</html> 
2017-12-12 11:47:35, INFO, 127.0.0.1, File[ E:\web\thinkphp3.2\msy\Application\Component\payment\unionpay\sdk\secureUtil.php ], Line[15]------ =====签名报文开始====== 
2017-12-12 11:47:35, INFO, 127.0.0.1, File[ E:\web\thinkphp3.2\msy\Application\Component\payment\unionpay\sdk\secureUtil.php ], Line[21]------ 签名key=val&...串 >accessType=0&backUrl=http://msy.zm.dev/index.php/Purchase/Payment/notifyUrl/pay_code/unionpay.html&bizType=000201&certId=73925732709&channelType=08&currencyCode=156&encoding=utf-8&frontUrl=http://msy.zm.dev/index.php/Purchase/Payment/returnUrl/pay_code/unionpay.html&merId=8.0244007277052E+14&orderId=20171212114735183166684097533071&signMethod=01&txnAmt=1&txnSubType=01&txnTime=20171212114735&txnType=01&version=5.0.0 
2017-12-12 11:47:35, INFO, 127.0.0.1, File[ E:\web\thinkphp3.2\msy\Application\Component\payment\unionpay\sdk\secureUtil.php ], Line[24]------ 摘要sha1x16 >590cc6a0a199a6b8ebef35014cd6e646067bf36b 
2017-12-12 11:47:35, INFO, 127.0.0.1, File[ E:\web\thinkphp3.2\msy\Application\Component\payment\unionpay\sdk\secureUtil.php ], Line[31]------ 签名串为 >HE8vth8AOyU3zYeB1LlFgCq2E3lTvFMlaW5eu0oyOmMY/S3rW7gzBKxsW0RCK8VIibtVpXCDhwjA0PzFefFcrG9nWhO49rGoIj4uzSrypsqoYxk+9mWLNmH4bmQS4LRXC3Q995CRtBBz2S5z6/zzHOBCazuxlUNAoFCQR7mqu4xYW3+LqR9VKJnRan06ZCFnTs2J63eIMcOHY3e315rlF4/HtOP9YlAW+QBtieWWudIqwu3rxxq8uMntoM9wndLoR3P1cpY+Nrotxh1JIF5lpTeRToqAOwZXmKmuD7yXaAcWsBjG6poE5mtk+YbR+9+EnGJoaXg2hsehXfvstBvw/A== 
2017-12-12 11:47:35, INFO, 127.0.0.1, File[ E:\web\thinkphp3.2\msy\Application\Component\payment\unionpay\sdk\secureUtil.php ], Line[36]------ =====签名报文结束====== 
2017-12-12 11:47:35, INFO, 127.0.0.1, File[ E:\web\thinkphp3.2\msy\Application\Component\payment\unionpay\sdk\acp_service.php ], Line[164]------ 自动跳转html><html>
<head>
    <meta http-equiv="Content-Type" content="text/html; charset=utf-8" />
</head>
<body onload="javascript:document.pay_form.submit();">
    <form id="pay_form" name="pay_form" action="https://gateway.95516.com/gateway/api/frontTransReq.do" method="post">
	    <input type="hidden" name="version" id="version" value="5.0.0" />
    <input type="hidden" name="encoding" id="encoding" value="utf-8" />
    <input type="hidden" name="txnType" id="txnType" value="01" />
    <input type="hidden" name="txnSubType" id="txnSubType" value="01" />
    <input type="hidden" name="bizType" id="bizType" value="000201" />
    <input type="hidden" name="frontUrl" id="frontUrl" value="http://msy.zm.dev/index.php/Purchase/Payment/returnUrl/pay_code/unionpay.html" />
    <input type="hidden" name="backUrl" id="backUrl" value="http://msy.zm.dev/index.php/Purchase/Payment/notifyUrl/pay_code/unionpay.html" />
    <input type="hidden" name="signMethod" id="signMethod" value="01" />
    <input type="hidden" name="channelType" id="channelType" value="08" />
    <input type="hidden" name="accessType" id="accessType" value="0" />
    <input type="hidden" name="currencyCode" id="currencyCode" value="156" />
    <input type="hidden" name="merId" id="merId" value="8.0244007277052E+14" />
    <input type="hidden" name="orderId" id="orderId" value="20171212114735183166684097533071" />
    <input type="hidden" name="txnTime" id="txnTime" value="20171212114735" />
    <input type="hidden" name="txnAmt" id="txnAmt" value="1" />
    <input type="hidden" name="certId" id="certId" value="73925732709" />
    <input type="hidden" name="signature" id="signature" value="HE8vth8AOyU3zYeB1LlFgCq2E3lTvFMlaW5eu0oyOmMY/S3rW7gzBKxsW0RCK8VIibtVpXCDhwjA0PzFefFcrG9nWhO49rGoIj4uzSrypsqoYxk+9mWLNmH4bmQS4LRXC3Q995CRtBBz2S5z6/zzHOBCazuxlUNAoFCQR7mqu4xYW3+LqR9VKJnRan06ZCFnTs2J63eIMcOHY3e315rlF4/HtOP9YlAW+QBtieWWudIqwu3rxxq8uMntoM9wndLoR3P1cpY+Nrotxh1JIF5lpTeRToqAOwZXmKmuD7yXaAcWsBjG6poE5mtk+YbR+9+EnGJoaXg2hsehXfvstBvw/A==" />
   <!-- <input type="submit" type="hidden">-->
    </form>
</body>
</html> 
2017-12-12 11:47:54, INFO, 127.0.0.1, File[ E:\web\thinkphp3.2\msy\Application\Component\payment\unionpay\sdk\secureUtil.php ], Line[15]------ =====签名报文开始====== 
2017-12-12 11:47:54, INFO, 127.0.0.1, File[ E:\web\thinkphp3.2\msy\Application\Component\payment\unionpay\sdk\secureUtil.php ], Line[21]------ 签名key=val&...串 >accessType=0&backUrl=http://msy.zm.dev/index.php/Purchase/Payment/notifyUrl/pay_code/unionpay.html&bizType=000201&certId=73925732709&channelType=08&currencyCode=156&encoding=utf-8&frontUrl=http://msy.zm.dev/index.php/Purchase/Payment/returnUrl/pay_code/unionpay.html&merId=8.0244007277052E+14&orderId=20171212114754263978191310738446&signMethod=01&txnAmt=1&txnSubType=01&txnTime=20171212114754&txnType=01&version=5.0.0 
2017-12-12 11:47:54, INFO, 127.0.0.1, File[ E:\web\thinkphp3.2\msy\Application\Component\payment\unionpay\sdk\secureUtil.php ], Line[24]------ 摘要sha1x16 >c0317e742df62074d526b214cc5909a605c4da3e 
2017-12-12 11:47:54, INFO, 127.0.0.1, File[ E:\web\thinkphp3.2\msy\Application\Component\payment\unionpay\sdk\secureUtil.php ], Line[31]------ 签名串为 >jDlW8vlMFEBGC0k3AWiF6RL3Umr42kO0mfZ2N8DioCF97kFs3Dw7UUMYS280orgcr2KcAvSFfTJmsbfZ0TuPJ2zhd1lk6ifRdWlJm3mlgFNIgA/WcYiK1figxrv+ygH8vzQgrmWdjDT1uy7K5AP+HH0jIm4r9zgoE0qIYJVc4xQWgkuYv5gbQSThSWfNQ/3imIzngS61n0DCQBzx3LtROSgl26zMWQONDW7ydALHXOXHJP2rwL30rp1+J8cnM5XVnZliYbwsenLULUhD7cYsu+3kWxg5NAfeZSNvUew7LUtGtS1uP/CvHYBc/3+LK0ZBxExhgBMu1jpU+LmeNlCr/A== 
2017-12-12 11:47:54, INFO, 127.0.0.1, File[ E:\web\thinkphp3.2\msy\Application\Component\payment\unionpay\sdk\secureUtil.php ], Line[36]------ =====签名报文结束====== 
2017-12-12 11:47:54, INFO, 127.0.0.1, File[ E:\web\thinkphp3.2\msy\Application\Component\payment\unionpay\sdk\acp_service.php ], Line[164]------ 自动跳转html><html>
<head>
    <meta http-equiv="Content-Type" content="text/html; charset=utf-8" />
</head>
<body onload="javascript:document.pay_form.submit();">
    <form id="pay_form" name="pay_form" action="https://gateway.95516.com/gateway/api/frontTransReq.do" method="post">
	    <input type="hidden" name="version" id="version" value="5.0.0" />
    <input type="hidden" name="encoding" id="encoding" value="utf-8" />
    <input type="hidden" name="txnType" id="txnType" value="01" />
    <input type="hidden" name="txnSubType" id="txnSubType" value="01" />
    <input type="hidden" name="bizType" id="bizType" value="000201" />
    <input type="hidden" name="frontUrl" id="frontUrl" value="http://msy.zm.dev/index.php/Purchase/Payment/returnUrl/pay_code/unionpay.html" />
    <input type="hidden" name="backUrl" id="backUrl" value="http://msy.zm.dev/index.php/Purchase/Payment/notifyUrl/pay_code/unionpay.html" />
    <input type="hidden" name="signMethod" id="signMethod" value="01" />
    <input type="hidden" name="channelType" id="channelType" value="08" />
    <input type="hidden" name="accessType" id="accessType" value="0" />
    <input type="hidden" name="currencyCode" id="currencyCode" value="156" />
    <input type="hidden" name="merId" id="merId" value="8.0244007277052E+14" />
    <input type="hidden" name="orderId" id="orderId" value="20171212114754263978191310738446" />
    <input type="hidden" name="txnTime" id="txnTime" value="20171212114754" />
    <input type="hidden" name="txnAmt" id="txnAmt" value="1" />
    <input type="hidden" name="certId" id="certId" value="73925732709" />
    <input type="hidden" name="signature" id="signature" value="jDlW8vlMFEBGC0k3AWiF6RL3Umr42kO0mfZ2N8DioCF97kFs3Dw7UUMYS280orgcr2KcAvSFfTJmsbfZ0TuPJ2zhd1lk6ifRdWlJm3mlgFNIgA/WcYiK1figxrv+ygH8vzQgrmWdjDT1uy7K5AP+HH0jIm4r9zgoE0qIYJVc4xQWgkuYv5gbQSThSWfNQ/3imIzngS61n0DCQBzx3LtROSgl26zMWQONDW7ydALHXOXHJP2rwL30rp1+J8cnM5XVnZliYbwsenLULUhD7cYsu+3kWxg5NAfeZSNvUew7LUtGtS1uP/CvHYBc/3+LK0ZBxExhgBMu1jpU+LmeNlCr/A==" />
   <!-- <input type="submit" type="hidden">-->
    </form>
</body>
</html> 
