---------------------------------------------------------------
[ 2019-02-26T09:22:34+08:00 ] 127.0.0.1 GET /
[ info ] mch.new.com/ [运行时间：0.379022s][吞吐率：2.64req/s] [内存消耗：2,262.52kb] [文件加载：82]
[ info ] [ LANG ] D:\web\thinkphp5.1\framework/lang/zh-cn.php
[ info ] [ ROUTE ] array (
)
[ info ] [ HEADER ] array (
  'cookie' => 'PHPSESSID=apucksdpuplqqm6deaiu411co5',
  'accept-language' => 'zh-CN,zh;q=0.9',
  'accept-encoding' => 'gzip, deflate',
  'accept' => 'text/html,application/xhtml+xml,application/xml;q=0.9,image/webp,image/apng,*/*;q=0.8',
  'user-agent' => 'Mozilla/5.0 (iPhone; CPU iPhone OS 11_0 like Mac OS X) AppleWebKit/604.1.38 (KHTML, like Gecko) Version/11.0 Mobile/15A372 Safari/604.1',
  'upgrade-insecure-requests' => '1',
  'cache-control' => 'no-cache',
  'pragma' => 'no-cache',
  'connection' => 'keep-alive',
  'host' => 'mch.new.com',
  'content-length' => '',
  'content-type' => '',
)
[ info ] [ PARAM ] array (
)
[ info ] [ SESSION ] INIT array (
  'id' => '',
  'var_session_id' => '',
  'prefix' => 'common_',
  'type' => '',
  'auto_start' => true,
  'httponly' => true,
  'secure' => false,
  'expire' => 30758400,
)
[ info ] [ DB ] INIT mysql
[ info ] [ DB ] INIT mysql
[ info ] [ LOG ] INIT File
[ error ] [1049]SQLSTATE[HY000] [1049] Unknown database 'mch'[D:\web\thinkphp5.1\framework\library\think\db\Connection.php:506]
---------------------------------------------------------------
[ 2019-02-26T09:22:41+08:00 ] 127.0.0.1 GET /index.php/index/Mine/index.html
[ info ] mch.new.com/index.php/index/Mine/index.html [运行时间：0.112007s][吞吐率：8.93req/s] [内存消耗：1,322.64kb] [文件加载：72]
[ info ] [ LANG ] D:\web\thinkphp5.1\framework/lang/zh-cn.php
[ info ] [ ROUTE ] array (
)
[ info ] [ HEADER ] array (
  'cookie' => 'PHPSESSID=apucksdpuplqqm6deaiu411co5',
  'accept-language' => 'zh-CN,zh;q=0.9',
  'accept-encoding' => 'gzip, deflate',
  'accept' => 'text/html,application/xhtml+xml,application/xml;q=0.9,image/webp,image/apng,*/*;q=0.8',
  'user-agent' => 'Mozilla/5.0 (iPhone; CPU iPhone OS 11_0 like Mac OS X) AppleWebKit/604.1.38 (KHTML, like Gecko) Version/11.0 Mobile/15A372 Safari/604.1',
  'upgrade-insecure-requests' => '1',
  'cache-control' => 'no-cache',
  'pragma' => 'no-cache',
  'connection' => 'keep-alive',
  'host' => 'mch.new.com',
  'content-length' => '',
  'content-type' => '',
)
[ info ] [ PARAM ] array (
)
[ info ] [ SESSION ] INIT array (
  'id' => '',
  'var_session_id' => '',
  'prefix' => 'common_',
  'type' => '',
  'auto_start' => true,
  'httponly' => true,
  'secure' => false,
  'expire' => 30758400,
)
[ info ] [ VIEW ] D:\web\thinkphp5.1\mch\application/index/view\mine\index.html [ array (
  0 => 'user',
) ]
[ info ] [ LOG ] INIT File
---------------------------------------------------------------
[ 2019-02-26T09:22:45+08:00 ] 127.0.0.1 GET /index.php/index
[ info ] mch.new.com/index.php/index [运行时间：0.040002s][吞吐率：25.00req/s] [内存消耗：2,262.47kb] [文件加载：82]
[ info ] [ LANG ] D:\web\thinkphp5.1\framework/lang/zh-cn.php
[ info ] [ ROUTE ] array (
)
[ info ] [ HEADER ] array (
  'cookie' => 'PHPSESSID=apucksdpuplqqm6deaiu411co5',
  'accept-language' => 'zh-CN,zh;q=0.9',
  'accept-encoding' => 'gzip, deflate',
  'accept' => 'text/html,application/xhtml+xml,application/xml;q=0.9,image/webp,image/apng,*/*;q=0.8',
  'user-agent' => 'Mozilla/5.0 (iPhone; CPU iPhone OS 11_0 like Mac OS X) AppleWebKit/604.1.38 (KHTML, like Gecko) Version/11.0 Mobile/15A372 Safari/604.1',
  'upgrade-insecure-requests' => '1',
  'cache-control' => 'no-cache',
  'pragma' => 'no-cache',
  'connection' => 'keep-alive',
  'host' => 'mch.new.com',
  'content-length' => '',
  'content-type' => '',
)
[ info ] [ PARAM ] array (
)
[ info ] [ SESSION ] INIT array (
  'id' => '',
  'var_session_id' => '',
  'prefix' => 'common_',
  'type' => '',
  'auto_start' => true,
  'httponly' => true,
  'secure' => false,
  'expire' => 30758400,
)
[ info ] [ DB ] INIT mysql
[ info ] [ DB ] INIT mysql
[ info ] [ LOG ] INIT File
[ error ] [1049]SQLSTATE[HY000] [1049] Unknown database 'mch'[D:\web\thinkphp5.1\framework\library\think\db\Connection.php:506]
---------------------------------------------------------------
[ 2019-02-26T09:22:51+08:00 ] 127.0.0.1 GET /index.php/index
[ info ] mch.new.com/index.php/index [运行时间：0.047003s][吞吐率：21.28req/s] [内存消耗：2,262.47kb] [文件加载：82]
[ info ] [ LANG ] D:\web\thinkphp5.1\framework/lang/zh-cn.php
[ info ] [ ROUTE ] array (
)
[ info ] [ HEADER ] array (
  'cookie' => 'PHPSESSID=apucksdpuplqqm6deaiu411co5',
  'accept-language' => 'zh-CN,zh;q=0.9',
  'accept-encoding' => 'gzip, deflate',
  'accept' => 'text/html,application/xhtml+xml,application/xml;q=0.9,image/webp,image/apng,*/*;q=0.8',
  'user-agent' => 'Mozilla/5.0 (iPhone; CPU iPhone OS 11_0 like Mac OS X) AppleWebKit/604.1.38 (KHTML, like Gecko) Version/11.0 Mobile/15A372 Safari/604.1',
  'upgrade-insecure-requests' => '1',
  'cache-control' => 'no-cache',
  'pragma' => 'no-cache',
  'connection' => 'keep-alive',
  'host' => 'mch.new.com',
  'content-length' => '',
  'content-type' => '',
)
[ info ] [ PARAM ] array (
)
[ info ] [ SESSION ] INIT array (
  'id' => '',
  'var_session_id' => '',
  'prefix' => 'common_',
  'type' => '',
  'auto_start' => true,
  'httponly' => true,
  'secure' => false,
  'expire' => 30758400,
)
[ info ] [ DB ] INIT mysql
[ info ] [ DB ] INIT mysql
[ info ] [ LOG ] INIT File
[ error ] [1049]SQLSTATE[HY000] [1049] Unknown database 'mch'[D:\web\thinkphp5.1\framework\library\think\db\Connection.php:506]
---------------------------------------------------------------
[ 2019-02-26T09:22:51+08:00 ] 127.0.0.1 GET /index.php/index
[ info ] mch.new.com/index.php/index [运行时间：0.042003s][吞吐率：23.81req/s] [内存消耗：2,262.47kb] [文件加载：82]
[ info ] [ LANG ] D:\web\thinkphp5.1\framework/lang/zh-cn.php
[ info ] [ ROUTE ] array (
)
[ info ] [ HEADER ] array (
  'cookie' => 'PHPSESSID=apucksdpuplqqm6deaiu411co5',
  'accept-language' => 'zh-CN,zh;q=0.9',
  'accept-encoding' => 'gzip, deflate',
  'accept' => 'text/html,application/xhtml+xml,application/xml;q=0.9,image/webp,image/apng,*/*;q=0.8',
  'user-agent' => 'Mozilla/5.0 (iPhone; CPU iPhone OS 11_0 like Mac OS X) AppleWebKit/604.1.38 (KHTML, like Gecko) Version/11.0 Mobile/15A372 Safari/604.1',
  'upgrade-insecure-requests' => '1',
  'cache-control' => 'no-cache',
  'pragma' => 'no-cache',
  'connection' => 'keep-alive',
  'host' => 'mch.new.com',
  'content-length' => '',
  'content-type' => '',
)
[ info ] [ PARAM ] array (
)
[ info ] [ SESSION ] INIT array (
  'id' => '',
  'var_session_id' => '',
  'prefix' => 'common_',
  'type' => '',
  'auto_start' => true,
  'httponly' => true,
  'secure' => false,
  'expire' => 30758400,
)
[ info ] [ DB ] INIT mysql
[ info ] [ DB ] INIT mysql
[ info ] [ LOG ] INIT File
[ error ] [1049]SQLSTATE[HY000] [1049] Unknown database 'mch'[D:\web\thinkphp5.1\framework\library\think\db\Connection.php:506]
---------------------------------------------------------------
[ 2019-02-26T09:23:50+08:00 ] 127.0.0.1 GET /index.php/index
[ info ] mch.new.com/index.php/index [运行时间：0.043002s][吞吐率：23.25req/s] [内存消耗：2,262.47kb] [文件加载：82]
[ info ] [ LANG ] D:\web\thinkphp5.1\framework/lang/zh-cn.php
[ info ] [ ROUTE ] array (
)
[ info ] [ HEADER ] array (
  'cookie' => 'PHPSESSID=apucksdpuplqqm6deaiu411co5',
  'accept-language' => 'zh-CN,zh;q=0.9',
  'accept-encoding' => 'gzip, deflate',
  'accept' => 'text/html,application/xhtml+xml,application/xml;q=0.9,image/webp,image/apng,*/*;q=0.8',
  'user-agent' => 'Mozilla/5.0 (iPhone; CPU iPhone OS 11_0 like Mac OS X) AppleWebKit/604.1.38 (KHTML, like Gecko) Version/11.0 Mobile/15A372 Safari/604.1',
  'upgrade-insecure-requests' => '1',
  'cache-control' => 'no-cache',
  'pragma' => 'no-cache',
  'connection' => 'keep-alive',
  'host' => 'mch.new.com',
  'content-length' => '',
  'content-type' => '',
)
[ info ] [ PARAM ] array (
)
[ info ] [ SESSION ] INIT array (
  'id' => '',
  'var_session_id' => '',
  'prefix' => 'common_',
  'type' => '',
  'auto_start' => true,
  'httponly' => true,
  'secure' => false,
  'expire' => 30758400,
)
[ info ] [ DB ] INIT mysql
[ info ] [ DB ] INIT mysql
[ info ] [ LOG ] INIT File
[ error ] [1049]SQLSTATE[HY000] [1049] Unknown database 'mch'[D:\web\thinkphp5.1\framework\library\think\db\Connection.php:506]
---------------------------------------------------------------
[ 2019-02-26T09:23:50+08:00 ] 127.0.0.1 GET /index.php/index
[ info ] mch.new.com/index.php/index [运行时间：0.045002s][吞吐率：22.22req/s] [内存消耗：2,262.47kb] [文件加载：82]
[ info ] [ LANG ] D:\web\thinkphp5.1\framework/lang/zh-cn.php
[ info ] [ ROUTE ] array (
)
[ info ] [ HEADER ] array (
  'cookie' => 'PHPSESSID=apucksdpuplqqm6deaiu411co5',
  'accept-language' => 'zh-CN,zh;q=0.9',
  'accept-encoding' => 'gzip, deflate',
  'accept' => 'text/html,application/xhtml+xml,application/xml;q=0.9,image/webp,image/apng,*/*;q=0.8',
  'user-agent' => 'Mozilla/5.0 (iPhone; CPU iPhone OS 11_0 like Mac OS X) AppleWebKit/604.1.38 (KHTML, like Gecko) Version/11.0 Mobile/15A372 Safari/604.1',
  'upgrade-insecure-requests' => '1',
  'cache-control' => 'no-cache',
  'pragma' => 'no-cache',
  'connection' => 'keep-alive',
  'host' => 'mch.new.com',
  'content-length' => '',
  'content-type' => '',
)
[ info ] [ PARAM ] array (
)
[ info ] [ SESSION ] INIT array (
  'id' => '',
  'var_session_id' => '',
  'prefix' => 'common_',
  'type' => '',
  'auto_start' => true,
  'httponly' => true,
  'secure' => false,
  'expire' => 30758400,
)
[ info ] [ DB ] INIT mysql
[ info ] [ DB ] INIT mysql
[ info ] [ LOG ] INIT File
[ error ] [1049]SQLSTATE[HY000] [1049] Unknown database 'mch'[D:\web\thinkphp5.1\framework\library\think\db\Connection.php:506]
---------------------------------------------------------------
[ 2019-02-26T09:23:51+08:00 ] 127.0.0.1 GET /index.php/index
[ info ] mch.new.com/index.php/index [运行时间：0.049003s][吞吐率：20.41req/s] [内存消耗：2,262.47kb] [文件加载：82]
[ info ] [ LANG ] D:\web\thinkphp5.1\framework/lang/zh-cn.php
[ info ] [ ROUTE ] array (
)
[ info ] [ HEADER ] array (
  'cookie' => 'PHPSESSID=apucksdpuplqqm6deaiu411co5',
  'accept-language' => 'zh-CN,zh;q=0.9',
  'accept-encoding' => 'gzip, deflate',
  'accept' => 'text/html,application/xhtml+xml,application/xml;q=0.9,image/webp,image/apng,*/*;q=0.8',
  'user-agent' => 'Mozilla/5.0 (iPhone; CPU iPhone OS 11_0 like Mac OS X) AppleWebKit/604.1.38 (KHTML, like Gecko) Version/11.0 Mobile/15A372 Safari/604.1',
  'upgrade-insecure-requests' => '1',
  'cache-control' => 'no-cache',
  'pragma' => 'no-cache',
  'connection' => 'keep-alive',
  'host' => 'mch.new.com',
  'content-length' => '',
  'content-type' => '',
)
[ info ] [ PARAM ] array (
)
[ info ] [ SESSION ] INIT array (
  'id' => '',
  'var_session_id' => '',
  'prefix' => 'common_',
  'type' => '',
  'auto_start' => true,
  'httponly' => true,
  'secure' => false,
  'expire' => 30758400,
)
[ info ] [ DB ] INIT mysql
[ info ] [ DB ] INIT mysql
[ info ] [ LOG ] INIT File
[ error ] [1049]SQLSTATE[HY000] [1049] Unknown database 'mch'[D:\web\thinkphp5.1\framework\library\think\db\Connection.php:506]
---------------------------------------------------------------
[ 2019-02-26T09:23:51+08:00 ] 127.0.0.1 GET /index.php/index
[ info ] mch.new.com/index.php/index [运行时间：0.045003s][吞吐率：22.22req/s] [内存消耗：2,262.47kb] [文件加载：82]
[ info ] [ LANG ] D:\web\thinkphp5.1\framework/lang/zh-cn.php
[ info ] [ ROUTE ] array (
)
[ info ] [ HEADER ] array (
  'cookie' => 'PHPSESSID=apucksdpuplqqm6deaiu411co5',
  'accept-language' => 'zh-CN,zh;q=0.9',
  'accept-encoding' => 'gzip, deflate',
  'accept' => 'text/html,application/xhtml+xml,application/xml;q=0.9,image/webp,image/apng,*/*;q=0.8',
  'user-agent' => 'Mozilla/5.0 (iPhone; CPU iPhone OS 11_0 like Mac OS X) AppleWebKit/604.1.38 (KHTML, like Gecko) Version/11.0 Mobile/15A372 Safari/604.1',
  'upgrade-insecure-requests' => '1',
  'cache-control' => 'no-cache',
  'pragma' => 'no-cache',
  'connection' => 'keep-alive',
  'host' => 'mch.new.com',
  'content-length' => '',
  'content-type' => '',
)
[ info ] [ PARAM ] array (
)
[ info ] [ SESSION ] INIT array (
  'id' => '',
  'var_session_id' => '',
  'prefix' => 'common_',
  'type' => '',
  'auto_start' => true,
  'httponly' => true,
  'secure' => false,
  'expire' => 30758400,
)
[ info ] [ DB ] INIT mysql
[ info ] [ DB ] INIT mysql
[ info ] [ LOG ] INIT File
[ error ] [1049]SQLSTATE[HY000] [1049] Unknown database 'mch'[D:\web\thinkphp5.1\framework\library\think\db\Connection.php:506]
---------------------------------------------------------------
[ 2019-02-26T09:23:51+08:00 ] 127.0.0.1 GET /index.php/index
[ info ] mch.new.com/index.php/index [运行时间：0.049003s][吞吐率：20.41req/s] [内存消耗：2,262.47kb] [文件加载：82]
[ info ] [ LANG ] D:\web\thinkphp5.1\framework/lang/zh-cn.php
[ info ] [ ROUTE ] array (
)
[ info ] [ HEADER ] array (
  'cookie' => 'PHPSESSID=apucksdpuplqqm6deaiu411co5',
  'accept-language' => 'zh-CN,zh;q=0.9',
  'accept-encoding' => 'gzip, deflate',
  'accept' => 'text/html,application/xhtml+xml,application/xml;q=0.9,image/webp,image/apng,*/*;q=0.8',
  'user-agent' => 'Mozilla/5.0 (iPhone; CPU iPhone OS 11_0 like Mac OS X) AppleWebKit/604.1.38 (KHTML, like Gecko) Version/11.0 Mobile/15A372 Safari/604.1',
  'upgrade-insecure-requests' => '1',
  'cache-control' => 'no-cache',
  'pragma' => 'no-cache',
  'connection' => 'keep-alive',
  'host' => 'mch.new.com',
  'content-length' => '',
  'content-type' => '',
)
[ info ] [ PARAM ] array (
)
[ info ] [ SESSION ] INIT array (
  'id' => '',
  'var_session_id' => '',
  'prefix' => 'common_',
  'type' => '',
  'auto_start' => true,
  'httponly' => true,
  'secure' => false,
  'expire' => 30758400,
)
[ info ] [ DB ] INIT mysql
[ info ] [ DB ] INIT mysql
[ info ] [ LOG ] INIT File
[ error ] [1049]SQLSTATE[HY000] [1049] Unknown database 'mch'[D:\web\thinkphp5.1\framework\library\think\db\Connection.php:506]
---------------------------------------------------------------
[ 2019-02-26T09:23:52+08:00 ] 127.0.0.1 GET /index.php/index
[ info ] mch.new.com/index.php/index [运行时间：0.045003s][吞吐率：22.22req/s] [内存消耗：2,262.47kb] [文件加载：82]
[ info ] [ LANG ] D:\web\thinkphp5.1\framework/lang/zh-cn.php
[ info ] [ ROUTE ] array (
)
[ info ] [ HEADER ] array (
  'cookie' => 'PHPSESSID=apucksdpuplqqm6deaiu411co5',
  'accept-language' => 'zh-CN,zh;q=0.9',
  'accept-encoding' => 'gzip, deflate',
  'accept' => 'text/html,application/xhtml+xml,application/xml;q=0.9,image/webp,image/apng,*/*;q=0.8',
  'user-agent' => 'Mozilla/5.0 (iPhone; CPU iPhone OS 11_0 like Mac OS X) AppleWebKit/604.1.38 (KHTML, like Gecko) Version/11.0 Mobile/15A372 Safari/604.1',
  'upgrade-insecure-requests' => '1',
  'cache-control' => 'no-cache',
  'pragma' => 'no-cache',
  'connection' => 'keep-alive',
  'host' => 'mch.new.com',
  'content-length' => '',
  'content-type' => '',
)
[ info ] [ PARAM ] array (
)
[ info ] [ SESSION ] INIT array (
  'id' => '',
  'var_session_id' => '',
  'prefix' => 'common_',
  'type' => '',
  'auto_start' => true,
  'httponly' => true,
  'secure' => false,
  'expire' => 30758400,
)
[ info ] [ DB ] INIT mysql
[ info ] [ DB ] INIT mysql
[ info ] [ LOG ] INIT File
[ error ] [1049]SQLSTATE[HY000] [1049] Unknown database 'mch'[D:\web\thinkphp5.1\framework\library\think\db\Connection.php:506]
---------------------------------------------------------------
[ 2019-02-26T09:23:53+08:00 ] 127.0.0.1 GET /index.php/index
[ info ] mch.new.com/index.php/index [运行时间：0.051003s][吞吐率：19.61req/s] [内存消耗：2,262.47kb] [文件加载：82]
[ info ] [ LANG ] D:\web\thinkphp5.1\framework/lang/zh-cn.php
[ info ] [ ROUTE ] array (
)
[ info ] [ HEADER ] array (
  'cookie' => 'PHPSESSID=apucksdpuplqqm6deaiu411co5',
  'accept-language' => 'zh-CN,zh;q=0.9',
  'accept-encoding' => 'gzip, deflate',
  'accept' => 'text/html,application/xhtml+xml,application/xml;q=0.9,image/webp,image/apng,*/*;q=0.8',
  'user-agent' => 'Mozilla/5.0 (iPhone; CPU iPhone OS 11_0 like Mac OS X) AppleWebKit/604.1.38 (KHTML, like Gecko) Version/11.0 Mobile/15A372 Safari/604.1',
  'upgrade-insecure-requests' => '1',
  'cache-control' => 'no-cache',
  'pragma' => 'no-cache',
  'connection' => 'keep-alive',
  'host' => 'mch.new.com',
  'content-length' => '',
  'content-type' => '',
)
[ info ] [ PARAM ] array (
)
[ info ] [ SESSION ] INIT array (
  'id' => '',
  'var_session_id' => '',
  'prefix' => 'common_',
  'type' => '',
  'auto_start' => true,
  'httponly' => true,
  'secure' => false,
  'expire' => 30758400,
)
[ info ] [ DB ] INIT mysql
[ info ] [ DB ] INIT mysql
[ info ] [ LOG ] INIT File
[ error ] [1049]SQLSTATE[HY000] [1049] Unknown database 'mch'[D:\web\thinkphp5.1\framework\library\think\db\Connection.php:506]
---------------------------------------------------------------
[ 2019-02-26T09:24:20+08:00 ] 127.0.0.1 GET /index.php/index
[ info ] mch.new.com/index.php/index [运行时间：0.044003s][吞吐率：22.73req/s] [内存消耗：2,262.47kb] [文件加载：82]
[ info ] [ LANG ] D:\web\thinkphp5.1\framework/lang/zh-cn.php
[ info ] [ ROUTE ] array (
)
[ info ] [ HEADER ] array (
  'cookie' => 'PHPSESSID=apucksdpuplqqm6deaiu411co5',
  'accept-language' => 'zh-CN,zh;q=0.9',
  'accept-encoding' => 'gzip, deflate',
  'accept' => 'text/html,application/xhtml+xml,application/xml;q=0.9,image/webp,image/apng,*/*;q=0.8',
  'user-agent' => 'Mozilla/5.0 (iPhone; CPU iPhone OS 11_0 like Mac OS X) AppleWebKit/604.1.38 (KHTML, like Gecko) Version/11.0 Mobile/15A372 Safari/604.1',
  'upgrade-insecure-requests' => '1',
  'cache-control' => 'no-cache',
  'pragma' => 'no-cache',
  'connection' => 'keep-alive',
  'host' => 'mch.new.com',
  'content-length' => '',
  'content-type' => '',
)
[ info ] [ PARAM ] array (
)
[ info ] [ SESSION ] INIT array (
  'id' => '',
  'var_session_id' => '',
  'prefix' => 'common_',
  'type' => '',
  'auto_start' => true,
  'httponly' => true,
  'secure' => false,
  'expire' => 30758400,
)
[ info ] [ DB ] INIT mysql
[ info ] [ DB ] INIT mysql
[ info ] [ LOG ] INIT File
[ error ] [1049]SQLSTATE[HY000] [1049] Unknown database 'mch'[D:\web\thinkphp5.1\framework\library\think\db\Connection.php:506]
---------------------------------------------------------------
[ 2019-02-26T09:24:20+08:00 ] 127.0.0.1 GET /index.php/index
[ info ] mch.new.com/index.php/index [运行时间：0.060004s][吞吐率：16.67req/s] [内存消耗：2,262.47kb] [文件加载：82]
[ info ] [ LANG ] D:\web\thinkphp5.1\framework/lang/zh-cn.php
[ info ] [ ROUTE ] array (
)
[ info ] [ HEADER ] array (
  'cookie' => 'PHPSESSID=apucksdpuplqqm6deaiu411co5',
  'accept-language' => 'zh-CN,zh;q=0.9',
  'accept-encoding' => 'gzip, deflate',
  'accept' => 'text/html,application/xhtml+xml,application/xml;q=0.9,image/webp,image/apng,*/*;q=0.8',
  'user-agent' => 'Mozilla/5.0 (iPhone; CPU iPhone OS 11_0 like Mac OS X) AppleWebKit/604.1.38 (KHTML, like Gecko) Version/11.0 Mobile/15A372 Safari/604.1',
  'upgrade-insecure-requests' => '1',
  'cache-control' => 'no-cache',
  'pragma' => 'no-cache',
  'connection' => 'keep-alive',
  'host' => 'mch.new.com',
  'content-length' => '',
  'content-type' => '',
)
[ info ] [ PARAM ] array (
)
[ info ] [ SESSION ] INIT array (
  'id' => '',
  'var_session_id' => '',
  'prefix' => 'common_',
  'type' => '',
  'auto_start' => true,
  'httponly' => true,
  'secure' => false,
  'expire' => 30758400,
)
[ info ] [ DB ] INIT mysql
[ info ] [ DB ] INIT mysql
[ info ] [ LOG ] INIT File
[ error ] [1049]SQLSTATE[HY000] [1049] Unknown database 'mch'[D:\web\thinkphp5.1\framework\library\think\db\Connection.php:506]
---------------------------------------------------------------
[ 2019-02-26T09:24:21+08:00 ] 127.0.0.1 GET /index.php/index
[ info ] mch.new.com/index.php/index [运行时间：0.056003s][吞吐率：17.86req/s] [内存消耗：2,262.47kb] [文件加载：82]
[ info ] [ LANG ] D:\web\thinkphp5.1\framework/lang/zh-cn.php
[ info ] [ ROUTE ] array (
)
[ info ] [ HEADER ] array (
  'cookie' => 'PHPSESSID=apucksdpuplqqm6deaiu411co5',
  'accept-language' => 'zh-CN,zh;q=0.9',
  'accept-encoding' => 'gzip, deflate',
  'accept' => 'text/html,application/xhtml+xml,application/xml;q=0.9,image/webp,image/apng,*/*;q=0.8',
  'user-agent' => 'Mozilla/5.0 (iPhone; CPU iPhone OS 11_0 like Mac OS X) AppleWebKit/604.1.38 (KHTML, like Gecko) Version/11.0 Mobile/15A372 Safari/604.1',
  'upgrade-insecure-requests' => '1',
  'cache-control' => 'no-cache',
  'pragma' => 'no-cache',
  'connection' => 'keep-alive',
  'host' => 'mch.new.com',
  'content-length' => '',
  'content-type' => '',
)
[ info ] [ PARAM ] array (
)
[ info ] [ SESSION ] INIT array (
  'id' => '',
  'var_session_id' => '',
  'prefix' => 'common_',
  'type' => '',
  'auto_start' => true,
  'httponly' => true,
  'secure' => false,
  'expire' => 30758400,
)
[ info ] [ DB ] INIT mysql
[ info ] [ DB ] INIT mysql
[ info ] [ LOG ] INIT File
[ error ] [1049]SQLSTATE[HY000] [1049] Unknown database 'mch'[D:\web\thinkphp5.1\framework\library\think\db\Connection.php:506]
---------------------------------------------------------------
[ 2019-02-26T09:24:21+08:00 ] 127.0.0.1 GET /index.php/index
[ info ] mch.new.com/index.php/index [运行时间：0.050003s][吞吐率：20.00req/s] [内存消耗：2,262.47kb] [文件加载：82]
[ info ] [ LANG ] D:\web\thinkphp5.1\framework/lang/zh-cn.php
[ info ] [ ROUTE ] array (
)
[ info ] [ HEADER ] array (
  'cookie' => 'PHPSESSID=apucksdpuplqqm6deaiu411co5',
  'accept-language' => 'zh-CN,zh;q=0.9',
  'accept-encoding' => 'gzip, deflate',
  'accept' => 'text/html,application/xhtml+xml,application/xml;q=0.9,image/webp,image/apng,*/*;q=0.8',
  'user-agent' => 'Mozilla/5.0 (iPhone; CPU iPhone OS 11_0 like Mac OS X) AppleWebKit/604.1.38 (KHTML, like Gecko) Version/11.0 Mobile/15A372 Safari/604.1',
  'upgrade-insecure-requests' => '1',
  'cache-control' => 'no-cache',
  'pragma' => 'no-cache',
  'connection' => 'keep-alive',
  'host' => 'mch.new.com',
  'content-length' => '',
  'content-type' => '',
)
[ info ] [ PARAM ] array (
)
[ info ] [ SESSION ] INIT array (
  'id' => '',
  'var_session_id' => '',
  'prefix' => 'common_',
  'type' => '',
  'auto_start' => true,
  'httponly' => true,
  'secure' => false,
  'expire' => 30758400,
)
[ info ] [ DB ] INIT mysql
[ info ] [ DB ] INIT mysql
[ info ] [ LOG ] INIT File
[ error ] [1049]SQLSTATE[HY000] [1049] Unknown database 'mch'[D:\web\thinkphp5.1\framework\library\think\db\Connection.php:506]
---------------------------------------------------------------
[ 2019-02-26T09:24:21+08:00 ] 127.0.0.1 GET /index.php/index
[ info ] mch.new.com/index.php/index [运行时间：0.033002s][吞吐率：30.30req/s] [内存消耗：2,262.47kb] [文件加载：82]
[ info ] [ LANG ] D:\web\thinkphp5.1\framework/lang/zh-cn.php
[ info ] [ ROUTE ] array (
)
[ info ] [ HEADER ] array (
  'cookie' => 'PHPSESSID=apucksdpuplqqm6deaiu411co5',
  'accept-language' => 'zh-CN,zh;q=0.9',
  'accept-encoding' => 'gzip, deflate',
  'accept' => 'text/html,application/xhtml+xml,application/xml;q=0.9,image/webp,image/apng,*/*;q=0.8',
  'user-agent' => 'Mozilla/5.0 (iPhone; CPU iPhone OS 11_0 like Mac OS X) AppleWebKit/604.1.38 (KHTML, like Gecko) Version/11.0 Mobile/15A372 Safari/604.1',
  'upgrade-insecure-requests' => '1',
  'cache-control' => 'no-cache',
  'pragma' => 'no-cache',
  'connection' => 'keep-alive',
  'host' => 'mch.new.com',
  'content-length' => '',
  'content-type' => '',
)
[ info ] [ PARAM ] array (
)
[ info ] [ SESSION ] INIT array (
  'id' => '',
  'var_session_id' => '',
  'prefix' => 'common_',
  'type' => '',
  'auto_start' => true,
  'httponly' => true,
  'secure' => false,
  'expire' => 30758400,
)
[ info ] [ DB ] INIT mysql
[ info ] [ DB ] INIT mysql
[ info ] [ LOG ] INIT File
[ error ] [1049]SQLSTATE[HY000] [1049] Unknown database 'mch'[D:\web\thinkphp5.1\framework\library\think\db\Connection.php:506]
---------------------------------------------------------------
[ 2019-02-26T09:24:23+08:00 ] 127.0.0.1 GET /index.php/index/Mine/index.html
[ info ] mch.new.com/index.php/index/Mine/index.html [运行时间：0.027002s][吞吐率：37.03req/s] [内存消耗：1,322.64kb] [文件加载：72]
[ info ] [ LANG ] D:\web\thinkphp5.1\framework/lang/zh-cn.php
[ info ] [ ROUTE ] array (
)
[ info ] [ HEADER ] array (
  'cookie' => 'PHPSESSID=apucksdpuplqqm6deaiu411co5',
  'accept-language' => 'zh-CN,zh;q=0.9',
  'accept-encoding' => 'gzip, deflate',
  'accept' => 'text/html,application/xhtml+xml,application/xml;q=0.9,image/webp,image/apng,*/*;q=0.8',
  'user-agent' => 'Mozilla/5.0 (iPhone; CPU iPhone OS 11_0 like Mac OS X) AppleWebKit/604.1.38 (KHTML, like Gecko) Version/11.0 Mobile/15A372 Safari/604.1',
  'upgrade-insecure-requests' => '1',
  'cache-control' => 'no-cache',
  'pragma' => 'no-cache',
  'connection' => 'keep-alive',
  'host' => 'mch.new.com',
  'content-length' => '',
  'content-type' => '',
)
[ info ] [ PARAM ] array (
)
[ info ] [ SESSION ] INIT array (
  'id' => '',
  'var_session_id' => '',
  'prefix' => 'common_',
  'type' => '',
  'auto_start' => true,
  'httponly' => true,
  'secure' => false,
  'expire' => 30758400,
)
[ info ] [ VIEW ] D:\web\thinkphp5.1\mch\application/index/view\mine\index.html [ array (
  0 => 'user',
) ]
[ info ] [ LOG ] INIT File
---------------------------------------------------------------
[ 2019-02-26T09:24:25+08:00 ] 127.0.0.1 POST /index.php/index/Brand/index
[ info ] mch.new.com/index.php/index/Brand/index [运行时间：0.061004s][吞吐率：16.39req/s] [内存消耗：1,368.92kb] [文件加载：76]
[ info ] [ LANG ] D:\web\thinkphp5.1\framework/lang/zh-cn.php
[ info ] [ ROUTE ] array (
)
[ info ] [ HEADER ] array (
  'cookie' => 'PHPSESSID=apucksdpuplqqm6deaiu411co5',
  'accept-language' => 'zh-CN,zh;q=0.9',
  'accept-encoding' => 'gzip, deflate',
  'referer' => 'http://mch.new.com/index.php/index/Mine/index.html',
  'user-agent' => 'Mozilla/5.0 (iPhone; CPU iPhone OS 11_0 like Mac OS X) AppleWebKit/604.1.38 (KHTML, like Gecko) Version/11.0 Mobile/15A372 Safari/604.1',
  'x-requested-with' => 'XMLHttpRequest',
  'origin' => 'http://mch.new.com',
  'accept' => '*/*',
  'cache-control' => 'no-cache',
  'pragma' => 'no-cache',
  'content-length' => '0',
  'connection' => 'keep-alive',
  'host' => 'mch.new.com',
  'content-type' => '',
)
[ info ] [ PARAM ] array (
)
[ info ] [ SESSION ] INIT array (
  'id' => '',
  'var_session_id' => '',
  'prefix' => 'common_',
  'type' => '',
  'auto_start' => true,
  'httponly' => true,
  'secure' => false,
  'expire' => 30758400,
)
[ info ] [ LOG ] INIT File
[ error ] [2]session_start(): Cannot send session cache limiter - headers already sent[D:\web\thinkphp5.1\framework\library\think\Session.php:159]
---------------------------------------------------------------
[ 2019-02-26T09:24:25+08:00 ] 127.0.0.1 GET /index.php/index/MessageCenter/index.html
[ info ] mch.new.com/index.php/index/MessageCenter/index.html [运行时间：0.034002s][吞吐率：29.41req/s] [内存消耗：1,318.80kb] [文件加载：75]
[ info ] [ LANG ] D:\web\thinkphp5.1\framework/lang/zh-cn.php
[ info ] [ ROUTE ] array (
)
[ info ] [ HEADER ] array (
  'cookie' => 'PHPSESSID=apucksdpuplqqm6deaiu411co5',
  'accept-language' => 'zh-CN,zh;q=0.9',
  'accept-encoding' => 'gzip, deflate',
  'referer' => 'http://mch.new.com/index.php/index/Mine/index.html',
  'accept' => 'text/html,application/xhtml+xml,application/xml;q=0.9,image/webp,image/apng,*/*;q=0.8',
  'user-agent' => 'Mozilla/5.0 (iPhone; CPU iPhone OS 11_0 like Mac OS X) AppleWebKit/604.1.38 (KHTML, like Gecko) Version/11.0 Mobile/15A372 Safari/604.1',
  'upgrade-insecure-requests' => '1',
  'cache-control' => 'no-cache',
  'pragma' => 'no-cache',
  'connection' => 'keep-alive',
  'host' => 'mch.new.com',
  'content-length' => '',
  'content-type' => '',
)
[ info ] [ PARAM ] array (
)
[ info ] [ SESSION ] INIT array (
  'id' => '',
  'var_session_id' => '',
  'prefix' => 'common_',
  'type' => '',
  'auto_start' => true,
  'httponly' => true,
  'secure' => false,
  'expire' => 30758400,
)
[ info ] [ VIEW ] D:\web\thinkphp5.1\framework/tpl/dispatch_jump.tpl [ array (
  0 => 'code',
  1 => 'msg',
  2 => 'data',
  3 => 'url',
  4 => 'wait',
) ]
[ info ] [ LOG ] INIT File
---------------------------------------------------------------
[ 2019-02-26T09:24:27+08:00 ] 127.0.0.1 GET /index.php/index/Mine/index.html
[ info ] mch.new.com/index.php/index/Mine/index.html [运行时间：0.027002s][吞吐率：37.03req/s] [内存消耗：1,322.64kb] [文件加载：72]
[ info ] [ LANG ] D:\web\thinkphp5.1\framework/lang/zh-cn.php
[ info ] [ ROUTE ] array (
)
[ info ] [ HEADER ] array (
  'cookie' => 'PHPSESSID=apucksdpuplqqm6deaiu411co5',
  'accept-language' => 'zh-CN,zh;q=0.9',
  'accept-encoding' => 'gzip, deflate',
  'accept' => 'text/html,application/xhtml+xml,application/xml;q=0.9,image/webp,image/apng,*/*;q=0.8',
  'user-agent' => 'Mozilla/5.0 (iPhone; CPU iPhone OS 11_0 like Mac OS X) AppleWebKit/604.1.38 (KHTML, like Gecko) Version/11.0 Mobile/15A372 Safari/604.1',
  'upgrade-insecure-requests' => '1',
  'cache-control' => 'no-cache',
  'pragma' => 'no-cache',
  'connection' => 'keep-alive',
  'host' => 'mch.new.com',
  'content-length' => '',
  'content-type' => '',
)
[ info ] [ PARAM ] array (
)
[ info ] [ SESSION ] INIT array (
  'id' => '',
  'var_session_id' => '',
  'prefix' => 'common_',
  'type' => '',
  'auto_start' => true,
  'httponly' => true,
  'secure' => false,
  'expire' => 30758400,
)
[ info ] [ VIEW ] D:\web\thinkphp5.1\mch\application/index/view\mine\index.html [ array (
  0 => 'user',
) ]
[ info ] [ LOG ] INIT File
---------------------------------------------------------------
[ 2019-02-26T09:24:48+08:00 ] 127.0.0.1 GET /index.php/index/Mine/index.html
[ info ] mch.new.com/index.php/index/Mine/index.html [运行时间：0.039003s][吞吐率：25.64req/s] [内存消耗：1,322.64kb] [文件加载：72]
[ info ] [ LANG ] D:\web\thinkphp5.1\framework/lang/zh-cn.php
[ info ] [ ROUTE ] array (
)
[ info ] [ HEADER ] array (
  'cookie' => 'PHPSESSID=apucksdpuplqqm6deaiu411co5',
  'accept-language' => 'zh-CN,zh;q=0.9',
  'accept-encoding' => 'gzip, deflate',
  'accept' => 'text/html,application/xhtml+xml,application/xml;q=0.9,image/webp,image/apng,*/*;q=0.8',
  'user-agent' => 'Mozilla/5.0 (iPhone; CPU iPhone OS 11_0 like Mac OS X) AppleWebKit/604.1.38 (KHTML, like Gecko) Version/11.0 Mobile/15A372 Safari/604.1',
  'upgrade-insecure-requests' => '1',
  'cache-control' => 'no-cache',
  'pragma' => 'no-cache',
  'connection' => 'keep-alive',
  'host' => 'mch.new.com',
  'content-length' => '',
  'content-type' => '',
)
[ info ] [ PARAM ] array (
)
[ info ] [ SESSION ] INIT array (
  'id' => '',
  'var_session_id' => '',
  'prefix' => 'common_',
  'type' => '',
  'auto_start' => true,
  'httponly' => true,
  'secure' => false,
  'expire' => 30758400,
)
[ info ] [ VIEW ] D:\web\thinkphp5.1\mch\application/index/view\mine\index.html [ array (
  0 => 'user',
) ]
[ info ] [ LOG ] INIT File
---------------------------------------------------------------
[ 2019-02-26T09:24:49+08:00 ] 127.0.0.1 GET /index.php/index/Mine/index.html
[ info ] mch.new.com/index.php/index/Mine/index.html [运行时间：0.037002s][吞吐率：27.03req/s] [内存消耗：1,322.64kb] [文件加载：72]
[ info ] [ LANG ] D:\web\thinkphp5.1\framework/lang/zh-cn.php
[ info ] [ ROUTE ] array (
)
[ info ] [ HEADER ] array (
  'cookie' => 'PHPSESSID=apucksdpuplqqm6deaiu411co5',
  'accept-language' => 'zh-CN,zh;q=0.9',
  'accept-encoding' => 'gzip, deflate',
  'accept' => 'text/html,application/xhtml+xml,application/xml;q=0.9,image/webp,image/apng,*/*;q=0.8',
  'user-agent' => 'Mozilla/5.0 (iPhone; CPU iPhone OS 11_0 like Mac OS X) AppleWebKit/604.1.38 (KHTML, like Gecko) Version/11.0 Mobile/15A372 Safari/604.1',
  'upgrade-insecure-requests' => '1',
  'cache-control' => 'no-cache',
  'pragma' => 'no-cache',
  'connection' => 'keep-alive',
  'host' => 'mch.new.com',
  'content-length' => '',
  'content-type' => '',
)
[ info ] [ PARAM ] array (
)
[ info ] [ SESSION ] INIT array (
  'id' => '',
  'var_session_id' => '',
  'prefix' => 'common_',
  'type' => '',
  'auto_start' => true,
  'httponly' => true,
  'secure' => false,
  'expire' => 30758400,
)
[ info ] [ VIEW ] D:\web\thinkphp5.1\mch\application/index/view\mine\index.html [ array (
  0 => 'user',
) ]
[ info ] [ LOG ] INIT File
---------------------------------------------------------------
[ 2019-02-26T09:24:49+08:00 ] 127.0.0.1 GET /index.php/index/Mine/index.html
[ info ] mch.new.com/index.php/index/Mine/index.html [运行时间：0.036002s][吞吐率：27.78req/s] [内存消耗：1,322.64kb] [文件加载：72]
[ info ] [ LANG ] D:\web\thinkphp5.1\framework/lang/zh-cn.php
[ info ] [ ROUTE ] array (
)
[ info ] [ HEADER ] array (
  'cookie' => 'PHPSESSID=apucksdpuplqqm6deaiu411co5',
  'accept-language' => 'zh-CN,zh;q=0.9',
  'accept-encoding' => 'gzip, deflate',
  'accept' => 'text/html,application/xhtml+xml,application/xml;q=0.9,image/webp,image/apng,*/*;q=0.8',
  'user-agent' => 'Mozilla/5.0 (iPhone; CPU iPhone OS 11_0 like Mac OS X) AppleWebKit/604.1.38 (KHTML, like Gecko) Version/11.0 Mobile/15A372 Safari/604.1',
  'upgrade-insecure-requests' => '1',
  'cache-control' => 'no-cache',
  'pragma' => 'no-cache',
  'connection' => 'keep-alive',
  'host' => 'mch.new.com',
  'content-length' => '',
  'content-type' => '',
)
[ info ] [ PARAM ] array (
)
[ info ] [ SESSION ] INIT array (
  'id' => '',
  'var_session_id' => '',
  'prefix' => 'common_',
  'type' => '',
  'auto_start' => true,
  'httponly' => true,
  'secure' => false,
  'expire' => 30758400,
)
[ info ] [ VIEW ] D:\web\thinkphp5.1\mch\application/index/view\mine\index.html [ array (
  0 => 'user',
) ]
[ info ] [ LOG ] INIT File
---------------------------------------------------------------
[ 2019-02-26T09:24:51+08:00 ] 127.0.0.1 GET /index.php/index/Mine/index.html
[ info ] mch.new.com/index.php/index/Mine/index.html [运行时间：0.031002s][吞吐率：32.26req/s] [内存消耗：1,322.64kb] [文件加载：72]
[ info ] [ LANG ] D:\web\thinkphp5.1\framework/lang/zh-cn.php
[ info ] [ ROUTE ] array (
)
[ info ] [ HEADER ] array (
  'cookie' => 'PHPSESSID=apucksdpuplqqm6deaiu411co5',
  'accept-language' => 'zh-CN,zh;q=0.9',
  'accept-encoding' => 'gzip, deflate',
  'accept' => 'text/html,application/xhtml+xml,application/xml;q=0.9,image/webp,image/apng,*/*;q=0.8',
  'user-agent' => 'Mozilla/5.0 (iPhone; CPU iPhone OS 11_0 like Mac OS X) AppleWebKit/604.1.38 (KHTML, like Gecko) Version/11.0 Mobile/15A372 Safari/604.1',
  'upgrade-insecure-requests' => '1',
  'cache-control' => 'no-cache',
  'pragma' => 'no-cache',
  'connection' => 'keep-alive',
  'host' => 'mch.new.com',
  'content-length' => '',
  'content-type' => '',
)
[ info ] [ PARAM ] array (
)
[ info ] [ SESSION ] INIT array (
  'id' => '',
  'var_session_id' => '',
  'prefix' => 'common_',
  'type' => '',
  'auto_start' => true,
  'httponly' => true,
  'secure' => false,
  'expire' => 30758400,
)
[ info ] [ VIEW ] D:\web\thinkphp5.1\mch\application/index/view\mine\index.html [ array (
  0 => 'user',
) ]
[ info ] [ LOG ] INIT File
---------------------------------------------------------------
[ 2019-02-26T09:24:51+08:00 ] 127.0.0.1 GET /index.php/index/Mine/index.html
[ info ] mch.new.com/index.php/index/Mine/index.html [运行时间：0.029002s][吞吐率：34.48req/s] [内存消耗：1,322.64kb] [文件加载：72]
[ info ] [ LANG ] D:\web\thinkphp5.1\framework/lang/zh-cn.php
[ info ] [ ROUTE ] array (
)
[ info ] [ HEADER ] array (
  'cookie' => 'PHPSESSID=apucksdpuplqqm6deaiu411co5',
  'accept-language' => 'zh-CN,zh;q=0.9',
  'accept-encoding' => 'gzip, deflate',
  'accept' => 'text/html,application/xhtml+xml,application/xml;q=0.9,image/webp,image/apng,*/*;q=0.8',
  'user-agent' => 'Mozilla/5.0 (iPhone; CPU iPhone OS 11_0 like Mac OS X) AppleWebKit/604.1.38 (KHTML, like Gecko) Version/11.0 Mobile/15A372 Safari/604.1',
  'upgrade-insecure-requests' => '1',
  'cache-control' => 'no-cache',
  'pragma' => 'no-cache',
  'connection' => 'keep-alive',
  'host' => 'mch.new.com',
  'content-length' => '',
  'content-type' => '',
)
[ info ] [ PARAM ] array (
)
[ info ] [ SESSION ] INIT array (
  'id' => '',
  'var_session_id' => '',
  'prefix' => 'common_',
  'type' => '',
  'auto_start' => true,
  'httponly' => true,
  'secure' => false,
  'expire' => 30758400,
)
[ info ] [ VIEW ] D:\web\thinkphp5.1\mch\application/index/view\mine\index.html [ array (
  0 => 'user',
) ]
[ info ] [ LOG ] INIT File
---------------------------------------------------------------
[ 2019-02-26T09:24:52+08:00 ] 127.0.0.1 GET /index.php/index/Mine/index.html
[ info ] mch.new.com/index.php/index/Mine/index.html [运行时间：0.035002s][吞吐率：28.57req/s] [内存消耗：1,322.64kb] [文件加载：72]
[ info ] [ LANG ] D:\web\thinkphp5.1\framework/lang/zh-cn.php
[ info ] [ ROUTE ] array (
)
[ info ] [ HEADER ] array (
  'cookie' => 'PHPSESSID=apucksdpuplqqm6deaiu411co5',
  'accept-language' => 'zh-CN,zh;q=0.9',
  'accept-encoding' => 'gzip, deflate',
  'accept' => 'text/html,application/xhtml+xml,application/xml;q=0.9,image/webp,image/apng,*/*;q=0.8',
  'user-agent' => 'Mozilla/5.0 (iPhone; CPU iPhone OS 11_0 like Mac OS X) AppleWebKit/604.1.38 (KHTML, like Gecko) Version/11.0 Mobile/15A372 Safari/604.1',
  'upgrade-insecure-requests' => '1',
  'cache-control' => 'no-cache',
  'pragma' => 'no-cache',
  'connection' => 'keep-alive',
  'host' => 'mch.new.com',
  'content-length' => '',
  'content-type' => '',
)
[ info ] [ PARAM ] array (
)
[ info ] [ SESSION ] INIT array (
  'id' => '',
  'var_session_id' => '',
  'prefix' => 'common_',
  'type' => '',
  'auto_start' => true,
  'httponly' => true,
  'secure' => false,
  'expire' => 30758400,
)
[ info ] [ VIEW ] D:\web\thinkphp5.1\mch\application/index/view\mine\index.html [ array (
  0 => 'user',
) ]
[ info ] [ LOG ] INIT File
---------------------------------------------------------------
[ 2019-02-26T09:24:52+08:00 ] 127.0.0.1 GET /index.php/index/Mine/index.html
[ info ] mch.new.com/index.php/index/Mine/index.html [运行时间：0.029002s][吞吐率：34.48req/s] [内存消耗：1,322.64kb] [文件加载：72]
[ info ] [ LANG ] D:\web\thinkphp5.1\framework/lang/zh-cn.php
[ info ] [ ROUTE ] array (
)
[ info ] [ HEADER ] array (
  'cookie' => 'PHPSESSID=apucksdpuplqqm6deaiu411co5',
  'accept-language' => 'zh-CN,zh;q=0.9',
  'accept-encoding' => 'gzip, deflate',
  'accept' => 'text/html,application/xhtml+xml,application/xml;q=0.9,image/webp,image/apng,*/*;q=0.8',
  'user-agent' => 'Mozilla/5.0 (iPhone; CPU iPhone OS 11_0 like Mac OS X) AppleWebKit/604.1.38 (KHTML, like Gecko) Version/11.0 Mobile/15A372 Safari/604.1',
  'upgrade-insecure-requests' => '1',
  'cache-control' => 'no-cache',
  'pragma' => 'no-cache',
  'connection' => 'keep-alive',
  'host' => 'mch.new.com',
  'content-length' => '',
  'content-type' => '',
)
[ info ] [ PARAM ] array (
)
[ info ] [ SESSION ] INIT array (
  'id' => '',
  'var_session_id' => '',
  'prefix' => 'common_',
  'type' => '',
  'auto_start' => true,
  'httponly' => true,
  'secure' => false,
  'expire' => 30758400,
)
[ info ] [ VIEW ] D:\web\thinkphp5.1\mch\application/index/view\mine\index.html [ array (
  0 => 'user',
) ]
[ info ] [ LOG ] INIT File
---------------------------------------------------------------
[ 2019-02-26T09:24:54+08:00 ] 127.0.0.1 GET /index.php/index/Mine/index.html
[ info ] mch.new.com/index.php/index/Mine/index.html [运行时间：0.032002s][吞吐率：31.25req/s] [内存消耗：1,322.64kb] [文件加载：72]
[ info ] [ LANG ] D:\web\thinkphp5.1\framework/lang/zh-cn.php
[ info ] [ ROUTE ] array (
)
[ info ] [ HEADER ] array (
  'cookie' => 'PHPSESSID=apucksdpuplqqm6deaiu411co5',
  'accept-language' => 'zh-CN,zh;q=0.9',
  'accept-encoding' => 'gzip, deflate',
  'accept' => 'text/html,application/xhtml+xml,application/xml;q=0.9,image/webp,image/apng,*/*;q=0.8',
  'user-agent' => 'Mozilla/5.0 (iPhone; CPU iPhone OS 11_0 like Mac OS X) AppleWebKit/604.1.38 (KHTML, like Gecko) Version/11.0 Mobile/15A372 Safari/604.1',
  'upgrade-insecure-requests' => '1',
  'cache-control' => 'no-cache',
  'pragma' => 'no-cache',
  'connection' => 'keep-alive',
  'host' => 'mch.new.com',
  'content-length' => '',
  'content-type' => '',
)
[ info ] [ PARAM ] array (
)
[ info ] [ SESSION ] INIT array (
  'id' => '',
  'var_session_id' => '',
  'prefix' => 'common_',
  'type' => '',
  'auto_start' => true,
  'httponly' => true,
  'secure' => false,
  'expire' => 30758400,
)
[ info ] [ VIEW ] D:\web\thinkphp5.1\mch\application/index/view\mine\index.html [ array (
  0 => 'user',
) ]
[ info ] [ LOG ] INIT File
---------------------------------------------------------------
[ 2019-02-26T09:24:54+08:00 ] 127.0.0.1 GET /index.php/index/Mine/index.html
[ info ] mch.new.com/index.php/index/Mine/index.html [运行时间：0.030002s][吞吐率：33.33req/s] [内存消耗：1,322.64kb] [文件加载：72]
[ info ] [ LANG ] D:\web\thinkphp5.1\framework/lang/zh-cn.php
[ info ] [ ROUTE ] array (
)
[ info ] [ HEADER ] array (
  'cookie' => 'PHPSESSID=apucksdpuplqqm6deaiu411co5',
  'accept-language' => 'zh-CN,zh;q=0.9',
  'accept-encoding' => 'gzip, deflate',
  'accept' => 'text/html,application/xhtml+xml,application/xml;q=0.9,image/webp,image/apng,*/*;q=0.8',
  'user-agent' => 'Mozilla/5.0 (iPhone; CPU iPhone OS 11_0 like Mac OS X) AppleWebKit/604.1.38 (KHTML, like Gecko) Version/11.0 Mobile/15A372 Safari/604.1',
  'upgrade-insecure-requests' => '1',
  'cache-control' => 'no-cache',
  'pragma' => 'no-cache',
  'connection' => 'keep-alive',
  'host' => 'mch.new.com',
  'content-length' => '',
  'content-type' => '',
)
[ info ] [ PARAM ] array (
)
[ info ] [ SESSION ] INIT array (
  'id' => '',
  'var_session_id' => '',
  'prefix' => 'common_',
  'type' => '',
  'auto_start' => true,
  'httponly' => true,
  'secure' => false,
  'expire' => 30758400,
)
[ info ] [ VIEW ] D:\web\thinkphp5.1\mch\application/index/view\mine\index.html [ array (
  0 => 'user',
) ]
[ info ] [ LOG ] INIT File
---------------------------------------------------------------
[ 2019-02-26T09:24:54+08:00 ] 127.0.0.1 GET /index.php/index/Mine/index.html
[ info ] mch.new.com/index.php/index/Mine/index.html [运行时间：0.029002s][吞吐率：34.48req/s] [内存消耗：1,322.64kb] [文件加载：72]
[ info ] [ LANG ] D:\web\thinkphp5.1\framework/lang/zh-cn.php
[ info ] [ ROUTE ] array (
)
[ info ] [ HEADER ] array (
  'cookie' => 'PHPSESSID=apucksdpuplqqm6deaiu411co5',
  'accept-language' => 'zh-CN,zh;q=0.9',
  'accept-encoding' => 'gzip, deflate',
  'accept' => 'text/html,application/xhtml+xml,application/xml;q=0.9,image/webp,image/apng,*/*;q=0.8',
  'user-agent' => 'Mozilla/5.0 (iPhone; CPU iPhone OS 11_0 like Mac OS X) AppleWebKit/604.1.38 (KHTML, like Gecko) Version/11.0 Mobile/15A372 Safari/604.1',
  'upgrade-insecure-requests' => '1',
  'cache-control' => 'no-cache',
  'pragma' => 'no-cache',
  'connection' => 'keep-alive',
  'host' => 'mch.new.com',
  'content-length' => '',
  'content-type' => '',
)
[ info ] [ PARAM ] array (
)
[ info ] [ SESSION ] INIT array (
  'id' => '',
  'var_session_id' => '',
  'prefix' => 'common_',
  'type' => '',
  'auto_start' => true,
  'httponly' => true,
  'secure' => false,
  'expire' => 30758400,
)
[ info ] [ VIEW ] D:\web\thinkphp5.1\mch\application/index/view\mine\index.html [ array (
  0 => 'user',
) ]
[ info ] [ LOG ] INIT File
---------------------------------------------------------------
[ 2019-02-26T09:24:54+08:00 ] 127.0.0.1 GET /index.php/index/Mine/index.html
[ info ] mch.new.com/index.php/index/Mine/index.html [运行时间：0.044003s][吞吐率：22.73req/s] [内存消耗：1,322.64kb] [文件加载：72]
[ info ] [ LANG ] D:\web\thinkphp5.1\framework/lang/zh-cn.php
[ info ] [ ROUTE ] array (
)
[ info ] [ HEADER ] array (
  'cookie' => 'PHPSESSID=apucksdpuplqqm6deaiu411co5',
  'accept-language' => 'zh-CN,zh;q=0.9',
  'accept-encoding' => 'gzip, deflate',
  'accept' => 'text/html,application/xhtml+xml,application/xml;q=0.9,image/webp,image/apng,*/*;q=0.8',
  'user-agent' => 'Mozilla/5.0 (iPhone; CPU iPhone OS 11_0 like Mac OS X) AppleWebKit/604.1.38 (KHTML, like Gecko) Version/11.0 Mobile/15A372 Safari/604.1',
  'upgrade-insecure-requests' => '1',
  'cache-control' => 'no-cache',
  'pragma' => 'no-cache',
  'connection' => 'keep-alive',
  'host' => 'mch.new.com',
  'content-length' => '',
  'content-type' => '',
)
[ info ] [ PARAM ] array (
)
[ info ] [ SESSION ] INIT array (
  'id' => '',
  'var_session_id' => '',
  'prefix' => 'common_',
  'type' => '',
  'auto_start' => true,
  'httponly' => true,
  'secure' => false,
  'expire' => 30758400,
)
[ info ] [ VIEW ] D:\web\thinkphp5.1\mch\application/index/view\mine\index.html [ array (
  0 => 'user',
) ]
[ info ] [ LOG ] INIT File
---------------------------------------------------------------
[ 2019-02-26T09:24:55+08:00 ] 127.0.0.1 GET /index.php/index/Mine/index.html
[ info ] mch.new.com/index.php/index/Mine/index.html [运行时间：0.027001s][吞吐率：37.04req/s] [内存消耗：1,322.64kb] [文件加载：72]
[ info ] [ LANG ] D:\web\thinkphp5.1\framework/lang/zh-cn.php
[ info ] [ ROUTE ] array (
)
[ info ] [ HEADER ] array (
  'cookie' => 'PHPSESSID=apucksdpuplqqm6deaiu411co5',
  'accept-language' => 'zh-CN,zh;q=0.9',
  'accept-encoding' => 'gzip, deflate',
  'accept' => 'text/html,application/xhtml+xml,application/xml;q=0.9,image/webp,image/apng,*/*;q=0.8',
  'user-agent' => 'Mozilla/5.0 (iPhone; CPU iPhone OS 11_0 like Mac OS X) AppleWebKit/604.1.38 (KHTML, like Gecko) Version/11.0 Mobile/15A372 Safari/604.1',
  'upgrade-insecure-requests' => '1',
  'cache-control' => 'no-cache',
  'pragma' => 'no-cache',
  'connection' => 'keep-alive',
  'host' => 'mch.new.com',
  'content-length' => '',
  'content-type' => '',
)
[ info ] [ PARAM ] array (
)
[ info ] [ SESSION ] INIT array (
  'id' => '',
  'var_session_id' => '',
  'prefix' => 'common_',
  'type' => '',
  'auto_start' => true,
  'httponly' => true,
  'secure' => false,
  'expire' => 30758400,
)
[ info ] [ VIEW ] D:\web\thinkphp5.1\mch\application/index/view\mine\index.html [ array (
  0 => 'user',
) ]
[ info ] [ LOG ] INIT File
---------------------------------------------------------------
[ 2019-02-26T09:24:55+08:00 ] 127.0.0.1 GET /index.php/index/Mine/index.html
[ info ] mch.new.com/index.php/index/Mine/index.html [运行时间：0.032002s][吞吐率：31.25req/s] [内存消耗：1,322.64kb] [文件加载：72]
[ info ] [ LANG ] D:\web\thinkphp5.1\framework/lang/zh-cn.php
[ info ] [ ROUTE ] array (
)
[ info ] [ HEADER ] array (
  'cookie' => 'PHPSESSID=apucksdpuplqqm6deaiu411co5',
  'accept-language' => 'zh-CN,zh;q=0.9',
  'accept-encoding' => 'gzip, deflate',
  'accept' => 'text/html,application/xhtml+xml,application/xml;q=0.9,image/webp,image/apng,*/*;q=0.8',
  'user-agent' => 'Mozilla/5.0 (iPhone; CPU iPhone OS 11_0 like Mac OS X) AppleWebKit/604.1.38 (KHTML, like Gecko) Version/11.0 Mobile/15A372 Safari/604.1',
  'upgrade-insecure-requests' => '1',
  'cache-control' => 'no-cache',
  'pragma' => 'no-cache',
  'connection' => 'keep-alive',
  'host' => 'mch.new.com',
  'content-length' => '',
  'content-type' => '',
)
[ info ] [ PARAM ] array (
)
[ info ] [ SESSION ] INIT array (
  'id' => '',
  'var_session_id' => '',
  'prefix' => 'common_',
  'type' => '',
  'auto_start' => true,
  'httponly' => true,
  'secure' => false,
  'expire' => 30758400,
)
[ info ] [ VIEW ] D:\web\thinkphp5.1\mch\application/index/view\mine\index.html [ array (
  0 => 'user',
) ]
[ info ] [ LOG ] INIT File
---------------------------------------------------------------
[ 2019-02-26T09:24:56+08:00 ] 127.0.0.1 GET /index.php/index/Mine/index.html
[ info ] mch.new.com/index.php/index/Mine/index.html [运行时间：0.033002s][吞吐率：30.30req/s] [内存消耗：1,322.64kb] [文件加载：72]
[ info ] [ LANG ] D:\web\thinkphp5.1\framework/lang/zh-cn.php
[ info ] [ ROUTE ] array (
)
[ info ] [ HEADER ] array (
  'cookie' => 'PHPSESSID=apucksdpuplqqm6deaiu411co5',
  'accept-language' => 'zh-CN,zh;q=0.9',
  'accept-encoding' => 'gzip, deflate',
  'accept' => 'text/html,application/xhtml+xml,application/xml;q=0.9,image/webp,image/apng,*/*;q=0.8',
  'user-agent' => 'Mozilla/5.0 (iPhone; CPU iPhone OS 11_0 like Mac OS X) AppleWebKit/604.1.38 (KHTML, like Gecko) Version/11.0 Mobile/15A372 Safari/604.1',
  'upgrade-insecure-requests' => '1',
  'cache-control' => 'no-cache',
  'pragma' => 'no-cache',
  'connection' => 'keep-alive',
  'host' => 'mch.new.com',
  'content-length' => '',
  'content-type' => '',
)
[ info ] [ PARAM ] array (
)
[ info ] [ SESSION ] INIT array (
  'id' => '',
  'var_session_id' => '',
  'prefix' => 'common_',
  'type' => '',
  'auto_start' => true,
  'httponly' => true,
  'secure' => false,
  'expire' => 30758400,
)
[ info ] [ VIEW ] D:\web\thinkphp5.1\mch\application/index/view\mine\index.html [ array (
  0 => 'user',
) ]
[ info ] [ LOG ] INIT File
---------------------------------------------------------------
[ 2019-02-26T09:24:56+08:00 ] 127.0.0.1 GET /index.php/index/Mine/index.html
[ info ] mch.new.com/index.php/index/Mine/index.html [运行时间：0.043002s][吞吐率：23.25req/s] [内存消耗：1,322.64kb] [文件加载：72]
[ info ] [ LANG ] D:\web\thinkphp5.1\framework/lang/zh-cn.php
[ info ] [ ROUTE ] array (
)
[ info ] [ HEADER ] array (
  'cookie' => 'PHPSESSID=apucksdpuplqqm6deaiu411co5',
  'accept-language' => 'zh-CN,zh;q=0.9',
  'accept-encoding' => 'gzip, deflate',
  'accept' => 'text/html,application/xhtml+xml,application/xml;q=0.9,image/webp,image/apng,*/*;q=0.8',
  'user-agent' => 'Mozilla/5.0 (iPhone; CPU iPhone OS 11_0 like Mac OS X) AppleWebKit/604.1.38 (KHTML, like Gecko) Version/11.0 Mobile/15A372 Safari/604.1',
  'upgrade-insecure-requests' => '1',
  'cache-control' => 'no-cache',
  'pragma' => 'no-cache',
  'connection' => 'keep-alive',
  'host' => 'mch.new.com',
  'content-length' => '',
  'content-type' => '',
)
[ info ] [ PARAM ] array (
)
[ info ] [ SESSION ] INIT array (
  'id' => '',
  'var_session_id' => '',
  'prefix' => 'common_',
  'type' => '',
  'auto_start' => true,
  'httponly' => true,
  'secure' => false,
  'expire' => 30758400,
)
[ info ] [ VIEW ] D:\web\thinkphp5.1\mch\application/index/view\mine\index.html [ array (
  0 => 'user',
) ]
[ info ] [ LOG ] INIT File
---------------------------------------------------------------
[ 2019-02-26T09:24:56+08:00 ] 127.0.0.1 GET /index.php/index/Mine/index.html
[ info ] mch.new.com/index.php/index/Mine/index.html [运行时间：0.028002s][吞吐率：35.71req/s] [内存消耗：1,322.64kb] [文件加载：72]
[ info ] [ LANG ] D:\web\thinkphp5.1\framework/lang/zh-cn.php
[ info ] [ ROUTE ] array (
)
[ info ] [ HEADER ] array (
  'cookie' => 'PHPSESSID=apucksdpuplqqm6deaiu411co5',
  'accept-language' => 'zh-CN,zh;q=0.9',
  'accept-encoding' => 'gzip, deflate',
  'accept' => 'text/html,application/xhtml+xml,application/xml;q=0.9,image/webp,image/apng,*/*;q=0.8',
  'user-agent' => 'Mozilla/5.0 (iPhone; CPU iPhone OS 11_0 like Mac OS X) AppleWebKit/604.1.38 (KHTML, like Gecko) Version/11.0 Mobile/15A372 Safari/604.1',
  'upgrade-insecure-requests' => '1',
  'cache-control' => 'no-cache',
  'pragma' => 'no-cache',
  'connection' => 'keep-alive',
  'host' => 'mch.new.com',
  'content-length' => '',
  'content-type' => '',
)
[ info ] [ PARAM ] array (
)
[ info ] [ SESSION ] INIT array (
  'id' => '',
  'var_session_id' => '',
  'prefix' => 'common_',
  'type' => '',
  'auto_start' => true,
  'httponly' => true,
  'secure' => false,
  'expire' => 30758400,
)
[ info ] [ VIEW ] D:\web\thinkphp5.1\mch\application/index/view\mine\index.html [ array (
  0 => 'user',
) ]
[ info ] [ LOG ] INIT File
---------------------------------------------------------------
[ 2019-02-26T09:24:56+08:00 ] 127.0.0.1 GET /index.php/index/Mine/index.html
[ info ] mch.new.com/index.php/index/Mine/index.html [运行时间：0.032002s][吞吐率：31.25req/s] [内存消耗：1,322.64kb] [文件加载：72]
[ info ] [ LANG ] D:\web\thinkphp5.1\framework/lang/zh-cn.php
[ info ] [ ROUTE ] array (
)
[ info ] [ HEADER ] array (
  'cookie' => 'PHPSESSID=apucksdpuplqqm6deaiu411co5',
  'accept-language' => 'zh-CN,zh;q=0.9',
  'accept-encoding' => 'gzip, deflate',
  'accept' => 'text/html,application/xhtml+xml,application/xml;q=0.9,image/webp,image/apng,*/*;q=0.8',
  'user-agent' => 'Mozilla/5.0 (iPhone; CPU iPhone OS 11_0 like Mac OS X) AppleWebKit/604.1.38 (KHTML, like Gecko) Version/11.0 Mobile/15A372 Safari/604.1',
  'upgrade-insecure-requests' => '1',
  'cache-control' => 'no-cache',
  'pragma' => 'no-cache',
  'connection' => 'keep-alive',
  'host' => 'mch.new.com',
  'content-length' => '',
  'content-type' => '',
)
[ info ] [ PARAM ] array (
)
[ info ] [ SESSION ] INIT array (
  'id' => '',
  'var_session_id' => '',
  'prefix' => 'common_',
  'type' => '',
  'auto_start' => true,
  'httponly' => true,
  'secure' => false,
  'expire' => 30758400,
)
[ info ] [ VIEW ] D:\web\thinkphp5.1\mch\application/index/view\mine\index.html [ array (
  0 => 'user',
) ]
[ info ] [ LOG ] INIT File
---------------------------------------------------------------
[ 2019-02-26T09:24:57+08:00 ] 127.0.0.1 GET /index.php/index/Mine/index.html
[ info ] mch.new.com/index.php/index/Mine/index.html [运行时间：0.047003s][吞吐率：21.28req/s] [内存消耗：1,322.64kb] [文件加载：72]
[ info ] [ LANG ] D:\web\thinkphp5.1\framework/lang/zh-cn.php
[ info ] [ ROUTE ] array (
)
[ info ] [ HEADER ] array (
  'cookie' => 'PHPSESSID=apucksdpuplqqm6deaiu411co5',
  'accept-language' => 'zh-CN,zh;q=0.9',
  'accept-encoding' => 'gzip, deflate',
  'accept' => 'text/html,application/xhtml+xml,application/xml;q=0.9,image/webp,image/apng,*/*;q=0.8',
  'user-agent' => 'Mozilla/5.0 (iPhone; CPU iPhone OS 11_0 like Mac OS X) AppleWebKit/604.1.38 (KHTML, like Gecko) Version/11.0 Mobile/15A372 Safari/604.1',
  'upgrade-insecure-requests' => '1',
  'cache-control' => 'no-cache',
  'pragma' => 'no-cache',
  'connection' => 'keep-alive',
  'host' => 'mch.new.com',
  'content-length' => '',
  'content-type' => '',
)
[ info ] [ PARAM ] array (
)
[ info ] [ SESSION ] INIT array (
  'id' => '',
  'var_session_id' => '',
  'prefix' => 'common_',
  'type' => '',
  'auto_start' => true,
  'httponly' => true,
  'secure' => false,
  'expire' => 30758400,
)
[ info ] [ VIEW ] D:\web\thinkphp5.1\mch\application/index/view\mine\index.html [ array (
  0 => 'user',
) ]
[ info ] [ LOG ] INIT File
---------------------------------------------------------------
[ 2019-02-26T09:24:57+08:00 ] 127.0.0.1 GET /index.php/index/Mine/index.html
[ info ] mch.new.com/index.php/index/Mine/index.html [运行时间：0.030001s][吞吐率：33.33req/s] [内存消耗：1,322.64kb] [文件加载：72]
[ info ] [ LANG ] D:\web\thinkphp5.1\framework/lang/zh-cn.php
[ info ] [ ROUTE ] array (
)
[ info ] [ HEADER ] array (
  'cookie' => 'PHPSESSID=apucksdpuplqqm6deaiu411co5',
  'accept-language' => 'zh-CN,zh;q=0.9',
  'accept-encoding' => 'gzip, deflate',
  'accept' => 'text/html,application/xhtml+xml,application/xml;q=0.9,image/webp,image/apng,*/*;q=0.8',
  'user-agent' => 'Mozilla/5.0 (iPhone; CPU iPhone OS 11_0 like Mac OS X) AppleWebKit/604.1.38 (KHTML, like Gecko) Version/11.0 Mobile/15A372 Safari/604.1',
  'upgrade-insecure-requests' => '1',
  'cache-control' => 'no-cache',
  'pragma' => 'no-cache',
  'connection' => 'keep-alive',
  'host' => 'mch.new.com',
  'content-length' => '',
  'content-type' => '',
)
[ info ] [ PARAM ] array (
)
[ info ] [ SESSION ] INIT array (
  'id' => '',
  'var_session_id' => '',
  'prefix' => 'common_',
  'type' => '',
  'auto_start' => true,
  'httponly' => true,
  'secure' => false,
  'expire' => 30758400,
)
[ info ] [ VIEW ] D:\web\thinkphp5.1\mch\application/index/view\mine\index.html [ array (
  0 => 'user',
) ]
[ info ] [ LOG ] INIT File
---------------------------------------------------------------
[ 2019-02-26T09:25:00+08:00 ] 127.0.0.1 GET /index.php/index/Mine/index.html
[ info ] mch.new.com/index.php/index/Mine/index.html [运行时间：0.029002s][吞吐率：34.48req/s] [内存消耗：1,322.64kb] [文件加载：72]
[ info ] [ LANG ] D:\web\thinkphp5.1\framework/lang/zh-cn.php
[ info ] [ ROUTE ] array (
)
[ info ] [ HEADER ] array (
  'cookie' => 'PHPSESSID=apucksdpuplqqm6deaiu411co5',
  'accept-language' => 'zh-CN,zh;q=0.9',
  'accept-encoding' => 'gzip, deflate',
  'accept' => 'text/html,application/xhtml+xml,application/xml;q=0.9,image/webp,image/apng,*/*;q=0.8',
  'user-agent' => 'Mozilla/5.0 (iPhone; CPU iPhone OS 11_0 like Mac OS X) AppleWebKit/604.1.38 (KHTML, like Gecko) Version/11.0 Mobile/15A372 Safari/604.1',
  'upgrade-insecure-requests' => '1',
  'cache-control' => 'no-cache',
  'pragma' => 'no-cache',
  'connection' => 'keep-alive',
  'host' => 'mch.new.com',
  'content-length' => '',
  'content-type' => '',
)
[ info ] [ PARAM ] array (
)
[ info ] [ SESSION ] INIT array (
  'id' => '',
  'var_session_id' => '',
  'prefix' => 'common_',
  'type' => '',
  'auto_start' => true,
  'httponly' => true,
  'secure' => false,
  'expire' => 30758400,
)
[ info ] [ VIEW ] D:\web\thinkphp5.1\mch\application/index/view\mine\index.html [ array (
  0 => 'user',
) ]
[ info ] [ LOG ] INIT File
---------------------------------------------------------------
[ 2019-02-26T09:25:01+08:00 ] 127.0.0.1 GET /index.php/index/Mine/index.html
[ info ] mch.new.com/index.php/index/Mine/index.html [运行时间：0.032002s][吞吐率：31.25req/s] [内存消耗：1,322.64kb] [文件加载：72]
[ info ] [ LANG ] D:\web\thinkphp5.1\framework/lang/zh-cn.php
[ info ] [ ROUTE ] array (
)
[ info ] [ HEADER ] array (
  'cookie' => 'PHPSESSID=apucksdpuplqqm6deaiu411co5',
  'accept-language' => 'zh-CN,zh;q=0.9',
  'accept-encoding' => 'gzip, deflate',
  'accept' => 'text/html,application/xhtml+xml,application/xml;q=0.9,image/webp,image/apng,*/*;q=0.8',
  'user-agent' => 'Mozilla/5.0 (iPhone; CPU iPhone OS 11_0 like Mac OS X) AppleWebKit/604.1.38 (KHTML, like Gecko) Version/11.0 Mobile/15A372 Safari/604.1',
  'upgrade-insecure-requests' => '1',
  'cache-control' => 'no-cache',
  'pragma' => 'no-cache',
  'connection' => 'keep-alive',
  'host' => 'mch.new.com',
  'content-length' => '',
  'content-type' => '',
)
[ info ] [ PARAM ] array (
)
[ info ] [ SESSION ] INIT array (
  'id' => '',
  'var_session_id' => '',
  'prefix' => 'common_',
  'type' => '',
  'auto_start' => true,
  'httponly' => true,
  'secure' => false,
  'expire' => 30758400,
)
[ info ] [ VIEW ] D:\web\thinkphp5.1\mch\application/index/view\mine\index.html [ array (
  0 => 'user',
) ]
[ info ] [ LOG ] INIT File
---------------------------------------------------------------
[ 2019-02-26T09:25:02+08:00 ] 127.0.0.1 GET /index.php/index/Mine/index.html
[ info ] mch.new.com/index.php/index/Mine/index.html [运行时间：0.038002s][吞吐率：26.31req/s] [内存消耗：1,322.64kb] [文件加载：72]
[ info ] [ LANG ] D:\web\thinkphp5.1\framework/lang/zh-cn.php
[ info ] [ ROUTE ] array (
)
[ info ] [ HEADER ] array (
  'cookie' => 'PHPSESSID=apucksdpuplqqm6deaiu411co5',
  'accept-language' => 'zh-CN,zh;q=0.9',
  'accept-encoding' => 'gzip, deflate',
  'accept' => 'text/html,application/xhtml+xml,application/xml;q=0.9,image/webp,image/apng,*/*;q=0.8',
  'user-agent' => 'Mozilla/5.0 (iPhone; CPU iPhone OS 11_0 like Mac OS X) AppleWebKit/604.1.38 (KHTML, like Gecko) Version/11.0 Mobile/15A372 Safari/604.1',
  'upgrade-insecure-requests' => '1',
  'cache-control' => 'no-cache',
  'pragma' => 'no-cache',
  'connection' => 'keep-alive',
  'host' => 'mch.new.com',
  'content-length' => '',
  'content-type' => '',
)
[ info ] [ PARAM ] array (
)
[ info ] [ SESSION ] INIT array (
  'id' => '',
  'var_session_id' => '',
  'prefix' => 'common_',
  'type' => '',
  'auto_start' => true,
  'httponly' => true,
  'secure' => false,
  'expire' => 30758400,
)
[ info ] [ VIEW ] D:\web\thinkphp5.1\mch\application/index/view\mine\index.html [ array (
  0 => 'user',
) ]
[ info ] [ LOG ] INIT File
---------------------------------------------------------------
[ 2019-02-26T09:25:03+08:00 ] 127.0.0.1 GET /index.php/index/Mine/index.html
[ info ] mch.new.com/index.php/index/Mine/index.html [运行时间：0.029001s][吞吐率：34.48req/s] [内存消耗：1,322.64kb] [文件加载：72]
[ info ] [ LANG ] D:\web\thinkphp5.1\framework/lang/zh-cn.php
[ info ] [ ROUTE ] array (
)
[ info ] [ HEADER ] array (
  'cookie' => 'PHPSESSID=apucksdpuplqqm6deaiu411co5',
  'accept-language' => 'zh-CN,zh;q=0.9',
  'accept-encoding' => 'gzip, deflate',
  'accept' => 'text/html,application/xhtml+xml,application/xml;q=0.9,image/webp,image/apng,*/*;q=0.8',
  'user-agent' => 'Mozilla/5.0 (iPhone; CPU iPhone OS 11_0 like Mac OS X) AppleWebKit/604.1.38 (KHTML, like Gecko) Version/11.0 Mobile/15A372 Safari/604.1',
  'upgrade-insecure-requests' => '1',
  'cache-control' => 'no-cache',
  'pragma' => 'no-cache',
  'connection' => 'keep-alive',
  'host' => 'mch.new.com',
  'content-length' => '',
  'content-type' => '',
)
[ info ] [ PARAM ] array (
)
[ info ] [ SESSION ] INIT array (
  'id' => '',
  'var_session_id' => '',
  'prefix' => 'common_',
  'type' => '',
  'auto_start' => true,
  'httponly' => true,
  'secure' => false,
  'expire' => 30758400,
)
[ info ] [ VIEW ] D:\web\thinkphp5.1\mch\application/index/view\mine\index.html [ array (
  0 => 'user',
) ]
[ info ] [ LOG ] INIT File
---------------------------------------------------------------
[ 2019-02-26T09:25:44+08:00 ] 127.0.0.1 GET /index.php/index/Mine/index.html
[ info ] mch.new.com/index.php/index/Mine/index.html [运行时间：0.038002s][吞吐率：26.31req/s] [内存消耗：1,322.64kb] [文件加载：72]
[ info ] [ LANG ] D:\web\thinkphp5.1\framework/lang/zh-cn.php
[ info ] [ ROUTE ] array (
)
[ info ] [ HEADER ] array (
  'cookie' => 'PHPSESSID=apucksdpuplqqm6deaiu411co5',
  'accept-language' => 'zh-CN,zh;q=0.9',
  'accept-encoding' => 'gzip, deflate',
  'accept' => 'text/html,application/xhtml+xml,application/xml;q=0.9,image/webp,image/apng,*/*;q=0.8',
  'user-agent' => 'Mozilla/5.0 (iPhone; CPU iPhone OS 11_0 like Mac OS X) AppleWebKit/604.1.38 (KHTML, like Gecko) Version/11.0 Mobile/15A372 Safari/604.1',
  'upgrade-insecure-requests' => '1',
  'cache-control' => 'no-cache',
  'pragma' => 'no-cache',
  'connection' => 'keep-alive',
  'host' => 'mch.new.com',
  'content-length' => '',
  'content-type' => '',
)
[ info ] [ PARAM ] array (
)
[ info ] [ SESSION ] INIT array (
  'id' => '',
  'var_session_id' => '',
  'prefix' => 'common_',
  'type' => '',
  'auto_start' => true,
  'httponly' => true,
  'secure' => false,
  'expire' => 30758400,
)
[ info ] [ VIEW ] D:\web\thinkphp5.1\mch\application/index/view\mine\index.html [ array (
  0 => 'user',
) ]
[ info ] [ LOG ] INIT File
---------------------------------------------------------------
[ 2019-02-26T09:29:51+08:00 ] 127.0.0.1 GET /index.php/index/Mine/index.html
[ info ] mch.new.com/index.php/index/Mine/index.html [运行时间：0.035002s][吞吐率：28.57req/s] [内存消耗：1,322.64kb] [文件加载：72]
[ info ] [ LANG ] D:\web\thinkphp5.1\framework/lang/zh-cn.php
[ info ] [ ROUTE ] array (
)
[ info ] [ HEADER ] array (
  'cookie' => 'PHPSESSID=apucksdpuplqqm6deaiu411co5',
  'accept-language' => 'zh-CN,zh;q=0.9',
  'accept-encoding' => 'gzip, deflate',
  'accept' => 'text/html,application/xhtml+xml,application/xml;q=0.9,image/webp,image/apng,*/*;q=0.8',
  'user-agent' => 'Mozilla/5.0 (iPhone; CPU iPhone OS 11_0 like Mac OS X) AppleWebKit/604.1.38 (KHTML, like Gecko) Version/11.0 Mobile/15A372 Safari/604.1',
  'upgrade-insecure-requests' => '1',
  'cache-control' => 'no-cache',
  'pragma' => 'no-cache',
  'connection' => 'keep-alive',
  'host' => 'mch.new.com',
  'content-length' => '',
  'content-type' => '',
)
[ info ] [ PARAM ] array (
)
[ info ] [ SESSION ] INIT array (
  'id' => '',
  'var_session_id' => '',
  'prefix' => 'common_',
  'type' => '',
  'auto_start' => true,
  'httponly' => true,
  'secure' => false,
  'expire' => 30758400,
)
[ info ] [ VIEW ] D:\web\thinkphp5.1\mch\application/index/view\mine\index.html [ array (
  0 => 'user',
) ]
[ info ] [ LOG ] INIT File
---------------------------------------------------------------
[ 2019-02-26T09:29:51+08:00 ] 127.0.0.1 GET /index.php/index/Mine/index.html
[ info ] mch.new.com/index.php/index/Mine/index.html [运行时间：0.027001s][吞吐率：37.04req/s] [内存消耗：1,322.64kb] [文件加载：72]
[ info ] [ LANG ] D:\web\thinkphp5.1\framework/lang/zh-cn.php
[ info ] [ ROUTE ] array (
)
[ info ] [ HEADER ] array (
  'cookie' => 'PHPSESSID=apucksdpuplqqm6deaiu411co5',
  'accept-language' => 'zh-CN,zh;q=0.9',
  'accept-encoding' => 'gzip, deflate',
  'accept' => 'text/html,application/xhtml+xml,application/xml;q=0.9,image/webp,image/apng,*/*;q=0.8',
  'user-agent' => 'Mozilla/5.0 (iPhone; CPU iPhone OS 11_0 like Mac OS X) AppleWebKit/604.1.38 (KHTML, like Gecko) Version/11.0 Mobile/15A372 Safari/604.1',
  'upgrade-insecure-requests' => '1',
  'cache-control' => 'no-cache',
  'pragma' => 'no-cache',
  'connection' => 'keep-alive',
  'host' => 'mch.new.com',
  'content-length' => '',
  'content-type' => '',
)
[ info ] [ PARAM ] array (
)
[ info ] [ SESSION ] INIT array (
  'id' => '',
  'var_session_id' => '',
  'prefix' => 'common_',
  'type' => '',
  'auto_start' => true,
  'httponly' => true,
  'secure' => false,
  'expire' => 30758400,
)
[ info ] [ VIEW ] D:\web\thinkphp5.1\mch\application/index/view\mine\index.html [ array (
  0 => 'user',
) ]
[ info ] [ LOG ] INIT File
---------------------------------------------------------------
[ 2019-02-26T09:29:51+08:00 ] 127.0.0.1 GET /index.php/index/Mine/index.html
[ info ] mch.new.com/index.php/index/Mine/index.html [运行时间：0.027001s][吞吐率：37.04req/s] [内存消耗：1,322.64kb] [文件加载：72]
[ info ] [ LANG ] D:\web\thinkphp5.1\framework/lang/zh-cn.php
[ info ] [ ROUTE ] array (
)
[ info ] [ HEADER ] array (
  'cookie' => 'PHPSESSID=apucksdpuplqqm6deaiu411co5',
  'accept-language' => 'zh-CN,zh;q=0.9',
  'accept-encoding' => 'gzip, deflate',
  'accept' => 'text/html,application/xhtml+xml,application/xml;q=0.9,image/webp,image/apng,*/*;q=0.8',
  'user-agent' => 'Mozilla/5.0 (iPhone; CPU iPhone OS 11_0 like Mac OS X) AppleWebKit/604.1.38 (KHTML, like Gecko) Version/11.0 Mobile/15A372 Safari/604.1',
  'upgrade-insecure-requests' => '1',
  'cache-control' => 'no-cache',
  'pragma' => 'no-cache',
  'connection' => 'keep-alive',
  'host' => 'mch.new.com',
  'content-length' => '',
  'content-type' => '',
)
[ info ] [ PARAM ] array (
)
[ info ] [ SESSION ] INIT array (
  'id' => '',
  'var_session_id' => '',
  'prefix' => 'common_',
  'type' => '',
  'auto_start' => true,
  'httponly' => true,
  'secure' => false,
  'expire' => 30758400,
)
[ info ] [ VIEW ] D:\web\thinkphp5.1\mch\application/index/view\mine\index.html [ array (
  0 => 'user',
) ]
[ info ] [ LOG ] INIT File
---------------------------------------------------------------
[ 2019-02-26T09:33:33+08:00 ] 127.0.0.1 GET /index.php/index/Mine/index.html
[ info ] mch.new.com/index.php/index/Mine/index.html [运行时间：0.029002s][吞吐率：34.48req/s] [内存消耗：1,322.64kb] [文件加载：72]
[ info ] [ LANG ] D:\web\thinkphp5.1\framework/lang/zh-cn.php
[ info ] [ ROUTE ] array (
)
[ info ] [ HEADER ] array (
  'cookie' => 'PHPSESSID=apucksdpuplqqm6deaiu411co5',
  'accept-language' => 'zh-CN,zh;q=0.9',
  'accept-encoding' => 'gzip, deflate',
  'accept' => 'text/html,application/xhtml+xml,application/xml;q=0.9,image/webp,image/apng,*/*;q=0.8',
  'user-agent' => 'Mozilla/5.0 (iPhone; CPU iPhone OS 11_0 like Mac OS X) AppleWebKit/604.1.38 (KHTML, like Gecko) Version/11.0 Mobile/15A372 Safari/604.1',
  'upgrade-insecure-requests' => '1',
  'cache-control' => 'no-cache',
  'pragma' => 'no-cache',
  'connection' => 'keep-alive',
  'host' => 'mch.new.com',
  'content-length' => '',
  'content-type' => '',
)
[ info ] [ PARAM ] array (
)
[ info ] [ SESSION ] INIT array (
  'id' => '',
  'var_session_id' => '',
  'prefix' => 'common_',
  'type' => '',
  'auto_start' => true,
  'httponly' => true,
  'secure' => false,
  'expire' => 30758400,
)
[ info ] [ VIEW ] D:\web\thinkphp5.1\mch\application/index/view\mine\index.html [ array (
  0 => 'user',
) ]
[ info ] [ LOG ] INIT File
---------------------------------------------------------------
[ 2019-02-26T09:33:34+08:00 ] 127.0.0.1 GET /index.php/index/Mine/index.html
[ info ] mch.new.com/index.php/index/Mine/index.html [运行时间：0.035002s][吞吐率：28.57req/s] [内存消耗：1,322.64kb] [文件加载：72]
[ info ] [ LANG ] D:\web\thinkphp5.1\framework/lang/zh-cn.php
[ info ] [ ROUTE ] array (
)
[ info ] [ HEADER ] array (
  'cookie' => 'PHPSESSID=apucksdpuplqqm6deaiu411co5',
  'accept-language' => 'zh-CN,zh;q=0.9',
  'accept-encoding' => 'gzip, deflate',
  'accept' => 'text/html,application/xhtml+xml,application/xml;q=0.9,image/webp,image/apng,*/*;q=0.8',
  'user-agent' => 'Mozilla/5.0 (iPhone; CPU iPhone OS 11_0 like Mac OS X) AppleWebKit/604.1.38 (KHTML, like Gecko) Version/11.0 Mobile/15A372 Safari/604.1',
  'upgrade-insecure-requests' => '1',
  'cache-control' => 'no-cache',
  'pragma' => 'no-cache',
  'connection' => 'keep-alive',
  'host' => 'mch.new.com',
  'content-length' => '',
  'content-type' => '',
)
[ info ] [ PARAM ] array (
)
[ info ] [ SESSION ] INIT array (
  'id' => '',
  'var_session_id' => '',
  'prefix' => 'common_',
  'type' => '',
  'auto_start' => true,
  'httponly' => true,
  'secure' => false,
  'expire' => 30758400,
)
[ info ] [ VIEW ] D:\web\thinkphp5.1\mch\application/index/view\mine\index.html [ array (
  0 => 'user',
) ]
[ info ] [ LOG ] INIT File
---------------------------------------------------------------
[ 2019-02-26T09:33:34+08:00 ] 127.0.0.1 GET /index.php/index/Mine/index.html
[ info ] mch.new.com/index.php/index/Mine/index.html [运行时间：0.031001s][吞吐率：32.26req/s] [内存消耗：1,322.64kb] [文件加载：72]
[ info ] [ LANG ] D:\web\thinkphp5.1\framework/lang/zh-cn.php
[ info ] [ ROUTE ] array (
)
[ info ] [ HEADER ] array (
  'cookie' => 'PHPSESSID=apucksdpuplqqm6deaiu411co5',
  'accept-language' => 'zh-CN,zh;q=0.9',
  'accept-encoding' => 'gzip, deflate',
  'accept' => 'text/html,application/xhtml+xml,application/xml;q=0.9,image/webp,image/apng,*/*;q=0.8',
  'user-agent' => 'Mozilla/5.0 (iPhone; CPU iPhone OS 11_0 like Mac OS X) AppleWebKit/604.1.38 (KHTML, like Gecko) Version/11.0 Mobile/15A372 Safari/604.1',
  'upgrade-insecure-requests' => '1',
  'cache-control' => 'no-cache',
  'pragma' => 'no-cache',
  'connection' => 'keep-alive',
  'host' => 'mch.new.com',
  'content-length' => '',
  'content-type' => '',
)
[ info ] [ PARAM ] array (
)
[ info ] [ SESSION ] INIT array (
  'id' => '',
  'var_session_id' => '',
  'prefix' => 'common_',
  'type' => '',
  'auto_start' => true,
  'httponly' => true,
  'secure' => false,
  'expire' => 30758400,
)
[ info ] [ VIEW ] D:\web\thinkphp5.1\mch\application/index/view\mine\index.html [ array (
  0 => 'user',
) ]
[ info ] [ LOG ] INIT File
---------------------------------------------------------------
[ 2019-02-26T09:33:45+08:00 ] 127.0.0.1 POST /index.php/ucenter/UserCenter/login
[ info ] mch.new.com/index.php/ucenter/UserCenter/login [运行时间：0.250015s][吞吐率：4.00req/s] [内存消耗：2,540.27kb] [文件加载：86]
[ info ] [ LANG ] D:\web\thinkphp5.1\framework/lang/zh-cn.php
[ info ] [ ROUTE ] array (
)
[ info ] [ HEADER ] array (
  'cookie' => 'PHPSESSID=apucksdpuplqqm6deaiu411co5',
  'accept-language' => 'zh-CN,zh;q=0.9',
  'accept-encoding' => 'gzip, deflate',
  'referer' => 'http://mch.new.com/index.php/index/Mine/index.html',
  'content-type' => 'application/x-www-form-urlencoded; charset=UTF-8',
  'user-agent' => 'Mozilla/5.0 (iPhone; CPU iPhone OS 11_0 like Mac OS X) AppleWebKit/604.1.38 (KHTML, like Gecko) Version/11.0 Mobile/15A372 Safari/604.1',
  'x-requested-with' => 'XMLHttpRequest',
  'origin' => 'http://mch.new.com',
  'accept' => '*/*',
  'cache-control' => 'no-cache',
  'pragma' => 'no-cache',
  'content-length' => '40',
  'connection' => 'keep-alive',
  'host' => 'mch.new.com',
)
[ info ] [ PARAM ] array (
  'mobile_phone' => '13679898380',
  'password' => '111111',
)
[ info ] [ DB ] INIT mysql
[ info ] [ DB ] INIT mysql
[ info ] [ CACHE ] INIT File
[ info ] [ SESSION ] INIT array (
  'id' => '',
  'var_session_id' => '',
  'prefix' => 'common_',
  'type' => '',
  'auto_start' => true,
  'httponly' => true,
  'secure' => false,
  'expire' => 30758400,
)
[ info ] [ LOG ] INIT File
---------------------------------------------------------------
[ 2019-02-26T09:33:45+08:00 ] 127.0.0.1 GET /index.php/index/Mine/index.html
[ info ] mch.new.com/index.php/index/Mine/index.html [运行时间：0.035002s][吞吐率：28.57req/s] [内存消耗：1,325.48kb] [文件加载：72]
[ info ] [ LANG ] D:\web\thinkphp5.1\framework/lang/zh-cn.php
[ info ] [ ROUTE ] array (
)
[ info ] [ HEADER ] array (
  'cookie' => 'PHPSESSID=apucksdpuplqqm6deaiu411co5',
  'accept-language' => 'zh-CN,zh;q=0.9',
  'accept-encoding' => 'gzip, deflate',
  'referer' => 'http://mch.new.com/index.php/index/Mine/index.html',
  'accept' => 'text/html,application/xhtml+xml,application/xml;q=0.9,image/webp,image/apng,*/*;q=0.8',
  'user-agent' => 'Mozilla/5.0 (iPhone; CPU iPhone OS 11_0 like Mac OS X) AppleWebKit/604.1.38 (KHTML, like Gecko) Version/11.0 Mobile/15A372 Safari/604.1',
  'upgrade-insecure-requests' => '1',
  'cache-control' => 'no-cache',
  'pragma' => 'no-cache',
  'connection' => 'keep-alive',
  'host' => 'mch.new.com',
  'content-length' => '',
  'content-type' => '',
)
[ info ] [ PARAM ] array (
)
[ info ] [ SESSION ] INIT array (
  'id' => '',
  'var_session_id' => '',
  'prefix' => 'common_',
  'type' => '',
  'auto_start' => true,
  'httponly' => true,
  'secure' => false,
  'expire' => 30758400,
)
[ info ] [ VIEW ] D:\web\thinkphp5.1\mch\application/index/view\mine\index.html [ array (
  0 => 'user',
) ]
[ info ] [ LOG ] INIT File
---------------------------------------------------------------
[ 2019-02-26T09:33:49+08:00 ] 127.0.0.1 GET /
[ info ] mch.new.com/ [运行时间：0.051003s][吞吐率：19.61req/s] [内存消耗：2,264.09kb] [文件加载：82]
[ info ] [ LANG ] D:\web\thinkphp5.1\framework/lang/zh-cn.php
[ info ] [ ROUTE ] array (
)
[ info ] [ HEADER ] array (
  'cookie' => 'PHPSESSID=apucksdpuplqqm6deaiu411co5',
  'accept-language' => 'zh-CN,zh;q=0.9',
  'accept-encoding' => 'gzip, deflate',
  'accept' => 'text/html,application/xhtml+xml,application/xml;q=0.9,image/webp,image/apng,*/*;q=0.8',
  'user-agent' => 'Mozilla/5.0 (iPhone; CPU iPhone OS 11_0 like Mac OS X) AppleWebKit/604.1.38 (KHTML, like Gecko) Version/11.0 Mobile/15A372 Safari/604.1',
  'upgrade-insecure-requests' => '1',
  'cache-control' => 'no-cache',
  'pragma' => 'no-cache',
  'connection' => 'keep-alive',
  'host' => 'mch.new.com',
  'content-length' => '',
  'content-type' => '',
)
[ info ] [ PARAM ] array (
)
[ info ] [ SESSION ] INIT array (
  'id' => '',
  'var_session_id' => '',
  'prefix' => 'common_',
  'type' => '',
  'auto_start' => true,
  'httponly' => true,
  'secure' => false,
  'expire' => 30758400,
)
[ info ] [ DB ] INIT mysql
[ info ] [ DB ] INIT mysql
[ info ] [ LOG ] INIT File
[ error ] [1049]SQLSTATE[HY000] [1049] Unknown database 'mch'[D:\web\thinkphp5.1\framework\library\think\db\Connection.php:506]
---------------------------------------------------------------
[ 2019-02-26T09:33:50+08:00 ] 127.0.0.1 GET /index.php/index/Mine/index.html
[ info ] mch.new.com/index.php/index/Mine/index.html [运行时间：0.044003s][吞吐率：22.73req/s] [内存消耗：1,325.48kb] [文件加载：72]
[ info ] [ LANG ] D:\web\thinkphp5.1\framework/lang/zh-cn.php
[ info ] [ ROUTE ] array (
)
[ info ] [ HEADER ] array (
  'cookie' => 'PHPSESSID=apucksdpuplqqm6deaiu411co5',
  'accept-language' => 'zh-CN,zh;q=0.9',
  'accept-encoding' => 'gzip, deflate',
  'referer' => 'http://mch.new.com/index.php/index/Mine/index.html',
  'accept' => 'text/html,application/xhtml+xml,application/xml;q=0.9,image/webp,image/apng,*/*;q=0.8',
  'user-agent' => 'Mozilla/5.0 (iPhone; CPU iPhone OS 11_0 like Mac OS X) AppleWebKit/604.1.38 (KHTML, like Gecko) Version/11.0 Mobile/15A372 Safari/604.1',
  'upgrade-insecure-requests' => '1',
  'cache-control' => 'no-cache',
  'pragma' => 'no-cache',
  'connection' => 'keep-alive',
  'host' => 'mch.new.com',
  'content-length' => '',
  'content-type' => '',
)
[ info ] [ PARAM ] array (
)
[ info ] [ SESSION ] INIT array (
  'id' => '',
  'var_session_id' => '',
  'prefix' => 'common_',
  'type' => '',
  'auto_start' => true,
  'httponly' => true,
  'secure' => false,
  'expire' => 30758400,
)
[ info ] [ VIEW ] D:\web\thinkphp5.1\mch\application/index/view\mine\index.html [ array (
  0 => 'user',
) ]
[ info ] [ LOG ] INIT File
---------------------------------------------------------------
[ 2019-02-26T09:33:54+08:00 ] 127.0.0.1 POST /index.php/ucenter/UserCenter/logout
[ info ] mch.new.com/index.php/ucenter/UserCenter/logout [运行时间：0.034002s][吞吐率：29.41req/s] [内存消耗：1,264.34kb] [文件加载：69]
[ info ] [ LANG ] D:\web\thinkphp5.1\framework/lang/zh-cn.php
[ info ] [ ROUTE ] array (
)
[ info ] [ HEADER ] array (
  'cookie' => 'PHPSESSID=apucksdpuplqqm6deaiu411co5',
  'accept-language' => 'zh-CN,zh;q=0.9',
  'accept-encoding' => 'gzip, deflate',
  'referer' => 'http://mch.new.com/index.php/index/Mine/index.html',
  'user-agent' => 'Mozilla/5.0 (iPhone; CPU iPhone OS 11_0 like Mac OS X) AppleWebKit/604.1.38 (KHTML, like Gecko) Version/11.0 Mobile/15A372 Safari/604.1',
  'x-requested-with' => 'XMLHttpRequest',
  'origin' => 'http://mch.new.com',
  'accept' => '*/*',
  'cache-control' => 'no-cache',
  'pragma' => 'no-cache',
  'content-length' => '0',
  'connection' => 'keep-alive',
  'host' => 'mch.new.com',
  'content-type' => '',
)
[ info ] [ PARAM ] array (
)
[ info ] [ SESSION ] INIT array (
  'id' => '',
  'var_session_id' => '',
  'prefix' => 'common_',
  'type' => '',
  'auto_start' => true,
  'httponly' => true,
  'secure' => false,
  'expire' => 30758400,
)
[ info ] [ LOG ] INIT File
[ error ] [2]session_start(): Cannot send session cache limiter - headers already sent[D:\web\thinkphp5.1\framework\library\think\Session.php:159]
[ error ] [2]Cannot modify header information - headers already sent[D:\web\thinkphp5.1\mch\application\ucenter\controller\UserCenter.php:49]
---------------------------------------------------------------
[ 2019-02-26T09:33:58+08:00 ] 127.0.0.1 GET /
[ info ] mch.new.com/ [运行时间：0.050003s][吞吐率：20.00req/s] [内存消耗：2,262.43kb] [文件加载：82]
[ info ] [ LANG ] D:\web\thinkphp5.1\framework/lang/zh-cn.php
[ info ] [ ROUTE ] array (
)
[ info ] [ HEADER ] array (
  'cookie' => 'PHPSESSID=apucksdpuplqqm6deaiu411co5',
  'accept-language' => 'zh-CN,zh;q=0.9',
  'accept-encoding' => 'gzip, deflate',
  'accept' => 'text/html,application/xhtml+xml,application/xml;q=0.9,image/webp,image/apng,*/*;q=0.8',
  'user-agent' => 'Mozilla/5.0 (iPhone; CPU iPhone OS 11_0 like Mac OS X) AppleWebKit/604.1.38 (KHTML, like Gecko) Version/11.0 Mobile/15A372 Safari/604.1',
  'upgrade-insecure-requests' => '1',
  'cache-control' => 'no-cache',
  'pragma' => 'no-cache',
  'connection' => 'keep-alive',
  'host' => 'mch.new.com',
  'content-length' => '',
  'content-type' => '',
)
[ info ] [ PARAM ] array (
)
[ info ] [ SESSION ] INIT array (
  'id' => '',
  'var_session_id' => '',
  'prefix' => 'common_',
  'type' => '',
  'auto_start' => true,
  'httponly' => true,
  'secure' => false,
  'expire' => 30758400,
)
[ info ] [ DB ] INIT mysql
[ info ] [ DB ] INIT mysql
[ info ] [ LOG ] INIT File
[ error ] [1049]SQLSTATE[HY000] [1049] Unknown database 'mch'[D:\web\thinkphp5.1\framework\library\think\db\Connection.php:506]
---------------------------------------------------------------
[ 2019-02-26T10:09:34+08:00 ] 127.0.0.1 GET /
[ info ] mch.new.com/ [运行时间：0.057003s][吞吐率：17.54req/s] [内存消耗：2,262.20kb] [文件加载：82]
[ info ] [ LANG ] D:\web\thinkphp5.1\framework/lang/zh-cn.php
[ info ] [ ROUTE ] array (
)
[ info ] [ HEADER ] array (
  'cookie' => 'PHPSESSID=apucksdpuplqqm6deaiu411co5',
  'accept-language' => 'zh-CN,zh;q=0.9',
  'accept-encoding' => 'gzip, deflate',
  'accept' => 'text/html,application/xhtml+xml,application/xml;q=0.9,image/webp,image/apng,*/*;q=0.8',
  'user-agent' => 'Mozilla/5.0 (Windows NT 6.1; Win64; x64) AppleWebKit/537.36 (KHTML, like Gecko) Chrome/71.0.3578.98 Safari/537.36',
  'upgrade-insecure-requests' => '1',
  'purpose' => 'prefetch',
  'connection' => 'keep-alive',
  'host' => 'mch.new.com',
  'content-length' => '',
  'content-type' => '',
)
[ info ] [ PARAM ] array (
)
[ info ] [ SESSION ] INIT array (
  'id' => '',
  'var_session_id' => '',
  'prefix' => 'common_',
  'type' => '',
  'auto_start' => true,
  'httponly' => true,
  'secure' => false,
  'expire' => 30758400,
)
[ info ] [ DB ] INIT mysql
[ info ] [ DB ] INIT mysql
[ info ] [ LOG ] INIT File
[ error ] [1049]SQLSTATE[HY000] [1049] Unknown database 'mch'[D:\web\thinkphp5.1\framework\library\think\db\Connection.php:506]
---------------------------------------------------------------
[ 2019-02-26T10:09:34+08:00 ] 127.0.0.1 GET /
[ info ] mch.new.com/ [运行时间：0.050002s][吞吐率：20.00req/s] [内存消耗：2,262.42kb] [文件加载：82]
[ info ] [ LANG ] D:\web\thinkphp5.1\framework/lang/zh-cn.php
[ info ] [ ROUTE ] array (
)
[ info ] [ HEADER ] array (
  'cookie' => 'PHPSESSID=apucksdpuplqqm6deaiu411co5',
  'accept-language' => 'zh-CN,zh;q=0.9',
  'accept-encoding' => 'gzip, deflate',
  'accept' => 'text/html,application/xhtml+xml,application/xml;q=0.9,image/webp,image/apng,*/*;q=0.8',
  'user-agent' => 'Mozilla/5.0 (iPhone; CPU iPhone OS 11_0 like Mac OS X) AppleWebKit/604.1.38 (KHTML, like Gecko) Version/11.0 Mobile/15A372 Safari/604.1',
  'upgrade-insecure-requests' => '1',
  'cache-control' => 'no-cache',
  'pragma' => 'no-cache',
  'connection' => 'keep-alive',
  'host' => 'mch.new.com',
  'content-length' => '',
  'content-type' => '',
)
[ info ] [ PARAM ] array (
)
[ info ] [ SESSION ] INIT array (
  'id' => '',
  'var_session_id' => '',
  'prefix' => 'common_',
  'type' => '',
  'auto_start' => true,
  'httponly' => true,
  'secure' => false,
  'expire' => 30758400,
)
[ info ] [ DB ] INIT mysql
[ info ] [ DB ] INIT mysql
[ info ] [ LOG ] INIT File
[ error ] [1049]SQLSTATE[HY000] [1049] Unknown database 'mch'[D:\web\thinkphp5.1\framework\library\think\db\Connection.php:506]
---------------------------------------------------------------
[ 2019-02-26T10:10:06+08:00 ] 127.0.0.1 GET /
[ info ] mch.new.com/ [运行时间：0.064004s][吞吐率：15.62req/s] [内存消耗：2,262.42kb] [文件加载：82]
[ info ] [ LANG ] D:\web\thinkphp5.1\framework/lang/zh-cn.php
[ info ] [ ROUTE ] array (
)
[ info ] [ HEADER ] array (
  'cookie' => 'PHPSESSID=apucksdpuplqqm6deaiu411co5',
  'accept-language' => 'zh-CN,zh;q=0.9',
  'accept-encoding' => 'gzip, deflate',
  'accept' => 'text/html,application/xhtml+xml,application/xml;q=0.9,image/webp,image/apng,*/*;q=0.8',
  'user-agent' => 'Mozilla/5.0 (iPhone; CPU iPhone OS 11_0 like Mac OS X) AppleWebKit/604.1.38 (KHTML, like Gecko) Version/11.0 Mobile/15A372 Safari/604.1',
  'upgrade-insecure-requests' => '1',
  'cache-control' => 'no-cache',
  'pragma' => 'no-cache',
  'connection' => 'keep-alive',
  'host' => 'mch.new.com',
  'content-length' => '',
  'content-type' => '',
)
[ info ] [ PARAM ] array (
)
[ info ] [ SESSION ] INIT array (
  'id' => '',
  'var_session_id' => '',
  'prefix' => 'common_',
  'type' => '',
  'auto_start' => true,
  'httponly' => true,
  'secure' => false,
  'expire' => 30758400,
)
[ info ] [ DB ] INIT mysql
[ info ] [ DB ] INIT mysql
[ info ] [ LOG ] INIT File
[ error ] [1049]SQLSTATE[HY000] [1049] Unknown database 'mch'[D:\web\thinkphp5.1\framework\library\think\db\Connection.php:506]
---------------------------------------------------------------
[ 2019-02-26T10:10:07+08:00 ] 127.0.0.1 GET /
[ info ] mch.new.com/ [运行时间：0.057004s][吞吐率：17.54req/s] [内存消耗：2,262.42kb] [文件加载：82]
[ info ] [ LANG ] D:\web\thinkphp5.1\framework/lang/zh-cn.php
[ info ] [ ROUTE ] array (
)
[ info ] [ HEADER ] array (
  'cookie' => 'PHPSESSID=apucksdpuplqqm6deaiu411co5',
  'accept-language' => 'zh-CN,zh;q=0.9',
  'accept-encoding' => 'gzip, deflate',
  'accept' => 'text/html,application/xhtml+xml,application/xml;q=0.9,image/webp,image/apng,*/*;q=0.8',
  'user-agent' => 'Mozilla/5.0 (iPhone; CPU iPhone OS 11_0 like Mac OS X) AppleWebKit/604.1.38 (KHTML, like Gecko) Version/11.0 Mobile/15A372 Safari/604.1',
  'upgrade-insecure-requests' => '1',
  'cache-control' => 'no-cache',
  'pragma' => 'no-cache',
  'connection' => 'keep-alive',
  'host' => 'mch.new.com',
  'content-length' => '',
  'content-type' => '',
)
[ info ] [ PARAM ] array (
)
[ info ] [ SESSION ] INIT array (
  'id' => '',
  'var_session_id' => '',
  'prefix' => 'common_',
  'type' => '',
  'auto_start' => true,
  'httponly' => true,
  'secure' => false,
  'expire' => 30758400,
)
[ info ] [ DB ] INIT mysql
[ info ] [ DB ] INIT mysql
[ info ] [ LOG ] INIT File
[ error ] [1049]SQLSTATE[HY000] [1049] Unknown database 'mch'[D:\web\thinkphp5.1\framework\library\think\db\Connection.php:506]
---------------------------------------------------------------
[ 2019-02-26T10:10:07+08:00 ] 127.0.0.1 GET /
[ info ] mch.new.com/ [运行时间：0.054003s][吞吐率：18.52req/s] [内存消耗：2,262.42kb] [文件加载：82]
[ info ] [ LANG ] D:\web\thinkphp5.1\framework/lang/zh-cn.php
[ info ] [ ROUTE ] array (
)
[ info ] [ HEADER ] array (
  'cookie' => 'PHPSESSID=apucksdpuplqqm6deaiu411co5',
  'accept-language' => 'zh-CN,zh;q=0.9',
  'accept-encoding' => 'gzip, deflate',
  'accept' => 'text/html,application/xhtml+xml,application/xml;q=0.9,image/webp,image/apng,*/*;q=0.8',
  'user-agent' => 'Mozilla/5.0 (iPhone; CPU iPhone OS 11_0 like Mac OS X) AppleWebKit/604.1.38 (KHTML, like Gecko) Version/11.0 Mobile/15A372 Safari/604.1',
  'upgrade-insecure-requests' => '1',
  'cache-control' => 'no-cache',
  'pragma' => 'no-cache',
  'connection' => 'keep-alive',
  'host' => 'mch.new.com',
  'content-length' => '',
  'content-type' => '',
)
[ info ] [ PARAM ] array (
)
[ info ] [ SESSION ] INIT array (
  'id' => '',
  'var_session_id' => '',
  'prefix' => 'common_',
  'type' => '',
  'auto_start' => true,
  'httponly' => true,
  'secure' => false,
  'expire' => 30758400,
)
[ info ] [ DB ] INIT mysql
[ info ] [ DB ] INIT mysql
[ info ] [ LOG ] INIT File
[ error ] [1049]SQLSTATE[HY000] [1049] Unknown database 'mch'[D:\web\thinkphp5.1\framework\library\think\db\Connection.php:506]
---------------------------------------------------------------
[ 2019-02-26T10:10:08+08:00 ] 127.0.0.1 GET /
[ info ] mch.new.com/ [运行时间：0.046003s][吞吐率：21.74req/s] [内存消耗：2,262.42kb] [文件加载：82]
[ info ] [ LANG ] D:\web\thinkphp5.1\framework/lang/zh-cn.php
[ info ] [ ROUTE ] array (
)
[ info ] [ HEADER ] array (
  'cookie' => 'PHPSESSID=apucksdpuplqqm6deaiu411co5',
  'accept-language' => 'zh-CN,zh;q=0.9',
  'accept-encoding' => 'gzip, deflate',
  'accept' => 'text/html,application/xhtml+xml,application/xml;q=0.9,image/webp,image/apng,*/*;q=0.8',
  'user-agent' => 'Mozilla/5.0 (iPhone; CPU iPhone OS 11_0 like Mac OS X) AppleWebKit/604.1.38 (KHTML, like Gecko) Version/11.0 Mobile/15A372 Safari/604.1',
  'upgrade-insecure-requests' => '1',
  'cache-control' => 'no-cache',
  'pragma' => 'no-cache',
  'connection' => 'keep-alive',
  'host' => 'mch.new.com',
  'content-length' => '',
  'content-type' => '',
)
[ info ] [ PARAM ] array (
)
[ info ] [ SESSION ] INIT array (
  'id' => '',
  'var_session_id' => '',
  'prefix' => 'common_',
  'type' => '',
  'auto_start' => true,
  'httponly' => true,
  'secure' => false,
  'expire' => 30758400,
)
[ info ] [ DB ] INIT mysql
[ info ] [ DB ] INIT mysql
[ info ] [ LOG ] INIT File
[ error ] [1049]SQLSTATE[HY000] [1049] Unknown database 'mch'[D:\web\thinkphp5.1\framework\library\think\db\Connection.php:506]
---------------------------------------------------------------
[ 2019-02-26T10:10:08+08:00 ] 127.0.0.1 GET /
[ info ] mch.new.com/ [运行时间：0.056003s][吞吐率：17.86req/s] [内存消耗：2,262.42kb] [文件加载：82]
[ info ] [ LANG ] D:\web\thinkphp5.1\framework/lang/zh-cn.php
[ info ] [ ROUTE ] array (
)
[ info ] [ HEADER ] array (
  'cookie' => 'PHPSESSID=apucksdpuplqqm6deaiu411co5',
  'accept-language' => 'zh-CN,zh;q=0.9',
  'accept-encoding' => 'gzip, deflate',
  'accept' => 'text/html,application/xhtml+xml,application/xml;q=0.9,image/webp,image/apng,*/*;q=0.8',
  'user-agent' => 'Mozilla/5.0 (iPhone; CPU iPhone OS 11_0 like Mac OS X) AppleWebKit/604.1.38 (KHTML, like Gecko) Version/11.0 Mobile/15A372 Safari/604.1',
  'upgrade-insecure-requests' => '1',
  'cache-control' => 'no-cache',
  'pragma' => 'no-cache',
  'connection' => 'keep-alive',
  'host' => 'mch.new.com',
  'content-length' => '',
  'content-type' => '',
)
[ info ] [ PARAM ] array (
)
[ info ] [ SESSION ] INIT array (
  'id' => '',
  'var_session_id' => '',
  'prefix' => 'common_',
  'type' => '',
  'auto_start' => true,
  'httponly' => true,
  'secure' => false,
  'expire' => 30758400,
)
[ info ] [ DB ] INIT mysql
[ info ] [ DB ] INIT mysql
[ info ] [ LOG ] INIT File
[ error ] [1049]SQLSTATE[HY000] [1049] Unknown database 'mch'[D:\web\thinkphp5.1\framework\library\think\db\Connection.php:506]
---------------------------------------------------------------
[ 2019-02-26T10:10:08+08:00 ] 127.0.0.1 GET /
[ info ] mch.new.com/ [运行时间：0.041003s][吞吐率：24.39req/s] [内存消耗：2,262.42kb] [文件加载：82]
[ info ] [ LANG ] D:\web\thinkphp5.1\framework/lang/zh-cn.php
[ info ] [ ROUTE ] array (
)
[ info ] [ HEADER ] array (
  'cookie' => 'PHPSESSID=apucksdpuplqqm6deaiu411co5',
  'accept-language' => 'zh-CN,zh;q=0.9',
  'accept-encoding' => 'gzip, deflate',
  'accept' => 'text/html,application/xhtml+xml,application/xml;q=0.9,image/webp,image/apng,*/*;q=0.8',
  'user-agent' => 'Mozilla/5.0 (iPhone; CPU iPhone OS 11_0 like Mac OS X) AppleWebKit/604.1.38 (KHTML, like Gecko) Version/11.0 Mobile/15A372 Safari/604.1',
  'upgrade-insecure-requests' => '1',
  'cache-control' => 'no-cache',
  'pragma' => 'no-cache',
  'connection' => 'keep-alive',
  'host' => 'mch.new.com',
  'content-length' => '',
  'content-type' => '',
)
[ info ] [ PARAM ] array (
)
[ info ] [ SESSION ] INIT array (
  'id' => '',
  'var_session_id' => '',
  'prefix' => 'common_',
  'type' => '',
  'auto_start' => true,
  'httponly' => true,
  'secure' => false,
  'expire' => 30758400,
)
[ info ] [ DB ] INIT mysql
[ info ] [ DB ] INIT mysql
[ info ] [ LOG ] INIT File
[ error ] [1049]SQLSTATE[HY000] [1049] Unknown database 'mch'[D:\web\thinkphp5.1\framework\library\think\db\Connection.php:506]
