[ 2018-12-07T10:05:11+08:00 ] 127.0.0.1 /index.php/admin/index
INFO: [ app_init ] --START--
INFO: Run Behavior\BuildLiteBehavior [ RunTime:0.000000s ]
INFO: [ app_init ] --END-- [ RunTime:0.001000s ]
INFO: [ app_begin ] --START--
INFO: Run Behavior\ReadHtmlCacheBehavior [ RunTime:0.000000s ]
INFO: [ app_begin ] --END-- [ RunTime:0.000000s ]
INFO: [ view_parse ] --START--
INFO: [ template_filter ] --START--
INFO: Run Behavior\ContentReplaceBehavior [ RunTime:0.000000s ]
INFO: [ template_filter ] --END-- [ RunTime:0.000000s ]
INFO: Run Behavior\ParseTemplateBehavior [ RunTime:0.044003s ]
INFO: [ view_parse ] --END-- [ RunTime:0.044003s ]
INFO: [ view_filter ] --START--
INFO: Run Behavior\WriteHtmlCacheBehavior [ RunTime:0.000000s ]
INFO: [ view_filter ] --END-- [ RunTime:0.000000s ]
INFO: [ app_end ] --START--
INFO: Run Behavior\ShowPageTraceBehavior [ RunTime:0.000000s ]
INFO: [ app_end ] --END-- [ RunTime:0.000000s ]

[ 2018-12-07T10:05:41+08:00 ] 127.0.0.1 /index.php/Admin/GoodsCategory/goodsCategoryManage.html
INFO: [ app_init ] --START--
INFO: Run Behavior\BuildLiteBehavior [ RunTime:0.000000s ]
INFO: [ app_init ] --END-- [ RunTime:0.001000s ]
INFO: [ app_begin ] --START--
INFO: Run Behavior\ReadHtmlCacheBehavior [ RunTime:0.000000s ]
INFO: [ app_begin ] --END-- [ RunTime:0.000000s ]
NOTIC: [8] curl_setopt(): CURLOPT_SSL_VERIFYHOST no longer accepts the value 1, value 2 will be used instead D:\web\thinkphp3.2\web\all\Component\WxpayAPI\Jssdk.class.php 第 138 行.
NOTIC: [8] Trying to get property of non-object D:\web\thinkphp3.2\web\all\Component\WxpayAPI\Jssdk.class.php 第 22 行.
NOTIC: [8] curl_setopt(): CURLOPT_SSL_VERIFYHOST no longer accepts the value 1, value 2 will be used instead D:\web\thinkphp3.2\web\all\Component\WxpayAPI\Jssdk.class.php 第 138 行.

[ 2018-12-07T10:06:12+08:00 ] 127.0.0.1 /index.php/Admin/Goods/goodsManage.html
INFO: [ app_init ] --START--
INFO: Run Behavior\BuildLiteBehavior [ RunTime:0.000000s ]
INFO: [ app_init ] --END-- [ RunTime:0.001000s ]
INFO: [ app_begin ] --START--
INFO: Run Behavior\ReadHtmlCacheBehavior [ RunTime:0.000000s ]
INFO: [ app_begin ] --END-- [ RunTime:0.001000s ]
NOTIC: [8] curl_setopt(): CURLOPT_SSL_VERIFYHOST no longer accepts the value 1, value 2 will be used instead D:\web\thinkphp3.2\web\all\Component\WxpayAPI\Jssdk.class.php 第 138 行.
NOTIC: [8] Trying to get property of non-object D:\web\thinkphp3.2\web\all\Component\WxpayAPI\Jssdk.class.php 第 22 行.
NOTIC: [8] curl_setopt(): CURLOPT_SSL_VERIFYHOST no longer accepts the value 1, value 2 will be used instead D:\web\thinkphp3.2\web\all\Component\WxpayAPI\Jssdk.class.php 第 138 行.

[ 2018-12-07T10:06:54+08:00 ] 127.0.0.1 /index.php/Admin/ProjectCategory/projectCategoryManage.html
INFO: [ app_init ] --START--
INFO: Run Behavior\BuildLiteBehavior [ RunTime:0.000000s ]
INFO: [ app_init ] --END-- [ RunTime:0.000000s ]
INFO: [ app_begin ] --START--
INFO: Run Behavior\ReadHtmlCacheBehavior [ RunTime:0.001000s ]
INFO: [ app_begin ] --END-- [ RunTime:0.001000s ]
NOTIC: [8] curl_setopt(): CURLOPT_SSL_VERIFYHOST no longer accepts the value 1, value 2 will be used instead D:\web\thinkphp3.2\web\all\Component\WxpayAPI\Jssdk.class.php 第 138 行.
NOTIC: [8] Trying to get property of non-object D:\web\thinkphp3.2\web\all\Component\WxpayAPI\Jssdk.class.php 第 22 行.
NOTIC: [8] curl_setopt(): CURLOPT_SSL_VERIFYHOST no longer accepts the value 1, value 2 will be used instead D:\web\thinkphp3.2\web\all\Component\WxpayAPI\Jssdk.class.php 第 138 行.
NOTIC: [8] Trying to get property of non-object D:\web\thinkphp3.2\web\all\Component\WxpayAPI\Jssdk.class.php 第 119 行.
NOTIC: [8] curl_setopt(): CURLOPT_SSL_VERIFYHOST no longer accepts the value 1, value 2 will be used instead D:\web\thinkphp3.2\web\all\Component\WxpayAPI\Jssdk.class.php 第 138 行.

