2017-12-12 9:58:27, INFO, 127.0.0.1, File[ E:\web\thinkphp3.2\msy\Application\Component\payment\unionpay\sdk\secureUtil.php ], Line[15]------ =====签名报文开始====== 
2017-12-12 9:58:27, INFO, 127.0.0.1, File[ E:\web\thinkphp3.2\msy\Application\Component\payment\unionpay\sdk\secureUtil.php ], Line[21]------ 签名key=val&...串 >accessType=0&backUrl=http://msy.zm.dev/index.php/Purchase/Payment/notifyUrl/pay_code/unionpay.html&bizType=000201&certId=40220995861346480087409489142384722381&channelType=08&currencyCode=156&encoding=utf-8&frontUrl=http://msy.zm.dev/index.php/Purchase/Payment/returnUrl/pay_code/unionpay.html&merId=8.0244007277052E+14&orderId=20171212095827648319911973807844&signMethod=01&txnAmt=1&txnSubType=01&txnTime=20171212095827&txnType=01&version=5.0.0 
2017-12-12 9:58:27, INFO, 127.0.0.1, File[ E:\web\thinkphp3.2\msy\Application\Component\payment\unionpay\sdk\secureUtil.php ], Line[24]------ 摘要sha1x16 >8ecccb2555a1c93e6521f3076e04d6ed62576698 
2017-12-12 9:58:27, INFO, 127.0.0.1, File[ E:\web\thinkphp3.2\msy\Application\Component\payment\unionpay\sdk\secureUtil.php ], Line[31]------ 签名串为 >YSUPfwZ7yZkSE1Ktq069FbGXGXbYIwDlJFs6cG90khZwhDdhWIWeWNTuplDQmnVHgp/DUPZN0auxUMb8WCOUiPDPcsfHnjVdYMFaetRT+BQvcO0UT8Wfl8PsVJMBrkM85VC/DUmMRUu39RnulYGWNaJuNK6gLsO9vOuq0xh6TWg= 
2017-12-12 9:58:27, INFO, 127.0.0.1, File[ E:\web\thinkphp3.2\msy\Application\Component\payment\unionpay\sdk\secureUtil.php ], Line[36]------ =====签名报文结束====== 
2017-12-12 9:58:27, INFO, 127.0.0.1, File[ E:\web\thinkphp3.2\msy\Application\Component\payment\unionpay\sdk\acp_service.php ], Line[164]------ 自动跳转html><html>
<head>
    <meta http-equiv="Content-Type" content="text/html; charset=utf-8" />
</head>
<body onload="javascript:document.pay_form.submit();">
    <form id="pay_form" name="pay_form" action="https://gateway.95516.com/gateway/api/frontTransReq.do" method="post">
	    <input type="hidden" name="version" id="version" value="5.0.0" />
    <input type="hidden" name="encoding" id="encoding" value="utf-8" />
    <input type="hidden" name="txnType" id="txnType" value="01" />
    <input type="hidden" name="txnSubType" id="txnSubType" value="01" />
    <input type="hidden" name="bizType" id="bizType" value="000201" />
    <input type="hidden" name="frontUrl" id="frontUrl" value="http://msy.zm.dev/index.php/Purchase/Payment/returnUrl/pay_code/unionpay.html" />
    <input type="hidden" name="backUrl" id="backUrl" value="http://msy.zm.dev/index.php/Purchase/Payment/notifyUrl/pay_code/unionpay.html" />
    <input type="hidden" name="signMethod" id="signMethod" value="01" />
    <input type="hidden" name="channelType" id="channelType" value="08" />
    <input type="hidden" name="accessType" id="accessType" value="0" />
    <input type="hidden" name="currencyCode" id="currencyCode" value="156" />
    <input type="hidden" name="merId" id="merId" value="8.0244007277052E+14" />
    <input type="hidden" name="orderId" id="orderId" value="20171212095827648319911973807844" />
    <input type="hidden" name="txnTime" id="txnTime" value="20171212095827" />
    <input type="hidden" name="txnAmt" id="txnAmt" value="1" />
    <input type="hidden" name="certId" id="certId" value="40220995861346480087409489142384722381" />
    <input type="hidden" name="signature" id="signature" value="YSUPfwZ7yZkSE1Ktq069FbGXGXbYIwDlJFs6cG90khZwhDdhWIWeWNTuplDQmnVHgp/DUPZN0auxUMb8WCOUiPDPcsfHnjVdYMFaetRT+BQvcO0UT8Wfl8PsVJMBrkM85VC/DUmMRUu39RnulYGWNaJuNK6gLsO9vOuq0xh6TWg=" />
   <!-- <input type="submit" type="hidden">-->
    </form>
</body>
</html> 
