[ 2018-09-06T15:17:22+08:00 ] 127.0.0.1 /index.php/Mall/Index/index.html
INFO: [ app_init ] --START--
INFO: Run Behavior\BuildLiteBehavior [ RunTime:0.001000s ]
INFO: [ app_init ] --END-- [ RunTime:0.001000s ]
INFO: [ app_begin ] --START--
INFO: Run Behavior\ReadHtmlCacheBehavior [ RunTime:0.001000s ]
INFO: [ app_begin ] --END-- [ RunTime:0.001000s ]
NOTIC: [8] curl_setopt(): CURLOPT_SSL_VERIFYHOST no longer accepts the value 1, value 2 will be used instead D:\web\thinkphp3.2\web\all\Component\WxpayAPI\Jssdk.class.php 第 138 行.
NOTIC: [8] Trying to get property of non-object D:\web\thinkphp3.2\web\all\Component\WxpayAPI\Jssdk.class.php 第 22 行.
NOTIC: [8] curl_setopt(): CURLOPT_SSL_VERIFYHOST no longer accepts the value 1, value 2 will be used instead D:\web\thinkphp3.2\web\all\Component\WxpayAPI\Jssdk.class.php 第 138 行.
NOTIC: [8] Trying to get property of non-object D:\web\thinkphp3.2\web\all\Component\WxpayAPI\Jssdk.class.php 第 119 行.
NOTIC: [8] curl_setopt(): CURLOPT_SSL_VERIFYHOST no longer accepts the value 1, value 2 will be used instead D:\web\thinkphp3.2\web\all\Component\WxpayAPI\Jssdk.class.php 第 138 行.
NOTIC: [8] Trying to get property of non-object D:\web\thinkphp3.2\web\all\Component\WxpayAPI\Jssdk.class.php 第 94 行.
SQL: SHOW COLUMNS FROM `goods_category` [ RunTime:0.7030s ]
SQL: SELECT gc.id,gc.name,gc.status,gc.level,gc.parent_id_1,gc.parent_id_2,gc.sort,gc.explain,gc.img FROM goods_category gc WHERE gc.status = 0  [ RunTime:0.0450s ]
SQL: SHOW COLUMNS FROM `project_category` [ RunTime:0.1510s ]
SQL: SELECT pc.id,pc.name,pc.status,pc.level,pc.parent_id_1,pc.parent_id_2,pc.sort,pc.explain,pc.img FROM project_category pc WHERE pc.status = 0  [ RunTime:0.0010s ]
INFO: [ view_parse ] --START--
INFO: [ template_filter ] --START--
INFO: Run Behavior\ContentReplaceBehavior [ RunTime:0.000000s ]
INFO: [ template_filter ] --END-- [ RunTime:0.000000s ]
INFO: Run Behavior\ParseTemplateBehavior [ RunTime:0.115007s ]
INFO: [ view_parse ] --END-- [ RunTime:0.115007s ]
INFO: [ view_filter ] --START--
INFO: Run Behavior\WriteHtmlCacheBehavior [ RunTime:0.000000s ]
INFO: [ view_filter ] --END-- [ RunTime:0.000000s ]
INFO: [ app_end ] --START--
INFO: Run Behavior\ShowPageTraceBehavior [ RunTime:0.000000s ]
INFO: [ app_end ] --END-- [ RunTime:0.000000s ]

[ 2018-09-06T15:17:25+08:00 ] 127.0.0.1 /index.php/Mall/Goods/goodsList?p=1&pageSize=4&position=index
INFO: [ app_init ] --START--
INFO: Run Behavior\BuildLiteBehavior [ RunTime:0.000000s ]
INFO: [ app_init ] --END-- [ RunTime:0.000000s ]
INFO: [ app_begin ] --START--
INFO: Run Behavior\ReadHtmlCacheBehavior [ RunTime:0.001000s ]
INFO: [ app_begin ] --END-- [ RunTime:0.001000s ]
NOTIC: [8] curl_setopt(): CURLOPT_SSL_VERIFYHOST no longer accepts the value 1, value 2 will be used instead D:\web\thinkphp3.2\web\all\Component\WxpayAPI\Jssdk.class.php 第 138 行.
NOTIC: [8] Trying to get property of non-object D:\web\thinkphp3.2\web\all\Component\WxpayAPI\Jssdk.class.php 第 22 行.
NOTIC: [8] curl_setopt(): CURLOPT_SSL_VERIFYHOST no longer accepts the value 1, value 2 will be used instead D:\web\thinkphp3.2\web\all\Component\WxpayAPI\Jssdk.class.php 第 138 行.
NOTIC: [8] Trying to get property of non-object D:\web\thinkphp3.2\web\all\Component\WxpayAPI\Jssdk.class.php 第 119 行.
NOTIC: [8] curl_setopt(): CURLOPT_SSL_VERIFYHOST no longer accepts the value 1, value 2 will be used instead D:\web\thinkphp3.2\web\all\Component\WxpayAPI\Jssdk.class.php 第 138 行.
NOTIC: [8] Trying to get property of non-object D:\web\thinkphp3.2\web\all\Component\WxpayAPI\Jssdk.class.php 第 94 行.
SQL: SHOW COLUMNS FROM `goods` [ RunTime:0.4310s ]
SQL: SHOW COLUMNS FROM `goods_category` [ RunTime:0.0020s ]
SQL: SELECT gc.id,gc.name,gc.status,gc.level,gc.parent_id_1,gc.parent_id_2,gc.sort,gc.explain,gc.img FROM goods_category gc WHERE gc.status = 0 AND `parent_id_1` = 0  [ RunTime:0.0010s ]
SQL: SELECT COUNT(*) AS tp_count FROM goods g WHERE g.status = 0 AND g.on_off_line = 1 AND g.category_id_1 = '19' AND g.buy_type = 1 LIMIT 1   [ RunTime:0.2750s ]
SQL: SELECT g.id,g.name,g.category_id_1,g.category_id_2,g.category_id_3,g.on_off_line,g.inventory,g.sort,g.main_img,g.price,g.discount_price,g.special_price,g.buy_type,g.cash_back FROM goods g WHERE g.status = 0 AND g.on_off_line = 1 AND g.category_id_1 = '19' AND g.buy_type = 1 ORDER BY g.id LIMIT 0,4   [ RunTime:0.0010s ]
NOTIC: [2] Missing argument 1 for web\all\Component\PageAjax::show(), called in D:\web\thinkphp3.2\web\all\Common\page.php on line 37 and defined D:\web\thinkphp3.2\web\all\Component\PageAjax.class.php 第 77 行.
NOTIC: [8] Undefined variable: url_replace D:\web\thinkphp3.2\web\all\Component\PageAjax.class.php 第 84 行.
SQL: SELECT COUNT(*) AS tp_count FROM goods g WHERE g.status = 0 AND g.on_off_line = 1 AND g.category_id_1 = '20' AND g.buy_type = 1 LIMIT 1   [ RunTime:0.0010s ]
SQL: SELECT g.id,g.name,g.category_id_1,g.category_id_2,g.category_id_3,g.on_off_line,g.inventory,g.sort,g.main_img,g.price,g.discount_price,g.special_price,g.buy_type,g.cash_back FROM goods g WHERE g.status = 0 AND g.on_off_line = 1 AND g.category_id_1 = '20' AND g.buy_type = 1 ORDER BY g.id LIMIT 0,4   [ RunTime:0.0000s ]
NOTIC: [2] Missing argument 1 for web\all\Component\PageAjax::show(), called in D:\web\thinkphp3.2\web\all\Common\page.php on line 37 and defined D:\web\thinkphp3.2\web\all\Component\PageAjax.class.php 第 77 行.
NOTIC: [8] Undefined variable: url_replace D:\web\thinkphp3.2\web\all\Component\PageAjax.class.php 第 84 行.
SQL: SELECT COUNT(*) AS tp_count FROM goods g WHERE g.status = 0 AND g.on_off_line = 1 AND g.category_id_1 = '21' AND g.buy_type = 1 LIMIT 1   [ RunTime:0.0000s ]
NOTIC: [2] Missing argument 1 for web\all\Component\PageAjax::show(), called in D:\web\thinkphp3.2\web\all\Common\page.php on line 37 and defined D:\web\thinkphp3.2\web\all\Component\PageAjax.class.php 第 77 行.
SQL: SELECT COUNT(*) AS tp_count FROM goods g WHERE g.status = 0 AND g.on_off_line = 1 AND g.category_id_1 = '22' AND g.buy_type = 1 ORDER BY g.id LIMIT 1   [ RunTime:0.0010s ]
NOTIC: [2] Missing argument 1 for web\all\Component\PageAjax::show(), called in D:\web\thinkphp3.2\web\all\Common\page.php on line 37 and defined D:\web\thinkphp3.2\web\all\Component\PageAjax.class.php 第 77 行.
SQL: SELECT COUNT(*) AS tp_count FROM goods g WHERE g.status = 0 AND g.on_off_line = 1 AND `buy_type` = 2 ORDER BY g.id LIMIT 1   [ RunTime:0.0000s ]
SQL: SELECT g.id,g.name,g.category_id_1,g.category_id_2,g.category_id_3,g.on_off_line,g.inventory,g.sort,g.main_img,g.price,g.discount_price,g.special_price,g.buy_type,g.cash_back FROM goods g WHERE g.status = 0 AND g.on_off_line = 1 AND `buy_type` = 2 ORDER BY g.id LIMIT 0,4   [ RunTime:0.0000s ]
NOTIC: [2] Missing argument 1 for web\all\Component\PageAjax::show(), called in D:\web\thinkphp3.2\web\all\Common\page.php on line 37 and defined D:\web\thinkphp3.2\web\all\Component\PageAjax.class.php 第 77 行.
NOTIC: [8] Undefined variable: url_replace D:\web\thinkphp3.2\web\all\Component\PageAjax.class.php 第 84 行.
SQL: SELECT COUNT(*) AS tp_count FROM goods g WHERE g.status = 0 AND g.on_off_line = 1 AND `buy_type` = 3 LIMIT 1   [ RunTime:0.0000s ]
SQL: SELECT g.id,g.name,g.category_id_1,g.category_id_2,g.category_id_3,g.on_off_line,g.inventory,g.sort,g.main_img,g.price,g.discount_price,g.special_price,g.buy_type,g.cash_back FROM goods g WHERE g.status = 0 AND g.on_off_line = 1 AND `buy_type` = 3 ORDER BY g.id LIMIT 0,4   [ RunTime:0.0010s ]
NOTIC: [2] Missing argument 1 for web\all\Component\PageAjax::show(), called in D:\web\thinkphp3.2\web\all\Common\page.php on line 37 and defined D:\web\thinkphp3.2\web\all\Component\PageAjax.class.php 第 77 行.
NOTIC: [8] Undefined variable: url_replace D:\web\thinkphp3.2\web\all\Component\PageAjax.class.php 第 84 行.
INFO: [ view_parse ] --START--
INFO: [ template_filter ] --START--
INFO: Run Behavior\ContentReplaceBehavior [ RunTime:0.000000s ]
INFO: [ template_filter ] --END-- [ RunTime:0.000000s ]
NOTIC: [8] Undefined index: real_price D:\web\thinkphp3.2\myms\Application\Runtime\Cache\Mall\c1636205671c73bbf5edf9dd87b001cd.php 第 12 行.
NOTIC: [8] Undefined index: specification D:\web\thinkphp3.2\myms\Application\Runtime\Cache\Mall\c1636205671c73bbf5edf9dd87b001cd.php 第 12 行.
NOTIC: [8] Undefined index: real_price D:\web\thinkphp3.2\myms\Application\Runtime\Cache\Mall\c1636205671c73bbf5edf9dd87b001cd.php 第 12 行.
NOTIC: [8] Undefined index: specification D:\web\thinkphp3.2\myms\Application\Runtime\Cache\Mall\c1636205671c73bbf5edf9dd87b001cd.php 第 12 行.
NOTIC: [8] Undefined index: real_price D:\web\thinkphp3.2\myms\Application\Runtime\Cache\Mall\c1636205671c73bbf5edf9dd87b001cd.php 第 12 行.
NOTIC: [8] Undefined index: specification D:\web\thinkphp3.2\myms\Application\Runtime\Cache\Mall\c1636205671c73bbf5edf9dd87b001cd.php 第 12 行.
NOTIC: [8] Undefined index: real_price D:\web\thinkphp3.2\myms\Application\Runtime\Cache\Mall\c1636205671c73bbf5edf9dd87b001cd.php 第 12 行.
NOTIC: [8] Undefined index: specification D:\web\thinkphp3.2\myms\Application\Runtime\Cache\Mall\c1636205671c73bbf5edf9dd87b001cd.php 第 12 行.
INFO: Run Behavior\ParseTemplateBehavior [ RunTime:0.085005s ]
INFO: [ view_parse ] --END-- [ RunTime:0.085005s ]
INFO: [ view_filter ] --START--
INFO: Run Behavior\WriteHtmlCacheBehavior [ RunTime:0.000000s ]
INFO: [ view_filter ] --END-- [ RunTime:0.000000s ]
INFO: [ app_end ] --START--
INFO: Run Behavior\ShowPageTraceBehavior [ RunTime:0.001000s ]
INFO: [ app_end ] --END-- [ RunTime:0.001000s ]

[ 2018-09-06T15:17:25+08:00 ] 127.0.0.1 /index.php/Mall/Project/projectList?p=1&pageSize=4&position=index
INFO: [ app_init ] --START--
INFO: Run Behavior\BuildLiteBehavior [ RunTime:0.000000s ]
INFO: [ app_init ] --END-- [ RunTime:0.000000s ]
INFO: [ app_begin ] --START--
INFO: Run Behavior\ReadHtmlCacheBehavior [ RunTime:0.001000s ]
INFO: [ app_begin ] --END-- [ RunTime:0.001000s ]
NOTIC: [8] curl_setopt(): CURLOPT_SSL_VERIFYHOST no longer accepts the value 1, value 2 will be used instead D:\web\thinkphp3.2\web\all\Component\WxpayAPI\Jssdk.class.php 第 138 行.
NOTIC: [8] Trying to get property of non-object D:\web\thinkphp3.2\web\all\Component\WxpayAPI\Jssdk.class.php 第 22 行.
NOTIC: [8] curl_setopt(): CURLOPT_SSL_VERIFYHOST no longer accepts the value 1, value 2 will be used instead D:\web\thinkphp3.2\web\all\Component\WxpayAPI\Jssdk.class.php 第 138 行.
NOTIC: [8] Trying to get property of non-object D:\web\thinkphp3.2\web\all\Component\WxpayAPI\Jssdk.class.php 第 119 行.
NOTIC: [8] curl_setopt(): CURLOPT_SSL_VERIFYHOST no longer accepts the value 1, value 2 will be used instead D:\web\thinkphp3.2\web\all\Component\WxpayAPI\Jssdk.class.php 第 138 行.
NOTIC: [8] Trying to get property of non-object D:\web\thinkphp3.2\web\all\Component\WxpayAPI\Jssdk.class.php 第 94 行.
SQL: SHOW COLUMNS FROM `project` [ RunTime:0.1310s ]
SQL: SHOW COLUMNS FROM `project_category` [ RunTime:0.0020s ]
SQL: SELECT pc.id,pc.name,pc.status,pc.level,pc.parent_id_1,pc.parent_id_2,pc.sort,pc.explain,pc.img FROM project_category pc WHERE pc.status = 0 AND `parent_id_1` = 0  [ RunTime:0.0010s ]
SQL: SELECT COUNT(*) AS tp_count FROM project p WHERE p.status = 0 AND p.on_off_line = 1 AND p.category_id_1 = '2' LIMIT 1   [ RunTime:0.0000s ]
NOTIC: [2] Missing argument 1 for web\all\Component\PageAjax::show(), called in D:\web\thinkphp3.2\web\all\Common\page.php on line 37 and defined D:\web\thinkphp3.2\web\all\Component\PageAjax.class.php 第 77 行.
SQL: SELECT COUNT(*) AS tp_count FROM project p WHERE p.status = 0 AND p.on_off_line = 1 AND p.category_id_1 = '3' ORDER BY p.id LIMIT 1   [ RunTime:0.0000s ]
NOTIC: [2] Missing argument 1 for web\all\Component\PageAjax::show(), called in D:\web\thinkphp3.2\web\all\Common\page.php on line 37 and defined D:\web\thinkphp3.2\web\all\Component\PageAjax.class.php 第 77 行.
SQL: SELECT COUNT(*) AS tp_count FROM project p WHERE p.status = 0 AND p.on_off_line = 1 AND p.category_id_1 = '4' ORDER BY p.id LIMIT 1   [ RunTime:0.0000s ]
NOTIC: [2] Missing argument 1 for web\all\Component\PageAjax::show(), called in D:\web\thinkphp3.2\web\all\Common\page.php on line 37 and defined D:\web\thinkphp3.2\web\all\Component\PageAjax.class.php 第 77 行.
SQL: SELECT COUNT(*) AS tp_count FROM project p WHERE p.status = 0 AND p.on_off_line = 1 AND p.category_id_1 = '5' ORDER BY p.id LIMIT 1   [ RunTime:0.0010s ]
NOTIC: [2] Missing argument 1 for web\all\Component\PageAjax::show(), called in D:\web\thinkphp3.2\web\all\Common\page.php on line 37 and defined D:\web\thinkphp3.2\web\all\Component\PageAjax.class.php 第 77 行.
SQL: SELECT COUNT(*) AS tp_count FROM project p WHERE p.status = 0 AND p.on_off_line = 1 AND p.group_price > 0 ORDER BY p.id LIMIT 1   [ RunTime:0.0000s ]
NOTIC: [2] Missing argument 1 for web\all\Component\PageAjax::show(), called in D:\web\thinkphp3.2\web\all\Common\page.php on line 37 and defined D:\web\thinkphp3.2\web\all\Component\PageAjax.class.php 第 77 行.
INFO: [ view_parse ] --START--
INFO: [ template_filter ] --START--
INFO: Run Behavior\ContentReplaceBehavior [ RunTime:0.000000s ]
INFO: [ template_filter ] --END-- [ RunTime:0.001000s ]
INFO: Run Behavior\ParseTemplateBehavior [ RunTime:0.096005s ]
INFO: [ view_parse ] --END-- [ RunTime:0.096005s ]
INFO: [ view_filter ] --START--
INFO: Run Behavior\WriteHtmlCacheBehavior [ RunTime:0.000000s ]
INFO: [ view_filter ] --END-- [ RunTime:0.000000s ]
INFO: [ app_end ] --START--
INFO: Run Behavior\ShowPageTraceBehavior [ RunTime:0.000000s ]
INFO: [ app_end ] --END-- [ RunTime:0.000000s ]

[ 2018-09-06T15:17:30+08:00 ] 127.0.0.1 /index.php/Mall/Goods/getGoodsInfo
INFO: [ app_init ] --START--
INFO: Run Behavior\BuildLiteBehavior [ RunTime:0.000000s ]
INFO: [ app_init ] --END-- [ RunTime:0.000000s ]
INFO: [ app_begin ] --START--
INFO: Run Behavior\ReadHtmlCacheBehavior [ RunTime:0.000000s ]
INFO: [ app_begin ] --END-- [ RunTime:0.000000s ]
NOTIC: [8] curl_setopt(): CURLOPT_SSL_VERIFYHOST no longer accepts the value 1, value 2 will be used instead D:\web\thinkphp3.2\web\all\Component\WxpayAPI\Jssdk.class.php 第 138 行.
NOTIC: [8] Trying to get property of non-object D:\web\thinkphp3.2\web\all\Component\WxpayAPI\Jssdk.class.php 第 22 行.
NOTIC: [8] curl_setopt(): CURLOPT_SSL_VERIFYHOST no longer accepts the value 1, value 2 will be used instead D:\web\thinkphp3.2\web\all\Component\WxpayAPI\Jssdk.class.php 第 138 行.
NOTIC: [8] Trying to get property of non-object D:\web\thinkphp3.2\web\all\Component\WxpayAPI\Jssdk.class.php 第 119 行.
NOTIC: [8] curl_setopt(): CURLOPT_SSL_VERIFYHOST no longer accepts the value 1, value 2 will be used instead D:\web\thinkphp3.2\web\all\Component\WxpayAPI\Jssdk.class.php 第 138 行.
NOTIC: [8] Trying to get property of non-object D:\web\thinkphp3.2\web\all\Component\WxpayAPI\Jssdk.class.php 第 94 行.
SQL: SHOW COLUMNS FROM `goods` [ RunTime:0.0060s ]
SQL: SELECT g.id,g.no,g.name,g.status,g.category_id_1,g.category_id_2,g.category_id_3,g.param,g.on_off_line,g.sort,g.specification,g.price,g.discount_price,g.special_price,g.inventory,g.main_img,g.detail_img,g.create_time,g.intro,g.notices,g.usage,g.tag,g.buy_type,g.referrer_commission,g.agency_commission,g.partner_commission,g.cash_back FROM goods g WHERE g.status = 0 AND `id` = 47  [ RunTime:0.0010s ]
INFO: [ view_parse ] --START--
INFO: [ template_filter ] --START--
INFO: Run Behavior\ContentReplaceBehavior [ RunTime:0.000000s ]
INFO: [ template_filter ] --END-- [ RunTime:0.000000s ]
INFO: Run Behavior\ParseTemplateBehavior [ RunTime:0.012001s ]
INFO: [ view_parse ] --END-- [ RunTime:0.012001s ]
INFO: [ view_filter ] --START--
INFO: Run Behavior\WriteHtmlCacheBehavior [ RunTime:0.001000s ]
INFO: [ view_filter ] --END-- [ RunTime:0.001000s ]
INFO: [ app_end ] --START--
INFO: Run Behavior\ShowPageTraceBehavior [ RunTime:0.000000s ]
INFO: [ app_end ] --END-- [ RunTime:0.000000s ]

[ 2018-09-06T15:17:52+08:00 ] 127.0.0.1 /index.php/Mall/Cart/addCart
INFO: [ app_init ] --START--
INFO: Run Behavior\BuildLiteBehavior [ RunTime:0.000000s ]
INFO: [ app_init ] --END-- [ RunTime:0.000000s ]
INFO: [ app_begin ] --START--
INFO: Run Behavior\ReadHtmlCacheBehavior [ RunTime:0.001000s ]
INFO: [ app_begin ] --END-- [ RunTime:0.001000s ]
NOTIC: [8] curl_setopt(): CURLOPT_SSL_VERIFYHOST no longer accepts the value 1, value 2 will be used instead D:\web\thinkphp3.2\web\all\Component\WxpayAPI\Jssdk.class.php 第 138 行.
NOTIC: [8] Trying to get property of non-object D:\web\thinkphp3.2\web\all\Component\WxpayAPI\Jssdk.class.php 第 22 行.
NOTIC: [8] curl_setopt(): CURLOPT_SSL_VERIFYHOST no longer accepts the value 1, value 2 will be used instead D:\web\thinkphp3.2\web\all\Component\WxpayAPI\Jssdk.class.php 第 138 行.
NOTIC: [8] Trying to get property of non-object D:\web\thinkphp3.2\web\all\Component\WxpayAPI\Jssdk.class.php 第 119 行.
NOTIC: [8] curl_setopt(): CURLOPT_SSL_VERIFYHOST no longer accepts the value 1, value 2 will be used instead D:\web\thinkphp3.2\web\all\Component\WxpayAPI\Jssdk.class.php 第 138 行.
NOTIC: [8] Trying to get property of non-object D:\web\thinkphp3.2\web\all\Component\WxpayAPI\Jssdk.class.php 第 94 行.

[ 2018-09-06T15:17:59+08:00 ] 127.0.0.1 /index.php/Mall/Order/generate
INFO: [ app_init ] --START--
INFO: Run Behavior\BuildLiteBehavior [ RunTime:0.000000s ]
INFO: [ app_init ] --END-- [ RunTime:0.000000s ]
INFO: [ app_begin ] --START--
INFO: Run Behavior\ReadHtmlCacheBehavior [ RunTime:0.001000s ]
INFO: [ app_begin ] --END-- [ RunTime:0.001000s ]
NOTIC: [8] curl_setopt(): CURLOPT_SSL_VERIFYHOST no longer accepts the value 1, value 2 will be used instead D:\web\thinkphp3.2\web\all\Component\WxpayAPI\Jssdk.class.php 第 138 行.
NOTIC: [8] Trying to get property of non-object D:\web\thinkphp3.2\web\all\Component\WxpayAPI\Jssdk.class.php 第 22 行.
NOTIC: [8] curl_setopt(): CURLOPT_SSL_VERIFYHOST no longer accepts the value 1, value 2 will be used instead D:\web\thinkphp3.2\web\all\Component\WxpayAPI\Jssdk.class.php 第 138 行.
NOTIC: [8] Trying to get property of non-object D:\web\thinkphp3.2\web\all\Component\WxpayAPI\Jssdk.class.php 第 119 行.
NOTIC: [8] curl_setopt(): CURLOPT_SSL_VERIFYHOST no longer accepts the value 1, value 2 will be used instead D:\web\thinkphp3.2\web\all\Component\WxpayAPI\Jssdk.class.php 第 138 行.
NOTIC: [8] Trying to get property of non-object D:\web\thinkphp3.2\web\all\Component\WxpayAPI\Jssdk.class.php 第 94 行.

[ 2018-09-06T15:18:44+08:00 ] 127.0.0.1 /index.php/Mall/Order/generate
INFO: [ app_init ] --START--
INFO: Run Behavior\BuildLiteBehavior [ RunTime:0.000000s ]
INFO: [ app_init ] --END-- [ RunTime:0.000000s ]
INFO: [ app_begin ] --START--
INFO: Run Behavior\ReadHtmlCacheBehavior [ RunTime:0.000000s ]
INFO: [ app_begin ] --END-- [ RunTime:0.000000s ]
NOTIC: [8] curl_setopt(): CURLOPT_SSL_VERIFYHOST no longer accepts the value 1, value 2 will be used instead D:\web\thinkphp3.2\web\all\Component\WxpayAPI\Jssdk.class.php 第 138 行.
NOTIC: [8] Trying to get property of non-object D:\web\thinkphp3.2\web\all\Component\WxpayAPI\Jssdk.class.php 第 22 行.
NOTIC: [8] curl_setopt(): CURLOPT_SSL_VERIFYHOST no longer accepts the value 1, value 2 will be used instead D:\web\thinkphp3.2\web\all\Component\WxpayAPI\Jssdk.class.php 第 138 行.
NOTIC: [8] Trying to get property of non-object D:\web\thinkphp3.2\web\all\Component\WxpayAPI\Jssdk.class.php 第 119 行.
NOTIC: [8] curl_setopt(): CURLOPT_SSL_VERIFYHOST no longer accepts the value 1, value 2 will be used instead D:\web\thinkphp3.2\web\all\Component\WxpayAPI\Jssdk.class.php 第 138 行.
NOTIC: [8] Trying to get property of non-object D:\web\thinkphp3.2\web\all\Component\WxpayAPI\Jssdk.class.php 第 94 行.

