---------------------------------------------------------------
[ 2018-03-08T14:39:47+08:00 ] 127.0.0.1 GET /index.php/index/Index/index
[ info ] msy.new.com/index.php/index/Index/index [运行时间：0.036002s][吞吐率：27.78req/s] [内存消耗：1,259.55kb] [文件加载：61]
[ info ] [ LANG ] E:\web\thinkphp5.1\framework/lang/zh-cn.php
[ info ] [ ROUTE ] array (
)
[ info ] [ HEADER ] array (
  'accept-language' => 'zh-CN,zh;q=0.9',
  'accept-encoding' => 'gzip, deflate',
  'accept' => 'text/html,application/xhtml+xml,application/xml;q=0.9,image/webp,image/apng,*/*;q=0.8',
  'user-agent' => 'Mozilla/5.0 (Windows NT 6.1; WOW64) AppleWebKit/537.36 (KHTML, like Gecko) Chrome/63.0.3239.84 Safari/537.36',
  'upgrade-insecure-requests' => '1',
  'cache-control' => 'max-age=0',
  'connection' => 'keep-alive',
  'host' => 'msy.new.com',
  'content-length' => '',
  'content-type' => '',
)
[ info ] [ PARAM ] array (
)
[ info ] [ VIEW ] E:\web\thinkphp5.1\msy\application/index/view\index\index.html [ array (
) ]
[ info ] [ LOG ] INIT File
---------------------------------------------------------------
[ 2018-03-08T14:39:47+08:00 ] 127.0.0.1 GET /index.php/index/Index/Public/img/common/banner/home-banner1.jpg
[ info ] msy.new.com/index.php/index/Index/Public/img/common/banner/home-banner1.jpg [运行时间：0.020001s][吞吐率：50.00req/s] [内存消耗：1,093.23kb] [文件加载：57]
[ info ] [ LANG ] E:\web\thinkphp5.1\framework/lang/zh-cn.php
[ info ] [ ROUTE ] array (
)
[ info ] [ HEADER ] array (
  'accept-language' => 'zh-CN,zh;q=0.9',
  'accept-encoding' => 'gzip, deflate',
  'referer' => 'http://msy.new.com/index.php/index/Index/index',
  'accept' => 'image/webp,image/apng,image/*,*/*;q=0.8',
  'user-agent' => 'Mozilla/5.0 (Windows NT 6.1; WOW64) AppleWebKit/537.36 (KHTML, like Gecko) Chrome/63.0.3239.84 Safari/537.36',
  'connection' => 'keep-alive',
  'host' => 'msy.new.com',
  'content-length' => '',
  'content-type' => '',
)
[ info ] [ PARAM ] array (
)
[ info ] [ LOG ] INIT File
---------------------------------------------------------------
[ 2018-03-08T14:54:39+08:00 ] 127.0.0.1 GET /index.php/index/Index/index
[ info ] msy.new.com/index.php/index/Index/index [运行时间：0.030002s][吞吐率：33.33req/s] [内存消耗：1,098.34kb] [文件加载：57]
[ info ] [ LANG ] E:\web\thinkphp5.1\framework/lang/zh-cn.php
[ info ] [ ROUTE ] array (
)
[ info ] [ HEADER ] array (
  'accept-language' => 'zh-CN,zh;q=0.9',
  'accept-encoding' => 'gzip, deflate',
  'accept' => 'text/html,application/xhtml+xml,application/xml;q=0.9,image/webp,image/apng,*/*;q=0.8',
  'user-agent' => 'Mozilla/5.0 (Windows NT 6.1; WOW64) AppleWebKit/537.36 (KHTML, like Gecko) Chrome/63.0.3239.84 Safari/537.36',
  'upgrade-insecure-requests' => '1',
  'cache-control' => 'max-age=0',
  'connection' => 'keep-alive',
  'host' => 'msy.new.com',
  'content-length' => '',
  'content-type' => '',
)
[ info ] [ PARAM ] array (
)
[ info ] [ LOG ] INIT File
---------------------------------------------------------------
[ 2018-03-08T14:55:14+08:00 ] 127.0.0.1 GET /index.php/index/Index/index
[ info ] msy.new.com/index.php/index/Index/index [运行时间：0.025001s][吞吐率：40.00req/s] [内存消耗：1,098.48kb] [文件加载：57]
[ info ] [ LANG ] E:\web\thinkphp5.1\framework/lang/zh-cn.php
[ info ] [ ROUTE ] array (
)
[ info ] [ HEADER ] array (
  'accept-language' => 'zh-CN,zh;q=0.9',
  'accept-encoding' => 'gzip, deflate',
  'accept' => 'text/html,application/xhtml+xml,application/xml;q=0.9,image/webp,image/apng,*/*;q=0.8',
  'user-agent' => 'Mozilla/5.0 (Windows NT 6.1; WOW64) AppleWebKit/537.36 (KHTML, like Gecko) Chrome/63.0.3239.84 Safari/537.36',
  'upgrade-insecure-requests' => '1',
  'cache-control' => 'max-age=0',
  'connection' => 'keep-alive',
  'host' => 'msy.new.com',
  'content-length' => '',
  'content-type' => '',
)
[ info ] [ PARAM ] array (
)
[ info ] [ LOG ] INIT File
---------------------------------------------------------------
[ 2018-03-08T16:28:27+08:00 ] 127.0.0.1 GET /index.php/store_admin/Index/index
[ info ] msy.new.com/index.php/store_admin/Index/index [运行时间：0.032001s][吞吐率：31.25req/s] [内存消耗：919.48kb] [文件加载：52]
[ info ] [ LANG ] E:\web\thinkphp5.1\framework/lang/zh-cn.php
[ info ] [ ROUTE ] array (
)
[ info ] [ HEADER ] array (
  'accept-language' => 'zh-CN,zh;q=0.9',
  'accept-encoding' => 'gzip, deflate',
  'accept' => 'text/html,application/xhtml+xml,application/xml;q=0.9,image/webp,image/apng,*/*;q=0.8',
  'upgrade-insecure-requests' => '1',
  'user-agent' => 'Mozilla/5.0 (Windows NT 6.1; WOW64) AppleWebKit/537.36 (KHTML, like Gecko) Chrome/63.0.3239.84 Safari/537.36',
  'connection' => 'keep-alive',
  'host' => 'msy.new.com',
  'content-length' => '',
  'content-type' => '',
)
[ info ] [ PARAM ] array (
)
[ info ] [ LOG ] INIT File
---------------------------------------------------------------
[ 2018-03-08T16:32:33+08:00 ] 127.0.0.1 GET /index.php/store_admin/Index/index
[ info ] msy.new.com/index.php/store_admin/Index/index [运行时间：0.020001s][吞吐率：50.00req/s] [内存消耗：919.79kb] [文件加载：52]
[ info ] [ LANG ] E:\web\thinkphp5.1\framework/lang/zh-cn.php
[ info ] [ ROUTE ] array (
)
[ info ] [ HEADER ] array (
  'accept-language' => 'zh-CN,zh;q=0.9',
  'accept-encoding' => 'gzip, deflate',
  'accept' => 'text/html,application/xhtml+xml,application/xml;q=0.9,image/webp,image/apng,*/*;q=0.8',
  'user-agent' => 'Mozilla/5.0 (Windows NT 6.1; WOW64) AppleWebKit/537.36 (KHTML, like Gecko) Chrome/63.0.3239.84 Safari/537.36',
  'upgrade-insecure-requests' => '1',
  'cache-control' => 'max-age=0',
  'connection' => 'keep-alive',
  'host' => 'msy.new.com',
  'content-length' => '',
  'content-type' => '',
)
[ info ] [ PARAM ] array (
)
[ info ] [ LOG ] INIT File
---------------------------------------------------------------
[ 2018-03-08T16:32:39+08:00 ] 127.0.0.1 GET /index.php/index/Index/index
[ info ] msy.new.com/index.php/index/Index/index [运行时间：0.018001s][吞吐率：55.55req/s] [内存消耗：1,099.78kb] [文件加载：57]
[ info ] [ LANG ] E:\web\thinkphp5.1\framework/lang/zh-cn.php
[ info ] [ ROUTE ] array (
)
[ info ] [ HEADER ] array (
  'accept-language' => 'zh-CN,zh;q=0.9',
  'accept-encoding' => 'gzip, deflate',
  'accept' => 'text/html,application/xhtml+xml,application/xml;q=0.9,image/webp,image/apng,*/*;q=0.8',
  'upgrade-insecure-requests' => '1',
  'user-agent' => 'Mozilla/5.0 (Windows NT 6.1; WOW64) AppleWebKit/537.36 (KHTML, like Gecko) Chrome/63.0.3239.84 Safari/537.36',
  'connection' => 'keep-alive',
  'host' => 'msy.new.com',
  'content-length' => '',
  'content-type' => '',
)
[ info ] [ PARAM ] array (
)
[ info ] [ LOG ] INIT File
---------------------------------------------------------------
[ 2018-03-08T16:32:46+08:00 ] 127.0.0.1 GET /index.php/index/Index/index
[ info ] msy.new.com/index.php/index/Index/index [运行时间：0.022001s][吞吐率：45.45req/s] [内存消耗：1,130.84kb] [文件加载：59]
[ info ] [ LANG ] E:\web\thinkphp5.1\framework/lang/zh-cn.php
[ info ] [ ROUTE ] array (
)
[ info ] [ HEADER ] array (
  'accept-language' => 'zh-CN,zh;q=0.9',
  'accept-encoding' => 'gzip, deflate',
  'accept' => 'text/html,application/xhtml+xml,application/xml;q=0.9,image/webp,image/apng,*/*;q=0.8',
  'user-agent' => 'Mozilla/5.0 (Windows NT 6.1; WOW64) AppleWebKit/537.36 (KHTML, like Gecko) Chrome/63.0.3239.84 Safari/537.36',
  'upgrade-insecure-requests' => '1',
  'cache-control' => 'max-age=0',
  'connection' => 'keep-alive',
  'host' => 'msy.new.com',
  'content-length' => '',
  'content-type' => '',
)
[ info ] [ PARAM ] array (
)
[ info ] [ VIEW ] E:\web\thinkphp5.1\msy\application/index/view\index\index.html [ array (
) ]
[ info ] [ LOG ] INIT File
---------------------------------------------------------------
[ 2018-03-08T16:32:46+08:00 ] 127.0.0.1 GET /index.php/index/Index/Public/img/common/banner/home-banner1.jpg
[ info ] msy.new.com/index.php/index/Index/Public/img/common/banner/home-banner1.jpg [运行时间：0.021001s][吞吐率：47.62req/s] [内存消耗：1,094.86kb] [文件加载：57]
[ info ] [ LANG ] E:\web\thinkphp5.1\framework/lang/zh-cn.php
[ info ] [ ROUTE ] array (
)
[ info ] [ HEADER ] array (
  'accept-language' => 'zh-CN,zh;q=0.9',
  'accept-encoding' => 'gzip, deflate',
  'referer' => 'http://msy.new.com/index.php/index/Index/index',
  'accept' => 'image/webp,image/apng,image/*,*/*;q=0.8',
  'user-agent' => 'Mozilla/5.0 (Windows NT 6.1; WOW64) AppleWebKit/537.36 (KHTML, like Gecko) Chrome/63.0.3239.84 Safari/537.36',
  'connection' => 'keep-alive',
  'host' => 'msy.new.com',
  'content-length' => '',
  'content-type' => '',
)
[ info ] [ PARAM ] array (
)
[ info ] [ LOG ] INIT File
