---------------------------------------------------------------
[ 2018-03-10T11:34:10+08:00 ] 127.0.0.1 GET /index.php/index/Index/index
[ info ] msy.new.com/index.php/index/Index/index [运行时间：0.059004s][吞吐率：16.95req/s] [内存消耗：1,260.85kb] [文件加载：61]
[ info ] [ LANG ] E:\web\thinkphp5.1\framework/lang/zh-cn.php
[ info ] [ ROUTE ] array (
)
[ info ] [ HEADER ] array (
  'accept-language' => 'zh-CN,zh;q=0.9',
  'accept-encoding' => 'gzip, deflate',
  'accept' => 'text/html,application/xhtml+xml,application/xml;q=0.9,image/webp,image/apng,*/*;q=0.8',
  'user-agent' => 'Mozilla/5.0 (iPhone; CPU iPhone OS 9_1 like Mac OS X) AppleWebKit/601.1.46 (KHTML, like Gecko) Version/9.0 Mobile/13B143 Safari/601.1',
  'upgrade-insecure-requests' => '1',
  'cache-control' => 'max-age=0',
  'connection' => 'keep-alive',
  'host' => 'msy.new.com',
  'content-length' => '',
  'content-type' => '',
)
[ info ] [ PARAM ] array (
)
[ info ] [ VIEW ] E:\web\thinkphp5.1\msy\application/index/view\index\index.html [ array (
) ]
[ info ] [ LOG ] INIT File
